Timestamp           | Level    | Location                             | Message
--------------------+----------+--------------------------------------+---------------------------------------------------
2025-05-30 20:59:11 | INFO     | [logger_...:setup_logger      : 153] | ℹ️ Logger 'ImgClassPipe' initialized. Log file: C:\Users\Stefan\Documents\GitHub\UBB-Y3-AI-Research\model_src\experiments\CCSN\pvit\20250530_205911_seed42\experiment_run_20250530_205911_seed42.log
2025-05-30 20:59:11 | INFO     | [executor  :__init__          : 100] | ℹ️ --- Starting Experiment Run (ID: 20250530_205911_seed42) ---
2025-05-30 20:59:11 | INFO     | [executor  :__init__          : 101] | ℹ️ Executor initialized for model 'pvit' on dataset 'CCSN'
2025-05-30 20:59:11 | INFO     | [executor  :__init__          : 104] | ℹ️ Local artifact storage base: C:\Users\Stefan\Documents\GitHub\UBB-Y3-AI-Research\model_src
2025-05-30 20:59:11 | INFO     | [executor  :__init__          : 108] | ℹ️ Base key/prefix for this run's artifacts: experiments/CCSN/pvit/20250530_205911_seed42
2025-05-30 20:59:11 | INFO     | [executor  :__init__          : 110] | ℹ️ Local log file for this run (might be temporary): C:\Users\Stefan\Documents\GitHub\UBB-Y3-AI-Research\model_src\experiments\CCSN\pvit\20250530_205911_seed42\experiment_run_20250530_205911_seed42.log
2025-05-30 20:59:11 | INFO     | [pipeline  :__init__          : 173] | ℹ️ Initializing Classification Pipeline:
2025-05-30 20:59:11 | INFO     | [pipeline  :__init__          : 174] | ℹ️   Dataset Path: C:\Users\Stefan\Documents\GitHub\UBB-Y3-AI-Research\model_src\data\CCSN
2025-05-30 20:59:11 | INFO     | [pipeline  :__init__          : 175] | ℹ️   Model Type: pvit
2025-05-30 20:59:11 | INFO     | [pipeline  :__init__          : 178] | ℹ️   Artifact base key prefix for this run: experiments/CCSN/pvit/20250530_205911_seed42 (using LocalFileSystemRepository)
2025-05-30 20:59:11 | INFO     | [pipeline  :__init__          : 182] | ℹ️   Default Augmentation Strategy: AugmentationStrategy.CCSN_MODERATE
2025-05-30 20:59:11 | INFO     | [pipeline  :__init__          : 183] | ℹ️   Default Show First Batch Aug: True
2025-05-30 20:59:11 | INFO     | [dataset...:__init__          : 268] | ℹ️ Using augmentation strategy: AugmentationStrategy.CCSN_MODERATE
2025-05-30 20:59:11 | INFO     | [dataset...:__init__          : 293] | ℹ️ Detected dataset structure: flat
2025-05-30 20:59:11 | INFO     | [dataset...:_load_paths_and...: 368] | ℹ️ Scanning FLAT dataset from C:\Users\Stefan\Documents\GitHub\UBB-Y3-AI-Research\model_src\data\CCSN...
2025-05-30 20:59:11 | INFO     | [dataset...:__init__          : 313] | ℹ️ Found 11 classes: Ac, As, Cb, Cc, Ci, Cs, Ct, Cu, Ns, Sc, St
2025-05-30 20:59:11 | INFO     | [dataset...:__init__          : 316] | ℹ️ Dataset sizes: 2288 train+val, 255 test. Total: 2543
2025-05-30 20:59:11 | INFO     | [pipeline  :__init__          : 192] | ℹ️   Artifact base key prefix for this run: experiments/CCSN/pvit/20250530_205911_seed42 (using LocalFileSystemRepository)
2025-05-30 20:59:11 | INFO     | [pipeline  :__init__          : 223] | ℹ️   Using Optimizer: AdamW
2025-05-30 20:59:11 | DEBUG    | [callbacks :get_default_cal...: 196] | 🐞 Default LRScheduler callback instance created with policy: ReduceLROnPlateau, kwargs: {'patience': 2, 'mode': 'min', 'factor': 0.1, 'min_lr': 1e-06, 'verbose': False}, monitor: valid_loss
2025-05-30 20:59:11 | INFO     | [pipeline  :__init__          : 266] | ℹ️   Model Adapter: Initialized with PretrainedViT
2025-05-30 20:59:11 | DEBUG    | [executor  :_validate_methods : 152] | 🐞 Basic method validation successful.
2025-05-30 20:59:11 | INFO     | [executor  :__init__          : 136] | ℹ️ Executor configured to run methods: single_train, single_eval
2025-05-30 20:59:11 | INFO     | [executor  :run               : 162] | ℹ️ Starting execution of pipeline methods...
2025-05-30 20:59:11 | INFO     | [executor  :run               : 166] | ℹ️ --- Running Method 1/2: single_train (single_train_0) ---
2025-05-30 20:59:11 | DEBUG    | [executor  :run               : 191] | 🐞 Running with effective parameters: {'params': {'max_epochs': 70, 'lr': 5e-05, 'batch_size': 16, 'optimizer': 'AdamW', 'optimizer__weight_decay': 0.2, 'callbacks__default_lr_scheduler__policy': 'CosineAnnealingLR', 'callbacks__default_lr_scheduler__T_max': 70, 'callbacks__default_lr_scheduler__eta_min': 1e-06, 'callbacks__default_early_stopping__patience': 15, 'cutmix_alpha': 1.0, 'cutmix_probability': 0.0, 'module__vit_model_variant': 'vit_b_16', 'module__pretrained': True, 'module__unfreeze_strategy': 'encoder_tail', 'module__num_transformer_blocks_to_unfreeze': 1, 'module__unfreeze_cls_token': True, 'module__unfreeze_pos_embedding': True, 'module__unfreeze_patch_embedding': False, 'module__unfreeze_encoder_layernorm': True, 'module__custom_head_hidden_dims': None, 'module__head_dropout_rate': 0.5}, 'save_model': False, 'val_split_ratio': 0.22222222222222224, 'results_detail_level': 2}
2025-05-30 20:59:11 | INFO     | [pipeline  :single_train      :1502] | ℹ️ Starting single training run...
2025-05-30 20:59:11 | INFO     | [pipeline  :single_train      :1555] | ℹ️ Using split: 1779 train / 509 validation samples.
2025-05-30 20:59:11 | INFO     | [pipeline  :single_train      :1562] | ℹ️ Applying custom parameters for this single_train run: {'max_epochs': 70, 'lr': 5e-05, 'batch_size': 16, 'optimizer': 'AdamW', 'optimizer__weight_decay': 0.2, 'callbacks__default_lr_scheduler__policy': 'CosineAnnealingLR', 'callbacks__default_lr_scheduler__T_max': 70, 'callbacks__default_lr_scheduler__eta_min': 1e-06, 'callbacks__default_early_stopping__patience': 15, 'cutmix_alpha': 1.0, 'cutmix_probability': 0.0, 'module__vit_model_variant': 'vit_b_16', 'module__pretrained': True, 'module__unfreeze_strategy': 'encoder_tail', 'module__num_transformer_blocks_to_unfreeze': 1, 'module__unfreeze_cls_token': True, 'module__unfreeze_pos_embedding': True, 'module__unfreeze_patch_embedding': False, 'module__unfreeze_encoder_layernorm': True, 'module__custom_head_hidden_dims': None, 'module__head_dropout_rate': 0.5}
2025-05-30 20:59:11 | DEBUG    | [param_g...:parse_fixed_hyp...: 151] | 🐞 Created LRScheduler instance: policy=CosineAnnealingLR, direct_args={}, constructor_kwargs={'T_max': 70, 'eta_min': 1e-06}
2025-05-30 20:59:11 | INFO     | [pipeline  :single_train      :1624] | ℹ️ Fitting model (run_id: single_train_205911)...
2025-05-30 20:59:11 | DEBUG    | [pretrai...:__init__          :  38] | 🐞 Initializing PretrainedViT:
2025-05-30 20:59:11 | DEBUG    | [pretrai...:__init__          :  39] | 🐞   Model Variant: vit_b_16, Pretrained: True
2025-05-30 20:59:11 | DEBUG    | [pretrai...:__init__          :  40] | 🐞   Is Hybrid Input: False
2025-05-30 20:59:11 | DEBUG    | [pretrai...:__init__          :  43] | 🐞   Unfreeze Strategy (Encoder Blocks): encoder_tail
2025-05-30 20:59:11 | DEBUG    | [pretrai...:__init__          :  45] | 🐞   Num Transformer Blocks to Unfreeze: 1
2025-05-30 20:59:11 | DEBUG    | [pretrai...:__init__          :  46] | 🐞   Unfreeze CLS: True, PosEmb: True, PatchEmb: False, EncoderLN: True
2025-05-30 20:59:11 | DEBUG    | [pretrai...:__init__          :  48] | 🐞   Custom Head Hidden Dims: None, Head Dropout: 0.5
2025-05-30 20:59:12 | DEBUG    | [pretrai...:__init__          :  69] | 🐞 Loaded vit_b_16 from torchvision.
2025-05-30 20:59:12 | DEBUG    | [pretrai...:__init__          : 313] | 🐞 Created simple linear head (dropout: 0.5), in_feat=768.
2025-05-30 20:59:12 | INFO     | [pretrai...:__init__          : 323] | ℹ️ PretrainedViT (standard) - Trainable: CLS Token, Positional Embeddings, 1 Encoder Blocks, Encoder LayerNorm, Classification Head.
2025-05-30 20:59:12 | INFO     | [pretrai...:__init__          : 348] | ℹ️ PretrainedViT (standard): Trainable params: 7.25M / Total params: 85.81M (8.45%)
2025-05-30 20:59:12 | DEBUG    | [adapter   :get_split_datasets: 164] | 🐞 Split created: 1779 train, 509 validation.
2025-05-30 20:59:12 | DEBUG    | [adapter   :get_iterator      : 275] | 🐞 Creating DataLoader for training: dataset_len=1779, batch_size=16, shuffle=True, collate_fn_type='function', loader_kwargs={'num_workers': 0, 'pin_memory': False}
2025-05-30 20:59:12 | DEBUG    | [adapter   :get_iterator      : 275] | 🐞 Creating DataLoader for validation/evaluation: dataset_len=509, batch_size=16, shuffle=False, collate_fn_type='function', loader_kwargs={'num_workers': 0, 'pin_memory': False}
2025-05-30 21:00:23 | INFO     | [callbacks :on_epoch_end      : 147] | ℹ️   epoch    train_acc    train_loss    valid_acc    valid_loss   cp           lr      dur
2025-05-30 21:00:23 | INFO     | [callbacks :on_epoch_end      : 147] | ℹ️ -------  -----------  ------------  -----------  ------------  ----  ----------  -------
2025-05-30 21:00:23 | INFO     | [callbacks :on_epoch_end      : 147] | ℹ️       1     ▲ 0.2130      ▼ 2.2702     ▲ 0.3418      ▼ 1.9404        4.9975e-05  71.3512
2025-05-30 21:01:27 | INFO     | [callbacks :on_epoch_end      : 147] | ℹ️       2     ▲ 0.3732      ▼ 1.8471     ▲ 0.4401      ▼ 1.6568        4.9901e-05  64.126
2025-05-30 21:02:30 | INFO     | [callbacks :on_epoch_end      : 147] | ℹ️       3     ▲ 0.4531      ▼ 1.6091     ▲ 0.4931      ▼ 1.5430        4.9778e-05  62.8982
2025-05-30 21:03:33 | INFO     | [callbacks :on_epoch_end      : 147] | ℹ️       4     ▲ 0.4896      ▼ 1.4830       0.4813      ▼ 1.4742        4.9606e-05  62.8895
2025-05-30 21:04:36 | INFO     | [callbacks :on_epoch_end      : 147] | ℹ️       5     ▲ 0.5340      ▼ 1.3758     ▲ 0.4971      ▼ 1.4461        4.9386e-05  63.0462
2025-05-30 21:05:39 | INFO     | [callbacks :on_epoch_end      : 147] | ℹ️       6     ▲ 0.5548      ▼ 1.3095     ▲ 0.5049      ▼ 1.4149        4.9117e-05  63.0515
2025-05-30 21:06:42 | INFO     | [callbacks :on_epoch_end      : 147] | ℹ️       7     ▲ 0.5655      ▼ 1.2393     ▲ 0.5108      ▼ 1.3794        4.8801e-05  62.8894
2025-05-30 21:07:45 | INFO     | [callbacks :on_epoch_end      : 147] | ℹ️       8     ▲ 0.5919      ▼ 1.1706       0.5069        1.4043        4.8438e-05  62.8616
2025-05-30 21:08:48 | INFO     | [callbacks :on_epoch_end      : 147] | ℹ️       9     ▲ 0.6178      ▼ 1.1152     ▲ 0.5206        1.4072        4.8028e-05  62.9737
2025-05-30 21:09:53 | INFO     | [callbacks :on_epoch_end      : 147] | ℹ️      10     ▲ 0.6268      ▼ 1.0583     ▲ 0.5305      ▼ 1.3660        4.7574e-05  64.8567
2025-05-30 21:10:59 | INFO     | [callbacks :on_epoch_end      : 147] | ℹ️      11     ▲ 0.6509      ▼ 1.0032       0.5226      ▼ 1.3636        4.7075e-05  66.0127
2025-05-30 21:12:06 | INFO     | [callbacks :on_epoch_end      : 147] | ℹ️      12     ▲ 0.6757      ▼ 0.9507     ▲ 0.5383      ▼ 1.3629        4.6532e-05  67.0326
2025-05-30 21:12:23 | WARNING  | [pipeline  :single_train      :1679] | ⚠️ Error finding best epoch based on validation. Reporting last epoch (13) stats.
2025-05-30 21:12:23 | INFO     | [pipeline  :single_train      :1718] | ℹ️ Main pipeline model adapter updated from single_train run: single_train_205911
2025-05-30 21:12:23 | DEBUG    | [pipeline  :_save_results     : 463] | 🐞 Results detail level overridden for this run to: 2
2025-05-30 21:12:23 | DEBUG    | [pipeline  :_save_results     : 471] | 🐞 Saving results for single_train_205911 (detail level: 2)
2025-05-30 21:12:23 | INFO     | [pipeline  :_save_results     : 580] | ℹ️ Results JSON saved via repository to: experiments/CCSN/pvit/20250530_205911_seed42/single_train_205911/single_train_results.json
2025-05-30 21:12:23 | INFO     | [pipeline  :single_train      :1755] | ℹ️ Plotting single_train results for single_train_205911 (plot level 2).
2025-05-30 21:12:23 | INFO     | [plotter   :plot_single_tra...: 662] | ℹ️ Plotting single_train results for: single_train_205911
2025-05-30 21:12:24 | INFO     | [plotter   :plot_single_tra...: 680] | ℹ️ Finished plotting for single_train: single_train_205911
2025-05-30 21:12:24 | INFO     | [executor  :run               : 198] | ℹ️ --- Method single_train (single_train_0) completed successfully in 793.27s ---
2025-05-30 21:12:24 | INFO     | [executor  :run               : 166] | ℹ️ --- Running Method 2/2: single_eval (single_eval_1) ---
2025-05-30 21:12:24 | DEBUG    | [executor  :run               : 191] | 🐞 Running with effective parameters: {'plot_level': 2}
2025-05-30 21:12:24 | INFO     | [pipeline  :single_eval       :1776] | ℹ️ Starting model evaluation on the test set...
2025-05-30 21:12:24 | INFO     | [pipeline  :single_eval       :1790] | ℹ️ Evaluating on 255 test samples...
2025-05-30 21:12:24 | DEBUG    | [adapter   :get_iterator      : 275] | 🐞 Creating DataLoader for validation/evaluation: dataset_len=255, batch_size=16, shuffle=False, collate_fn_type='function', loader_kwargs={'num_workers': 0, 'pin_memory': False}
