Timestamp           | Level    | Location                             | Message
--------------------+----------+--------------------------------------+---------------------------------------------------
2025-06-13 01:53:54 | INFO     | [logger_...:setup_logger      : 153] | ℹ️ Logger 'ImgClassPipe' initialized. Log file: C:\Users\Stefan Alexandrescu\Documents\GitHub\UBB-Y3-AI-Research\model_src\experiments\GCD-flat\pvit\20250613_015354_seed42\executor_run_20250613_015354_seed42.log
2025-06-13 01:53:54 | INFO     | [executor  :__init__          : 132] | ℹ️ Local main executor log file for this run (may be temporary): C:\Users\Stefan Alexandrescu\Documents\GitHub\UBB-Y3-AI-Research\model_src\experiments\GCD-flat\pvit\20250613_015354_seed42\executor_run_20250613_015354_seed42.log
2025-06-13 01:53:54 | INFO     | [executor  :__init__          : 137] | ℹ️ --- Starting Executor Run (ID: 20250613_015354_seed42) ---
2025-06-13 01:53:54 | INFO     | [executor  :__init__          : 138] | ℹ️ Executor initialized for model 'pvit' on dataset 'GCD-flat'
2025-06-13 01:53:54 | INFO     | [executor  :__init__          : 141] | ℹ️ Local artifact storage base: C:\Users\Stefan Alexandrescu\Documents\GitHub\UBB-Y3-AI-Research\model_src
2025-06-13 01:53:54 | INFO     | [executor  :__init__          : 145] | ℹ️ Base key/prefix for this executor run's artifacts: experiments/GCD-flat/pvit/20250613_015354_seed42
2025-06-13 01:53:54 | INFO     | [pipeline  :__init__          : 175] | ℹ️ Initializing Classification Pipeline:
2025-06-13 01:53:54 | INFO     | [pipeline  :__init__          : 176] | ℹ️   Dataset Path: C:\Users\Stefan Alexandrescu\Documents\GitHub\UBB-Y3-AI-Research\model_src\data\GCD-flat
2025-06-13 01:53:54 | INFO     | [pipeline  :__init__          : 177] | ℹ️   Model Type: pvit
2025-06-13 01:53:54 | INFO     | [pipeline  :__init__          : 180] | ℹ️   Artifact base key prefix for this run: experiments/GCD-flat/pvit/20250613_015354_seed42 (using LocalFileSystemRepository)
2025-06-13 01:53:54 | INFO     | [pipeline  :__init__          : 184] | ℹ️   Default Augmentation Strategy: AugmentationStrategy.SKY_ONLY_ROTATION
2025-06-13 01:53:54 | INFO     | [pipeline  :__init__          : 185] | ℹ️   Default Show First Batch Aug: True
2025-06-13 01:53:54 | INFO     | [dataset...:__init__          : 271] | ℹ️ Using augmentation strategy: AugmentationStrategy.SKY_ONLY_ROTATION
2025-06-13 01:53:54 | INFO     | [dataset...:__init__          : 296] | ℹ️ Detected dataset structure: flat
2025-06-13 01:53:54 | INFO     | [dataset...:_load_paths_and...: 424] | ℹ️ Scanning FLAT dataset from C:\Users\Stefan Alexandrescu\Documents\GitHub\UBB-Y3-AI-Research\model_src\data\GCD-flat...
2025-06-13 01:53:54 | INFO     | [dataset...:_load_paths_and...: 518] | ℹ️ Final Original Dataset sizes: 15200 original train+val, 3800 original test. Offline augmented samples loaded: 0.
2025-06-13 01:53:54 | INFO     | [dataset...:__init__          : 319] | ℹ️ Found 7 classes: 1_cumulus, 2_altocumulus, 3_cirrus, 4_clearsky, 5_stratocumulus, 6_cumulonimbus, 7_mixed
2025-06-13 01:53:54 | INFO     | [dataset...:__init__          : 322] | ℹ️ Dataset sizes: 15200 train+val, 3800 test. Total: 19000
2025-06-13 01:53:54 | INFO     | [pipeline  :__init__          : 195] | ℹ️   Artifact base key prefix for this run: experiments/GCD-flat/pvit/20250613_015354_seed42 (using LocalFileSystemRepository)
2025-06-13 01:53:54 | INFO     | [pipeline  :__init__          : 226] | ℹ️   Using Optimizer: AdamW
2025-06-13 01:53:54 | DEBUG    | [callbacks :get_default_cal...: 194] | 🐞 Default LRScheduler callback instance created with policy: ReduceLROnPlateau, kwargs: {'patience': 2, 'mode': 'min', 'factor': 0.1, 'min_lr': 1e-06, 'verbose': False}, monitor: valid_loss
2025-06-13 01:53:54 | INFO     | [pipeline  :__init__          : 271] | ℹ️   Model Adapter: Initialized with PretrainedViT
2025-06-13 01:53:54 | DEBUG    | [executor  :_validate_methods : 201] | 🐞 Basic method validation successful.
2025-06-13 01:53:54 | INFO     | [executor  :__init__          : 180] | ℹ️ Executor configured to run methods: load_model, predict_images
2025-06-13 01:53:54 | INFO     | [executor  :run               : 257] | ℹ️ Starting execution of methods for Executor Run ID: 20250613_015354_seed42
2025-06-13 01:53:54 | INFO     | [executor  :run               : 266] | ℹ️ --- Running Method 1/2: load_model (Op ID: load_model_0) ---
2025-06-13 01:53:54 | DEBUG    | [executor  :run               : 313] | 🐞 Running method 'load_model' with effective parameters: {'model_path_or_key': 'experiments\\GCD-flat\\pvit\\20250612_234618_seed42\\single_train_234618\\pvit_sngl_ep32_val_lossp27_234618.pt'}
2025-06-13 01:53:54 | INFO     | [pipeline  :load_model        :2246] | ℹ️ Operation load_model_op_015354: Attempting to load model from: experiments\GCD-flat\pvit\20250612_234618_seed42\single_train_234618\pvit_sngl_ep32_val_lossp27_234618.pt
2025-06-13 01:53:54 | DEBUG    | [pipeline  :load_model        :2267] | 🐞 Op load_model_op_015354: Effective model artifact path/key: experiments\GCD-flat\pvit\20250612_234618_seed42\single_train_234618\pvit_sngl_ep32_val_lossp27_234618.pt
2025-06-13 01:53:54 | DEBUG    | [pipeline  :load_model        :2268] | 🐞 Op load_model_op_015354: Effective arch_config path/key: experiments\GCD-flat\pvit\20250612_234618_seed42\single_train_234618\pvit_sngl_ep32_val_lossp27_234618_arch_config.json
2025-06-13 01:53:54 | INFO     | [pipeline  :load_model        :2294] | ℹ️ Op load_model_op_015354: Loaded architecture config from: experiments\GCD-flat\pvit\20250612_234618_seed42\single_train_234618\pvit_sngl_ep32_val_lossp27_234618_arch_config.json
2025-06-13 01:53:54 | INFO     | [pipeline  :load_model        :2343] | ℹ️ Loaded model's image size (224, 224) matches current pipeline config.
2025-06-13 01:53:54 | INFO     | [pipeline  :load_model        :2348] | ℹ️ Op load_model_op_015354: Re-initializing SkorchModelAdapter for PretrainedViT with 7 classes.
2025-06-13 01:53:54 | DEBUG    | [pretrai...:__init__          :  38] | 🐞 Initializing PretrainedViT:
2025-06-13 01:53:54 | DEBUG    | [pretrai...:__init__          :  39] | 🐞   Model Variant: vit_b_16, Pretrained: True
2025-06-13 01:53:54 | DEBUG    | [pretrai...:__init__          :  40] | 🐞   Is Hybrid Input: False
2025-06-13 01:53:54 | DEBUG    | [pretrai...:__init__          :  43] | 🐞   Unfreeze Strategy (Encoder Blocks): encoder_tail
2025-06-13 01:53:54 | DEBUG    | [pretrai...:__init__          :  45] | 🐞   Num Transformer Blocks to Unfreeze: 1
2025-06-13 01:53:54 | DEBUG    | [pretrai...:__init__          :  46] | 🐞   Unfreeze CLS: True, PosEmb: True, PatchEmb: False, EncoderLN: True
2025-06-13 01:53:54 | DEBUG    | [pretrai...:__init__          :  48] | 🐞   Custom Head Hidden Dims: None, Head Dropout: 0.5
2025-06-13 01:53:54 | DEBUG    | [pretrai...:__init__          :  69] | 🐞 Loaded vit_b_16 from torchvision.
2025-06-13 01:53:54 | DEBUG    | [pretrai...:__init__          : 313] | 🐞 Created simple linear head (dropout: 0.5), in_feat=768.
2025-06-13 01:53:54 | INFO     | [pretrai...:__init__          : 323] | ℹ️ PretrainedViT (standard) - Trainable: CLS Token, Positional Embeddings, 1 Encoder Blocks, Encoder LayerNorm, Classification Head.
2025-06-13 01:53:54 | INFO     | [pretrai...:__init__          : 348] | ℹ️ PretrainedViT (standard): Trainable params: 7.25M / Total params: 85.80M (8.45%)
2025-06-13 01:53:55 | INFO     | [pipeline  :load_model        :2367] | ℹ️ Op load_model_op_015354: Model state_dict loaded via repo from: experiments\GCD-flat\pvit\20250612_234618_seed42\single_train_234618\pvit_sngl_ep32_val_lossp27_234618.pt
2025-06-13 01:53:55 | INFO     | [pipeline  :load_model        :2396] | ℹ️ Op load_model_op_015354: Model state_dict applied successfully from: experiments\GCD-flat\pvit\20250612_234618_seed42\single_train_234618\pvit_sngl_ep32_val_lossp27_234618.pt. Model image size context: (224, 224)
2025-06-13 01:53:55 | INFO     | [executor  :run               : 320] | ℹ️ --- Method load_model (Op ID: load_model_0) completed successfully in 0.74s ---
2025-06-13 01:53:55 | INFO     | [executor  :run               : 266] | ℹ️ --- Running Method 2/2: predict_images (Op ID: predict_images_1) ---
2025-06-13 01:53:55 | DEBUG    | [executor  :run               : 313] | 🐞 Running method 'predict_images' with effective parameters: {'username': 'eugen', 'image_tasks_for_pipeline': [ImagePredictionTask(image_id='TG Mures_25-05-2025_square', image_format='jpg', prediction_id='p1'), ImagePredictionTask(image_id='Brasov_18-05-2025_square', image_format='png', prediction_id='p2'), ImagePredictionTask(image_id='Brasov_19-05-2025_square', image_format='png', prediction_id='p3'), ImagePredictionTask(image_id='Brasov_21-05-2025_square', image_format='jpg', prediction_id='p4'), ImagePredictionTask(image_id='Tarnaveni_05-05-2025', image_format='jpg', prediction_id='p5'), ImagePredictionTask(image_id='Tarnaveni_09-05-2025_square1', image_format='jpg', prediction_id='p6'), ImagePredictionTask(image_id='Tarnaveni_09-05-2025_square2', image_format='jpg', prediction_id='p7')], 'experiment_run_id_of_model': '20250612_234618_seed42', 'generate_lime_explanations': True, 'lime_num_features_to_show_plot': 20, 'lime_num_samples_for_explainer': 200, 'results_detail_level': 3, 'plot_level': 2}
2025-06-13 01:53:55 | INFO     | [pipeline  :predict_images    :2006] | ℹ️ Op predict_op_20250613_015355_232549: Starting prediction for 7 images by user 'eugen', using model from experiment '20250612_234618_seed42'.
2025-06-13 01:53:55 | INFO     | [pipeline  :predict_images    :2075] | ℹ️ Op predict_op_20250613_015355_232549: Loaded 7 images.
2025-06-13 01:53:55 | DEBUG    | [pipeline  :predict_images    :2144] | 🐞 Op predict_op_20250613_015355_232549: Generating LIME for image_id: TG Mures_25-05-2025_square (Pred: 6_cumulonimbus)
2025-06-13 01:53:57 | INFO     | [pipeline  :predict_images    :2205] | ℹ️ Op predict_op_20250613_015355_232549: Prediction JSON for image TG Mures_25-05-2025_square saved to: predictions/eugen/TG Mures_25-05-2025_square/p1/prediction_details.json
2025-06-13 01:53:58 | DEBUG    | [pipeline  :predict_images    :2144] | 🐞 Op predict_op_20250613_015355_232549: Generating LIME for image_id: Brasov_18-05-2025_square (Pred: 7_mixed)
2025-06-13 01:54:00 | INFO     | [pipeline  :predict_images    :2205] | ℹ️ Op predict_op_20250613_015355_232549: Prediction JSON for image Brasov_18-05-2025_square saved to: predictions/eugen/Brasov_18-05-2025_square/p2/prediction_details.json
2025-06-13 01:54:00 | DEBUG    | [pipeline  :predict_images    :2144] | 🐞 Op predict_op_20250613_015355_232549: Generating LIME for image_id: Brasov_19-05-2025_square (Pred: 5_stratocumulus)
2025-06-13 01:54:03 | INFO     | [pipeline  :predict_images    :2205] | ℹ️ Op predict_op_20250613_015355_232549: Prediction JSON for image Brasov_19-05-2025_square saved to: predictions/eugen/Brasov_19-05-2025_square/p3/prediction_details.json
2025-06-13 01:54:03 | DEBUG    | [pipeline  :predict_images    :2144] | 🐞 Op predict_op_20250613_015355_232549: Generating LIME for image_id: Brasov_21-05-2025_square (Pred: 3_cirrus)
2025-06-13 01:54:06 | INFO     | [pipeline  :predict_images    :2205] | ℹ️ Op predict_op_20250613_015355_232549: Prediction JSON for image Brasov_21-05-2025_square saved to: predictions/eugen/Brasov_21-05-2025_square/p4/prediction_details.json
2025-06-13 01:54:07 | DEBUG    | [pipeline  :predict_images    :2144] | 🐞 Op predict_op_20250613_015355_232549: Generating LIME for image_id: Tarnaveni_05-05-2025 (Pred: 5_stratocumulus)
2025-06-13 01:54:10 | INFO     | [pipeline  :predict_images    :2205] | ℹ️ Op predict_op_20250613_015355_232549: Prediction JSON for image Tarnaveni_05-05-2025 saved to: predictions/eugen/Tarnaveni_05-05-2025/p5/prediction_details.json
2025-06-13 01:54:10 | DEBUG    | [pipeline  :predict_images    :2144] | 🐞 Op predict_op_20250613_015355_232549: Generating LIME for image_id: Tarnaveni_09-05-2025_square1 (Pred: 5_stratocumulus)
2025-06-13 01:54:13 | INFO     | [pipeline  :predict_images    :2205] | ℹ️ Op predict_op_20250613_015355_232549: Prediction JSON for image Tarnaveni_09-05-2025_square1 saved to: predictions/eugen/Tarnaveni_09-05-2025_square1/p6/prediction_details.json
2025-06-13 01:54:13 | DEBUG    | [pipeline  :predict_images    :2144] | 🐞 Op predict_op_20250613_015355_232549: Generating LIME for image_id: Tarnaveni_09-05-2025_square2 (Pred: 5_stratocumulus)
2025-06-13 01:54:16 | INFO     | [pipeline  :predict_images    :2205] | ℹ️ Op predict_op_20250613_015355_232549: Prediction JSON for image Tarnaveni_09-05-2025_square2 saved to: predictions/eugen/Tarnaveni_09-05-2025_square2/p7/prediction_details.json
2025-06-13 01:54:17 | INFO     | [pipeline  :predict_images    :2235] | ℹ️ Op predict_op_20250613_015355_232549: Finished predictions for 7 images.
2025-06-13 01:54:17 | INFO     | [executor  :run               : 320] | ℹ️ --- Method predict_images (Op ID: predict_images_1) completed successfully in 22.12s ---
2025-06-13 01:54:17 | INFO     | [executor  :run               : 381] | ℹ️ Pipeline execution finished successfully in 22.86s for Executor Run ID: 20250613_015354_seed42.
2025-06-13 01:54:17 | INFO     | [executor  :run               : 387] | ℹ️ Executor run for 20250613_015354_seed42 attempting final log operations.
2025-06-13 01:54:17 | DEBUG    | [executor  :_upload_and_cle...: 224] | 🐞 Flushing and closing log handler for: C:\Users\Stefan Alexandrescu\Documents\GitHub\UBB-Y3-AI-Research\model_src\experiments\GCD-flat\pvit\20250613_015354_seed42\executor_run_20250613_015354_seed42.log before upload/cleanup.
2025-06-13 01:54:17 | INFO     | [executor  :_upload_and_cle...: 252] | ℹ️ Main executor log file available at: C:\Users\Stefan Alexandrescu\Documents\GitHub\UBB-Y3-AI-Research\model_src\experiments\GCD-flat\pvit\20250613_015354_seed42\executor_run_20250613_015354_seed42.log
2025-06-13 01:54:17 | INFO     | [main      :<module>          : 343] | ℹ️ --- Final Execution Results Summary ---
2025-06-13 01:54:17 | INFO     | [main      :<module>          : 355] | ℹ️ Method executor_run_id: Completed. Result: 20250613_015354_seed42
2025-06-13 01:54:17 | INFO     | [main      :<module>          : 355] | ℹ️ Method seed_used: Completed. Result: 42
2025-06-13 01:54:17 | INFO     | [main      :<module>          : 355] | ℹ️ Method load_model_0: Completed. Result: None
2025-06-13 01:54:17 | INFO     | [main      :<module>          : 355] | ℹ️ Method predict_images_1: Completed. Result: [{'image_id': 'TG Mures_25-05-2025_square', 'prediction_id': 'p1', 'experiment_id': '20250612_234618_seed42', 'predicted_class': '6_cumulonimbus', 'confidence': 0.5942349433898926}, {'image_id': 'Brasov_18-05-2025_square', 'prediction_id': 'p2', 'experiment_id': '20250612_234618_seed42', 'predicted_class': '7_mixed', 'confidence': 0.7596607208251953}, {'image_id': 'Brasov_19-05-2025_square', 'prediction_id': 'p3', 'experiment_id': '20250612_234618_seed42', 'predicted_class': '5_stratocumulus', 'confidence': 0.5599085688591003}, {'image_id': 'Brasov_21-05-2025_square', 'prediction_id': 'p4', 'experiment_id': '20250612_234618_seed42', 'predicted_class': '3_cirrus', 'confidence': 0.4962857663631439}, {'image_id': 'Tarnaveni_05-05-2025', 'prediction_id': 'p5', 'experiment_id': '20250612_234618_seed42', 'predicted_class': '5_stratocumulus', 'confidence': 0.3109351098537445}, {'image_id': 'Tarnaveni_09-05-2025_square1', 'prediction_id': 'p6', 'experiment_id': '20250612_234618_seed42', 'predicted_class': '5_stratocumulus', 'confidence': 0.6861258745193481}, {'image_id': 'Tarnaveni_09-05-2025_square2', 'prediction_id': 'p7', 'experiment_id': '20250612_234618_seed42', 'predicted_class': '5_stratocumulus', 'confidence': 0.4500688314437866}]
