Timestamp           | Level    | Location                             | Message
--------------------+----------+--------------------------------------+---------------------------------------------------
2025-11-06 09:05:48 | INFO     | [logger_...:setup_logger      : 130] | ℹ️ Logger 'ImgClassPipe' initialized. Log file: C:\Users\Stefan Alexandrescu\Documents\GitHub\UBB-Y3-AI-Research\model_src\experiments\GCD-flat\resnet\20251106_090548_seed42\executor_run_20251106_090548_seed42.log
2025-11-06 09:05:48 | INFO     | [executor  :__init__          : 121] | ℹ️ Local main executor log file for this run (may be temporary): C:\Users\Stefan Alexandrescu\Documents\GitHub\UBB-Y3-AI-Research\model_src\experiments\GCD-flat\resnet\20251106_090548_seed42\executor_run_20251106_090548_seed42.log
2025-11-06 09:05:48 | INFO     | [executor  :__init__          : 126] | ℹ️ --- Starting Executor Run (ID: 20251106_090548_seed42) ---
2025-11-06 09:05:48 | INFO     | [executor  :__init__          : 127] | ℹ️ Executor initialized for model 'resnet' on dataset 'GCD-flat'
2025-11-06 09:05:48 | INFO     | [executor  :__init__          : 130] | ℹ️ Local artifact storage base: C:\Users\Stefan Alexandrescu\Documents\GitHub\UBB-Y3-AI-Research\model_src
2025-11-06 09:05:48 | INFO     | [executor  :__init__          : 134] | ℹ️ Base key/prefix for this executor run's artifacts: experiments/GCD-flat/resnet/20251106_090548_seed42
2025-11-06 09:05:48 | INFO     | [pipeline  :__init__          : 165] | ℹ️ Initializing Classification Pipeline:
2025-11-06 09:05:48 | INFO     | [pipeline  :__init__          : 166] | ℹ️   Dataset Path: C:\Users\Stefan Alexandrescu\Documents\GitHub\UBB-Y3-AI-Research\model_src\data\GCD-flat
2025-11-06 09:05:48 | INFO     | [pipeline  :__init__          : 167] | ℹ️   Model Type: resnet
2025-11-06 09:05:48 | INFO     | [pipeline  :__init__          : 170] | ℹ️   Artifact base key prefix for this run: experiments/GCD-flat/resnet/20251106_090548_seed42 (using LocalFileSystemRepository)
2025-11-06 09:05:48 | INFO     | [pipeline  :__init__          : 174] | ℹ️   Default Augmentation Strategy: AugmentationStrategy.CCSN_RESNET
2025-11-06 09:05:48 | INFO     | [pipeline  :__init__          : 175] | ℹ️   Default Show First Batch Aug: True
2025-11-06 09:05:48 | INFO     | [dataset...:__init__          : 529] | ℹ️ Using augmentation strategy: AugmentationStrategy.CCSN_RESNET
2025-11-06 09:05:48 | INFO     | [dataset...:__init__          : 560] | ℹ️ Detected dataset structure: flat
2025-11-06 09:05:48 | INFO     | [dataset...:_load_paths_and...: 787] | ℹ️ Scanning FLAT dataset from C:\Users\Stefan Alexandrescu\Documents\GitHub\UBB-Y3-AI-Research\model_src\data\GCD-flat...
2025-11-06 09:05:48 | INFO     | [dataset...:_load_paths_and...: 874] | ℹ️ Final Original Dataset sizes: 15200 original train+val, 3800 original test. Offline augmented samples loaded: 0.
2025-11-06 09:05:48 | INFO     | [dataset...:__init__          : 586] | ℹ️ Found 7 classes: 1_cumulus, 2_altocumulus, 3_cirrus, 4_clearsky, 5_stratocumulus, 6_cumulonimbus, 7_mixed
2025-11-06 09:05:48 | INFO     | [dataset...:_calculate_clas...: 676] | ℹ️ Calculating class weights for the training set...
2025-11-06 09:05:48 | INFO     | [dataset...:_calculate_clas...: 690] | ℹ️ Calculated class weights (for classes 0 to 6):
2025-11-06 09:05:48 | INFO     | [dataset...:_calculate_clas...: 692] | ℹ️   - 1_cumulus (Class 0): 1.7799
2025-11-06 09:05:48 | INFO     | [dataset...:_calculate_clas...: 692] | ℹ️   - 2_altocumulus (Class 1): 1.8402
2025-11-06 09:05:48 | INFO     | [dataset...:_calculate_clas...: 692] | ℹ️   - 3_cirrus (Class 2): 1.4239
2025-11-06 09:05:48 | INFO     | [dataset...:_calculate_clas...: 692] | ℹ️   - 4_clearsky (Class 3): 0.7260
2025-11-06 09:05:48 | INFO     | [dataset...:_calculate_clas...: 692] | ℹ️   - 5_stratocumulus (Class 4): 0.7465
2025-11-06 09:05:48 | INFO     | [dataset...:_calculate_clas...: 692] | ℹ️   - 6_cumulonimbus (Class 5): 0.4709
2025-11-06 09:05:48 | INFO     | [dataset...:_calculate_clas...: 692] | ℹ️   - 7_mixed (Class 6): 2.8422
2025-11-06 09:05:48 | INFO     | [dataset...:__init__          : 592] | ℹ️ Dataset sizes: 15200 train+val, 3800 test. Total: 19000
2025-11-06 09:05:48 | INFO     | [pipeline  :__init__          : 185] | ℹ️   Artifact base key prefix for this run: experiments/GCD-flat/resnet/20251106_090548_seed42 (using LocalFileSystemRepository)
2025-11-06 09:05:48 | INFO     | [pipeline  :__init__          : 212] | ℹ️   Using Optimizer: AdamW
2025-11-06 09:05:48 | DEBUG    | [callbacks :get_default_cal...: 172] | 🐞 Default LRScheduler callback instance created with policy: ReduceLROnPlateau, kwargs: {'patience': 2, 'mode': 'min', 'factor': 0.1, 'min_lr': 1e-06, 'verbose': False}, monitor: valid_loss
2025-11-06 09:05:48 | INFO     | [pipeline  :__init__          : 230] | ℹ️ Weighted loss is enabled. Passing class weights to criterion.
2025-11-06 09:05:48 | INFO     | [pipeline  :__init__          : 269] | ℹ️   Model Adapter: Initialized with ResNet18BasedCloud
2025-11-06 09:05:48 | DEBUG    | [executor  :_validate_methods : 189] | 🐞 Basic method validation successful.
2025-11-06 09:05:48 | INFO     | [executor  :__init__          : 168] | ℹ️ Executor configured to run methods: cv_model_evaluation
2025-11-06 09:05:48 | INFO     | [executor  :run               : 237] | ℹ️ Starting execution of methods for Executor Run ID: 20251106_090548_seed42
2025-11-06 09:05:48 | INFO     | [executor  :run               : 246] | ℹ️ --- Running Method 1/1: cv_model_evaluation (Op ID: cv_model_evaluation_0) ---
2025-11-06 09:05:48 | DEBUG    | [executor  :run               : 291] | 🐞 Running method 'cv_model_evaluation' with effective parameters: {'params': {'max_epochs': 60, 'lr': 0.0001, 'batch_size': 32, 'optimizer': 'AdamW', 'optimizer__weight_decay': 0.01, 'callbacks__default_lr_scheduler__policy': 'CosineAnnealingLR', 'callbacks__default_lr_scheduler__T_max': 60, 'callbacks__default_lr_scheduler__eta_min': 1e-06, 'callbacks__default_early_stopping__patience': 15, 'callbacks__default_early_stopping__monitor': 'valid_loss', 'callbacks__default_early_stopping__lower_is_better': True, 'criterion__label_smoothing': 0.1, 'cutmix_alpha': 1.0, 'cutmix_probability': 0.5, 'gradient_clip_value': 1.0, 'module__pretrained': True, 'module__dropout_rate_fc': 0.5, 'module__fc_hidden_neurons': 256, 'iterator_train__drop_last': True}, 'val_split_ratio': 0.1, 'cv': 5, 'evaluate_on': 'full', 'results_detail_level': 2}
2025-11-06 09:05:48 | INFO     | [pipeline  :cv_model_evalua...:1354] | ℹ️ Performing 5-fold CV for evaluation with fixed parameters.
2025-11-06 09:05:48 | INFO     | [pipeline  :cv_model_evalua...:1373] | ℹ️ Using full dataset (19000 samples) for CV evaluation.
2025-11-06 09:05:48 | INFO     | [pipeline  :cv_model_evalua...:1397] | ℹ️ Using provided parameters for CV evaluation: {'max_epochs': 60, 'lr': 0.0001, 'batch_size': 32, 'optimizer': 'AdamW', 'optimizer__weight_decay': 0.01, 'callbacks__default_lr_scheduler__policy': 'CosineAnnealingLR', 'callbacks__default_lr_scheduler__T_max': 60, 'callbacks__default_lr_scheduler__eta_min': 1e-06, 'callbacks__default_early_stopping__patience': 15, 'callbacks__default_early_stopping__monitor': 'valid_loss', 'callbacks__default_early_stopping__lower_is_better': True, 'criterion__label_smoothing': 0.1, 'cutmix_alpha': 1.0, 'cutmix_probability': 0.5, 'gradient_clip_value': 1.0, 'module__pretrained': True, 'module__dropout_rate_fc': 0.5, 'module__fc_hidden_neurons': 256, 'iterator_train__drop_last': True}
2025-11-06 09:05:48 | DEBUG    | [param_g...:parse_fixed_hyp...: 163] | 🐞 Created LRScheduler instance: policy=CosineAnnealingLR, direct_args={}, constructor_kwargs={'T_max': 60, 'eta_min': 1e-06}
2025-11-06 09:05:48 | INFO     | [pipeline  :cv_model_evalua...:1418] | ℹ️ Skorch internal validation split configured: 10.0% of each CV fold's training data.
2025-11-06 09:05:48 | DEBUG    | [pipeline  :cv_model_evalua...:1445] | 🐞 Will compute detailed metrics (detail_level=2, plot_level=2)
2025-11-06 09:05:48 | INFO     | [pipeline  :cv_model_evalua...:1451] | ℹ️ --- Starting CV Evaluation Fold 1/5 ---
2025-11-06 09:05:48 | DEBUG    | [pipeline  :cv_model_evalua...:1457] | 🐞 Outer split (full set): 15200 train / 3800 test samples.
2025-11-06 09:05:48 | DEBUG    | [pipeline  :cv_model_evalua...:1476] | 🐞 Fold 1: Internal split: ~13680 train / ~1520 valid.
2025-11-06 09:05:48 | INFO     | [pipeline  :cv_model_evalua...:1486] | ℹ️ Fitting model for fold 1...
2025-11-06 09:05:48 | INFO     | [resnet    :__init__          :  37] | ℹ️ ResNet18BasedCloud initialized. Pretrained: True. Classifier head: Linear(512->256)->BN->ReLU->Dropout(0.5)->Linear(256->7)
2025-11-06 09:05:48 | DEBUG    | [adapter   :get_split_datasets: 205] | 🐞 Validation split for fold created with 1520 original samples.
2025-11-06 09:05:48 | DEBUG    | [adapter   :get_split_datasets: 245] | 🐞 No offline augmentations will be applied.
2025-11-06 09:05:48 | DEBUG    | [adapter   :get_split_datasets: 252] | 🐞 Total training split for fold created with 13680 samples.
2025-11-06 09:05:48 | DEBUG    | [adapter   :get_iterator      : 373] | 🐞 Creating DataLoader for training: dataset_len=13680, batch_size=32, shuffle=True, drop_last=True, collate_fn_type='function', loader_kwargs={'num_workers': 0, 'pin_memory': False}
2025-11-06 09:05:48 | DEBUG    | [adapter   :get_iterator      : 373] | 🐞 Creating DataLoader for validation/evaluation: dataset_len=1520, batch_size=32, shuffle=False, drop_last=False, collate_fn_type='function', loader_kwargs={'num_workers': 0, 'pin_memory': False}
2025-11-06 09:07:19 | INFO     | [callbacks :on_epoch_end      : 131] | ℹ️   epoch    train_acc    train_loss    valid_acc    valid_loss   cp           lr      dur
2025-11-06 09:07:19 | INFO     | [callbacks :on_epoch_end      : 131] | ℹ️ -------  -----------  ------------  -----------  ------------  ----  ----------  -------
2025-11-06 09:07:19 | INFO     | [callbacks :on_epoch_end      : 131] | ℹ️       1     ▲ 0.6030      ▼ 1.4069     ▲ 0.7914      ▼ 0.9651        9.9932e-05  90.8527
2025-11-06 09:08:41 | INFO     | [callbacks :on_epoch_end      : 131] | ℹ️       2     ▲ 0.6677      ▼ 1.2660     ▲ 0.8125      ▼ 0.9496        9.9729e-05  81.5445
2025-11-06 09:10:02 | INFO     | [callbacks :on_epoch_end      : 131] | ℹ️       3     ▲ 0.6972      ▼ 1.1956     ▲ 0.8224      ▼ 0.8791        9.9391e-05  81.1544
2025-11-06 09:11:23 | INFO     | [callbacks :on_epoch_end      : 131] | ℹ️       4     ▲ 0.7229      ▼ 1.1495       0.8066        0.9105        9.8918e-05  80.7039
2025-11-06 09:12:43 | INFO     | [callbacks :on_epoch_end      : 131] | ℹ️       5     ▲ 0.7389      ▼ 1.1138       0.8184         0.887        9.8313e-05  80.653
2025-11-06 09:14:04 | INFO     | [callbacks :on_epoch_end      : 131] | ℹ️       6       0.7228        1.1348     ▲ 0.8382      ▼ 0.8539        9.7577e-05  80.49
2025-11-06 09:15:25 | INFO     | [callbacks :on_epoch_end      : 131] | ℹ️       7       0.7373      ▼ 1.1011       0.8237        0.8752        9.6712e-05  80.6609
2025-11-06 09:16:46 | INFO     | [callbacks :on_epoch_end      : 131] | ℹ️       8     ▲ 0.7510      ▼ 1.0838       0.8336        0.8608        9.5721e-05  81.0035
2025-11-06 09:18:07 | INFO     | [callbacks :on_epoch_end      : 131] | ℹ️       9       0.7391        1.0952     ▲ 0.8434        0.8606        9.4605e-05  80.8992
2025-11-06 09:19:28 | INFO     | [callbacks :on_epoch_end      : 131] | ℹ️      10     ▲ 0.7529      ▼ 1.0686       0.8408      ▼ 0.8484        9.3368e-05  80.9978
2025-11-06 09:20:48 | INFO     | [callbacks :on_epoch_end      : 131] | ℹ️      11     ▲ 0.7586      ▼ 1.0461       0.8362        0.8519        9.2014e-05  80.7577
2025-11-06 09:22:09 | INFO     | [callbacks :on_epoch_end      : 131] | ℹ️      12     ▲ 0.7706      ▼ 1.0353     ▲ 0.8513        0.8551        9.0546e-05  80.8509
2025-11-06 09:23:30 | INFO     | [callbacks :on_epoch_end      : 131] | ℹ️      13       0.7559        1.0436       0.8441        0.8622        8.8969e-05  80.9573
2025-11-06 09:24:51 | INFO     | [callbacks :on_epoch_end      : 131] | ℹ️      14     ▲ 0.7779      ▼ 1.0163     ▲ 0.8572      ▼ 0.8316        8.7286e-05  80.9148
2025-11-06 09:26:12 | INFO     | [callbacks :on_epoch_end      : 131] | ℹ️      15       0.7676        1.0343       0.8513        0.8419        8.5502e-05  81.0162
2025-11-06 09:27:33 | INFO     | [callbacks :on_epoch_end      : 131] | ℹ️      16        0.773        1.0205       0.8408        0.8526        8.3622e-05  80.5454
2025-11-06 09:28:54 | INFO     | [callbacks :on_epoch_end      : 131] | ℹ️      17       0.7769      ▼ 1.0098        0.825        0.8498        8.1651e-05  80.6243
2025-11-06 09:30:14 | INFO     | [callbacks :on_epoch_end      : 131] | ℹ️      18       0.7739      ▼ 1.0077       0.8461      ▼ 0.8178        7.9595e-05  80.6591
2025-11-06 09:31:35 | INFO     | [callbacks :on_epoch_end      : 131] | ℹ️      19     ▲ 0.7840      ▼ 0.9932       0.8487        0.8525        7.746e-05  80.4509
2025-11-06 09:32:56 | INFO     | [callbacks :on_epoch_end      : 131] | ℹ️      20        0.771        1.0135       0.8507        0.8257        7.525e-05  81.2915
2025-11-06 09:34:18 | INFO     | [callbacks :on_epoch_end      : 131] | ℹ️      21       0.7823      ▼ 0.9926     ▲ 0.8612        0.8399        7.2973e-05  82.2137
2025-11-06 09:35:39 | INFO     | [callbacks :on_epoch_end      : 131] | ℹ️      22     ▲ 0.7884      ▼ 0.9681     ▲ 0.8730        0.8292        7.0633e-05  80.5485
2025-11-06 09:37:00 | INFO     | [callbacks :on_epoch_end      : 131] | ℹ️      23       0.7865        0.9851     ▲ 0.8730      ▼ 0.8112        6.8239e-05  80.9769
2025-11-06 09:38:21 | INFO     | [callbacks :on_epoch_end      : 131] | ℹ️      24     ▲ 0.7893        0.9794       0.8605        0.8291        6.5796e-05  80.6959
2025-11-06 09:39:42 | INFO     | [callbacks :on_epoch_end      : 131] | ℹ️      25     ▲ 0.7925      ▼ 0.9626       0.8697        0.8114        6.3312e-05  80.8392
2025-11-06 09:41:02 | INFO     | [callbacks :on_epoch_end      : 131] | ℹ️      26       0.7905        0.9672       0.8553        0.8215        6.0792e-05  80.4519
2025-11-06 09:42:22 | INFO     | [callbacks :on_epoch_end      : 131] | ℹ️      27     ▲ 0.8021      ▼ 0.9451       0.8638        0.8283        5.8244e-05  80.1856
2025-11-06 09:43:43 | INFO     | [callbacks :on_epoch_end      : 131] | ℹ️      28       0.7966        0.9499       0.8684        0.8197        5.5674e-05  80.4937
2025-11-06 09:45:03 | INFO     | [callbacks :on_epoch_end      : 131] | ℹ️      29       0.7938        0.9566       0.8526        0.8327        5.3091e-05  80.2332
2025-11-06 09:46:24 | INFO     | [callbacks :on_epoch_end      : 131] | ℹ️      30     ▲ 0.8024      ▼ 0.9405       0.8704        0.8242        5.05e-05  80.9536
2025-11-06 09:47:45 | INFO     | [callbacks :on_epoch_end      : 131] | ℹ️      31     ▲ 0.8080      ▼ 0.9293       0.8671         0.813        4.7909e-05  80.3868
2025-11-06 09:49:05 | INFO     | [callbacks :on_epoch_end      : 131] | ℹ️      32       0.8071      ▼ 0.9223       0.8684        0.8157        4.5326e-05  80.3805
2025-11-06 09:50:25 | INFO     | [callbacks :on_epoch_end      : 131] | ℹ️      33       0.8012        0.9476       0.8638        0.8257        4.2756e-05  80.4962
2025-11-06 09:51:46 | INFO     | [callbacks :on_epoch_end      : 131] | ℹ️      34     ▲ 0.8104      ▼ 0.9189       0.8724        0.8161        4.0208e-05  80.4988
2025-11-06 09:53:06 | INFO     | [callbacks :on_epoch_end      : 131] | ℹ️      35     ▲ 0.8208        0.9213     ▲ 0.8743        0.8187        3.7688e-05  80.3258
2025-11-06 09:54:27 | INFO     | [callbacks :on_epoch_end      : 131] | ℹ️      36        0.812        0.9249     ▲ 0.8763        0.8116        3.5204e-05  80.314
2025-11-06 09:55:47 | INFO     | [callbacks :on_epoch_end      : 131] | ℹ️      37       0.8154        0.9251       0.8691        0.8139        3.2761e-05  80.6053
2025-11-06 09:57:08 | INFO     | [pipeline  :cv_model_evalua...:1500] | ℹ️ Using best model from epoch 38
2025-11-06 09:57:08 | INFO     | [pipeline  :cv_model_evalua...:1503] | ℹ️ Evaluating model on outer test set for fold 1...
2025-11-06 09:57:08 | DEBUG    | [adapter   :get_iterator      : 373] | 🐞 Creating DataLoader for validation/evaluation: dataset_len=3800, batch_size=32, shuffle=False, drop_last=False, collate_fn_type='function', loader_kwargs={'num_workers': 0, 'pin_memory': False}
2025-11-06 09:57:21 | DEBUG    | [adapter   :get_iterator      : 373] | 🐞 Creating DataLoader for validation/evaluation: dataset_len=3800, batch_size=32, shuffle=False, drop_last=False, collate_fn_type='function', loader_kwargs={'num_workers': 0, 'pin_memory': False}
2025-11-06 09:57:33 | DEBUG    | [pipeline  :_compute_metrics  : 479] | 🐞 Computed Metrics: Acc=0.8863, Macro F1=0.8851
2025-11-06 09:57:33 | INFO     | [pipeline  :cv_model_evalua...:1522] | ℹ️ Fold 1 Test Scores: Acc=0.8863, F1=0.8851
2025-11-06 09:57:33 | INFO     | [pipeline  :cv_model_evalua...:1451] | ℹ️ --- Starting CV Evaluation Fold 2/5 ---
2025-11-06 09:57:33 | DEBUG    | [pipeline  :cv_model_evalua...:1457] | 🐞 Outer split (full set): 15200 train / 3800 test samples.
2025-11-06 09:57:33 | DEBUG    | [pipeline  :cv_model_evalua...:1476] | 🐞 Fold 2: Internal split: ~13680 train / ~1520 valid.
2025-11-06 09:57:33 | INFO     | [pipeline  :cv_model_evalua...:1486] | ℹ️ Fitting model for fold 2...
2025-11-06 09:57:33 | INFO     | [resnet    :__init__          :  37] | ℹ️ ResNet18BasedCloud initialized. Pretrained: True. Classifier head: Linear(512->256)->BN->ReLU->Dropout(0.5)->Linear(256->7)
2025-11-06 09:57:33 | DEBUG    | [adapter   :get_split_datasets: 205] | 🐞 Validation split for fold created with 1520 original samples.
2025-11-06 09:57:33 | DEBUG    | [adapter   :get_split_datasets: 245] | 🐞 No offline augmentations will be applied.
2025-11-06 09:57:33 | DEBUG    | [adapter   :get_split_datasets: 252] | 🐞 Total training split for fold created with 13680 samples.
2025-11-06 09:57:33 | DEBUG    | [adapter   :get_iterator      : 373] | 🐞 Creating DataLoader for training: dataset_len=13680, batch_size=32, shuffle=True, drop_last=True, collate_fn_type='function', loader_kwargs={'num_workers': 0, 'pin_memory': False}
2025-11-06 09:57:33 | DEBUG    | [adapter   :get_iterator      : 373] | 🐞 Creating DataLoader for validation/evaluation: dataset_len=1520, batch_size=32, shuffle=False, drop_last=False, collate_fn_type='function', loader_kwargs={'num_workers': 0, 'pin_memory': False}
2025-11-06 09:58:57 | INFO     | [callbacks :on_epoch_end      : 131] | ℹ️   epoch    train_acc    train_loss    valid_acc    valid_loss   cp           lr      dur
2025-11-06 09:58:57 | INFO     | [callbacks :on_epoch_end      : 131] | ℹ️ -------  -----------  ------------  -----------  ------------  ----  ----------  -------
2025-11-06 09:58:57 | INFO     | [callbacks :on_epoch_end      : 131] | ℹ️       1     ▲ 0.5952      ▼ 1.3999     ▲ 0.8039      ▼ 0.9464        9.9932e-05  83.5973
2025-11-06 10:00:17 | INFO     | [callbacks :on_epoch_end      : 131] | ℹ️       2     ▲ 0.6898      ▼ 1.2333       0.8013      ▼ 0.9106        9.9729e-05  80.8922
2025-11-06 10:01:38 | INFO     | [callbacks :on_epoch_end      : 131] | ℹ️       3       0.6743        1.2345     ▲ 0.8204      ▼ 0.8830        9.9391e-05  80.7325
2025-11-06 10:02:59 | INFO     | [callbacks :on_epoch_end      : 131] | ℹ️       4     ▲ 0.7111      ▼ 1.1673     ▲ 0.8342          0.89        9.8918e-05  80.7927
2025-11-06 10:04:20 | INFO     | [callbacks :on_epoch_end      : 131] | ℹ️       5     ▲ 0.7337      ▼ 1.1179       0.8276      ▼ 0.8684        9.8313e-05  80.8616
2025-11-06 10:05:41 | INFO     | [callbacks :on_epoch_end      : 131] | ℹ️       6     ▲ 0.7404      ▼ 1.1113     ▲ 0.8658      ▼ 0.8209        9.7577e-05  80.8381
2025-11-06 10:07:02 | INFO     | [callbacks :on_epoch_end      : 131] | ℹ️       7       0.7387      ▼ 1.1086       0.8625        0.8307        9.6712e-05  81.5599
2025-11-06 10:08:24 | INFO     | [callbacks :on_epoch_end      : 131] | ℹ️       8       0.7349      ▼ 1.0853     ▲ 0.8664        0.8401        9.5721e-05  81.2544
2025-11-06 10:09:45 | INFO     | [callbacks :on_epoch_end      : 131] | ℹ️       9       0.7386      ▼ 1.0775       0.8526        0.8499        9.4605e-05  80.9001
2025-11-06 10:11:06 | INFO     | [callbacks :on_epoch_end      : 131] | ℹ️      10     ▲ 0.7590      ▼ 1.0633       0.8303        0.8756        9.3368e-05  80.9395
2025-11-06 10:12:27 | INFO     | [callbacks :on_epoch_end      : 131] | ℹ️      11       0.7458        1.0661       0.8651         0.823        9.2014e-05  80.8396
2025-11-06 10:13:47 | INFO     | [callbacks :on_epoch_end      : 131] | ℹ️      12     ▲ 0.7591      ▼ 1.0447     ▲ 0.8763      ▼ 0.8180        9.0546e-05  80.8622
2025-11-06 10:15:09 | INFO     | [callbacks :on_epoch_end      : 131] | ℹ️      13       0.7459        1.0641     ▲ 0.8783      ▼ 0.8162        8.8969e-05  81.4042
2025-11-06 10:16:29 | INFO     | [callbacks :on_epoch_end      : 131] | ℹ️      14       0.7494        1.0495       0.8546        0.8293        8.7286e-05  79.7348
2025-11-06 10:17:50 | INFO     | [callbacks :on_epoch_end      : 131] | ℹ️      15     ▲ 0.7687      ▼ 1.0210     ▲ 0.8868      ▼ 0.7893        8.5502e-05  80.9924
2025-11-06 10:19:11 | INFO     | [callbacks :on_epoch_end      : 131] | ℹ️      16       0.7628        1.0308        0.852        0.8249        8.3622e-05  80.7762
2025-11-06 10:20:32 | INFO     | [callbacks :on_epoch_end      : 131] | ℹ️      17        0.767      ▼ 1.0154       0.8658        0.8192        8.1651e-05  81.3142
2025-11-06 10:21:53 | INFO     | [callbacks :on_epoch_end      : 131] | ℹ️      18     ▲ 0.7692      ▼ 0.9983       0.8625         0.818        7.9595e-05  81.036
2025-11-06 10:23:14 | INFO     | [callbacks :on_epoch_end      : 131] | ℹ️      19     ▲ 0.7793        1.0027       0.8783      ▼ 0.7858        7.746e-05  81.1498
2025-11-06 10:24:35 | INFO     | [callbacks :on_epoch_end      : 131] | ℹ️      20     ▲ 0.7793      ▼ 0.9921       0.8533         0.829        7.525e-05  81.0282
2025-11-06 10:25:56 | INFO     | [callbacks :on_epoch_end      : 131] | ℹ️      21       0.7755      ▼ 0.9845       0.8737        0.8159        7.2973e-05  80.7471
2025-11-06 10:27:17 | INFO     | [callbacks :on_epoch_end      : 131] | ℹ️      22     ▲ 0.7834      ▼ 0.9835        0.877        0.7861        7.0633e-05  81.0399
2025-11-06 10:28:38 | INFO     | [callbacks :on_epoch_end      : 131] | ℹ️      23       0.7782        1.0015     ▲ 0.8868        0.7988        6.8239e-05  80.9764
2025-11-06 10:29:59 | INFO     | [callbacks :on_epoch_end      : 131] | ℹ️      24     ▲ 0.7873      ▼ 0.9699     ▲ 0.8868        0.8013        6.5796e-05  80.8772
2025-11-06 10:31:20 | INFO     | [callbacks :on_epoch_end      : 131] | ℹ️      25     ▲ 0.8047      ▼ 0.9499       0.8763        0.8021        6.3312e-05  81.0801
2025-11-06 10:32:41 | INFO     | [callbacks :on_epoch_end      : 131] | ℹ️      26       0.7927        0.9672     ▲ 0.8901        0.7953        6.0792e-05  81.3104
2025-11-06 10:34:02 | INFO     | [callbacks :on_epoch_end      : 131] | ℹ️      27       0.7927        0.9627       0.8711        0.8029        5.8244e-05  80.7576
2025-11-06 10:35:24 | INFO     | [callbacks :on_epoch_end      : 131] | ℹ️      28       0.7891        0.9705       0.8822      ▼ 0.7848        5.5674e-05  81.4476
2025-11-06 10:36:45 | INFO     | [callbacks :on_epoch_end      : 131] | ℹ️      29     ▲ 0.8092      ▼ 0.9378       0.8809        0.8051        5.3091e-05  80.9491
2025-11-06 10:38:06 | INFO     | [callbacks :on_epoch_end      : 131] | ℹ️      30       0.7886        0.9629       0.8836        0.7932        5.05e-05  80.7926
2025-11-06 10:39:27 | INFO     | [callbacks :on_epoch_end      : 131] | ℹ️      31     ▲ 0.8135        0.9461     ▲ 0.8901        0.7936        4.7909e-05  80.9836
2025-11-06 10:40:48 | INFO     | [callbacks :on_epoch_end      : 131] | ℹ️      32       0.7948        0.9458       0.8789        0.7937        4.5326e-05  81.6394
2025-11-06 10:42:09 | INFO     | [callbacks :on_epoch_end      : 131] | ℹ️      33       0.7982        0.9463       0.8888        0.7996        4.2756e-05  80.8374
2025-11-06 10:43:30 | INFO     | [callbacks :on_epoch_end      : 131] | ℹ️      34       0.8053      ▼ 0.9347     ▲ 0.8908        0.7917        4.0208e-05  81.3235
2025-11-06 10:44:51 | INFO     | [callbacks :on_epoch_end      : 131] | ℹ️      35       0.8105      ▼ 0.9208       0.8882        0.7899        3.7688e-05  80.4092
2025-11-06 10:46:11 | INFO     | [callbacks :on_epoch_end      : 131] | ℹ️      36     ▲ 0.8137        0.9315       0.8763        0.7941        3.5204e-05  80.4472
2025-11-06 10:47:32 | INFO     | [callbacks :on_epoch_end      : 131] | ℹ️      37     ▲ 0.8253      ▼ 0.9028       0.8783         0.802        3.2761e-05  80.3635
2025-11-06 10:48:52 | INFO     | [callbacks :on_epoch_end      : 131] | ℹ️      38       0.8182        0.9057       0.8855         0.786        3.0367e-05  80.2254
2025-11-06 10:50:12 | INFO     | [callbacks :on_epoch_end      : 131] | ℹ️      39       0.7954        0.9251       0.8868        0.8009        2.8027e-05  80.3609
2025-11-06 10:51:33 | INFO     | [callbacks :on_epoch_end      : 131] | ℹ️      40     ▲ 0.8290      ▼ 0.8986     ▲ 0.8914        0.8004        2.575e-05  80.6557
2025-11-06 10:52:54 | INFO     | [callbacks :on_epoch_end      : 131] | ℹ️      41       0.8217        0.9043     ▲ 0.8980      ▼ 0.7765        2.354e-05  80.6022
2025-11-06 10:54:14 | INFO     | [callbacks :on_epoch_end      : 131] | ℹ️      42       0.8286        0.9046     ▲ 0.9000         0.777        2.1405e-05  80.2942
2025-11-06 10:55:35 | INFO     | [callbacks :on_epoch_end      : 131] | ℹ️      43       0.8273      ▼ 0.8932       0.8934        0.7887        1.9349e-05  80.4863
2025-11-06 10:56:55 | INFO     | [callbacks :on_epoch_end      : 131] | ℹ️      44       0.8264        0.8965       0.8961        0.7783        1.7378e-05  80.2002
2025-11-06 10:58:16 | INFO     | [callbacks :on_epoch_end      : 131] | ℹ️      45       0.8186        0.9015     ▲ 0.9007      ▼ 0.7732        1.5498e-05  80.5747
2025-11-06 10:59:36 | INFO     | [callbacks :on_epoch_end      : 131] | ℹ️      46     ▲ 0.8301      ▼ 0.8920        0.898        0.7741        1.3714e-05  80.3981
2025-11-06 11:00:56 | INFO     | [callbacks :on_epoch_end      : 131] | ℹ️      47        0.818        0.9004     ▲ 0.9026        0.7774        1.2031e-05  80.2933
2025-11-06 11:02:17 | INFO     | [callbacks :on_epoch_end      : 131] | ℹ️      48       0.8222        0.8961     ▲ 0.9033        0.7792        1.0454e-05  80.3992
2025-11-06 11:03:37 | INFO     | [callbacks :on_epoch_end      : 131] | ℹ️      49     ▲ 0.8447      ▼ 0.8690       0.8961        0.7749        8.9858e-06  80.6664
2025-11-06 11:04:58 | INFO     | [callbacks :on_epoch_end      : 131] | ℹ️      50     ▲ 0.8465        0.8724        0.898        0.7754        7.6317e-06  80.2178
2025-11-06 11:06:18 | INFO     | [callbacks :on_epoch_end      : 131] | ℹ️      51       0.8421        0.8795       0.8908         0.778        6.3952e-06  80.5297
2025-11-06 11:07:39 | INFO     | [callbacks :on_epoch_end      : 131] | ℹ️      52       0.8199        0.9097       0.8974      ▼ 0.7720        5.2795e-06  80.9768
2025-11-06 11:09:00 | INFO     | [callbacks :on_epoch_end      : 131] | ℹ️      53        0.819        0.8893       0.8961        0.7826        4.2878e-06  80.8154
2025-11-06 11:10:21 | INFO     | [callbacks :on_epoch_end      : 131] | ℹ️      54       0.8358        0.8793       0.8961        0.7768        3.4227e-06  80.751
2025-11-06 11:11:41 | INFO     | [callbacks :on_epoch_end      : 131] | ℹ️      55       0.8341        0.8775       0.8974         0.782        2.6867e-06  80.5273
2025-11-06 11:13:03 | INFO     | [callbacks :on_epoch_end      : 131] | ℹ️      56       0.8356        0.9038       0.8934        0.7757        2.0817e-06  81.2094
2025-11-06 11:14:23 | INFO     | [callbacks :on_epoch_end      : 131] | ℹ️      57        0.843        0.8741        0.898        0.7766        1.6094e-06  80.6084
2025-11-06 11:15:44 | INFO     | [callbacks :on_epoch_end      : 131] | ℹ️      58        0.842        0.8707       0.9013        0.7806        1.2712e-06  80.8764
2025-11-06 11:17:05 | INFO     | [callbacks :on_epoch_end      : 131] | ℹ️      59        0.834        0.8922       0.8993        0.7774        1.0678e-06  80.5241
2025-11-06 11:18:25 | INFO     | [callbacks :on_epoch_end      : 131] | ℹ️      60     ▲ 0.8505      ▼ 0.8586       0.8967        0.7758        1e-06  80.365
2025-11-06 11:18:25 | INFO     | [pipeline  :cv_model_evalua...:1500] | ℹ️ Using best model from epoch 60
2025-11-06 11:18:25 | INFO     | [pipeline  :cv_model_evalua...:1503] | ℹ️ Evaluating model on outer test set for fold 2...
2025-11-06 11:18:25 | DEBUG    | [adapter   :get_iterator      : 373] | 🐞 Creating DataLoader for validation/evaluation: dataset_len=3800, batch_size=32, shuffle=False, drop_last=False, collate_fn_type='function', loader_kwargs={'num_workers': 0, 'pin_memory': False}
2025-11-06 11:18:37 | DEBUG    | [adapter   :get_iterator      : 373] | 🐞 Creating DataLoader for validation/evaluation: dataset_len=3800, batch_size=32, shuffle=False, drop_last=False, collate_fn_type='function', loader_kwargs={'num_workers': 0, 'pin_memory': False}
2025-11-06 11:18:49 | DEBUG    | [pipeline  :_compute_metrics  : 479] | 🐞 Computed Metrics: Acc=0.8963, Macro F1=0.8947
2025-11-06 11:18:49 | INFO     | [pipeline  :cv_model_evalua...:1522] | ℹ️ Fold 2 Test Scores: Acc=0.8963, F1=0.8947
2025-11-06 11:18:49 | INFO     | [pipeline  :cv_model_evalua...:1451] | ℹ️ --- Starting CV Evaluation Fold 3/5 ---
2025-11-06 11:18:49 | DEBUG    | [pipeline  :cv_model_evalua...:1457] | 🐞 Outer split (full set): 15200 train / 3800 test samples.
2025-11-06 11:18:49 | DEBUG    | [pipeline  :cv_model_evalua...:1476] | 🐞 Fold 3: Internal split: ~13680 train / ~1520 valid.
2025-11-06 11:18:49 | INFO     | [pipeline  :cv_model_evalua...:1486] | ℹ️ Fitting model for fold 3...
2025-11-06 11:18:49 | INFO     | [resnet    :__init__          :  37] | ℹ️ ResNet18BasedCloud initialized. Pretrained: True. Classifier head: Linear(512->256)->BN->ReLU->Dropout(0.5)->Linear(256->7)
2025-11-06 11:18:49 | DEBUG    | [adapter   :get_split_datasets: 205] | 🐞 Validation split for fold created with 1520 original samples.
2025-11-06 11:18:49 | DEBUG    | [adapter   :get_split_datasets: 245] | 🐞 No offline augmentations will be applied.
2025-11-06 11:18:49 | DEBUG    | [adapter   :get_split_datasets: 252] | 🐞 Total training split for fold created with 13680 samples.
2025-11-06 11:18:49 | DEBUG    | [adapter   :get_iterator      : 373] | 🐞 Creating DataLoader for training: dataset_len=13680, batch_size=32, shuffle=True, drop_last=True, collate_fn_type='function', loader_kwargs={'num_workers': 0, 'pin_memory': False}
2025-11-06 11:18:49 | DEBUG    | [adapter   :get_iterator      : 373] | 🐞 Creating DataLoader for validation/evaluation: dataset_len=1520, batch_size=32, shuffle=False, drop_last=False, collate_fn_type='function', loader_kwargs={'num_workers': 0, 'pin_memory': False}
2025-11-06 11:20:12 | INFO     | [callbacks :on_epoch_end      : 131] | ℹ️   epoch    train_acc    train_loss    valid_acc    valid_loss   cp           lr      dur
2025-11-06 11:20:12 | INFO     | [callbacks :on_epoch_end      : 131] | ℹ️ -------  -----------  ------------  -----------  ------------  ----  ----------  -------
2025-11-06 11:20:12 | INFO     | [callbacks :on_epoch_end      : 131] | ℹ️       1     ▲ 0.6035      ▼ 1.3917     ▲ 0.8118      ▼ 0.9720        9.9932e-05  83.2139
2025-11-06 11:21:32 | INFO     | [callbacks :on_epoch_end      : 131] | ℹ️       2     ▲ 0.6732      ▼ 1.2523        0.798      ▼ 0.9283        9.9729e-05  80.0901
2025-11-06 11:22:52 | INFO     | [callbacks :on_epoch_end      : 131] | ℹ️       3     ▲ 0.6861      ▼ 1.2115     ▲ 0.8362      ▼ 0.9183        9.9391e-05  80.1218
2025-11-06 11:24:13 | INFO     | [callbacks :on_epoch_end      : 131] | ℹ️       4     ▲ 0.7199      ▼ 1.1519       0.8355      ▼ 0.8601        9.8918e-05  80.5105
2025-11-06 11:25:33 | INFO     | [callbacks :on_epoch_end      : 131] | ℹ️       5       0.7165        1.1537     ▲ 0.8401      ▼ 0.8411        9.8313e-05  80.1342
2025-11-06 11:26:53 | INFO     | [callbacks :on_epoch_end      : 131] | ℹ️       6     ▲ 0.7261      ▼ 1.1350       0.8342        0.8622        9.7577e-05  80.0658
2025-11-06 11:28:14 | INFO     | [callbacks :on_epoch_end      : 131] | ℹ️       7     ▲ 0.7346      ▼ 1.1078     ▲ 0.8579      ▼ 0.8184        9.6712e-05  80.2175
2025-11-06 11:29:35 | INFO     | [callbacks :on_epoch_end      : 131] | ℹ️       8     ▲ 0.7381      ▼ 1.0924       0.8368        0.8534        9.5721e-05  80.9483
2025-11-06 11:30:55 | INFO     | [callbacks :on_epoch_end      : 131] | ℹ️       9     ▲ 0.7420      ▼ 1.0717     ▲ 0.8586      ▼ 0.8123        9.4605e-05  80.2061
2025-11-06 11:32:15 | INFO     | [callbacks :on_epoch_end      : 131] | ℹ️      10     ▲ 0.7526      ▼ 1.0659       0.8546        0.8223        9.3368e-05  80.056
2025-11-06 11:33:35 | INFO     | [callbacks :on_epoch_end      : 131] | ℹ️      11       0.7396        1.0703       0.8553        0.8206        9.2014e-05  80.0522
2025-11-06 11:34:55 | INFO     | [callbacks :on_epoch_end      : 131] | ℹ️      12     ▲ 0.7634      ▼ 1.0400     ▲ 0.8684      ▼ 0.8011        9.0546e-05  80.1625
2025-11-06 11:36:15 | INFO     | [callbacks :on_epoch_end      : 131] | ℹ️      13     ▲ 0.7702      ▼ 1.0352       0.8605        0.8225        8.8969e-05  80.1061
2025-11-06 11:37:36 | INFO     | [callbacks :on_epoch_end      : 131] | ℹ️      14       0.7676        1.0362       0.8586        0.8114        8.7286e-05  80.1811
2025-11-06 11:38:56 | INFO     | [callbacks :on_epoch_end      : 131] | ℹ️      15       0.7615        1.0374       0.8612        0.8145        8.5502e-05  80.1142
2025-11-06 11:40:16 | INFO     | [callbacks :on_epoch_end      : 131] | ℹ️      16       0.7622        1.0481       0.8678        0.8061        8.3622e-05  80.1324
2025-11-06 11:41:36 | INFO     | [callbacks :on_epoch_end      : 131] | ℹ️      17       0.7665      ▼ 1.0202     ▲ 0.8789      ▼ 0.7984        8.1651e-05  80.0713
2025-11-06 11:42:57 | INFO     | [callbacks :on_epoch_end      : 131] | ℹ️      18     ▲ 0.7720        1.0208     ▲ 0.8928      ▼ 0.7771        7.9595e-05  80.5181
2025-11-06 11:44:19 | INFO     | [callbacks :on_epoch_end      : 131] | ℹ️      19       0.7664      ▼ 1.0072       0.8691        0.7932        7.746e-05  82.1488
2025-11-06 11:45:42 | INFO     | [callbacks :on_epoch_end      : 131] | ℹ️      20     ▲ 0.7782      ▼ 0.9940       0.8592        0.8017        7.525e-05  82.8532
2025-11-06 11:47:03 | INFO     | [callbacks :on_epoch_end      : 131] | ℹ️      21       0.7685        1.0151       0.8645        0.7961        7.2973e-05  81.8198
2025-11-06 11:48:26 | INFO     | [callbacks :on_epoch_end      : 131] | ℹ️      22     ▲ 0.7793      ▼ 0.9891       0.8664        0.7923        7.0633e-05  82.0014
2025-11-06 11:49:47 | INFO     | [callbacks :on_epoch_end      : 131] | ℹ️      23     ▲ 0.7828      ▼ 0.9837       0.8803        0.7884        6.8239e-05  81.5406
2025-11-06 11:51:09 | INFO     | [callbacks :on_epoch_end      : 131] | ℹ️      24     ▲ 0.7886      ▼ 0.9711       0.8546        0.8023        6.5796e-05  82.0473
2025-11-06 11:52:31 | INFO     | [callbacks :on_epoch_end      : 131] | ℹ️      25     ▲ 0.7919      ▼ 0.9708       0.8592        0.8085        6.3312e-05  81.5362
2025-11-06 11:53:52 | INFO     | [callbacks :on_epoch_end      : 131] | ℹ️      26       0.7828        0.9793       0.8836      ▼ 0.7762        6.0792e-05  81.15
2025-11-06 11:55:13 | INFO     | [callbacks :on_epoch_end      : 131] | ℹ️      27       0.7885      ▼ 0.9677       0.8671        0.7793        5.8244e-05  81.4328
2025-11-06 11:56:35 | INFO     | [callbacks :on_epoch_end      : 131] | ℹ️      28       0.7898        0.9782       0.8822      ▼ 0.7724        5.5674e-05  81.4142
2025-11-06 11:57:56 | INFO     | [callbacks :on_epoch_end      : 131] | ℹ️      29       0.7915      ▼ 0.9538       0.8888      ▼ 0.7657        5.3091e-05  81.1536
2025-11-06 11:59:18 | INFO     | [callbacks :on_epoch_end      : 131] | ℹ️      30     ▲ 0.7962        0.9631       0.8908      ▼ 0.7655        5.05e-05  81.4483
2025-11-06 12:00:40 | INFO     | [callbacks :on_epoch_end      : 131] | ℹ️      31     ▲ 0.8199      ▼ 0.9120       0.8803        0.7862        4.7909e-05  82.8466
2025-11-06 12:02:02 | INFO     | [callbacks :on_epoch_end      : 131] | ℹ️      32       0.7984        0.9342     ▲ 0.8934        0.7771        4.5326e-05  81.1914
2025-11-06 12:03:24 | INFO     | [callbacks :on_epoch_end      : 131] | ℹ️      33        0.811        0.9248       0.8888        0.7831        4.2756e-05  82.1073
2025-11-06 12:04:45 | INFO     | [callbacks :on_epoch_end      : 131] | ℹ️      34       0.8124        0.9291       0.8809        0.7754        4.0208e-05  80.9374
2025-11-06 12:06:06 | INFO     | [callbacks :on_epoch_end      : 131] | ℹ️      35       0.8135        0.9243     ▲ 0.8993      ▼ 0.7651        3.7688e-05  81.1084
2025-11-06 12:07:27 | INFO     | [callbacks :on_epoch_end      : 131] | ℹ️      36       0.8167        0.9124       0.8901         0.777        3.5204e-05  81.3689
2025-11-06 12:08:49 | INFO     | [callbacks :on_epoch_end      : 131] | ℹ️      37       0.8118        0.9164       0.8836        0.7736        3.2761e-05  81.6712
2025-11-06 12:10:10 | INFO     | [callbacks :on_epoch_end      : 131] | ℹ️      38       0.8085      ▼ 0.9052       0.8868        0.7683        3.0367e-05  81.246
2025-11-06 12:11:32 | INFO     | [callbacks :on_epoch_end      : 131] | ℹ️      39     ▲ 0.8317        0.9054       0.8803        0.7734        2.8027e-05  81.5515
2025-11-06 12:12:53 | INFO     | [callbacks :on_epoch_end      : 131] | ℹ️      40       0.8204         0.923       0.8901        0.7729        2.575e-05  81.5178
2025-11-06 12:14:15 | INFO     | [callbacks :on_epoch_end      : 131] | ℹ️      41     ▲ 0.8334        0.9064        0.898      ▼ 0.7575        2.354e-05  81.2548
2025-11-06 12:15:36 | INFO     | [callbacks :on_epoch_end      : 131] | ℹ️      42       0.8238      ▼ 0.8971       0.8908        0.7637        2.1405e-05  81.4796
2025-11-06 12:16:58 | INFO     | [callbacks :on_epoch_end      : 131] | ℹ️      43       0.8205         0.903       0.8789        0.7756        1.9349e-05  81.3444
2025-11-06 12:18:19 | INFO     | [callbacks :on_epoch_end      : 131] | ℹ️      44       0.8162        0.9183       0.8849        0.7734        1.7378e-05  81.4757
2025-11-06 12:19:41 | INFO     | [callbacks :on_epoch_end      : 131] | ℹ️      45       0.8298      ▼ 0.8883       0.8888        0.7645        1.5498e-05  81.6307
2025-11-06 12:21:03 | INFO     | [callbacks :on_epoch_end      : 131] | ℹ️      46       0.8241        0.8995       0.8928        0.7634        1.3714e-05  81.9599
2025-11-06 12:22:24 | INFO     | [callbacks :on_epoch_end      : 131] | ℹ️      47        0.832      ▼ 0.8880       0.8974        0.7681        1.2031e-05  81.3486
2025-11-06 12:23:46 | INFO     | [callbacks :on_epoch_end      : 131] | ℹ️      48     ▲ 0.8438      ▼ 0.8809       0.8947        0.7583        1.0454e-05  81.3129
2025-11-06 12:25:07 | INFO     | [callbacks :on_epoch_end      : 131] | ℹ️      49       0.8413      ▼ 0.8656       0.8914        0.7631        8.9858e-06  81.2788
2025-11-06 12:26:28 | INFO     | [callbacks :on_epoch_end      : 131] | ℹ️      50     ▲ 0.8448      ▼ 0.8605       0.8954        0.7649        7.6317e-06  81.0721
2025-11-06 12:27:50 | INFO     | [callbacks :on_epoch_end      : 131] | ℹ️      51       0.8324        0.8884       0.8928        0.7663        6.3952e-06  81.8797
2025-11-06 12:29:11 | INFO     | [callbacks :on_epoch_end      : 131] | ℹ️      52       0.8337        0.8847     ▲ 0.8993      ▼ 0.7557        5.2795e-06  81.1331
2025-11-06 12:30:32 | INFO     | [callbacks :on_epoch_end      : 131] | ℹ️      53     ▲ 0.8451        0.8654       0.8895        0.7595        4.2878e-06  81.2499
2025-11-06 12:31:54 | INFO     | [callbacks :on_epoch_end      : 131] | ℹ️      54       0.8446        0.8704       0.8974      ▼ 0.7554        3.4227e-06  81.4794
2025-11-06 12:33:15 | INFO     | [callbacks :on_epoch_end      : 131] | ℹ️      55       0.8261        0.8895        0.898        0.7602        2.6867e-06  81.2191
2025-11-06 12:34:37 | INFO     | [callbacks :on_epoch_end      : 131] | ℹ️      56       0.8441        0.8685        0.898      ▼ 0.7551        2.0817e-06  81.4167
2025-11-06 12:35:58 | INFO     | [callbacks :on_epoch_end      : 131] | ℹ️      57       0.8244        0.8913       0.8961      ▼ 0.7531        1.6094e-06  81.4688
2025-11-06 12:37:20 | INFO     | [callbacks :on_epoch_end      : 131] | ℹ️      58     ▲ 0.8502        0.8661       0.8928        0.7583        1.2712e-06  81.73
2025-11-06 12:38:41 | INFO     | [callbacks :on_epoch_end      : 131] | ℹ️      59       0.8367        0.8818       0.8967        0.7564        1.0678e-06  81.207
2025-11-06 12:40:03 | INFO     | [callbacks :on_epoch_end      : 131] | ℹ️      60       0.8183         0.887       0.8928        0.7646        1e-06  81.2911
2025-11-06 12:40:03 | INFO     | [pipeline  :cv_model_evalua...:1500] | ℹ️ Using best model from epoch 60
2025-11-06 12:40:03 | INFO     | [pipeline  :cv_model_evalua...:1503] | ℹ️ Evaluating model on outer test set for fold 3...
2025-11-06 12:40:03 | DEBUG    | [adapter   :get_iterator      : 373] | 🐞 Creating DataLoader for validation/evaluation: dataset_len=3800, batch_size=32, shuffle=False, drop_last=False, collate_fn_type='function', loader_kwargs={'num_workers': 0, 'pin_memory': False}
2025-11-06 12:40:14 | DEBUG    | [adapter   :get_iterator      : 373] | 🐞 Creating DataLoader for validation/evaluation: dataset_len=3800, batch_size=32, shuffle=False, drop_last=False, collate_fn_type='function', loader_kwargs={'num_workers': 0, 'pin_memory': False}
2025-11-06 12:40:26 | DEBUG    | [pipeline  :_compute_metrics  : 479] | 🐞 Computed Metrics: Acc=0.8926, Macro F1=0.8973
2025-11-06 12:40:26 | INFO     | [pipeline  :cv_model_evalua...:1522] | ℹ️ Fold 3 Test Scores: Acc=0.8926, F1=0.8973
2025-11-06 12:40:26 | INFO     | [pipeline  :cv_model_evalua...:1451] | ℹ️ --- Starting CV Evaluation Fold 4/5 ---
2025-11-06 12:40:26 | DEBUG    | [pipeline  :cv_model_evalua...:1457] | 🐞 Outer split (full set): 15200 train / 3800 test samples.
2025-11-06 12:40:26 | DEBUG    | [pipeline  :cv_model_evalua...:1476] | 🐞 Fold 4: Internal split: ~13680 train / ~1520 valid.
2025-11-06 12:40:26 | INFO     | [pipeline  :cv_model_evalua...:1486] | ℹ️ Fitting model for fold 4...
2025-11-06 12:40:26 | INFO     | [resnet    :__init__          :  37] | ℹ️ ResNet18BasedCloud initialized. Pretrained: True. Classifier head: Linear(512->256)->BN->ReLU->Dropout(0.5)->Linear(256->7)
2025-11-06 12:40:26 | DEBUG    | [adapter   :get_split_datasets: 205] | 🐞 Validation split for fold created with 1520 original samples.
2025-11-06 12:40:27 | DEBUG    | [adapter   :get_split_datasets: 245] | 🐞 No offline augmentations will be applied.
2025-11-06 12:40:27 | DEBUG    | [adapter   :get_split_datasets: 252] | 🐞 Total training split for fold created with 13680 samples.
2025-11-06 12:40:27 | DEBUG    | [adapter   :get_iterator      : 373] | 🐞 Creating DataLoader for training: dataset_len=13680, batch_size=32, shuffle=True, drop_last=True, collate_fn_type='function', loader_kwargs={'num_workers': 0, 'pin_memory': False}
2025-11-06 12:40:27 | DEBUG    | [adapter   :get_iterator      : 373] | 🐞 Creating DataLoader for validation/evaluation: dataset_len=1520, batch_size=32, shuffle=False, drop_last=False, collate_fn_type='function', loader_kwargs={'num_workers': 0, 'pin_memory': False}
2025-11-06 12:41:50 | INFO     | [callbacks :on_epoch_end      : 131] | ℹ️   epoch    train_acc    train_loss    valid_acc    valid_loss   cp           lr      dur
2025-11-06 12:41:50 | INFO     | [callbacks :on_epoch_end      : 131] | ℹ️ -------  -----------  ------------  -----------  ------------  ----  ----------  -------
2025-11-06 12:41:50 | INFO     | [callbacks :on_epoch_end      : 131] | ℹ️       1     ▲ 0.5944      ▼ 1.4176     ▲ 0.7914      ▼ 0.9777        9.9932e-05  83.6117
2025-11-06 12:43:11 | INFO     | [callbacks :on_epoch_end      : 131] | ℹ️       2     ▲ 0.6799      ▼ 1.2265     ▲ 0.8092      ▼ 0.9584        9.9729e-05  81.0767
2025-11-06 12:44:33 | INFO     | [callbacks :on_epoch_end      : 131] | ℹ️       3     ▲ 0.6963      ▼ 1.2085     ▲ 0.8368      ▼ 0.8933        9.9391e-05  81.166
2025-11-06 12:45:54 | INFO     | [callbacks :on_epoch_end      : 131] | ℹ️       4     ▲ 0.7127      ▼ 1.1592       0.8283        0.8985        9.8918e-05  81.2829
2025-11-06 12:47:15 | INFO     | [callbacks :on_epoch_end      : 131] | ℹ️       5       0.7059        1.1703       0.8224        0.8951        9.8313e-05  81.3461
2025-11-06 12:48:37 | INFO     | [callbacks :on_epoch_end      : 131] | ℹ️       6     ▲ 0.7377      ▼ 1.1066     ▲ 0.8520         0.895        9.7577e-05  81.4926
2025-11-06 12:49:59 | INFO     | [callbacks :on_epoch_end      : 131] | ℹ️       7     ▲ 0.7406      ▼ 1.0874       0.8309      ▼ 0.8709        9.6712e-05  82.2941
2025-11-06 12:51:21 | INFO     | [callbacks :on_epoch_end      : 131] | ℹ️       8     ▲ 0.7518      ▼ 1.0838       0.8375        0.8916        9.5721e-05  81.3681
2025-11-06 12:52:42 | INFO     | [callbacks :on_epoch_end      : 131] | ℹ️       9       0.7368        1.0897     ▲ 0.8539        0.8752        9.4605e-05  81.5779
2025-11-06 12:54:03 | INFO     | [callbacks :on_epoch_end      : 131] | ℹ️      10     ▲ 0.7657      ▼ 1.0570     ▲ 0.8559      ▼ 0.8440        9.3368e-05  81.1699
2025-11-06 12:55:25 | INFO     | [callbacks :on_epoch_end      : 131] | ℹ️      11       0.7587        1.0676       0.8441        0.8648        9.2014e-05  81.495
2025-11-06 12:56:46 | INFO     | [callbacks :on_epoch_end      : 131] | ℹ️      12       0.7559      ▼ 1.0489       0.8553        0.8681        9.0546e-05  81.3979
2025-11-06 12:58:08 | INFO     | [callbacks :on_epoch_end      : 131] | ℹ️      13       0.7477        1.0559     ▲ 0.8586        0.8511        8.8969e-05  81.1227
2025-11-06 12:59:29 | INFO     | [callbacks :on_epoch_end      : 131] | ℹ️      14     ▲ 0.7671      ▼ 1.0267       0.8507        0.8635        8.7286e-05  81.26
2025-11-06 13:00:50 | INFO     | [callbacks :on_epoch_end      : 131] | ℹ️      15     ▲ 0.7787      ▼ 1.0180       0.8408        0.8575        8.5502e-05  81.4377
2025-11-06 13:02:11 | INFO     | [callbacks :on_epoch_end      : 131] | ℹ️      16       0.7684        1.0221       0.8559        0.8584        8.3622e-05  81.0793
2025-11-06 13:03:33 | INFO     | [callbacks :on_epoch_end      : 131] | ℹ️      17       0.7735      ▼ 1.0140       0.8454        0.8627        8.1651e-05  81.214
2025-11-06 13:04:54 | INFO     | [callbacks :on_epoch_end      : 131] | ℹ️      18       0.7709         1.019       0.8388        0.8508        7.9595e-05  81.2688
2025-11-06 13:06:15 | INFO     | [callbacks :on_epoch_end      : 131] | ℹ️      19     ▲ 0.7887      ▼ 0.9825       0.8513         0.846        7.746e-05  81.1422
2025-11-06 13:07:37 | INFO     | [callbacks :on_epoch_end      : 131] | ℹ️      20       0.7826        0.9972     ▲ 0.8638        0.8637        7.525e-05  81.4206
2025-11-06 13:08:58 | INFO     | [callbacks :on_epoch_end      : 131] | ℹ️      21       0.7838        0.9916     ▲ 0.8664      ▼ 0.8248        7.2973e-05  81.3426
2025-11-06 13:10:19 | INFO     | [callbacks :on_epoch_end      : 131] | ℹ️      22     ▲ 0.8002      ▼ 0.9716     ▲ 0.8691        0.8344        7.0633e-05  81.3579
2025-11-06 13:11:41 | INFO     | [callbacks :on_epoch_end      : 131] | ℹ️      23       0.7827        0.9804       0.8599        0.8321        6.8239e-05  81.8873
2025-11-06 13:13:03 | INFO     | [callbacks :on_epoch_end      : 131] | ℹ️      24       0.7852        0.9803       0.8605        0.8537        6.5796e-05  81.4394
2025-11-06 13:14:24 | INFO     | [callbacks :on_epoch_end      : 131] | ℹ️      25       0.7963      ▼ 0.9577     ▲ 0.8704        0.8351        6.3312e-05  81.0452
2025-11-06 13:15:45 | INFO     | [callbacks :on_epoch_end      : 131] | ℹ️      26       0.7955        0.9659        0.852        0.8532        6.0792e-05  81.5528
2025-11-06 13:17:07 | INFO     | [callbacks :on_epoch_end      : 131] | ℹ️      27       0.7859        0.9582       0.8697        0.8502        5.8244e-05  81.4488
2025-11-06 13:18:28 | INFO     | [callbacks :on_epoch_end      : 131] | ℹ️      28     ▲ 0.8015      ▼ 0.9471     ▲ 0.8822        0.8325        5.5674e-05  81.1436
2025-11-06 13:19:50 | INFO     | [callbacks :on_epoch_end      : 131] | ℹ️      29        0.796        0.9561       0.8382        0.8717        5.3091e-05  81.9892
2025-11-06 13:21:11 | INFO     | [callbacks :on_epoch_end      : 131] | ℹ️      30       0.7889        0.9539       0.8724        0.8293        5.05e-05  80.881
2025-11-06 13:22:32 | INFO     | [callbacks :on_epoch_end      : 131] | ℹ️      31     ▲ 0.8061      ▼ 0.9346       0.8711        0.8563        4.7909e-05  81.263
2025-11-06 13:23:54 | INFO     | [callbacks :on_epoch_end      : 131] | ℹ️      32     ▲ 0.8064      ▼ 0.9315       0.8711        0.8416        4.5326e-05  81.5611
2025-11-06 13:25:15 | INFO     | [callbacks :on_epoch_end      : 131] | ℹ️      33        0.794        0.9492     ▲ 0.8855      ▼ 0.8096        4.2756e-05  81.1195
2025-11-06 13:26:36 | INFO     | [callbacks :on_epoch_end      : 131] | ℹ️      34     ▲ 0.8206      ▼ 0.9128       0.8822        0.8147        4.0208e-05  80.9883
2025-11-06 13:27:58 | INFO     | [callbacks :on_epoch_end      : 131] | ℹ️      35       0.8197        0.9176        0.877        0.8233        3.7688e-05  81.4634
2025-11-06 13:29:19 | INFO     | [callbacks :on_epoch_end      : 131] | ℹ️      36     ▲ 0.8228        0.9162       0.8539        0.8457        3.5204e-05  81.1034
2025-11-06 13:30:40 | INFO     | [callbacks :on_epoch_end      : 131] | ℹ️      37       0.8151      ▼ 0.9121       0.8803        0.8325        3.2761e-05  81.1123
2025-11-06 13:32:02 | INFO     | [callbacks :on_epoch_end      : 131] | ℹ️      38       0.8081        0.9286     ▲ 0.8868        0.8257        3.0367e-05  81.7811
2025-11-06 13:33:23 | INFO     | [callbacks :on_epoch_end      : 131] | ℹ️      39     ▲ 0.8231      ▼ 0.9042       0.8763        0.8313        2.8027e-05  80.9044
2025-11-06 13:34:44 | INFO     | [callbacks :on_epoch_end      : 131] | ℹ️      40       0.8125        0.9159     ▲ 0.8868        0.8249        2.575e-05  80.9793
2025-11-06 13:36:05 | INFO     | [callbacks :on_epoch_end      : 131] | ℹ️      41     ▲ 0.8261        0.9098       0.8783        0.8225        2.354e-05  81.3039
2025-11-06 13:37:26 | INFO     | [callbacks :on_epoch_end      : 131] | ℹ️      42     ▲ 0.8346      ▼ 0.8935       0.8776        0.8161        2.1405e-05  81.0655
2025-11-06 13:38:47 | INFO     | [callbacks :on_epoch_end      : 131] | ℹ️      43       0.8316        0.8937       0.8836        0.8233        1.9349e-05  81.2456
2025-11-06 13:40:09 | INFO     | [callbacks :on_epoch_end      : 131] | ℹ️      44       0.8328      ▼ 0.8930       0.8671        0.8456        1.7378e-05  81.339
2025-11-06 13:41:30 | INFO     | [callbacks :on_epoch_end      : 131] | ℹ️      45     ▲ 0.8366      ▼ 0.8919       0.8783        0.8137        1.5498e-05  81.0037
2025-11-06 13:42:51 | INFO     | [callbacks :on_epoch_end      : 131] | ℹ️      46       0.8294      ▼ 0.8914       0.8849        0.8209        1.3714e-05  81.0438
2025-11-06 13:44:13 | INFO     | [callbacks :on_epoch_end      : 131] | ℹ️      47       0.8323      ▼ 0.8841       0.8809        0.8246        1.2031e-05  82.1462
2025-11-06 13:45:34 | INFO     | [pipeline  :cv_model_evalua...:1500] | ℹ️ Using best model from epoch 48
2025-11-06 13:45:34 | INFO     | [pipeline  :cv_model_evalua...:1503] | ℹ️ Evaluating model on outer test set for fold 4...
2025-11-06 13:45:34 | DEBUG    | [adapter   :get_iterator      : 373] | 🐞 Creating DataLoader for validation/evaluation: dataset_len=3800, batch_size=32, shuffle=False, drop_last=False, collate_fn_type='function', loader_kwargs={'num_workers': 0, 'pin_memory': False}
2025-11-06 13:45:46 | DEBUG    | [adapter   :get_iterator      : 373] | 🐞 Creating DataLoader for validation/evaluation: dataset_len=3800, batch_size=32, shuffle=False, drop_last=False, collate_fn_type='function', loader_kwargs={'num_workers': 0, 'pin_memory': False}
2025-11-06 13:45:58 | DEBUG    | [pipeline  :_compute_metrics  : 479] | 🐞 Computed Metrics: Acc=0.8855, Macro F1=0.8902
2025-11-06 13:45:58 | INFO     | [pipeline  :cv_model_evalua...:1522] | ℹ️ Fold 4 Test Scores: Acc=0.8855, F1=0.8902
2025-11-06 13:45:58 | INFO     | [pipeline  :cv_model_evalua...:1451] | ℹ️ --- Starting CV Evaluation Fold 5/5 ---
2025-11-06 13:45:58 | DEBUG    | [pipeline  :cv_model_evalua...:1457] | 🐞 Outer split (full set): 15200 train / 3800 test samples.
2025-11-06 13:45:58 | DEBUG    | [pipeline  :cv_model_evalua...:1476] | 🐞 Fold 5: Internal split: ~13680 train / ~1520 valid.
2025-11-06 13:45:58 | INFO     | [pipeline  :cv_model_evalua...:1486] | ℹ️ Fitting model for fold 5...
2025-11-06 13:45:58 | INFO     | [resnet    :__init__          :  37] | ℹ️ ResNet18BasedCloud initialized. Pretrained: True. Classifier head: Linear(512->256)->BN->ReLU->Dropout(0.5)->Linear(256->7)
2025-11-06 13:45:58 | DEBUG    | [adapter   :get_split_datasets: 205] | 🐞 Validation split for fold created with 1520 original samples.
2025-11-06 13:45:58 | DEBUG    | [adapter   :get_split_datasets: 245] | 🐞 No offline augmentations will be applied.
2025-11-06 13:45:58 | DEBUG    | [adapter   :get_split_datasets: 252] | 🐞 Total training split for fold created with 13680 samples.
2025-11-06 13:45:58 | DEBUG    | [adapter   :get_iterator      : 373] | 🐞 Creating DataLoader for training: dataset_len=13680, batch_size=32, shuffle=True, drop_last=True, collate_fn_type='function', loader_kwargs={'num_workers': 0, 'pin_memory': False}
2025-11-06 13:45:58 | DEBUG    | [adapter   :get_iterator      : 373] | 🐞 Creating DataLoader for validation/evaluation: dataset_len=1520, batch_size=32, shuffle=False, drop_last=False, collate_fn_type='function', loader_kwargs={'num_workers': 0, 'pin_memory': False}
2025-11-06 13:47:22 | INFO     | [callbacks :on_epoch_end      : 131] | ℹ️   epoch    train_acc    train_loss    valid_acc    valid_loss   cp           lr      dur
2025-11-06 13:47:22 | INFO     | [callbacks :on_epoch_end      : 131] | ℹ️ -------  -----------  ------------  -----------  ------------  ----  ----------  -------
2025-11-06 13:47:22 | INFO     | [callbacks :on_epoch_end      : 131] | ℹ️       1     ▲ 0.5812      ▼ 1.4229     ▲ 0.7789      ▼ 1.0026        9.9932e-05  84.2372
2025-11-06 13:48:43 | INFO     | [callbacks :on_epoch_end      : 131] | ℹ️       2     ▲ 0.6748      ▼ 1.2423     ▲ 0.7836      ▼ 0.9874        9.9729e-05  81.0141
2025-11-06 13:50:05 | INFO     | [callbacks :on_epoch_end      : 131] | ℹ️       3     ▲ 0.6871      ▼ 1.1998       0.7507        1.0038        9.9391e-05  81.0339
2025-11-06 13:51:26 | INFO     | [callbacks :on_epoch_end      : 131] | ℹ️       4     ▲ 0.7000      ▼ 1.1848     ▲ 0.7928      ▼ 0.9394        9.8918e-05  81.2465
2025-11-06 13:52:47 | INFO     | [callbacks :on_epoch_end      : 131] | ℹ️       5     ▲ 0.7167      ▼ 1.1538     ▲ 0.8303      ▼ 0.9006        9.8313e-05  81.2751
2025-11-06 13:54:08 | INFO     | [callbacks :on_epoch_end      : 131] | ℹ️       6     ▲ 0.7220      ▼ 1.1385     ▲ 0.8309      ▼ 0.8784        9.7577e-05  81.1683
2025-11-06 13:55:30 | INFO     | [callbacks :on_epoch_end      : 131] | ℹ️       7     ▲ 0.7288      ▼ 1.1179     ▲ 0.8428      ▼ 0.8746        9.6712e-05  81.1421
2025-11-06 13:56:51 | INFO     | [callbacks :on_epoch_end      : 131] | ℹ️       8     ▲ 0.7431      ▼ 1.0900       0.8211        0.9172        9.5721e-05  81.4023
2025-11-06 13:58:13 | INFO     | [callbacks :on_epoch_end      : 131] | ℹ️       9     ▲ 0.7474      ▼ 1.0827     ▲ 0.8447        0.8771        9.4605e-05  81.5696
2025-11-06 13:59:36 | INFO     | [callbacks :on_epoch_end      : 131] | ℹ️      10     ▲ 0.7507      ▼ 1.0676       0.8355      ▼ 0.8601        9.3368e-05  83.0628
2025-11-06 14:00:57 | INFO     | [callbacks :on_epoch_end      : 131] | ℹ️      11     ▲ 0.7660      ▼ 1.0378        0.825        0.8616        9.2014e-05  81.1398
2025-11-06 14:02:18 | INFO     | [callbacks :on_epoch_end      : 131] | ℹ️      12       0.7455        1.0443       0.8316        0.8635        9.0546e-05  81.0519
2025-11-06 14:03:40 | INFO     | [callbacks :on_epoch_end      : 131] | ℹ️      13       0.7591        1.0527     ▲ 0.8500      ▼ 0.8423        8.8969e-05  81.5461
2025-11-06 14:05:01 | INFO     | [callbacks :on_epoch_end      : 131] | ℹ️      14     ▲ 0.7761      ▼ 1.0062       0.8336        0.8709        8.7286e-05  81.3223
2025-11-06 14:06:22 | INFO     | [callbacks :on_epoch_end      : 131] | ℹ️      15       0.7706      ▼ 1.0062       0.8368        0.8615        8.5502e-05  81.1397
2025-11-06 14:07:43 | INFO     | [callbacks :on_epoch_end      : 131] | ℹ️      16       0.7515        1.0327       0.8368        0.8602        8.3622e-05  81.2251
2025-11-06 14:09:05 | INFO     | [callbacks :on_epoch_end      : 131] | ℹ️      17     ▲ 0.7809      ▼ 0.9910        0.848        0.8796        8.1651e-05  81.4758
2025-11-06 14:10:27 | INFO     | [callbacks :on_epoch_end      : 131] | ℹ️      18       0.7596        1.0232     ▲ 0.8500        0.8472        7.9595e-05  81.7209
2025-11-06 14:11:48 | INFO     | [callbacks :on_epoch_end      : 131] | ℹ️      19       0.7747         0.998       0.8487         0.847        7.746e-05  81.238
2025-11-06 14:13:09 | INFO     | [callbacks :on_epoch_end      : 131] | ℹ️      20     ▲ 0.7830             1     ▲ 0.8632      ▼ 0.8171        7.525e-05  81.3495
2025-11-06 14:14:31 | INFO     | [callbacks :on_epoch_end      : 131] | ℹ️      21     ▲ 0.7927      ▼ 0.9827       0.8336        0.8623        7.2973e-05  81.1564
2025-11-06 14:15:52 | INFO     | [callbacks :on_epoch_end      : 131] | ℹ️      22       0.7885      ▼ 0.9735        0.848        0.8406        7.0633e-05  81.5561
2025-11-06 14:17:14 | INFO     | [callbacks :on_epoch_end      : 131] | ℹ️      23       0.7916        0.9766       0.8553        0.8386        6.8239e-05  81.8924
2025-11-06 14:18:35 | INFO     | [callbacks :on_epoch_end      : 131] | ℹ️      24       0.7891      ▼ 0.9673       0.8566        0.8312        6.5796e-05  81.0339
2025-11-06 14:19:57 | INFO     | [callbacks :on_epoch_end      : 131] | ℹ️      25       0.7925         0.971       0.8546        0.8397        6.3312e-05  81.4106
2025-11-06 14:21:18 | INFO     | [callbacks :on_epoch_end      : 131] | ℹ️      26     ▲ 0.8011      ▼ 0.9666     ▲ 0.8638      ▼ 0.8148        6.0792e-05  81.0746
2025-11-06 14:22:39 | INFO     | [callbacks :on_epoch_end      : 131] | ℹ️      27       0.7925      ▼ 0.9595       0.8414        0.8462        5.8244e-05  81.1595
2025-11-06 14:24:00 | INFO     | [callbacks :on_epoch_end      : 131] | ℹ️      28       0.7826        0.9616       0.8454        0.8428        5.5674e-05  81.2357
2025-11-06 14:25:21 | INFO     | [callbacks :on_epoch_end      : 131] | ℹ️      29       0.7979        0.9598     ▲ 0.8664        0.8207        5.3091e-05  80.8379
2025-11-06 14:26:43 | INFO     | [callbacks :on_epoch_end      : 131] | ℹ️      30       0.8009      ▼ 0.9446     ▲ 0.8691          0.82        5.05e-05  81.5546
2025-11-06 14:28:04 | INFO     | [callbacks :on_epoch_end      : 131] | ℹ️      31     ▲ 0.8111      ▼ 0.9299       0.8586        0.8448        4.7909e-05  81.2442
2025-11-06 14:29:25 | INFO     | [callbacks :on_epoch_end      : 131] | ℹ️      32       0.8003        0.9301     ▲ 0.8770      ▼ 0.8112        4.5326e-05  81.2044
2025-11-06 14:30:47 | INFO     | [callbacks :on_epoch_end      : 131] | ℹ️      33       0.8057        0.9337       0.8724         0.814        4.2756e-05  81.3354
2025-11-06 14:32:08 | INFO     | [callbacks :on_epoch_end      : 131] | ℹ️      34     ▲ 0.8219      ▼ 0.9101       0.8671        0.8236        4.0208e-05  81.2819
2025-11-06 14:33:30 | INFO     | [callbacks :on_epoch_end      : 131] | ℹ️      35       0.8074        0.9332       0.8671        0.8166        3.7688e-05  82.1995
2025-11-06 14:34:51 | INFO     | [callbacks :on_epoch_end      : 131] | ℹ️      36       0.8124        0.9341       0.8658        0.8265        3.5204e-05  81.0852
2025-11-06 14:36:12 | INFO     | [callbacks :on_epoch_end      : 131] | ℹ️      37        0.816        0.9172       0.8586        0.8335        3.2761e-05  81.1863
2025-11-06 14:37:34 | INFO     | [callbacks :on_epoch_end      : 131] | ℹ️      38       0.8164        0.9152       0.8717        0.8168        3.0367e-05  81.1937
2025-11-06 14:38:55 | INFO     | [callbacks :on_epoch_end      : 131] | ℹ️      39       0.8162        0.9216       0.8599        0.8228        2.8027e-05  81.1997
2025-11-06 14:40:16 | INFO     | [callbacks :on_epoch_end      : 131] | ℹ️      40       0.8187      ▼ 0.9044       0.8711        0.8138        2.575e-05  81.1218
2025-11-06 14:41:37 | INFO     | [callbacks :on_epoch_end      : 131] | ℹ️      41     ▲ 0.8252      ▼ 0.9041       0.8645        0.8113        2.354e-05  81.011
2025-11-06 14:42:58 | INFO     | [callbacks :on_epoch_end      : 131] | ℹ️      42     ▲ 0.8364      ▼ 0.8897       0.8724      ▼ 0.8084        2.1405e-05  81.226
2025-11-06 14:44:20 | INFO     | [callbacks :on_epoch_end      : 131] | ℹ️      43     ▲ 0.8373      ▼ 0.8836       0.8711      ▼ 0.8084        1.9349e-05  81.1263
2025-11-06 14:45:41 | INFO     | [callbacks :on_epoch_end      : 131] | ℹ️      44       0.8193        0.9109       0.8678        0.8119        1.7378e-05  81.5301
2025-11-06 14:47:03 | INFO     | [callbacks :on_epoch_end      : 131] | ℹ️      45       0.8301        0.8993       0.8737        0.8103        1.5498e-05  82.2536
2025-11-06 14:48:25 | INFO     | [callbacks :on_epoch_end      : 131] | ℹ️      46       0.8345        0.8996       0.8743        0.8131        1.3714e-05  81.2029
2025-11-06 14:49:46 | INFO     | [callbacks :on_epoch_end      : 131] | ℹ️      47       0.8245         0.886       0.8704        0.8145        1.2031e-05  81.4739
2025-11-06 14:51:08 | INFO     | [callbacks :on_epoch_end      : 131] | ℹ️      48       0.8262        0.9014     ▲ 0.8783        0.8107        1.0454e-05  81.3536
2025-11-06 14:52:29 | INFO     | [callbacks :on_epoch_end      : 131] | ℹ️      49     ▲ 0.8398      ▼ 0.8698     ▲ 0.8783      ▼ 0.8074        8.9858e-06  81.1463
2025-11-06 14:53:50 | INFO     | [callbacks :on_epoch_end      : 131] | ℹ️      50       0.8241        0.9068       0.8743        0.8113        7.6317e-06  80.9447
2025-11-06 14:55:11 | INFO     | [callbacks :on_epoch_end      : 131] | ℹ️      51       0.8262        0.8876     ▲ 0.8789      ▼ 0.8033        6.3952e-06  80.9502
2025-11-06 14:56:32 | INFO     | [callbacks :on_epoch_end      : 131] | ℹ️      52     ▲ 0.8468        0.8745       0.8763         0.805        5.2795e-06  80.9049
2025-11-06 14:57:53 | INFO     | [callbacks :on_epoch_end      : 131] | ℹ️      53       0.8353        0.8844       0.8717        0.8125        4.2878e-06  81.2361
2025-11-06 14:59:15 | INFO     | [callbacks :on_epoch_end      : 131] | ℹ️      54     ▲ 0.8504      ▼ 0.8632       0.8737        0.8151        3.4227e-06  81.635
2025-11-06 15:00:36 | INFO     | [callbacks :on_epoch_end      : 131] | ℹ️      55       0.8271        0.8806       0.8717      ▼ 0.8011        2.6867e-06  81.0864
2025-11-06 15:01:57 | INFO     | [callbacks :on_epoch_end      : 131] | ℹ️      56       0.8384        0.8943        0.875        0.8032        2.0817e-06  80.8241
2025-11-06 15:03:18 | INFO     | [callbacks :on_epoch_end      : 131] | ℹ️      57       0.8392        0.8706       0.8763        0.8076        1.6094e-06  81.1223
2025-11-06 15:04:39 | INFO     | [callbacks :on_epoch_end      : 131] | ℹ️      58       0.8456      ▼ 0.8615       0.8783        0.8068        1.2712e-06  81.1269
2025-11-06 15:06:00 | INFO     | [callbacks :on_epoch_end      : 131] | ℹ️      59       0.8282        0.8889       0.8763        0.8058        1.0678e-06  80.9431
2025-11-06 15:07:21 | INFO     | [callbacks :on_epoch_end      : 131] | ℹ️      60       0.8345        0.8756        0.877        0.8085        1e-06  80.9638
2025-11-06 15:07:21 | INFO     | [pipeline  :cv_model_evalua...:1500] | ℹ️ Using best model from epoch 60
2025-11-06 15:07:21 | INFO     | [pipeline  :cv_model_evalua...:1503] | ℹ️ Evaluating model on outer test set for fold 5...
2025-11-06 15:07:21 | DEBUG    | [adapter   :get_iterator      : 373] | 🐞 Creating DataLoader for validation/evaluation: dataset_len=3800, batch_size=32, shuffle=False, drop_last=False, collate_fn_type='function', loader_kwargs={'num_workers': 0, 'pin_memory': False}
2025-11-06 15:07:33 | DEBUG    | [adapter   :get_iterator      : 373] | 🐞 Creating DataLoader for validation/evaluation: dataset_len=3800, batch_size=32, shuffle=False, drop_last=False, collate_fn_type='function', loader_kwargs={'num_workers': 0, 'pin_memory': False}
2025-11-06 15:07:45 | DEBUG    | [pipeline  :_compute_metrics  : 479] | 🐞 Computed Metrics: Acc=0.8897, Macro F1=0.8937
2025-11-06 15:07:45 | INFO     | [pipeline  :cv_model_evalua...:1522] | ℹ️ Fold 5 Test Scores: Acc=0.8897, F1=0.8937
2025-11-06 15:07:45 | DEBUG    | [pipeline  :_save_results     : 527] | 🐞 Results detail level overridden for this run to: 2
2025-11-06 15:07:45 | DEBUG    | [pipeline  :_save_results     : 534] | 🐞 Saving results for cv_model_evaluation_full_090548 (detail level: 2)
2025-11-06 15:07:45 | INFO     | [pipeline  :_save_results     : 632] | ℹ️ Results JSON saved via repository to: experiments/GCD-flat/resnet/20251106_090548_seed42/cv_model_evaluation_full_090548/cv_model_evaluation_results.json
2025-11-06 15:07:45 | INFO     | [pipeline  :cv_model_evalua...:1632] | ℹ️ Plotting cv for eval results for cv_model_evaluation_full_090548 (plot level 2).
2025-11-06 15:07:45 | INFO     | [plotter   :plot_cv_model_e...: 834] | ℹ️ Plotting cv_model_evaluation results for: cv_model_evaluation_full_090548
2025-11-06 15:07:46 | INFO     | [plotter   :_generate_aggre...: 296] | ℹ️ Aggregated metrics CSV saved via repository to: experiments/GCD-flat/resnet/20251106_090548_seed42/cv_model_evaluation_full_090548/cv_model_evaluation_plots/aggregated_metrics_table.csv
2025-11-06 15:07:48 | INFO     | [plotter   :plot_cv_model_e...: 889] | ℹ️ Generating grouped plots per fold for 5 folds...
2025-11-06 15:07:55 | INFO     | [plotter   :_generate_metri...: 241] | ℹ️ Metrics CSV saved via repository to: experiments/GCD-flat/resnet/20251106_090548_seed42/cv_model_evaluation_full_090548/cv_model_evaluation_plots/fold_1_metrics_table.csv
2025-11-06 15:07:55 | INFO     | [plotter   :_generate_metri...: 241] | ℹ️ Metrics CSV saved via repository to: experiments/GCD-flat/resnet/20251106_090548_seed42/cv_model_evaluation_full_090548/cv_model_evaluation_plots/fold_2_metrics_table.csv
2025-11-06 15:07:55 | INFO     | [plotter   :_generate_metri...: 241] | ℹ️ Metrics CSV saved via repository to: experiments/GCD-flat/resnet/20251106_090548_seed42/cv_model_evaluation_full_090548/cv_model_evaluation_plots/fold_3_metrics_table.csv
2025-11-06 15:07:55 | INFO     | [plotter   :_generate_metri...: 241] | ℹ️ Metrics CSV saved via repository to: experiments/GCD-flat/resnet/20251106_090548_seed42/cv_model_evaluation_full_090548/cv_model_evaluation_plots/fold_4_metrics_table.csv
2025-11-06 15:07:55 | INFO     | [plotter   :_generate_metri...: 241] | ℹ️ Metrics CSV saved via repository to: experiments/GCD-flat/resnet/20251106_090548_seed42/cv_model_evaluation_full_090548/cv_model_evaluation_plots/fold_5_metrics_table.csv
2025-11-06 15:07:55 | INFO     | [plotter   :plot_cv_model_e...:1038] | ℹ️ Finished plotting for cv_model_evaluation: cv_model_evaluation_full_090548
2025-11-06 15:07:55 | INFO     | [pipeline  :cv_model_evalua...:1648] | ℹ️ CV Evaluation Summary (on full data, 5 folds, 95% CI):
2025-11-06 15:07:55 | INFO     | [pipeline  :cv_model_evalua...:1654] | ℹ️   Accuracy            : 0.8901 +/- 0.0056
2025-11-06 15:07:55 | INFO     | [pipeline  :cv_model_evalua...:1654] | ℹ️   F1 Macro            : 0.8922 +/- 0.0059
2025-11-06 15:07:55 | INFO     | [pipeline  :cv_model_evalua...:1654] | ℹ️   Precision Macro     : 0.8808 +/- 0.0064
2025-11-06 15:07:55 | INFO     | [pipeline  :cv_model_evalua...:1654] | ℹ️   Recall Macro        : 0.9061 +/- 0.0058
2025-11-06 15:07:55 | INFO     | [pipeline  :cv_model_evalua...:1654] | ℹ️   Specificity Macro   : 0.9807 +/- 0.0009
2025-11-06 15:07:55 | INFO     | [pipeline  :cv_model_evalua...:1654] | ℹ️   Roc Auc Macro       : 0.9820 +/- 0.0019
2025-11-06 15:07:55 | INFO     | [pipeline  :cv_model_evalua...:1654] | ℹ️   Pr Auc Macro        : 0.9358 +/- 0.0044
2025-11-06 15:07:55 | INFO     | [executor  :run               : 298] | ℹ️ --- Method cv_model_evaluation (Op ID: cv_model_evaluation_0) completed successfully in 21727.20s ---
2025-11-06 15:07:55 | INFO     | [executor  :run               : 355] | ℹ️ Pipeline execution finished successfully in 21727.20s for Executor Run ID: 20251106_090548_seed42.
2025-11-06 15:07:55 | INFO     | [executor  :run               : 361] | ℹ️ Executor run for 20251106_090548_seed42 attempting final log operations.
2025-11-06 15:07:55 | DEBUG    | [executor  :_upload_and_cle...: 207] | 🐞 Flushing and closing log handler for: C:\Users\Stefan Alexandrescu\Documents\GitHub\UBB-Y3-AI-Research\model_src\experiments\GCD-flat\resnet\20251106_090548_seed42\executor_run_20251106_090548_seed42.log before upload/cleanup.
2025-11-06 15:07:55 | INFO     | [executor  :_upload_and_cle...: 233] | ℹ️ Main executor log file available at: C:\Users\Stefan Alexandrescu\Documents\GitHub\UBB-Y3-AI-Research\model_src\experiments\GCD-flat\resnet\20251106_090548_seed42\executor_run_20251106_090548_seed42.log
2025-11-06 15:07:55 | INFO     | [main      :<module>          : 345] | ℹ️ --- Final Execution Results Summary ---
2025-11-06 15:07:55 | INFO     | [main      :<module>          : 356] | ℹ️ Method executor_run_id: Completed. Result: 20251106_090548_seed42
2025-11-06 15:07:55 | INFO     | [main      :<module>          : 356] | ℹ️ Method seed_used: Completed. Result: 42
2025-11-06 15:07:55 | INFO     | [main      :<module>          : 353] | ℹ️ Method cv_model_evaluation_0: Completed. (Acc: 0.8901, F1: 0.8922, BestScore: nan)
