Timestamp           | Level    | Location                             | Message
--------------------+----------+--------------------------------------+---------------------------------------------------
2025-05-27 03:20:21 | INFO     | [logger_...:setup_logger      : 153] | ℹ️ Logger 'ImgClassPipe' initialized. Log file: C:\Users\Stefan\Documents\GitHub\UBB-Y3-AI-Research\model_src\experiments\CCSN\pvit\20250527_032021_seed42\experiment_run_20250527_032021_seed42.log
2025-05-27 03:20:21 | INFO     | [executor  :__init__          : 100] | ℹ️ --- Starting Experiment Run (ID: 20250527_032021_seed42) ---
2025-05-27 03:20:21 | INFO     | [executor  :__init__          : 101] | ℹ️ Executor initialized for model 'pvit' on dataset 'CCSN'
2025-05-27 03:20:21 | INFO     | [executor  :__init__          : 104] | ℹ️ Local artifact storage base: C:\Users\Stefan\Documents\GitHub\UBB-Y3-AI-Research\model_src
2025-05-27 03:20:21 | INFO     | [executor  :__init__          : 108] | ℹ️ Base key/prefix for this run's artifacts: experiments/CCSN/pvit/20250527_032021_seed42
2025-05-27 03:20:21 | INFO     | [executor  :__init__          : 110] | ℹ️ Local log file for this run (might be temporary): C:\Users\Stefan\Documents\GitHub\UBB-Y3-AI-Research\model_src\experiments\CCSN\pvit\20250527_032021_seed42\experiment_run_20250527_032021_seed42.log
2025-05-27 03:20:21 | INFO     | [pipeline  :__init__          : 173] | ℹ️ Initializing Classification Pipeline:
2025-05-27 03:20:21 | INFO     | [pipeline  :__init__          : 174] | ℹ️   Dataset Path: C:\Users\Stefan\Documents\GitHub\UBB-Y3-AI-Research\model_src\data\CCSN
2025-05-27 03:20:21 | INFO     | [pipeline  :__init__          : 175] | ℹ️   Model Type: pvit
2025-05-27 03:20:21 | INFO     | [pipeline  :__init__          : 178] | ℹ️   Artifact base key prefix for this run: experiments/CCSN/pvit/20250527_032021_seed42 (using LocalFileSystemRepository)
2025-05-27 03:20:21 | INFO     | [pipeline  :__init__          : 182] | ℹ️   Default Augmentation Strategy: AugmentationStrategy.GROUND_AWARE_NO_ROTATION
2025-05-27 03:20:21 | INFO     | [pipeline  :__init__          : 183] | ℹ️   Default Show First Batch Aug: True
2025-05-27 03:20:21 | INFO     | [dataset...:__init__          : 262] | ℹ️ Using augmentation strategy: AugmentationStrategy.GROUND_AWARE_NO_ROTATION
2025-05-27 03:20:21 | INFO     | [dataset...:__init__          : 283] | ℹ️ Detected dataset structure: flat
2025-05-27 03:20:21 | INFO     | [dataset...:_load_paths_and...: 358] | ℹ️ Scanning FLAT dataset from C:\Users\Stefan\Documents\GitHub\UBB-Y3-AI-Research\model_src\data\CCSN...
2025-05-27 03:20:21 | INFO     | [dataset...:__init__          : 303] | ℹ️ Found 11 classes: Ac, As, Cb, Cc, Ci, Cs, Ct, Cu, Ns, Sc, St
2025-05-27 03:20:21 | INFO     | [dataset...:__init__          : 306] | ℹ️ Dataset sizes: 2034 train+val, 509 test. Total: 2543
2025-05-27 03:20:21 | INFO     | [pipeline  :__init__          : 192] | ℹ️   Artifact base key prefix for this run: experiments/CCSN/pvit/20250527_032021_seed42 (using LocalFileSystemRepository)
2025-05-27 03:20:21 | INFO     | [pipeline  :__init__          : 223] | ℹ️   Using Optimizer: AdamW
2025-05-27 03:20:21 | DEBUG    | [callbacks :get_default_cal...: 198] | 🐞 Default LRScheduler callback instance created with policy: ReduceLROnPlateau, kwargs: {'patience': 2, 'mode': 'min', 'factor': 0.1, 'min_lr': 1e-06, 'verbose': False}, monitor: valid_loss
2025-05-27 03:20:21 | INFO     | [pipeline  :__init__          : 266] | ℹ️   Model Adapter: Initialized with PretrainedViT
2025-05-27 03:20:21 | DEBUG    | [executor  :_validate_methods : 152] | 🐞 Basic method validation successful.
2025-05-27 03:20:21 | INFO     | [executor  :__init__          : 136] | ℹ️ Executor configured to run methods: single_train, single_eval
2025-05-27 03:20:21 | INFO     | [executor  :run               : 162] | ℹ️ Starting execution of pipeline methods...
2025-05-27 03:20:21 | INFO     | [executor  :run               : 166] | ℹ️ --- Running Method 1/2: single_train (single_train_0) ---
2025-05-27 03:20:21 | DEBUG    | [executor  :run               : 191] | 🐞 Running with effective parameters: {'params': {'max_epochs': 70, 'lr': 0.001, 'batch_size': 16, 'optimizer': 'AdamW', 'optimizer__weight_decay': 0.35, 'callbacks__default_lr_scheduler__policy': 'CosineAnnealingLR', 'callbacks__default_lr_scheduler__T_max': 70, 'callbacks__default_lr_scheduler__eta_min': 1e-07, 'module__vit_model_variant': 'vit_b_16', 'module__pretrained': True, 'module__unfreeze_strategy': 'encoder_tail', 'module__num_transformer_blocks_to_unfreeze': 2, 'module__unfreeze_cls_token': True, 'module__unfreeze_pos_embedding': True, 'module__unfreeze_patch_embedding': False, 'module__unfreeze_encoder_layernorm': True, 'module__custom_head_hidden_dims': 256, 'module__head_dropout_rate': 0.55}, 'save_model': False, 'val_split_ratio': 0.2, 'results_detail_level': 2}
2025-05-27 03:20:21 | INFO     | [pipeline  :single_train      :1502] | ℹ️ Starting single training run...
2025-05-27 03:20:21 | INFO     | [pipeline  :single_train      :1555] | ℹ️ Using split: 1627 train / 407 validation samples.
2025-05-27 03:20:21 | INFO     | [pipeline  :single_train      :1562] | ℹ️ Applying custom parameters for this single_train run: {'max_epochs': 70, 'lr': 0.001, 'batch_size': 16, 'optimizer': 'AdamW', 'optimizer__weight_decay': 0.35, 'callbacks__default_lr_scheduler__policy': 'CosineAnnealingLR', 'callbacks__default_lr_scheduler__T_max': 70, 'callbacks__default_lr_scheduler__eta_min': 1e-07, 'module__vit_model_variant': 'vit_b_16', 'module__pretrained': True, 'module__unfreeze_strategy': 'encoder_tail', 'module__num_transformer_blocks_to_unfreeze': 2, 'module__unfreeze_cls_token': True, 'module__unfreeze_pos_embedding': True, 'module__unfreeze_patch_embedding': False, 'module__unfreeze_encoder_layernorm': True, 'module__custom_head_hidden_dims': 256, 'module__head_dropout_rate': 0.55}
2025-05-27 03:20:21 | INFO     | [pipeline  :single_train      :1624] | ℹ️ Fitting model (run_id: single_train_032021)...
2025-05-27 03:20:21 | DEBUG    | [pretrai...:__init__          :  60] | 🐞 Initializing FlexibleViT:
2025-05-27 03:20:21 | DEBUG    | [pretrai...:__init__          :  61] | 🐞   Model Variant: vit_b_16, Pretrained: True
2025-05-27 03:20:21 | DEBUG    | [pretrai...:__init__          :  62] | 🐞   Unfreeze Strategy (Encoder Blocks): encoder_tail
2025-05-27 03:20:21 | DEBUG    | [pretrai...:__init__          :  64] | 🐞   Num Transformer Blocks to Unfreeze: 2
2025-05-27 03:20:21 | DEBUG    | [pretrai...:__init__          :  65] | 🐞   Unfreeze CLS: True, PosEmb: True, PatchEmb: False, EncoderLN: True
2025-05-27 03:20:21 | DEBUG    | [pretrai...:__init__          :  66] | 🐞   Custom Head Hidden Dims: 256, Head Dropout: 0.55
2025-05-27 03:20:22 | DEBUG    | [pretrai...:__init__          :  80] | 🐞 Loaded vit_b_16 from torchvision.
2025-05-27 03:20:22 | CRITICAL | [executor  :run               : 213] | 💀 !!! Unexpected critical error during 'single_train': object of type 'int' has no len()
2025-05-27 03:20:22 | INFO     | [executor  :run               : 217] | ℹ️ Pipeline execution finished in 0.95s.
2025-05-27 03:20:22 | INFO     | [executor  :run               : 313] | ℹ️ Final log file available at: C:\Users\Stefan\Documents\GitHub\UBB-Y3-AI-Research\model_src\experiments\CCSN\pvit\20250527_032021_seed42\experiment_run_20250527_032021_seed42.log
2025-05-27 03:20:22 | INFO     | [main      :<module>          : 276] | ℹ️ --- Final Execution Results Summary ---
2025-05-27 03:20:22 | ERROR    | [main      :<module>          : 279] | ❌ Method single_train_0: FAILED - object of type 'int' has no len()
