Timestamp           | Level    | Location                             | Message
--------------------+----------+--------------------------------------+---------------------------------------------------
2025-05-10 20:30:38 | INFO     | [logger_...:setup_logger      : 152] | ℹ️ Logger 'ImgClassPipe' initialized. Log file: C:\Users\Stefan\Documents\GitHub\UBB-Y3-AI-Research\model_src\results\Swimcat-extend\vit\20250510_203038_seed42\experiment_20250510_203038_seed42.log
2025-05-10 20:30:38 | INFO     | [executor  :__init__          : 121] | ℹ️ --- Starting Experiment Run ---
2025-05-10 20:30:38 | INFO     | [executor  :__init__          : 122] | ℹ️ Pipeline Executor initialized for model 'vit' on dataset 'Swimcat-extend'
2025-05-10 20:30:38 | INFO     | [executor  :__init__          : 123] | ℹ️ Results base directory: C:\Users\Stefan\Documents\GitHub\UBB-Y3-AI-Research\model_src\results\Swimcat-extend\vit\20250510_203038_seed42
2025-05-10 20:30:38 | DEBUG    | [executor  :_validate_methods : 153] | 🐞 Basic method validation successful.
2025-05-10 20:30:38 | INFO     | [executor  :__init__          : 134] | ℹ️ Executor configured to run methods: single_train, single_eval
2025-05-10 20:30:38 | INFO     | [executor  :run               : 167] | ℹ️ Starting execution of pipeline_v1 methods...
2025-05-10 20:30:38 | INFO     | [executor  :run               : 172] | ℹ️ --- Running Method 1/2: single_train (single_train_0) ---
2025-05-10 20:30:38 | DEBUG    | [executor  :run               : 215] | 🐞 Running with effective parameters: {'max_epochs': 6, 'batch_size': 8, 'lr': 0.0001, 'optimizer__weight_decay': 0.01, 'save_model': True, 'val_split_ratio': 0.2}
2025-05-10 20:30:38 | INFO     | [pipeline  :single_train      :1422] | ℹ️ Starting single training run...
2025-05-10 20:30:38 | INFO     | [pipeline  :single_train      :1476] | ℹ️ Using split: 1008 train / 252 validation samples.
2025-05-10 20:30:38 | INFO     | [pipeline  :single_train      :1520] | ℹ️ Fitting model (run_id: single_train_20250510_203038_177942)...
2025-05-10 20:30:38 | DEBUG    | [simple_vit:__init__          :  13] | 🐞 Loading pre-trained vit_b_16 model...
2025-05-10 20:30:39 | DEBUG    | [simple_vit:__init__          :  15] | 🐞 Pre-trained model loaded.
2025-05-10 20:30:39 | DEBUG    | [simple_vit:__init__          :  18] | 🐞 Replaced ViT head for 6 classes.
2025-05-10 20:30:39 | INFO     | [simple_vit:__init__          :  29] | ℹ️ SimpleViT: Froze layers, unfroze last 4 parameter groups.
2025-05-10 20:30:39 | DEBUG    | [adapter   :get_split_datasets: 124] | 🐞 Split created: 1008 train, 252 validation.
2025-05-10 20:30:39 | DEBUG    | [adapter   :get_iterator      : 181] | 🐞 Creating DataLoader: size=1008, batch_size=8, shuffle=True, collate_fn=Assigned, other_kwargs={}
2025-05-10 20:30:39 | DEBUG    | [adapter   :get_iterator      : 181] | 🐞 Creating DataLoader: size=252, batch_size=8, shuffle=False, collate_fn=Assigned, other_kwargs={}
2025-05-10 20:31:00 | INFO     | [callbacks :on_epoch_end      : 147] | ℹ️   epoch    train_acc    train_loss    valid_acc    valid_loss   cp       lr      dur
2025-05-10 20:31:00 | INFO     | [callbacks :on_epoch_end      : 147] | ℹ️ -------  -----------  ------------  -----------  ------------  ----  ------  -------
2025-05-10 20:31:00 | INFO     | [callbacks :on_epoch_end      : 147] | ℹ️       1     ▲ 0.4762      ▼ 1.5726     ▲ 0.7500      ▼ 1.3151        0.0001  21.5073
2025-05-10 20:31:22 | INFO     | [callbacks :on_epoch_end      : 147] | ℹ️       2     ▲ 0.8502      ▼ 1.1223     ▲ 0.8413      ▼ 0.9807        0.0001  21.1675
2025-05-10 20:31:42 | INFO     | [callbacks :on_epoch_end      : 147] | ℹ️       3     ▲ 0.8849      ▼ 0.8629     ▲ 0.8770      ▼ 0.7802        0.0001  20.3475
2025-05-10 20:32:02 | INFO     | [callbacks :on_epoch_end      : 147] | ℹ️       4     ▲ 0.8958      ▼ 0.6961     ▲ 0.8889      ▼ 0.6534        0.0001  20.1183
2025-05-10 20:32:22 | INFO     | [callbacks :on_epoch_end      : 147] | ℹ️       5     ▲ 0.9077      ▼ 0.5854     ▲ 0.8929      ▼ 0.5593        0.0001  20.2216
2025-05-10 20:32:43 | INFO     | [callbacks :on_epoch_end      : 147] | ℹ️       6     ▲ 0.9127      ▼ 0.5026     ▲ 0.8929      ▼ 0.4971        0.0001  20.5198
2025-05-10 20:32:43 | INFO     | [pipeline  :single_train      :1552] | ℹ️ Training finished. Best validation performance found at Epoch 6 (valid_loss=0.4971)
2025-05-10 20:32:43 | INFO     | [pipeline  :single_train      :1597] | ℹ️ Model state_dict saved to: C:\Users\Stefan\Documents\GitHub\UBB-Y3-AI-Research\model_src\results\Swimcat-extend\vit\20250510_203038_seed42\single_train_20250510_203038_177942\vit_epoch6_val_valid-loss0.4971.pt
2025-05-10 20:32:43 | INFO     | [pipeline  :single_train      :1605] | ℹ️ Main pipeline_v1 model adapter updated with the model from single_train.
2025-05-10 20:32:43 | DEBUG    | [pipeline  :_save_results     : 385] | 🐞 Using pipeline results detail level for this run: 3
2025-05-10 20:32:43 | DEBUG    | [pipeline  :_save_results     : 391] | 🐞 Saving results for single_train_20250510_203038_177942 to: C:\Users\Stefan\Documents\GitHub\UBB-Y3-AI-Research\model_src\results\Swimcat-extend\vit\20250510_203038_seed42\single_train_20250510_203038_177942 (detail level: 3)
2025-05-10 20:32:43 | DEBUG    | [pipeline  :_save_results     : 496] | 🐞 Final keys to save in JSON for level 3: ['method', 'run_id', 'macro_avg', 'best_epoch', 'best_valid_metric_value', 'valid_metric_name', 'train_loss_at_best', 'train_acc_at_best', 'valid_acc_at_best', 'saved_model_path', 'full_params_used', 'training_history']
2025-05-10 20:32:43 | INFO     | [pipeline  :_save_results     : 528] | ℹ️ Results JSON saved to: C:\Users\Stefan\Documents\GitHub\UBB-Y3-AI-Research\model_src\results\Swimcat-extend\vit\20250510_203038_seed42\single_train_20250510_203038_177942\single_train_results.json
2025-05-10 20:32:43 | INFO     | [pipeline  :_save_results     : 581] | ℹ️ Summary results updated in: C:\Users\Stefan\Documents\GitHub\UBB-Y3-AI-Research\model_src\results\Swimcat-extend\vit\20250510_203038_seed42\summary_results_seed42.csv
2025-05-10 20:32:43 | INFO     | [pipeline  :single_train      :1629] | ℹ️ Plotting results for single_train_20250510_203038_177942 (level 2)...
2025-05-10 20:32:43 | ERROR    | [pipeline  :single_train      :1639] | ❌ Plotting skipped: ResultsPlotter class not found or plotting libraries missing.
2025-05-10 20:32:43 | INFO     | [executor  :run               : 232] | ℹ️ --- Method single_train (single_train_0) completed successfully in 125.66s ---
2025-05-10 20:32:43 | INFO     | [executor  :run               : 172] | ℹ️ --- Running Method 2/2: single_eval (single_eval_1) ---
2025-05-10 20:32:43 | DEBUG    | [executor  :run               : 215] | 🐞 Running with effective parameters: {}
2025-05-10 20:32:43 | INFO     | [pipeline  :single_eval       :1653] | ℹ️ Starting model evaluation on the test set...
2025-05-10 20:32:43 | INFO     | [pipeline  :single_eval       :1667] | ℹ️ Evaluating on 840 test samples...
2025-05-10 20:32:43 | DEBUG    | [adapter   :get_iterator      : 154] | 🐞 get_iterator creating PathImageDataset for evaluation/prediction.
2025-05-10 20:32:43 | DEBUG    | [adapter   :get_iterator      : 181] | 🐞 Creating DataLoader: size=840, batch_size=8, shuffle=False, collate_fn=Assigned, other_kwargs={}
2025-05-10 20:32:52 | DEBUG    | [adapter   :get_iterator      : 154] | 🐞 get_iterator creating PathImageDataset for evaluation/prediction.
2025-05-10 20:32:52 | DEBUG    | [adapter   :get_iterator      : 181] | 🐞 Creating DataLoader: size=840, batch_size=8, shuffle=False, collate_fn=Assigned, other_kwargs={}
2025-05-10 20:32:59 | DEBUG    | [pipeline  :_compute_metrics  : 364] | 🐞 Computed Metrics: Acc=0.9429, Macro F1=0.9428
2025-05-10 20:32:59 | DEBUG    | [pipeline  :_save_results     : 385] | 🐞 Using pipeline results detail level for this run: 3
2025-05-10 20:32:59 | DEBUG    | [pipeline  :_save_results     : 391] | 🐞 Saving results for single_eval_203259 to: C:\Users\Stefan\Documents\GitHub\UBB-Y3-AI-Research\model_src\results\Swimcat-extend\vit\20250510_203038_seed42\single_eval_203259 (detail level: 3)
2025-05-10 20:32:59 | DEBUG    | [pipeline  :_save_results     : 496] | 🐞 Final keys to save in JSON for level 3: ['method', 'params', 'overall_accuracy', 'macro_avg', 'per_class', 'detailed_data']
2025-05-10 20:32:59 | INFO     | [pipeline  :_save_results     : 528] | ℹ️ Results JSON saved to: C:\Users\Stefan\Documents\GitHub\UBB-Y3-AI-Research\model_src\results\Swimcat-extend\vit\20250510_203038_seed42\single_eval_203259\single_eval_results.json
2025-05-10 20:32:59 | INFO     | [pipeline  :_save_results     : 581] | ℹ️ Summary results updated in: C:\Users\Stefan\Documents\GitHub\UBB-Y3-AI-Research\model_src\results\Swimcat-extend\vit\20250510_203038_seed42\summary_results_seed42.csv
2025-05-10 20:32:59 | INFO     | [pipeline  :single_eval       :1703] | ℹ️ Plotting results for single_eval_203243_836734 (level 2)...
2025-05-10 20:32:59 | ERROR    | [pipeline  :single_eval       :1718] | ❌ Plotting skipped: ResultsPlotter class not found or plotting libraries missing.
2025-05-10 20:32:59 | INFO     | [executor  :run               : 232] | ℹ️ --- Method single_eval (single_eval_1) completed successfully in 15.88s ---
2025-05-10 20:32:59 | INFO     | [executor  :run               : 258] | ℹ️ Pipeline execution finished in 141.54s.
2025-05-10 20:32:59 | INFO     | [main      :<module>          : 212] | ℹ️ --- Final Execution Results Summary ---
2025-05-10 20:32:59 | INFO     | [main      :<module>          : 221] | ℹ️ Method single_train_0: Completed. (Acc: 0.8929, F1: nan, BestScore: nan)
2025-05-10 20:32:59 | INFO     | [main      :<module>          : 221] | ℹ️ Method single_eval_1: Completed. (Acc: nan, F1: 0.9428, BestScore: nan)
