Timestamp           | Level    | Location                             | Message
--------------------+----------+--------------------------------------+---------------------------------------------------
2025-05-17 11:09:36 | INFO     | [logger_...:setup_logger      : 153] | ℹ️ Logger 'ImgClassPipe' initialized. Log file: C:\Users\Stefan\Documents\GitHub\UBB-Y3-AI-Research\model_src\experiments\Swimcat-extend\pvit\20250517_110936_seed42\experiment_run_20250517_110936_seed42.log
2025-05-17 11:09:36 | INFO     | [executor  :__init__          : 119] | ℹ️ --- Starting Experiment Run (ID: 20250517_110936_seed42) ---
2025-05-17 11:09:36 | INFO     | [executor  :__init__          : 120] | ℹ️ Executor initialized for model 'pvit' on dataset 'Swimcat-extend'
2025-05-17 11:09:36 | INFO     | [executor  :__init__          : 123] | ℹ️ Local artifact storage base: C:\Users\Stefan\Documents\GitHub\UBB-Y3-AI-Research\model_src
2025-05-17 11:09:36 | INFO     | [executor  :__init__          : 127] | ℹ️ Base key/prefix for this run's artifacts: experiments/Swimcat-extend/pvit/20250517_110936_seed42
2025-05-17 11:09:36 | DEBUG    | [executor  :_validate_methods : 156] | 🐞 Basic method validation successful.
2025-05-17 11:09:36 | INFO     | [executor  :__init__          : 137] | ℹ️ Executor configured to run methods: non_nested_grid_search, single_eval
2025-05-17 11:09:36 | INFO     | [executor  :run               : 166] | ℹ️ Starting execution of pipeline methods...
2025-05-17 11:09:36 | INFO     | [executor  :run               : 170] | ℹ️ --- Running Method 1/2: non_nested_grid_search (non_nested_grid_search_0) ---
2025-05-17 11:09:36 | DEBUG    | [executor  :run               : 195] | 🐞 Running with effective parameters: {'param_grid': [{'module__vit_model_variant': ['vit_b_16'], 'module__pretrained': [True], 'module__unfreeze_strategy': ['encoder_tail'], 'module__num_transformer_blocks_to_unfreeze': [1, 2, 4], 'module__unfreeze_cls_token': [True], 'module__unfreeze_pos_embedding': [True], 'module__unfreeze_patch_embedding': [False], 'module__unfreeze_encoder_layernorm': [True], 'module__custom_head_hidden_dims': [None, [512]], 'module__head_dropout_rate': [0.0, 0.25, 0.5], 'lr': [1e-05, 5e-05, 0.0001], 'optimizer__weight_decay': [0.01, 0.05], 'batch_size': [8, 16], 'max_epochs': [20, 30, 50]}, {'module__vit_model_variant': ['vit_b_16'], 'module__pretrained': [True], 'module__unfreeze_strategy': ['none'], 'module__unfreeze_cls_token': [True], 'module__unfreeze_pos_embedding': [True], 'module__unfreeze_patch_embedding': [False], 'module__unfreeze_encoder_layernorm': [False], 'module__custom_head_hidden_dims': [None, [256], [512]], 'module__head_dropout_rate': [0.0, 0.2, 0.4], 'lr': [5e-05, 0.0001, 0.0005], 'optimizer__weight_decay': [0.0, 0.001, 0.01], 'batch_size': [16, 32], 'max_epochs': [15, 25]}], 'cv': 5, 'method': 'random', 'n_iter': 15, 'internal_val_split_ratio': 0.2, 'scoring': 'accuracy', 'save_best_model': True}
2025-05-17 11:09:36 | INFO     | [pipeline  :non_nested_grid...: 562] | ℹ️ Performing non-nested RandomizedSearchCV with 5-fold CV.
2025-05-17 11:09:36 | INFO     | [pipeline  :non_nested_grid...: 563] | ℹ️ Parameter Grid/Dist:
[
  {
    "module__vit_model_variant": [
      "vit_b_16"
    ],
    "module__pretrained": [
      true
    ],
    "module__unfreeze_strategy": [
      "encoder_tail"
    ],
    "module__num_transformer_blocks_to_unfreeze": [
      1,
      2,
      4
    ],
    "module__unfreeze_cls_token": [
      true
    ],
    "module__unfreeze_pos_embedding": [
      true
    ],
    "module__unfreeze_patch_embedding": [
      false
    ],
    "module__unfreeze_encoder_layernorm": [
      true
    ],
    "module__custom_head_hidden_dims": [
      null,
      [
        512
      ]
    ],
    "module__head_dropout_rate": [
      0.0,
      0.25,
      0.5
    ],
    "lr": [
      1e-05,
      5e-05,
      0.0001
    ],
    "optimizer__weight_decay": [
      0.01,
      0.05
    ],
    "batch_size": [
      8,
      16
    ],
    "max_epochs": [
      20,
      30,
      50
    ]
  },
  {
    "module__vit_model_variant": [
      "vit_b_16"
    ],
    "module__pretrained": [
      true
    ],
    "module__unfreeze_strategy": [
      "none"
    ],
    "module__unfreeze_cls_token": [
      true
    ],
    "module__unfreeze_pos_embedding": [
      true
    ],
    "module__unfreeze_patch_embedding": [
      false
    ],
    "module__unfreeze_encoder_layernorm": [
      false
    ],
    "module__custom_head_hidden_dims": [
      null,
      [
        256
      ],
      [
        512
      ]
    ],
    "module__head_dropout_rate": [
      0.0,
      0.2,
      0.4
    ],
    "lr": [
      5e-05,
      0.0001,
      0.0005
    ],
    "optimizer__weight_decay": [
      0.0,
      0.001,
      0.01
    ],
    "batch_size": [
      16,
      32
    ],
    "max_epochs": [
      15,
      25
    ]
  }
]
2025-05-17 11:09:36 | INFO     | [pipeline  :non_nested_grid...: 564] | ℹ️ Scoring Metric: accuracy
2025-05-17 11:09:36 | INFO     | [pipeline  :non_nested_grid...: 573] | ℹ️ Using 1680 samples for Train+Validation in GridSearchCV.
2025-05-17 11:09:36 | INFO     | [pipeline  :non_nested_grid...: 581] | ℹ️ Skorch internal validation split configured: 20.0% of each CV fold's training data.
2025-05-17 11:09:36 | INFO     | [pipeline  :non_nested_grid...: 615] | ℹ️ Fitting RandomizedSearchCV on train+validation data (search verbose=3)...
2025-05-17 11:09:36 | INFO     | [pipeline  :non_nested_grid...: 633] | ℹ️ Target number of iterations (RandomizedSearchCV): 15
2025-05-17 11:09:37 | DEBUG    | [adapter   :get_split_datasets: 124] | 🐞 Split created: 1075 train, 269 validation.
2025-05-17 11:09:37 | DEBUG    | [adapter   :get_iterator      : 181] | 🐞 Creating DataLoader: size=1075, batch_size=16, shuffle=True, collate_fn=Assigned, other_kwargs={}
2025-05-17 11:09:37 | DEBUG    | [adapter   :get_iterator      : 181] | 🐞 Creating DataLoader: size=269, batch_size=16, shuffle=False, collate_fn=Assigned, other_kwargs={}
2025-05-17 11:10:15 | INFO     | [callbacks :on_epoch_end      : 147] | ℹ️   epoch    train_acc    train_loss    valid_acc    valid_loss   cp       lr      dur
2025-05-17 11:10:15 | INFO     | [callbacks :on_epoch_end      : 147] | ℹ️ -------  -----------  ------------  -----------  ------------  ----  ------  -------
2025-05-17 11:10:15 | INFO     | [callbacks :on_epoch_end      : 147] | ℹ️       1     ▲ 0.8288      ▼ 0.6778     ▲ 0.9294      ▼ 0.2717        0.0005  38.5528
2025-05-17 11:10:54 | INFO     | [callbacks :on_epoch_end      : 147] | ℹ️       2     ▲ 0.9460      ▼ 0.1746     ▲ 0.9703      ▼ 0.1505        0.0005  38.3812
2025-05-17 11:11:33 | INFO     | [callbacks :on_epoch_end      : 147] | ℹ️       3     ▲ 0.9656      ▼ 0.1149     ▲ 0.9740      ▼ 0.1264        0.0005  38.7937
2025-05-17 11:12:11 | INFO     | [callbacks :on_epoch_end      : 147] | ℹ️       4     ▲ 0.9693      ▼ 0.0922       0.9665      ▼ 0.1167        0.0005  38.7883
2025-05-17 11:12:50 | INFO     | [callbacks :on_epoch_end      : 147] | ℹ️       5     ▲ 0.9814      ▼ 0.0624     ▲ 0.9740      ▼ 0.0970        0.0005  38.712
2025-05-17 11:13:29 | INFO     | [callbacks :on_epoch_end      : 147] | ℹ️       6       0.9786      ▼ 0.0610     ▲ 0.9777      ▼ 0.0746        0.0005  38.4797
2025-05-17 11:14:07 | INFO     | [callbacks :on_epoch_end      : 147] | ℹ️       7       0.9786      ▼ 0.0582     ▲ 0.9888      ▼ 0.0699        0.0005  38.3689
2025-05-17 11:14:27 | DEBUG    | [adapter   :get_iterator      : 154] | 🐞 get_iterator creating PathImageDataset for evaluation/prediction.
2025-05-17 11:14:27 | DEBUG    | [adapter   :get_iterator      : 181] | 🐞 Creating DataLoader: size=336, batch_size=16, shuffle=False, collate_fn=Assigned, other_kwargs={}
2025-05-17 11:14:30 | DEBUG    | [adapter   :get_iterator      : 154] | 🐞 get_iterator creating PathImageDataset for evaluation/prediction.
2025-05-17 11:14:30 | DEBUG    | [adapter   :get_iterator      : 181] | 🐞 Creating DataLoader: size=1344, batch_size=16, shuffle=False, collate_fn=Assigned, other_kwargs={}
2025-05-17 11:14:43 | DEBUG    | [adapter   :get_split_datasets: 124] | 🐞 Split created: 1075 train, 269 validation.
2025-05-17 11:14:43 | DEBUG    | [adapter   :get_iterator      : 181] | 🐞 Creating DataLoader: size=1075, batch_size=16, shuffle=True, collate_fn=Assigned, other_kwargs={}
2025-05-17 11:14:43 | DEBUG    | [adapter   :get_iterator      : 181] | 🐞 Creating DataLoader: size=269, batch_size=16, shuffle=False, collate_fn=Assigned, other_kwargs={}
2025-05-17 11:15:20 | INFO     | [callbacks :on_epoch_end      : 147] | ℹ️   epoch    train_acc    train_loss    valid_acc    valid_loss   cp       lr      dur
2025-05-17 11:15:20 | INFO     | [callbacks :on_epoch_end      : 147] | ℹ️ -------  -----------  ------------  -----------  ------------  ----  ------  -------
2025-05-17 11:15:20 | INFO     | [callbacks :on_epoch_end      : 147] | ℹ️       1     ▲ 0.8074      ▼ 0.6683     ▲ 0.9182      ▼ 0.2360        0.0005  37.1115
2025-05-17 11:15:58 | INFO     | [callbacks :on_epoch_end      : 147] | ℹ️       2     ▲ 0.9395      ▼ 0.1758     ▲ 0.9480      ▼ 0.1390        0.0005  37.8247
2025-05-17 11:16:36 | INFO     | [callbacks :on_epoch_end      : 147] | ℹ️       3     ▲ 0.9674      ▼ 0.1175     ▲ 0.9851      ▼ 0.0807        0.0005  37.4993
