Timestamp           | Level    | Location                             | Message
--------------------+----------+--------------------------------------+---------------------------------------------------
2025-12-01 00:08:23 | INFO     | [logger_...:setup_logger      : 130] | ℹ️ Logger 'ImgClassPipe' initialized. Log file: C:\Users\Stefan Alexandrescu\Documents\GitHub\UBB-Y3-AI-Research\model_src\experiments\CCSN\pvit\20251201_000823_seed42\executor_run_20251201_000823_seed42.log
2025-12-01 00:08:23 | INFO     | [executor  :__init__          : 121] | ℹ️ Local main executor log file for this run (may be temporary): C:\Users\Stefan Alexandrescu\Documents\GitHub\UBB-Y3-AI-Research\model_src\experiments\CCSN\pvit\20251201_000823_seed42\executor_run_20251201_000823_seed42.log
2025-12-01 00:08:23 | INFO     | [executor  :__init__          : 126] | ℹ️ --- Starting Executor Run (ID: 20251201_000823_seed42) ---
2025-12-01 00:08:23 | INFO     | [executor  :__init__          : 127] | ℹ️ Executor initialized for model 'pvit' on dataset 'CCSN'
2025-12-01 00:08:23 | INFO     | [executor  :__init__          : 130] | ℹ️ Local artifact storage base: C:\Users\Stefan Alexandrescu\Documents\GitHub\UBB-Y3-AI-Research\model_src
2025-12-01 00:08:23 | INFO     | [executor  :__init__          : 134] | ℹ️ Base key/prefix for this executor run's artifacts: experiments/CCSN/pvit/20251201_000823_seed42
2025-12-01 00:08:23 | INFO     | [pipeline  :__init__          : 165] | ℹ️ Initializing Classification Pipeline:
2025-12-01 00:08:23 | INFO     | [pipeline  :__init__          : 166] | ℹ️   Dataset Path: C:\Users\Stefan Alexandrescu\Documents\GitHub\UBB-Y3-AI-Research\model_src\data\CCSN
2025-12-01 00:08:23 | INFO     | [pipeline  :__init__          : 167] | ℹ️   Model Type: pvit
2025-12-01 00:08:23 | INFO     | [pipeline  :__init__          : 170] | ℹ️   Artifact base key prefix for this run: experiments/CCSN/pvit/20251201_000823_seed42 (using LocalFileSystemRepository)
2025-12-01 00:08:23 | INFO     | [pipeline  :__init__          : 174] | ℹ️   Default Augmentation Strategy: AugmentationStrategy.CCSN_MODERATE
2025-12-01 00:08:23 | INFO     | [pipeline  :__init__          : 175] | ℹ️   Default Show First Batch Aug: True
2025-12-01 00:08:23 | INFO     | [dataset...:__init__          : 529] | ℹ️ Using augmentation strategy: AugmentationStrategy.CCSN_MODERATE
2025-12-01 00:08:23 | INFO     | [dataset...:__init__          : 560] | ℹ️ Detected dataset structure: flat
2025-12-01 00:08:23 | INFO     | [dataset...:_load_paths_and...: 787] | ℹ️ Scanning FLAT dataset from C:\Users\Stefan Alexandrescu\Documents\GitHub\UBB-Y3-AI-Research\model_src\data\CCSN...
2025-12-01 00:08:23 | INFO     | [dataset...:_load_paths_and...: 874] | ℹ️ Final Original Dataset sizes: 2288 original train+val, 255 original test. Offline augmented samples loaded: 0.
2025-12-01 00:08:23 | INFO     | [dataset...:__init__          : 586] | ℹ️ Found 11 classes: Ac, As, Cb, Cc, Ci, Cs, Ct, Cu, Ns, Sc, St
2025-12-01 00:08:23 | INFO     | [dataset...:_calculate_clas...: 676] | ℹ️ Calculating class weights for the training set...
2025-12-01 00:08:23 | INFO     | [dataset...:_calculate_clas...: 690] | ℹ️ Calculated class weights (for classes 0 to 10):
2025-12-01 00:08:23 | INFO     | [dataset...:_calculate_clas...: 692] | ℹ️   - Ac (Class 0): 1.0452
2025-12-01 00:08:23 | INFO     | [dataset...:_calculate_clas...: 692] | ℹ️   - As (Class 1): 1.2308
2025-12-01 00:08:23 | INFO     | [dataset...:_calculate_clas...: 692] | ℹ️   - Cb (Class 2): 0.9541
2025-12-01 00:08:23 | INFO     | [dataset...:_calculate_clas...: 692] | ℹ️   - Cc (Class 3): 0.8631
2025-12-01 00:08:23 | INFO     | [dataset...:_calculate_clas...: 692] | ℹ️   - Ci (Class 4): 1.6640
2025-12-01 00:08:23 | INFO     | [dataset...:_calculate_clas...: 692] | ℹ️   - Cs (Class 5): 0.8062
2025-12-01 00:08:23 | INFO     | [dataset...:_calculate_clas...: 692] | ℹ️   - Ct (Class 6): 1.1556
2025-12-01 00:08:23 | INFO     | [dataset...:_calculate_clas...: 692] | ℹ️   - Cu (Class 7): 1.2683
2025-12-01 00:08:23 | INFO     | [dataset...:_calculate_clas...: 692] | ℹ️   - Ns (Class 8): 0.8455
2025-12-01 00:08:23 | INFO     | [dataset...:_calculate_clas...: 692] | ℹ️   - Sc (Class 9): 0.6797
2025-12-01 00:08:23 | INFO     | [dataset...:_calculate_clas...: 692] | ℹ️   - St (Class 10): 1.1429
2025-12-01 00:08:23 | INFO     | [dataset...:__init__          : 592] | ℹ️ Dataset sizes: 2288 train+val, 255 test. Total: 2543
2025-12-01 00:08:23 | INFO     | [pipeline  :__init__          : 185] | ℹ️   Artifact base key prefix for this run: experiments/CCSN/pvit/20251201_000823_seed42 (using LocalFileSystemRepository)
2025-12-01 00:08:23 | INFO     | [pipeline  :__init__          : 212] | ℹ️   Using Optimizer: AdamW
2025-12-01 00:08:23 | DEBUG    | [callbacks :get_default_cal...: 172] | 🐞 Default LRScheduler callback instance created with policy: ReduceLROnPlateau, kwargs: {'patience': 2, 'mode': 'min', 'factor': 0.1, 'min_lr': 1e-06, 'verbose': False}, monitor: valid_loss
2025-12-01 00:08:23 | INFO     | [pipeline  :__init__          : 269] | ℹ️   Model Adapter: Initialized with PretrainedViT
2025-12-01 00:08:23 | DEBUG    | [executor  :_validate_methods : 189] | 🐞 Basic method validation successful.
2025-12-01 00:08:23 | INFO     | [executor  :__init__          : 168] | ℹ️ Executor configured to run methods: cv_model_evaluation
2025-12-01 00:08:23 | INFO     | [executor  :run               : 237] | ℹ️ Starting execution of methods for Executor Run ID: 20251201_000823_seed42
2025-12-01 00:08:23 | INFO     | [executor  :run               : 246] | ℹ️ --- Running Method 1/1: cv_model_evaluation (Op ID: cv_model_evaluation_0) ---
2025-12-01 00:08:23 | DEBUG    | [executor  :run               : 291] | 🐞 Running method 'cv_model_evaluation' with effective parameters: {'params': {'max_epochs': 70, 'lr': 5e-05, 'batch_size': 16, 'optimizer': 'AdamW', 'optimizer__weight_decay': 0.2, 'callbacks__default_lr_scheduler__policy': 'CosineAnnealingLR', 'callbacks__default_lr_scheduler__T_max': 70, 'callbacks__default_lr_scheduler__eta_min': 1e-06, 'callbacks__default_early_stopping__patience': 15, 'cutmix_alpha': 1.0, 'cutmix_probability': 0.9, 'module__vit_model_variant': 'vit_b_16', 'module__pretrained': True, 'module__unfreeze_strategy': 'encoder_tail', 'module__num_transformer_blocks_to_unfreeze': 6, 'module__unfreeze_cls_token': True, 'module__unfreeze_pos_embedding': True, 'module__unfreeze_patch_embedding': False, 'module__unfreeze_encoder_layernorm': True, 'module__custom_head_hidden_dims': None, 'module__head_dropout_rate': 0.5, 'iterator_train__shuffle': True}, 'val_split_ratio': 0.11111111111111112, 'cv': 10, 'evaluate_on': 'full', 'results_detail_level': 2}
2025-12-01 00:08:23 | INFO     | [pipeline  :cv_model_evalua...:1354] | ℹ️ Performing 10-fold CV for evaluation with fixed parameters.
2025-12-01 00:08:23 | INFO     | [pipeline  :cv_model_evalua...:1373] | ℹ️ Using full dataset (2543 samples) for CV evaluation.
2025-12-01 00:08:23 | INFO     | [pipeline  :cv_model_evalua...:1397] | ℹ️ Using provided parameters for CV evaluation: {'max_epochs': 70, 'lr': 5e-05, 'batch_size': 16, 'optimizer': 'AdamW', 'optimizer__weight_decay': 0.2, 'callbacks__default_lr_scheduler__policy': 'CosineAnnealingLR', 'callbacks__default_lr_scheduler__T_max': 70, 'callbacks__default_lr_scheduler__eta_min': 1e-06, 'callbacks__default_early_stopping__patience': 15, 'cutmix_alpha': 1.0, 'cutmix_probability': 0.9, 'module__vit_model_variant': 'vit_b_16', 'module__pretrained': True, 'module__unfreeze_strategy': 'encoder_tail', 'module__num_transformer_blocks_to_unfreeze': 6, 'module__unfreeze_cls_token': True, 'module__unfreeze_pos_embedding': True, 'module__unfreeze_patch_embedding': False, 'module__unfreeze_encoder_layernorm': True, 'module__custom_head_hidden_dims': None, 'module__head_dropout_rate': 0.5, 'iterator_train__shuffle': True}
2025-12-01 00:08:23 | DEBUG    | [param_g...:parse_fixed_hyp...: 163] | 🐞 Created LRScheduler instance: policy=CosineAnnealingLR, direct_args={}, constructor_kwargs={'T_max': 70, 'eta_min': 1e-06}
2025-12-01 00:08:23 | INFO     | [pipeline  :cv_model_evalua...:1418] | ℹ️ Skorch internal validation split configured: 11.1% of each CV fold's training data.
2025-12-01 00:08:23 | DEBUG    | [pipeline  :cv_model_evalua...:1445] | 🐞 Will compute detailed metrics (detail_level=2, plot_level=2)
2025-12-01 00:08:23 | INFO     | [pipeline  :cv_model_evalua...:1451] | ℹ️ --- Starting CV Evaluation Fold 1/10 ---
2025-12-01 00:08:23 | DEBUG    | [pipeline  :cv_model_evalua...:1457] | 🐞 Outer split (full set): 2288 train / 255 test samples.
2025-12-01 00:08:23 | DEBUG    | [pipeline  :cv_model_evalua...:1476] | 🐞 Fold 1: Internal split: ~2034 train / ~254 valid.
2025-12-01 00:08:23 | INFO     | [pipeline  :cv_model_evalua...:1486] | ℹ️ Fitting model for fold 1...
2025-12-01 00:08:23 | DEBUG    | [pretrai...:__init__          :  75] | 🐞 Initializing PretrainedViT:
2025-12-01 00:08:23 | DEBUG    | [pretrai...:__init__          :  76] | 🐞   Model Variant: vit_b_16, Pretrained: True
2025-12-01 00:08:23 | DEBUG    | [pretrai...:__init__          :  77] | 🐞   Is Hybrid Input: False
2025-12-01 00:08:23 | DEBUG    | [pretrai...:__init__          :  80] | 🐞   Unfreeze Strategy (Encoder Blocks): encoder_tail
2025-12-01 00:08:23 | DEBUG    | [pretrai...:__init__          :  82] | 🐞   Num Transformer Blocks to Unfreeze: 6
2025-12-01 00:08:23 | DEBUG    | [pretrai...:__init__          :  83] | 🐞   Unfreeze CLS: True, PosEmb: True, PatchEmb: False, EncoderLN: True
2025-12-01 00:08:23 | DEBUG    | [pretrai...:__init__          :  85] | 🐞   Custom Head Hidden Dims: None, Head Dropout: 0.5
2025-12-01 00:08:24 | DEBUG    | [pretrai...:__init__          : 106] | 🐞 Loaded vit_b_16 from torchvision.
2025-12-01 00:08:24 | DEBUG    | [pretrai...:__init__          : 283] | 🐞 Created simple linear head (dropout: 0.5), in_feat=768.
2025-12-01 00:08:24 | INFO     | [pretrai...:__init__          : 293] | ℹ️ PretrainedViT (standard) - Trainable: CLS Token, Positional Embeddings, 6 Encoder Blocks, Encoder LayerNorm, Classification Head.
2025-12-01 00:08:24 | INFO     | [pretrai...:__init__          : 313] | ℹ️ PretrainedViT (standard): Trainable params: 42.69M / Total params: 85.81M (49.75%)
2025-12-01 00:08:24 | DEBUG    | [adapter   :get_split_datasets: 205] | 🐞 Validation split for fold created with 255 original samples.
2025-12-01 00:08:24 | DEBUG    | [adapter   :get_split_datasets: 245] | 🐞 No offline augmentations will be applied.
2025-12-01 00:08:24 | DEBUG    | [adapter   :get_split_datasets: 252] | 🐞 Total training split for fold created with 2033 samples.
2025-12-01 00:08:24 | DEBUG    | [adapter   :get_iterator      : 373] | 🐞 Creating DataLoader for training: dataset_len=2033, batch_size=16, shuffle=True, drop_last=False, collate_fn_type='function', loader_kwargs={'num_workers': 0, 'pin_memory': False}
2025-12-01 00:08:24 | DEBUG    | [adapter   :get_iterator      : 373] | 🐞 Creating DataLoader for validation/evaluation: dataset_len=255, batch_size=16, shuffle=False, drop_last=False, collate_fn_type='function', loader_kwargs={'num_workers': 0, 'pin_memory': False}
2025-12-01 00:08:45 | INFO     | [callbacks :on_epoch_end      : 131] | ℹ️   epoch    train_acc    train_loss    valid_acc    valid_loss   cp           lr     dur
2025-12-01 00:08:45 | INFO     | [callbacks :on_epoch_end      : 131] | ℹ️ -------  -----------  ------------  -----------  ------------  ----  ----------  ------
2025-12-01 00:08:45 | INFO     | [callbacks :on_epoch_end      : 131] | ℹ️       1     ▲ 0.2691      ▼ 2.1300     ▲ 0.4745      ▼ 1.5590        4.9975e-05  21.395
2025-12-01 00:09:04 | INFO     | [callbacks :on_epoch_end      : 131] | ℹ️       2     ▲ 0.4024      ▼ 1.8307     ▲ 0.5137      ▼ 1.4041        4.9901e-05  18.6733
2025-12-01 00:09:23 | INFO     | [callbacks :on_epoch_end      : 131] | ℹ️       3     ▲ 0.4530      ▼ 1.7111     ▲ 0.5216      ▼ 1.3444        4.9778e-05  18.6704
2025-12-01 00:09:41 | INFO     | [callbacks :on_epoch_end      : 131] | ℹ️       4     ▲ 0.4909      ▼ 1.6076     ▲ 0.5686      ▼ 1.1947        4.9606e-05  18.8208
2025-12-01 00:10:00 | INFO     | [callbacks :on_epoch_end      : 131] | ℹ️       5     ▲ 0.5091      ▼ 1.5492     ▲ 0.5686        1.2148        4.9386e-05  18.584
2025-12-01 00:10:19 | INFO     | [callbacks :on_epoch_end      : 131] | ℹ️       6     ▲ 0.5421      ▼ 1.4414       0.5608        1.2243        4.9117e-05  18.602
2025-12-01 00:10:37 | INFO     | [callbacks :on_epoch_end      : 131] | ℹ️       7     ▲ 0.5785      ▼ 1.3776       0.5569        1.2258        4.8801e-05  18.6048
2025-12-01 00:10:56 | INFO     | [callbacks :on_epoch_end      : 131] | ℹ️       8     ▲ 0.6144      ▼ 1.2954     ▲ 0.6314      ▼ 1.1448        4.8438e-05  18.5666
2025-12-01 00:11:14 | INFO     | [callbacks :on_epoch_end      : 131] | ℹ️       9     ▲ 0.6503      ▼ 1.2642       0.5804        1.2255        4.8028e-05  18.5951
2025-12-01 00:11:33 | INFO     | [callbacks :on_epoch_end      : 131] | ℹ️      10     ▲ 0.6709      ▼ 1.2043       0.5608        1.2927        4.7574e-05  18.6377
2025-12-01 00:11:52 | INFO     | [callbacks :on_epoch_end      : 131] | ℹ️      11        0.639      ▼ 1.1153       0.5412        1.2659        4.7075e-05  18.5606
2025-12-01 00:12:10 | INFO     | [callbacks :on_epoch_end      : 131] | ℹ️      12     ▲ 0.6906      ▼ 1.1081       0.5412        1.3942        4.6532e-05  18.6047
2025-12-01 00:12:29 | INFO     | [callbacks :on_epoch_end      : 131] | ℹ️      13     ▲ 0.7108        1.1119        0.549        1.4244        4.5947e-05  18.5989
2025-12-01 00:12:47 | INFO     | [callbacks :on_epoch_end      : 131] | ℹ️      14     ▲ 0.7373      ▼ 1.0472       0.6078        1.2907        4.5321e-05  18.6001
2025-12-01 00:13:06 | INFO     | [callbacks :on_epoch_end      : 131] | ℹ️      15       0.7231      ▼ 0.9839       0.5725        1.4119        4.4655e-05  18.5548
2025-12-01 00:13:25 | INFO     | [callbacks :on_epoch_end      : 131] | ℹ️      16       0.7068        1.0306       0.5804        1.3423        4.395e-05  18.5579
2025-12-01 00:13:43 | INFO     | [callbacks :on_epoch_end      : 131] | ℹ️      17     ▲ 0.7590        0.9881       0.5843        1.4224        4.3208e-05  18.6368
2025-12-01 00:14:02 | INFO     | [callbacks :on_epoch_end      : 131] | ℹ️      18       0.7314      ▼ 0.9363       0.5961        1.4486        4.2431e-05  18.5912
2025-12-01 00:14:20 | INFO     | [callbacks :on_epoch_end      : 131] | ℹ️      19       0.7388      ▼ 0.9267       0.5765        1.4397        4.1619e-05  18.6296
2025-12-01 00:14:39 | INFO     | [callbacks :on_epoch_end      : 131] | ℹ️      20       0.7496        0.9402        0.549         1.497        4.0776e-05  18.5758
2025-12-01 00:14:58 | INFO     | [callbacks :on_epoch_end      : 131] | ℹ️      21       0.7565      ▼ 0.8988       0.6235        1.4148        3.9901e-05  18.5936
2025-12-01 00:15:16 | INFO     | [callbacks :on_epoch_end      : 131] | ℹ️      22     ▲ 0.7964      ▼ 0.8743       0.5922        1.4185        3.8997e-05  18.5989
2025-12-01 00:15:35 | INFO     | [pipeline  :cv_model_evalua...:1500] | ℹ️ Using best model from epoch 23
2025-12-01 00:15:35 | INFO     | [pipeline  :cv_model_evalua...:1503] | ℹ️ Evaluating model on outer test set for fold 1...
2025-12-01 00:15:35 | DEBUG    | [adapter   :get_iterator      : 373] | 🐞 Creating DataLoader for validation/evaluation: dataset_len=255, batch_size=16, shuffle=False, drop_last=False, collate_fn_type='function', loader_kwargs={'num_workers': 0, 'pin_memory': False}
2025-12-01 00:15:36 | DEBUG    | [adapter   :get_iterator      : 373] | 🐞 Creating DataLoader for validation/evaluation: dataset_len=255, batch_size=16, shuffle=False, drop_last=False, collate_fn_type='function', loader_kwargs={'num_workers': 0, 'pin_memory': False}
2025-12-01 00:15:37 | DEBUG    | [pipeline  :_compute_metrics  : 479] | 🐞 Computed Metrics: Acc=0.5804, Macro F1=0.5534
2025-12-01 00:15:37 | INFO     | [pipeline  :cv_model_evalua...:1522] | ℹ️ Fold 1 Test Scores: Acc=0.5804, F1=0.5534
2025-12-01 00:15:37 | INFO     | [pipeline  :cv_model_evalua...:1451] | ℹ️ --- Starting CV Evaluation Fold 2/10 ---
2025-12-01 00:15:37 | DEBUG    | [pipeline  :cv_model_evalua...:1457] | 🐞 Outer split (full set): 2288 train / 255 test samples.
2025-12-01 00:15:37 | DEBUG    | [pipeline  :cv_model_evalua...:1476] | 🐞 Fold 2: Internal split: ~2034 train / ~254 valid.
2025-12-01 00:15:37 | INFO     | [pipeline  :cv_model_evalua...:1486] | ℹ️ Fitting model for fold 2...
2025-12-01 00:15:37 | DEBUG    | [pretrai...:__init__          :  75] | 🐞 Initializing PretrainedViT:
2025-12-01 00:15:37 | DEBUG    | [pretrai...:__init__          :  76] | 🐞   Model Variant: vit_b_16, Pretrained: True
2025-12-01 00:15:37 | DEBUG    | [pretrai...:__init__          :  77] | 🐞   Is Hybrid Input: False
2025-12-01 00:15:37 | DEBUG    | [pretrai...:__init__          :  80] | 🐞   Unfreeze Strategy (Encoder Blocks): encoder_tail
2025-12-01 00:15:37 | DEBUG    | [pretrai...:__init__          :  82] | 🐞   Num Transformer Blocks to Unfreeze: 6
2025-12-01 00:15:37 | DEBUG    | [pretrai...:__init__          :  83] | 🐞   Unfreeze CLS: True, PosEmb: True, PatchEmb: False, EncoderLN: True
2025-12-01 00:15:37 | DEBUG    | [pretrai...:__init__          :  85] | 🐞   Custom Head Hidden Dims: None, Head Dropout: 0.5
2025-12-01 00:15:37 | DEBUG    | [pretrai...:__init__          : 106] | 🐞 Loaded vit_b_16 from torchvision.
2025-12-01 00:15:37 | DEBUG    | [pretrai...:__init__          : 283] | 🐞 Created simple linear head (dropout: 0.5), in_feat=768.
2025-12-01 00:15:37 | INFO     | [pretrai...:__init__          : 293] | ℹ️ PretrainedViT (standard) - Trainable: CLS Token, Positional Embeddings, 6 Encoder Blocks, Encoder LayerNorm, Classification Head.
2025-12-01 00:15:37 | INFO     | [pretrai...:__init__          : 313] | ℹ️ PretrainedViT (standard): Trainable params: 42.69M / Total params: 85.81M (49.75%)
2025-12-01 00:15:37 | DEBUG    | [adapter   :get_split_datasets: 205] | 🐞 Validation split for fold created with 255 original samples.
2025-12-01 00:15:37 | DEBUG    | [adapter   :get_split_datasets: 245] | 🐞 No offline augmentations will be applied.
2025-12-01 00:15:37 | DEBUG    | [adapter   :get_split_datasets: 252] | 🐞 Total training split for fold created with 2033 samples.
2025-12-01 00:15:37 | DEBUG    | [adapter   :get_iterator      : 373] | 🐞 Creating DataLoader for training: dataset_len=2033, batch_size=16, shuffle=True, drop_last=False, collate_fn_type='function', loader_kwargs={'num_workers': 0, 'pin_memory': False}
2025-12-01 00:15:37 | DEBUG    | [adapter   :get_iterator      : 373] | 🐞 Creating DataLoader for validation/evaluation: dataset_len=255, batch_size=16, shuffle=False, drop_last=False, collate_fn_type='function', loader_kwargs={'num_workers': 0, 'pin_memory': False}
2025-12-01 00:15:58 | INFO     | [callbacks :on_epoch_end      : 131] | ℹ️   epoch    train_acc    train_loss    valid_acc    valid_loss   cp           lr      dur
2025-12-01 00:15:58 | INFO     | [callbacks :on_epoch_end      : 131] | ℹ️ -------  -----------  ------------  -----------  ------------  ----  ----------  -------
2025-12-01 00:15:58 | INFO     | [callbacks :on_epoch_end      : 131] | ℹ️       1     ▲ 0.2937      ▼ 2.0983     ▲ 0.4118      ▼ 1.6532        4.9975e-05  20.4982
2025-12-01 00:16:16 | INFO     | [callbacks :on_epoch_end      : 131] | ℹ️       2     ▲ 0.4137      ▼ 1.7955     ▲ 0.4471      ▼ 1.5274        4.9901e-05  18.6616
2025-12-01 00:16:35 | INFO     | [callbacks :on_epoch_end      : 131] | ℹ️       3     ▲ 0.4378      ▼ 1.7071     ▲ 0.5569      ▼ 1.4183        4.9778e-05  18.5702
2025-12-01 00:16:54 | INFO     | [callbacks :on_epoch_end      : 131] | ℹ️       4     ▲ 0.4929      ▼ 1.5751       0.5451        1.4554        4.9606e-05  18.6105
2025-12-01 00:17:12 | INFO     | [callbacks :on_epoch_end      : 131] | ℹ️       5     ▲ 0.5460      ▼ 1.4997       0.5451      ▼ 1.3861        4.9386e-05  18.5771
2025-12-01 00:17:31 | INFO     | [callbacks :on_epoch_end      : 131] | ℹ️       6     ▲ 0.5568      ▼ 1.4299     ▲ 0.5922      ▼ 1.2613        4.9117e-05  18.6053
2025-12-01 00:17:49 | INFO     | [callbacks :on_epoch_end      : 131] | ℹ️       7     ▲ 0.5853      ▼ 1.3721       0.5686         1.289        4.8801e-05  18.6009
2025-12-01 00:18:08 | INFO     | [callbacks :on_epoch_end      : 131] | ℹ️       8     ▲ 0.6090      ▼ 1.3029       0.5725        1.3642        4.8438e-05  18.5701
2025-12-01 00:18:27 | INFO     | [callbacks :on_epoch_end      : 131] | ℹ️       9     ▲ 0.6380      ▼ 1.2661     ▲ 0.6078         1.274        4.8028e-05  18.5992
2025-12-01 00:18:45 | INFO     | [callbacks :on_epoch_end      : 131] | ℹ️      10       0.6232      ▼ 1.2096          0.6        1.3224        4.7574e-05  18.5854
2025-12-01 00:19:04 | INFO     | [callbacks :on_epoch_end      : 131] | ℹ️      11     ▲ 0.6631      ▼ 1.1853     ▲ 0.6078        1.2906        4.7075e-05  18.5698
2025-12-01 00:19:22 | INFO     | [callbacks :on_epoch_end      : 131] | ℹ️      12     ▲ 0.7044      ▼ 1.0966       0.6039        1.3607        4.6532e-05  18.5799
2025-12-01 00:19:41 | INFO     | [callbacks :on_epoch_end      : 131] | ℹ️      13       0.6714      ▼ 1.0692     ▲ 0.6196        1.2923        4.5947e-05  18.5806
2025-12-01 00:19:59 | INFO     | [callbacks :on_epoch_end      : 131] | ℹ️      14       0.6965      ▼ 1.0174     ▲ 0.6275        1.3263        4.5321e-05  18.4947
2025-12-01 00:20:18 | INFO     | [callbacks :on_epoch_end      : 131] | ℹ️      15     ▲ 0.7118        1.0353       0.6039         1.304        4.4655e-05  18.6079
2025-12-01 00:20:37 | INFO     | [callbacks :on_epoch_end      : 131] | ℹ️      16     ▲ 0.7359      ▼ 0.9440       0.6118        1.3705        4.395e-05  18.612
2025-12-01 00:20:55 | INFO     | [callbacks :on_epoch_end      : 131] | ℹ️      17       0.7009        0.9804       0.5804        1.4841        4.3208e-05  18.595
2025-12-01 00:21:14 | INFO     | [callbacks :on_epoch_end      : 131] | ℹ️      18       0.7275        0.9771       0.5882        1.3673        4.2431e-05  18.5989
2025-12-01 00:21:32 | INFO     | [callbacks :on_epoch_end      : 131] | ℹ️      19     ▲ 0.7398      ▼ 0.9191       0.6118        1.3594        4.1619e-05  18.5283
2025-12-01 00:21:51 | INFO     | [callbacks :on_epoch_end      : 131] | ℹ️      20     ▲ 0.7467      ▼ 0.8790     ▲ 0.6275        1.3875        4.0776e-05  18.5052
2025-12-01 00:22:09 | INFO     | [pipeline  :cv_model_evalua...:1500] | ℹ️ Using best model from epoch 21
2025-12-01 00:22:09 | INFO     | [pipeline  :cv_model_evalua...:1503] | ℹ️ Evaluating model on outer test set for fold 2...
2025-12-01 00:22:09 | DEBUG    | [adapter   :get_iterator      : 373] | 🐞 Creating DataLoader for validation/evaluation: dataset_len=255, batch_size=16, shuffle=False, drop_last=False, collate_fn_type='function', loader_kwargs={'num_workers': 0, 'pin_memory': False}
2025-12-01 00:22:10 | DEBUG    | [adapter   :get_iterator      : 373] | 🐞 Creating DataLoader for validation/evaluation: dataset_len=255, batch_size=16, shuffle=False, drop_last=False, collate_fn_type='function', loader_kwargs={'num_workers': 0, 'pin_memory': False}
2025-12-01 00:22:11 | DEBUG    | [pipeline  :_compute_metrics  : 479] | 🐞 Computed Metrics: Acc=0.5490, Macro F1=0.5350
2025-12-01 00:22:11 | INFO     | [pipeline  :cv_model_evalua...:1522] | ℹ️ Fold 2 Test Scores: Acc=0.5490, F1=0.5350
2025-12-01 00:22:11 | INFO     | [pipeline  :cv_model_evalua...:1451] | ℹ️ --- Starting CV Evaluation Fold 3/10 ---
2025-12-01 00:22:11 | DEBUG    | [pipeline  :cv_model_evalua...:1457] | 🐞 Outer split (full set): 2288 train / 255 test samples.
2025-12-01 00:22:11 | DEBUG    | [pipeline  :cv_model_evalua...:1476] | 🐞 Fold 3: Internal split: ~2034 train / ~254 valid.
2025-12-01 00:22:11 | INFO     | [pipeline  :cv_model_evalua...:1486] | ℹ️ Fitting model for fold 3...
2025-12-01 00:22:11 | DEBUG    | [pretrai...:__init__          :  75] | 🐞 Initializing PretrainedViT:
2025-12-01 00:22:11 | DEBUG    | [pretrai...:__init__          :  76] | 🐞   Model Variant: vit_b_16, Pretrained: True
2025-12-01 00:22:11 | DEBUG    | [pretrai...:__init__          :  77] | 🐞   Is Hybrid Input: False
2025-12-01 00:22:11 | DEBUG    | [pretrai...:__init__          :  80] | 🐞   Unfreeze Strategy (Encoder Blocks): encoder_tail
2025-12-01 00:22:11 | DEBUG    | [pretrai...:__init__          :  82] | 🐞   Num Transformer Blocks to Unfreeze: 6
2025-12-01 00:22:11 | DEBUG    | [pretrai...:__init__          :  83] | 🐞   Unfreeze CLS: True, PosEmb: True, PatchEmb: False, EncoderLN: True
2025-12-01 00:22:11 | DEBUG    | [pretrai...:__init__          :  85] | 🐞   Custom Head Hidden Dims: None, Head Dropout: 0.5
2025-12-01 00:22:12 | DEBUG    | [pretrai...:__init__          : 106] | 🐞 Loaded vit_b_16 from torchvision.
2025-12-01 00:22:12 | DEBUG    | [pretrai...:__init__          : 283] | 🐞 Created simple linear head (dropout: 0.5), in_feat=768.
2025-12-01 00:22:12 | INFO     | [pretrai...:__init__          : 293] | ℹ️ PretrainedViT (standard) - Trainable: CLS Token, Positional Embeddings, 6 Encoder Blocks, Encoder LayerNorm, Classification Head.
2025-12-01 00:22:12 | INFO     | [pretrai...:__init__          : 313] | ℹ️ PretrainedViT (standard): Trainable params: 42.69M / Total params: 85.81M (49.75%)
2025-12-01 00:22:12 | DEBUG    | [adapter   :get_split_datasets: 205] | 🐞 Validation split for fold created with 255 original samples.
2025-12-01 00:22:12 | DEBUG    | [adapter   :get_split_datasets: 245] | 🐞 No offline augmentations will be applied.
2025-12-01 00:22:12 | DEBUG    | [adapter   :get_split_datasets: 252] | 🐞 Total training split for fold created with 2033 samples.
2025-12-01 00:22:12 | DEBUG    | [adapter   :get_iterator      : 373] | 🐞 Creating DataLoader for training: dataset_len=2033, batch_size=16, shuffle=True, drop_last=False, collate_fn_type='function', loader_kwargs={'num_workers': 0, 'pin_memory': False}
2025-12-01 00:22:12 | DEBUG    | [adapter   :get_iterator      : 373] | 🐞 Creating DataLoader for validation/evaluation: dataset_len=255, batch_size=16, shuffle=False, drop_last=False, collate_fn_type='function', loader_kwargs={'num_workers': 0, 'pin_memory': False}
2025-12-01 00:22:32 | INFO     | [callbacks :on_epoch_end      : 131] | ℹ️   epoch    train_acc    train_loss    valid_acc    valid_loss   cp           lr      dur
2025-12-01 00:22:32 | INFO     | [callbacks :on_epoch_end      : 131] | ℹ️ -------  -----------  ------------  -----------  ------------  ----  ----------  -------
2025-12-01 00:22:32 | INFO     | [callbacks :on_epoch_end      : 131] | ℹ️       1     ▲ 0.2932      ▼ 2.1068     ▲ 0.4314      ▼ 1.5728        4.9975e-05  20.4063
2025-12-01 00:22:51 | INFO     | [callbacks :on_epoch_end      : 131] | ℹ️       2     ▲ 0.4274      ▼ 1.7584     ▲ 0.4902      ▼ 1.3985        4.9901e-05  18.6101
2025-12-01 00:23:09 | INFO     | [callbacks :on_epoch_end      : 131] | ℹ️       3     ▲ 0.4481      ▼ 1.6720     ▲ 0.5451      ▼ 1.3063        4.9778e-05  18.5745
2025-12-01 00:23:28 | INFO     | [callbacks :on_epoch_end      : 131] | ℹ️       4     ▲ 0.4840      ▼ 1.5662     ▲ 0.5490        1.3248        4.9606e-05  18.4814
2025-12-01 00:23:46 | INFO     | [callbacks :on_epoch_end      : 131] | ℹ️       5     ▲ 0.5450      ▼ 1.5038       0.5294      ▼ 1.2601        4.9386e-05  18.5572
2025-12-01 00:24:05 | INFO     | [callbacks :on_epoch_end      : 131] | ℹ️       6     ▲ 0.5499      ▼ 1.3976     ▲ 0.5569      ▼ 1.2543        4.9117e-05  18.5213
2025-12-01 00:24:23 | INFO     | [callbacks :on_epoch_end      : 131] | ℹ️       7     ▲ 0.5952      ▼ 1.3309     ▲ 0.5569        1.2686        4.8801e-05  18.543
2025-12-01 00:24:42 | INFO     | [callbacks :on_epoch_end      : 131] | ℹ️       8       0.5947      ▼ 1.2979     ▲ 0.5961        1.2831        4.8438e-05  18.535
2025-12-01 00:25:01 | INFO     | [callbacks :on_epoch_end      : 131] | ℹ️       9     ▲ 0.6227      ▼ 1.2729       0.5686        1.2993        4.8028e-05  18.5699
2025-12-01 00:25:19 | INFO     | [callbacks :on_epoch_end      : 131] | ℹ️      10     ▲ 0.6439      ▼ 1.2223       0.5608         1.404        4.7574e-05  18.5433
2025-12-01 00:25:38 | INFO     | [callbacks :on_epoch_end      : 131] | ℹ️      11     ▲ 0.6734      ▼ 1.1225       0.5725        1.3233        4.7075e-05  18.5217
2025-12-01 00:25:56 | INFO     | [callbacks :on_epoch_end      : 131] | ℹ️      12     ▲ 0.6847      ▼ 1.0779       0.5765        1.3234        4.6532e-05  18.5774
2025-12-01 00:26:15 | INFO     | [callbacks :on_epoch_end      : 131] | ℹ️      13     ▲ 0.7088      ▼ 1.0459       0.5647        1.3147        4.5947e-05  18.5397
2025-12-01 00:26:33 | INFO     | [callbacks :on_epoch_end      : 131] | ℹ️      14       0.6803      ▼ 1.0217       0.5725        1.3831        4.5321e-05  18.5874
2025-12-01 00:26:52 | INFO     | [callbacks :on_epoch_end      : 131] | ℹ️      15     ▲ 0.7408      ▼ 0.9564       0.5608        1.4186        4.4655e-05  18.649
2025-12-01 00:27:11 | INFO     | [callbacks :on_epoch_end      : 131] | ℹ️      16     ▲ 0.7447        0.9669       0.5686        1.5006        4.395e-05  18.5791
2025-12-01 00:27:29 | INFO     | [callbacks :on_epoch_end      : 131] | ℹ️      17       0.7019        1.0008       0.5569        1.5017        4.3208e-05  18.6014
2025-12-01 00:27:48 | INFO     | [callbacks :on_epoch_end      : 131] | ℹ️      18       0.6867        1.0037       0.5608        1.4422        4.2431e-05  18.5687
2025-12-01 00:28:06 | INFO     | [callbacks :on_epoch_end      : 131] | ℹ️      19     ▲ 0.7472      ▼ 0.9533       0.5608        1.5271        4.1619e-05  18.5119
2025-12-01 00:28:25 | INFO     | [callbacks :on_epoch_end      : 131] | ℹ️      20     ▲ 0.7560      ▼ 0.8618       0.5843        1.3957        4.0776e-05  18.5212
2025-12-01 00:28:43 | INFO     | [pipeline  :cv_model_evalua...:1500] | ℹ️ Using best model from epoch 21
2025-12-01 00:28:43 | INFO     | [pipeline  :cv_model_evalua...:1503] | ℹ️ Evaluating model on outer test set for fold 3...
2025-12-01 00:28:43 | DEBUG    | [adapter   :get_iterator      : 373] | 🐞 Creating DataLoader for validation/evaluation: dataset_len=255, batch_size=16, shuffle=False, drop_last=False, collate_fn_type='function', loader_kwargs={'num_workers': 0, 'pin_memory': False}
2025-12-01 00:28:44 | DEBUG    | [adapter   :get_iterator      : 373] | 🐞 Creating DataLoader for validation/evaluation: dataset_len=255, batch_size=16, shuffle=False, drop_last=False, collate_fn_type='function', loader_kwargs={'num_workers': 0, 'pin_memory': False}
2025-12-01 00:28:45 | DEBUG    | [pipeline  :_compute_metrics  : 479] | 🐞 Computed Metrics: Acc=0.5608, Macro F1=0.5493
2025-12-01 00:28:45 | INFO     | [pipeline  :cv_model_evalua...:1522] | ℹ️ Fold 3 Test Scores: Acc=0.5608, F1=0.5493
2025-12-01 00:28:45 | INFO     | [pipeline  :cv_model_evalua...:1451] | ℹ️ --- Starting CV Evaluation Fold 4/10 ---
2025-12-01 00:28:45 | DEBUG    | [pipeline  :cv_model_evalua...:1457] | 🐞 Outer split (full set): 2289 train / 254 test samples.
2025-12-01 00:28:45 | DEBUG    | [pipeline  :cv_model_evalua...:1476] | 🐞 Fold 4: Internal split: ~2035 train / ~254 valid.
2025-12-01 00:28:45 | INFO     | [pipeline  :cv_model_evalua...:1486] | ℹ️ Fitting model for fold 4...
2025-12-01 00:28:45 | DEBUG    | [pretrai...:__init__          :  75] | 🐞 Initializing PretrainedViT:
2025-12-01 00:28:45 | DEBUG    | [pretrai...:__init__          :  76] | 🐞   Model Variant: vit_b_16, Pretrained: True
2025-12-01 00:28:45 | DEBUG    | [pretrai...:__init__          :  77] | 🐞   Is Hybrid Input: False
2025-12-01 00:28:45 | DEBUG    | [pretrai...:__init__          :  80] | 🐞   Unfreeze Strategy (Encoder Blocks): encoder_tail
2025-12-01 00:28:45 | DEBUG    | [pretrai...:__init__          :  82] | 🐞   Num Transformer Blocks to Unfreeze: 6
2025-12-01 00:28:45 | DEBUG    | [pretrai...:__init__          :  83] | 🐞   Unfreeze CLS: True, PosEmb: True, PatchEmb: False, EncoderLN: True
2025-12-01 00:28:45 | DEBUG    | [pretrai...:__init__          :  85] | 🐞   Custom Head Hidden Dims: None, Head Dropout: 0.5
2025-12-01 00:28:45 | DEBUG    | [pretrai...:__init__          : 106] | 🐞 Loaded vit_b_16 from torchvision.
2025-12-01 00:28:45 | DEBUG    | [pretrai...:__init__          : 283] | 🐞 Created simple linear head (dropout: 0.5), in_feat=768.
2025-12-01 00:28:45 | INFO     | [pretrai...:__init__          : 293] | ℹ️ PretrainedViT (standard) - Trainable: CLS Token, Positional Embeddings, 6 Encoder Blocks, Encoder LayerNorm, Classification Head.
2025-12-01 00:28:45 | INFO     | [pretrai...:__init__          : 313] | ℹ️ PretrainedViT (standard): Trainable params: 42.69M / Total params: 85.81M (49.75%)
2025-12-01 00:28:46 | DEBUG    | [adapter   :get_split_datasets: 205] | 🐞 Validation split for fold created with 255 original samples.
2025-12-01 00:28:46 | DEBUG    | [adapter   :get_split_datasets: 245] | 🐞 No offline augmentations will be applied.
2025-12-01 00:28:46 | DEBUG    | [adapter   :get_split_datasets: 252] | 🐞 Total training split for fold created with 2034 samples.
2025-12-01 00:28:46 | DEBUG    | [adapter   :get_iterator      : 373] | 🐞 Creating DataLoader for training: dataset_len=2034, batch_size=16, shuffle=True, drop_last=False, collate_fn_type='function', loader_kwargs={'num_workers': 0, 'pin_memory': False}
2025-12-01 00:28:46 | DEBUG    | [adapter   :get_iterator      : 373] | 🐞 Creating DataLoader for validation/evaluation: dataset_len=255, batch_size=16, shuffle=False, drop_last=False, collate_fn_type='function', loader_kwargs={'num_workers': 0, 'pin_memory': False}
2025-12-01 00:29:06 | INFO     | [callbacks :on_epoch_end      : 131] | ℹ️   epoch    train_acc    train_loss    valid_acc    valid_loss   cp           lr      dur
2025-12-01 00:29:06 | INFO     | [callbacks :on_epoch_end      : 131] | ℹ️ -------  -----------  ------------  -----------  ------------  ----  ----------  -------
2025-12-01 00:29:06 | INFO     | [callbacks :on_epoch_end      : 131] | ℹ️       1     ▲ 0.2847      ▼ 2.1159     ▲ 0.4000      ▼ 1.6951        4.9975e-05  20.5238
2025-12-01 00:29:25 | INFO     | [callbacks :on_epoch_end      : 131] | ℹ️       2     ▲ 0.4051      ▼ 1.8197     ▲ 0.4863      ▼ 1.4692        4.9901e-05  18.6259
2025-12-01 00:29:43 | INFO     | [callbacks :on_epoch_end      : 131] | ℹ️       3     ▲ 0.4562      ▼ 1.7052     ▲ 0.5451      ▼ 1.3920        4.9778e-05  18.5824
2025-12-01 00:30:02 | INFO     | [callbacks :on_epoch_end      : 131] | ℹ️       4     ▲ 0.4912      ▼ 1.5933       0.5294      ▼ 1.3895        4.9606e-05  18.5718
2025-12-01 00:30:21 | INFO     | [callbacks :on_epoch_end      : 131] | ℹ️       5     ▲ 0.5349      ▼ 1.5419       0.5333      ▼ 1.3148        4.9386e-05  18.6081
2025-12-01 00:30:39 | INFO     | [callbacks :on_epoch_end      : 131] | ℹ️       6     ▲ 0.5875      ▼ 1.4037     ▲ 0.5490        1.3185        4.9117e-05  18.5848
2025-12-01 00:30:58 | INFO     | [callbacks :on_epoch_end      : 131] | ℹ️       7     ▲ 0.5954      ▼ 1.3099       0.5294        1.3754        4.8801e-05  18.6276
2025-12-01 00:31:16 | INFO     | [callbacks :on_epoch_end      : 131] | ℹ️       8     ▲ 0.6568      ▼ 1.2198       0.5294        1.4354        4.8438e-05  18.5832
2025-12-01 00:31:35 | INFO     | [callbacks :on_epoch_end      : 131] | ℹ️       9     ▲ 0.6652      ▼ 1.2060     ▲ 0.5490        1.4047        4.8028e-05  18.5523
2025-12-01 00:31:54 | INFO     | [callbacks :on_epoch_end      : 131] | ℹ️      10       0.6372        1.2237       0.5373        1.4696        4.7574e-05  18.5962
2025-12-01 00:32:12 | INFO     | [callbacks :on_epoch_end      : 131] | ℹ️      11       0.6288        1.2391       0.5373        1.5441        4.7075e-05  18.5678
2025-12-01 00:32:31 | INFO     | [callbacks :on_epoch_end      : 131] | ℹ️      12     ▲ 0.7271      ▼ 1.0792       0.5373        1.5227        4.6532e-05  18.5875
2025-12-01 00:32:49 | INFO     | [callbacks :on_epoch_end      : 131] | ℹ️      13       0.7006      ▼ 1.0787       0.5412        1.5465        4.5947e-05  18.5755
2025-12-01 00:33:08 | INFO     | [callbacks :on_epoch_end      : 131] | ℹ️      14     ▲ 0.7399      ▼ 0.9783       0.5373         1.544        4.5321e-05  18.6175
2025-12-01 00:33:27 | INFO     | [callbacks :on_epoch_end      : 131] | ℹ️      15       0.7232        0.9896       0.5294        1.6302        4.4655e-05  18.6189
2025-12-01 00:33:45 | INFO     | [callbacks :on_epoch_end      : 131] | ℹ️      16     ▲ 0.7670      ▼ 0.9408     ▲ 0.5686        1.6364        4.395e-05  18.584
2025-12-01 00:34:04 | INFO     | [callbacks :on_epoch_end      : 131] | ℹ️      17       0.7414        0.9846       0.5529        1.6763        4.3208e-05  18.6246
2025-12-01 00:34:22 | INFO     | [callbacks :on_epoch_end      : 131] | ℹ️      18       0.7443        0.9486       0.5529        1.6506        4.2431e-05  18.5978
2025-12-01 00:34:41 | INFO     | [callbacks :on_epoch_end      : 131] | ℹ️      19       0.7512      ▼ 0.8898       0.5451        1.7029        4.1619e-05  18.6104
2025-12-01 00:35:00 | INFO     | [pipeline  :cv_model_evalua...:1500] | ℹ️ Using best model from epoch 20
2025-12-01 00:35:00 | INFO     | [pipeline  :cv_model_evalua...:1503] | ℹ️ Evaluating model on outer test set for fold 4...
2025-12-01 00:35:00 | DEBUG    | [adapter   :get_iterator      : 373] | 🐞 Creating DataLoader for validation/evaluation: dataset_len=254, batch_size=16, shuffle=False, drop_last=False, collate_fn_type='function', loader_kwargs={'num_workers': 0, 'pin_memory': False}
2025-12-01 00:35:00 | DEBUG    | [adapter   :get_iterator      : 373] | 🐞 Creating DataLoader for validation/evaluation: dataset_len=254, batch_size=16, shuffle=False, drop_last=False, collate_fn_type='function', loader_kwargs={'num_workers': 0, 'pin_memory': False}
2025-12-01 00:35:01 | DEBUG    | [pipeline  :_compute_metrics  : 479] | 🐞 Computed Metrics: Acc=0.5709, Macro F1=0.5546
2025-12-01 00:35:01 | INFO     | [pipeline  :cv_model_evalua...:1522] | ℹ️ Fold 4 Test Scores: Acc=0.5709, F1=0.5546
2025-12-01 00:35:01 | INFO     | [pipeline  :cv_model_evalua...:1451] | ℹ️ --- Starting CV Evaluation Fold 5/10 ---
2025-12-01 00:35:01 | DEBUG    | [pipeline  :cv_model_evalua...:1457] | 🐞 Outer split (full set): 2289 train / 254 test samples.
2025-12-01 00:35:01 | DEBUG    | [pipeline  :cv_model_evalua...:1476] | 🐞 Fold 5: Internal split: ~2035 train / ~254 valid.
2025-12-01 00:35:01 | INFO     | [pipeline  :cv_model_evalua...:1486] | ℹ️ Fitting model for fold 5...
2025-12-01 00:35:01 | DEBUG    | [pretrai...:__init__          :  75] | 🐞 Initializing PretrainedViT:
2025-12-01 00:35:01 | DEBUG    | [pretrai...:__init__          :  76] | 🐞   Model Variant: vit_b_16, Pretrained: True
2025-12-01 00:35:01 | DEBUG    | [pretrai...:__init__          :  77] | 🐞   Is Hybrid Input: False
2025-12-01 00:35:01 | DEBUG    | [pretrai...:__init__          :  80] | 🐞   Unfreeze Strategy (Encoder Blocks): encoder_tail
2025-12-01 00:35:01 | DEBUG    | [pretrai...:__init__          :  82] | 🐞   Num Transformer Blocks to Unfreeze: 6
2025-12-01 00:35:01 | DEBUG    | [pretrai...:__init__          :  83] | 🐞   Unfreeze CLS: True, PosEmb: True, PatchEmb: False, EncoderLN: True
2025-12-01 00:35:01 | DEBUG    | [pretrai...:__init__          :  85] | 🐞   Custom Head Hidden Dims: None, Head Dropout: 0.5
2025-12-01 00:35:02 | DEBUG    | [pretrai...:__init__          : 106] | 🐞 Loaded vit_b_16 from torchvision.
2025-12-01 00:35:02 | DEBUG    | [pretrai...:__init__          : 283] | 🐞 Created simple linear head (dropout: 0.5), in_feat=768.
2025-12-01 00:35:02 | INFO     | [pretrai...:__init__          : 293] | ℹ️ PretrainedViT (standard) - Trainable: CLS Token, Positional Embeddings, 6 Encoder Blocks, Encoder LayerNorm, Classification Head.
2025-12-01 00:35:02 | INFO     | [pretrai...:__init__          : 313] | ℹ️ PretrainedViT (standard): Trainable params: 42.69M / Total params: 85.81M (49.75%)
2025-12-01 00:35:02 | DEBUG    | [adapter   :get_split_datasets: 205] | 🐞 Validation split for fold created with 255 original samples.
2025-12-01 00:35:02 | DEBUG    | [adapter   :get_split_datasets: 245] | 🐞 No offline augmentations will be applied.
2025-12-01 00:35:02 | DEBUG    | [adapter   :get_split_datasets: 252] | 🐞 Total training split for fold created with 2034 samples.
2025-12-01 00:35:02 | DEBUG    | [adapter   :get_iterator      : 373] | 🐞 Creating DataLoader for training: dataset_len=2034, batch_size=16, shuffle=True, drop_last=False, collate_fn_type='function', loader_kwargs={'num_workers': 0, 'pin_memory': False}
2025-12-01 00:35:02 | DEBUG    | [adapter   :get_iterator      : 373] | 🐞 Creating DataLoader for validation/evaluation: dataset_len=255, batch_size=16, shuffle=False, drop_last=False, collate_fn_type='function', loader_kwargs={'num_workers': 0, 'pin_memory': False}
2025-12-01 00:35:22 | INFO     | [callbacks :on_epoch_end      : 131] | ℹ️   epoch    train_acc    train_loss    valid_acc    valid_loss   cp           lr      dur
2025-12-01 00:35:22 | INFO     | [callbacks :on_epoch_end      : 131] | ℹ️ -------  -----------  ------------  -----------  ------------  ----  ----------  -------
2025-12-01 00:35:22 | INFO     | [callbacks :on_epoch_end      : 131] | ℹ️       1     ▲ 0.2738      ▼ 2.1456     ▲ 0.4941      ▼ 1.5941        4.9975e-05  20.4175
2025-12-01 00:35:41 | INFO     | [callbacks :on_epoch_end      : 131] | ℹ️       2     ▲ 0.4199      ▼ 1.7887     ▲ 0.5216      ▼ 1.3925        4.9901e-05  18.6412
2025-12-01 00:35:59 | INFO     | [callbacks :on_epoch_end      : 131] | ℹ️       3     ▲ 0.4774      ▼ 1.6690     ▲ 0.5216      ▼ 1.3437        4.9778e-05  18.587
2025-12-01 00:36:18 | INFO     | [callbacks :on_epoch_end      : 131] | ℹ️       4     ▲ 0.4971      ▼ 1.5808     ▲ 0.5451      ▼ 1.2987        4.9606e-05  18.6114
2025-12-01 00:36:37 | INFO     | [callbacks :on_epoch_end      : 131] | ℹ️       5     ▲ 0.5290      ▼ 1.5223     ▲ 0.5451      ▼ 1.2722        4.9386e-05  18.5451
2025-12-01 00:36:55 | INFO     | [callbacks :on_epoch_end      : 131] | ℹ️       6     ▲ 0.5624      ▼ 1.4379     ▲ 0.6000      ▼ 1.2227        4.9117e-05  18.5986
2025-12-01 00:37:14 | INFO     | [callbacks :on_epoch_end      : 131] | ℹ️       7       0.5521      ▼ 1.3856       0.5608        1.3069        4.8801e-05  18.5323
2025-12-01 00:37:32 | INFO     | [callbacks :on_epoch_end      : 131] | ℹ️       8     ▲ 0.6436      ▼ 1.2674       0.5333        1.3358        4.8438e-05  18.5608
2025-12-01 00:37:51 | INFO     | [callbacks :on_epoch_end      : 131] | ℹ️       9       0.6037        1.3038       0.5882        1.2729        4.8028e-05  18.595
2025-12-01 00:38:09 | INFO     | [callbacks :on_epoch_end      : 131] | ℹ️      10       0.6327      ▼ 1.2323       0.5608        1.3194        4.7574e-05  18.6156
2025-12-01 00:38:28 | INFO     | [callbacks :on_epoch_end      : 131] | ℹ️      11     ▲ 0.6534      ▼ 1.1405       0.5843        1.3096        4.7075e-05  18.5669
2025-12-01 00:38:47 | INFO     | [callbacks :on_epoch_end      : 131] | ℹ️      12     ▲ 0.6912      ▼ 1.0649       0.5529        1.3799        4.6532e-05  18.6357
2025-12-01 00:39:05 | INFO     | [callbacks :on_epoch_end      : 131] | ℹ️      13     ▲ 0.7085      ▼ 1.0132       0.5647         1.457        4.5947e-05  18.5771
2025-12-01 00:39:24 | INFO     | [callbacks :on_epoch_end      : 131] | ℹ️      14     ▲ 0.7409        1.0133       0.5686        1.4356        4.5321e-05  18.6065
2025-12-01 00:39:43 | INFO     | [callbacks :on_epoch_end      : 131] | ℹ️      15       0.7168        1.0385       0.5961        1.3679        4.4655e-05  18.6707
2025-12-01 00:40:01 | INFO     | [callbacks :on_epoch_end      : 131] | ℹ️      16       0.7281      ▼ 0.9723       0.5725        1.4056        4.395e-05  18.5615
2025-12-01 00:40:20 | INFO     | [callbacks :on_epoch_end      : 131] | ℹ️      17       0.7252        0.9768     ▲ 0.6078        1.4074        4.3208e-05  18.6136
2025-12-01 00:40:38 | INFO     | [callbacks :on_epoch_end      : 131] | ℹ️      18       0.7321      ▼ 0.9341       0.5843        1.4056        4.2431e-05  18.5813
2025-12-01 00:40:57 | INFO     | [callbacks :on_epoch_end      : 131] | ℹ️      19     ▲ 0.7493      ▼ 0.9239       0.5412        1.5693        4.1619e-05  18.65
2025-12-01 00:41:16 | INFO     | [callbacks :on_epoch_end      : 131] | ℹ️      20       0.7247        0.9708       0.5569        1.5108        4.0776e-05  18.579
2025-12-01 00:41:34 | INFO     | [pipeline  :cv_model_evalua...:1500] | ℹ️ Using best model from epoch 21
2025-12-01 00:41:34 | INFO     | [pipeline  :cv_model_evalua...:1503] | ℹ️ Evaluating model on outer test set for fold 5...
2025-12-01 00:41:34 | DEBUG    | [adapter   :get_iterator      : 373] | 🐞 Creating DataLoader for validation/evaluation: dataset_len=254, batch_size=16, shuffle=False, drop_last=False, collate_fn_type='function', loader_kwargs={'num_workers': 0, 'pin_memory': False}
2025-12-01 00:41:35 | DEBUG    | [adapter   :get_iterator      : 373] | 🐞 Creating DataLoader for validation/evaluation: dataset_len=254, batch_size=16, shuffle=False, drop_last=False, collate_fn_type='function', loader_kwargs={'num_workers': 0, 'pin_memory': False}
2025-12-01 00:41:36 | DEBUG    | [pipeline  :_compute_metrics  : 479] | 🐞 Computed Metrics: Acc=0.5984, Macro F1=0.5598
2025-12-01 00:41:36 | INFO     | [pipeline  :cv_model_evalua...:1522] | ℹ️ Fold 5 Test Scores: Acc=0.5984, F1=0.5598
2025-12-01 00:41:36 | INFO     | [pipeline  :cv_model_evalua...:1451] | ℹ️ --- Starting CV Evaluation Fold 6/10 ---
2025-12-01 00:41:36 | DEBUG    | [pipeline  :cv_model_evalua...:1457] | 🐞 Outer split (full set): 2289 train / 254 test samples.
2025-12-01 00:41:36 | DEBUG    | [pipeline  :cv_model_evalua...:1476] | 🐞 Fold 6: Internal split: ~2035 train / ~254 valid.
2025-12-01 00:41:36 | INFO     | [pipeline  :cv_model_evalua...:1486] | ℹ️ Fitting model for fold 6...
2025-12-01 00:41:36 | DEBUG    | [pretrai...:__init__          :  75] | 🐞 Initializing PretrainedViT:
2025-12-01 00:41:36 | DEBUG    | [pretrai...:__init__          :  76] | 🐞   Model Variant: vit_b_16, Pretrained: True
2025-12-01 00:41:36 | DEBUG    | [pretrai...:__init__          :  77] | 🐞   Is Hybrid Input: False
2025-12-01 00:41:36 | DEBUG    | [pretrai...:__init__          :  80] | 🐞   Unfreeze Strategy (Encoder Blocks): encoder_tail
2025-12-01 00:41:36 | DEBUG    | [pretrai...:__init__          :  82] | 🐞   Num Transformer Blocks to Unfreeze: 6
2025-12-01 00:41:36 | DEBUG    | [pretrai...:__init__          :  83] | 🐞   Unfreeze CLS: True, PosEmb: True, PatchEmb: False, EncoderLN: True
2025-12-01 00:41:36 | DEBUG    | [pretrai...:__init__          :  85] | 🐞   Custom Head Hidden Dims: None, Head Dropout: 0.5
2025-12-01 00:41:36 | DEBUG    | [pretrai...:__init__          : 106] | 🐞 Loaded vit_b_16 from torchvision.
2025-12-01 00:41:36 | DEBUG    | [pretrai...:__init__          : 283] | 🐞 Created simple linear head (dropout: 0.5), in_feat=768.
2025-12-01 00:41:36 | INFO     | [pretrai...:__init__          : 293] | ℹ️ PretrainedViT (standard) - Trainable: CLS Token, Positional Embeddings, 6 Encoder Blocks, Encoder LayerNorm, Classification Head.
2025-12-01 00:41:36 | INFO     | [pretrai...:__init__          : 313] | ℹ️ PretrainedViT (standard): Trainable params: 42.69M / Total params: 85.81M (49.75%)
2025-12-01 00:41:36 | DEBUG    | [adapter   :get_split_datasets: 205] | 🐞 Validation split for fold created with 255 original samples.
2025-12-01 00:41:36 | DEBUG    | [adapter   :get_split_datasets: 245] | 🐞 No offline augmentations will be applied.
2025-12-01 00:41:36 | DEBUG    | [adapter   :get_split_datasets: 252] | 🐞 Total training split for fold created with 2034 samples.
2025-12-01 00:41:36 | DEBUG    | [adapter   :get_iterator      : 373] | 🐞 Creating DataLoader for training: dataset_len=2034, batch_size=16, shuffle=True, drop_last=False, collate_fn_type='function', loader_kwargs={'num_workers': 0, 'pin_memory': False}
2025-12-01 00:41:36 | DEBUG    | [adapter   :get_iterator      : 373] | 🐞 Creating DataLoader for validation/evaluation: dataset_len=255, batch_size=16, shuffle=False, drop_last=False, collate_fn_type='function', loader_kwargs={'num_workers': 0, 'pin_memory': False}
2025-12-01 00:41:57 | INFO     | [callbacks :on_epoch_end      : 131] | ℹ️   epoch    train_acc    train_loss    valid_acc    valid_loss   cp           lr      dur
2025-12-01 00:41:57 | INFO     | [callbacks :on_epoch_end      : 131] | ℹ️ -------  -----------  ------------  -----------  ------------  ----  ----------  -------
2025-12-01 00:41:57 | INFO     | [callbacks :on_epoch_end      : 131] | ℹ️       1     ▲ 0.2935      ▼ 2.1022     ▲ 0.4588      ▼ 1.6056        4.9975e-05  20.3662
2025-12-01 00:42:15 | INFO     | [callbacks :on_epoch_end      : 131] | ℹ️       2     ▲ 0.4159      ▼ 1.7875     ▲ 0.4941      ▼ 1.4750        4.9901e-05  18.6707
2025-12-01 00:42:34 | INFO     | [callbacks :on_epoch_end      : 131] | ℹ️       3     ▲ 0.4469      ▼ 1.6746     ▲ 0.5216      ▼ 1.4005        4.9778e-05  18.5883
2025-12-01 00:42:53 | INFO     | [callbacks :on_epoch_end      : 131] | ℹ️       4     ▲ 0.5128      ▼ 1.5594       0.4902        1.4016        4.9606e-05  18.5964
2025-12-01 00:43:11 | INFO     | [callbacks :on_epoch_end      : 131] | ℹ️       5     ▲ 0.5383      ▼ 1.4843     ▲ 0.5294      ▼ 1.3515        4.9386e-05  18.5992
2025-12-01 00:43:30 | INFO     | [callbacks :on_epoch_end      : 131] | ℹ️       6     ▲ 0.5428      ▼ 1.4135     ▲ 0.5373        1.3631        4.9117e-05  18.5689
2025-12-01 00:43:48 | INFO     | [callbacks :on_epoch_end      : 131] | ℹ️       7     ▲ 0.6170      ▼ 1.3416     ▲ 0.5490         1.379        4.8801e-05  18.633
2025-12-01 00:44:07 | INFO     | [callbacks :on_epoch_end      : 131] | ℹ️       8     ▲ 0.6244      ▼ 1.2877       0.5255        1.4566        4.8438e-05  18.6191
2025-12-01 00:44:26 | INFO     | [callbacks :on_epoch_end      : 131] | ℹ️       9     ▲ 0.6273      ▼ 1.1583        0.502        1.5015        4.8028e-05  18.5999
2025-12-01 00:44:44 | INFO     | [callbacks :on_epoch_end      : 131] | ℹ️      10     ▲ 0.6672        1.1796       0.5098        1.5236        4.7574e-05  18.6356
2025-12-01 00:45:03 | INFO     | [callbacks :on_epoch_end      : 131] | ℹ️      11       0.6549      ▼ 1.1386       0.5137        1.5084        4.7075e-05  18.6627
2025-12-01 00:45:22 | INFO     | [callbacks :on_epoch_end      : 131] | ℹ️      12     ▲ 0.7011      ▼ 1.1066       0.5176        1.5318        4.6532e-05  18.6619
2025-12-01 00:45:40 | INFO     | [callbacks :on_epoch_end      : 131] | ℹ️      13       0.6893      ▼ 1.0415       0.5373         1.519        4.5947e-05  18.5414
2025-12-01 00:45:59 | INFO     | [callbacks :on_epoch_end      : 131] | ℹ️      14     ▲ 0.7188      ▼ 1.0164       0.5412        1.6696        4.5321e-05  18.6189
2025-12-01 00:46:17 | INFO     | [callbacks :on_epoch_end      : 131] | ℹ️      15     ▲ 0.7478      ▼ 0.9944     ▲ 0.5529        1.6304        4.4655e-05  18.5241
2025-12-01 00:46:36 | INFO     | [callbacks :on_epoch_end      : 131] | ℹ️      16       0.7148        1.0222        0.502        1.6601        4.395e-05  18.6507
2025-12-01 00:46:55 | INFO     | [callbacks :on_epoch_end      : 131] | ℹ️      17     ▲ 0.7606      ▼ 0.8974       0.5216        1.7249        4.3208e-05  18.571
2025-12-01 00:47:13 | INFO     | [callbacks :on_epoch_end      : 131] | ℹ️      18     ▲ 0.7704        0.9014       0.4941        1.7651        4.2431e-05  18.525
2025-12-01 00:47:32 | INFO     | [callbacks :on_epoch_end      : 131] | ℹ️      19       0.7335        0.9339       0.5451        1.7251        4.1619e-05  18.5933
2025-12-01 00:47:50 | INFO     | [pipeline  :cv_model_evalua...:1500] | ℹ️ Using best model from epoch 20
2025-12-01 00:47:50 | INFO     | [pipeline  :cv_model_evalua...:1503] | ℹ️ Evaluating model on outer test set for fold 6...
2025-12-01 00:47:50 | DEBUG    | [adapter   :get_iterator      : 373] | 🐞 Creating DataLoader for validation/evaluation: dataset_len=254, batch_size=16, shuffle=False, drop_last=False, collate_fn_type='function', loader_kwargs={'num_workers': 0, 'pin_memory': False}
2025-12-01 00:47:51 | DEBUG    | [adapter   :get_iterator      : 373] | 🐞 Creating DataLoader for validation/evaluation: dataset_len=254, batch_size=16, shuffle=False, drop_last=False, collate_fn_type='function', loader_kwargs={'num_workers': 0, 'pin_memory': False}
2025-12-01 00:47:52 | DEBUG    | [pipeline  :_compute_metrics  : 479] | 🐞 Computed Metrics: Acc=0.6220, Macro F1=0.5884
2025-12-01 00:47:52 | INFO     | [pipeline  :cv_model_evalua...:1522] | ℹ️ Fold 6 Test Scores: Acc=0.6220, F1=0.5884
2025-12-01 00:47:52 | INFO     | [pipeline  :cv_model_evalua...:1451] | ℹ️ --- Starting CV Evaluation Fold 7/10 ---
2025-12-01 00:47:52 | DEBUG    | [pipeline  :cv_model_evalua...:1457] | 🐞 Outer split (full set): 2289 train / 254 test samples.
2025-12-01 00:47:52 | DEBUG    | [pipeline  :cv_model_evalua...:1476] | 🐞 Fold 7: Internal split: ~2035 train / ~254 valid.
2025-12-01 00:47:52 | INFO     | [pipeline  :cv_model_evalua...:1486] | ℹ️ Fitting model for fold 7...
2025-12-01 00:47:52 | DEBUG    | [pretrai...:__init__          :  75] | 🐞 Initializing PretrainedViT:
2025-12-01 00:47:52 | DEBUG    | [pretrai...:__init__          :  76] | 🐞   Model Variant: vit_b_16, Pretrained: True
2025-12-01 00:47:52 | DEBUG    | [pretrai...:__init__          :  77] | 🐞   Is Hybrid Input: False
2025-12-01 00:47:52 | DEBUG    | [pretrai...:__init__          :  80] | 🐞   Unfreeze Strategy (Encoder Blocks): encoder_tail
2025-12-01 00:47:52 | DEBUG    | [pretrai...:__init__          :  82] | 🐞   Num Transformer Blocks to Unfreeze: 6
2025-12-01 00:47:52 | DEBUG    | [pretrai...:__init__          :  83] | 🐞   Unfreeze CLS: True, PosEmb: True, PatchEmb: False, EncoderLN: True
2025-12-01 00:47:52 | DEBUG    | [pretrai...:__init__          :  85] | 🐞   Custom Head Hidden Dims: None, Head Dropout: 0.5
2025-12-01 00:47:52 | DEBUG    | [pretrai...:__init__          : 106] | 🐞 Loaded vit_b_16 from torchvision.
2025-12-01 00:47:52 | DEBUG    | [pretrai...:__init__          : 283] | 🐞 Created simple linear head (dropout: 0.5), in_feat=768.
2025-12-01 00:47:52 | INFO     | [pretrai...:__init__          : 293] | ℹ️ PretrainedViT (standard) - Trainable: CLS Token, Positional Embeddings, 6 Encoder Blocks, Encoder LayerNorm, Classification Head.
2025-12-01 00:47:52 | INFO     | [pretrai...:__init__          : 313] | ℹ️ PretrainedViT (standard): Trainable params: 42.69M / Total params: 85.81M (49.75%)
2025-12-01 00:47:52 | DEBUG    | [adapter   :get_split_datasets: 205] | 🐞 Validation split for fold created with 255 original samples.
2025-12-01 00:47:52 | DEBUG    | [adapter   :get_split_datasets: 245] | 🐞 No offline augmentations will be applied.
2025-12-01 00:47:53 | DEBUG    | [adapter   :get_split_datasets: 252] | 🐞 Total training split for fold created with 2034 samples.
2025-12-01 00:47:53 | DEBUG    | [adapter   :get_iterator      : 373] | 🐞 Creating DataLoader for training: dataset_len=2034, batch_size=16, shuffle=True, drop_last=False, collate_fn_type='function', loader_kwargs={'num_workers': 0, 'pin_memory': False}
2025-12-01 00:47:53 | DEBUG    | [adapter   :get_iterator      : 373] | 🐞 Creating DataLoader for validation/evaluation: dataset_len=255, batch_size=16, shuffle=False, drop_last=False, collate_fn_type='function', loader_kwargs={'num_workers': 0, 'pin_memory': False}
2025-12-01 00:48:13 | INFO     | [callbacks :on_epoch_end      : 131] | ℹ️   epoch    train_acc    train_loss    valid_acc    valid_loss   cp           lr     dur
2025-12-01 00:48:13 | INFO     | [callbacks :on_epoch_end      : 131] | ℹ️ -------  -----------  ------------  -----------  ------------  ----  ----------  ------
2025-12-01 00:48:13 | INFO     | [callbacks :on_epoch_end      : 131] | ℹ️       1     ▲ 0.3009      ▼ 2.0842     ▲ 0.4863      ▼ 1.5273        4.9975e-05  20.313
2025-12-01 00:48:32 | INFO     | [callbacks :on_epoch_end      : 131] | ℹ️       2     ▲ 0.4169      ▼ 1.8141     ▲ 0.5020      ▼ 1.4233        4.9901e-05  18.6304
2025-12-01 00:48:50 | INFO     | [callbacks :on_epoch_end      : 131] | ℹ️       3     ▲ 0.4577      ▼ 1.6842     ▲ 0.5373      ▼ 1.3512        4.9778e-05  18.6011
2025-12-01 00:49:09 | INFO     | [callbacks :on_epoch_end      : 131] | ℹ️       4     ▲ 0.5118      ▼ 1.5724     ▲ 0.5373      ▼ 1.3161        4.9606e-05  18.544
2025-12-01 00:49:27 | INFO     | [callbacks :on_epoch_end      : 131] | ℹ️       5       0.4995      ▼ 1.5188     ▲ 0.5529        1.3822        4.9386e-05  18.5372
2025-12-01 00:49:46 | INFO     | [callbacks :on_epoch_end      : 131] | ℹ️       6     ▲ 0.5560      ▼ 1.4450       0.5294        1.3577        4.9117e-05  18.5374
2025-12-01 00:50:04 | INFO     | [callbacks :on_epoch_end      : 131] | ℹ️       7     ▲ 0.5826      ▼ 1.3920     ▲ 0.5529        1.3969        4.8801e-05  18.5832
2025-12-01 00:50:23 | INFO     | [callbacks :on_epoch_end      : 131] | ℹ️       8     ▲ 0.5851      ▼ 1.3258     ▲ 0.5529        1.3921        4.8438e-05  18.5304
2025-12-01 00:50:42 | INFO     | [callbacks :on_epoch_end      : 131] | ℹ️       9     ▲ 0.6367      ▼ 1.2437     ▲ 0.5608        1.4475        4.8028e-05  18.6404
2025-12-01 00:51:00 | INFO     | [callbacks :on_epoch_end      : 131] | ℹ️      10     ▲ 0.6504      ▼ 1.1855     ▲ 0.5647        1.4827        4.7574e-05  18.5579
2025-12-01 00:51:19 | INFO     | [callbacks :on_epoch_end      : 131] | ℹ️      11     ▲ 0.6981      ▼ 1.1048       0.5098        1.4919        4.7075e-05  18.605
2025-12-01 00:51:37 | INFO     | [callbacks :on_epoch_end      : 131] | ℹ️      12       0.6898      ▼ 1.0794       0.5176        1.5453        4.6532e-05  18.6391
2025-12-01 00:51:56 | INFO     | [callbacks :on_epoch_end      : 131] | ℹ️      13     ▲ 0.7330      ▼ 1.0428       0.5569        1.6586        4.5947e-05  18.547
2025-12-01 00:52:15 | INFO     | [callbacks :on_epoch_end      : 131] | ℹ️      14       0.7016      ▼ 1.0426     ▲ 0.5725        1.6298        4.5321e-05  18.5165
2025-12-01 00:52:33 | INFO     | [callbacks :on_epoch_end      : 131] | ℹ️      15       0.7109      ▼ 1.0209       0.5686        1.6199        4.4655e-05  18.5981
2025-12-01 00:52:52 | INFO     | [callbacks :on_epoch_end      : 131] | ℹ️      16        0.704      ▼ 0.9447       0.5333        1.6867        4.395e-05  18.6208
2025-12-01 00:53:10 | INFO     | [callbacks :on_epoch_end      : 131] | ℹ️      17       0.7168        0.9464       0.5412        1.7036        4.3208e-05  18.5618
2025-12-01 00:53:29 | INFO     | [callbacks :on_epoch_end      : 131] | ℹ️      18     ▲ 0.7620      ▼ 0.9297       0.5569        1.6667        4.2431e-05  18.5265
2025-12-01 00:53:47 | INFO     | [pipeline  :cv_model_evalua...:1500] | ℹ️ Using best model from epoch 19
2025-12-01 00:53:47 | INFO     | [pipeline  :cv_model_evalua...:1503] | ℹ️ Evaluating model on outer test set for fold 7...
2025-12-01 00:53:47 | DEBUG    | [adapter   :get_iterator      : 373] | 🐞 Creating DataLoader for validation/evaluation: dataset_len=254, batch_size=16, shuffle=False, drop_last=False, collate_fn_type='function', loader_kwargs={'num_workers': 0, 'pin_memory': False}
2025-12-01 00:53:48 | DEBUG    | [adapter   :get_iterator      : 373] | 🐞 Creating DataLoader for validation/evaluation: dataset_len=254, batch_size=16, shuffle=False, drop_last=False, collate_fn_type='function', loader_kwargs={'num_workers': 0, 'pin_memory': False}
2025-12-01 00:53:49 | DEBUG    | [pipeline  :_compute_metrics  : 479] | 🐞 Computed Metrics: Acc=0.5157, Macro F1=0.4821
2025-12-01 00:53:49 | INFO     | [pipeline  :cv_model_evalua...:1522] | ℹ️ Fold 7 Test Scores: Acc=0.5157, F1=0.4821
2025-12-01 00:53:49 | INFO     | [pipeline  :cv_model_evalua...:1451] | ℹ️ --- Starting CV Evaluation Fold 8/10 ---
2025-12-01 00:53:49 | DEBUG    | [pipeline  :cv_model_evalua...:1457] | 🐞 Outer split (full set): 2289 train / 254 test samples.
2025-12-01 00:53:49 | DEBUG    | [pipeline  :cv_model_evalua...:1476] | 🐞 Fold 8: Internal split: ~2035 train / ~254 valid.
2025-12-01 00:53:49 | INFO     | [pipeline  :cv_model_evalua...:1486] | ℹ️ Fitting model for fold 8...
2025-12-01 00:53:49 | DEBUG    | [pretrai...:__init__          :  75] | 🐞 Initializing PretrainedViT:
2025-12-01 00:53:49 | DEBUG    | [pretrai...:__init__          :  76] | 🐞   Model Variant: vit_b_16, Pretrained: True
2025-12-01 00:53:49 | DEBUG    | [pretrai...:__init__          :  77] | 🐞   Is Hybrid Input: False
2025-12-01 00:53:49 | DEBUG    | [pretrai...:__init__          :  80] | 🐞   Unfreeze Strategy (Encoder Blocks): encoder_tail
2025-12-01 00:53:49 | DEBUG    | [pretrai...:__init__          :  82] | 🐞   Num Transformer Blocks to Unfreeze: 6
2025-12-01 00:53:49 | DEBUG    | [pretrai...:__init__          :  83] | 🐞   Unfreeze CLS: True, PosEmb: True, PatchEmb: False, EncoderLN: True
2025-12-01 00:53:49 | DEBUG    | [pretrai...:__init__          :  85] | 🐞   Custom Head Hidden Dims: None, Head Dropout: 0.5
2025-12-01 00:53:49 | DEBUG    | [pretrai...:__init__          : 106] | 🐞 Loaded vit_b_16 from torchvision.
2025-12-01 00:53:49 | DEBUG    | [pretrai...:__init__          : 283] | 🐞 Created simple linear head (dropout: 0.5), in_feat=768.
2025-12-01 00:53:49 | INFO     | [pretrai...:__init__          : 293] | ℹ️ PretrainedViT (standard) - Trainable: CLS Token, Positional Embeddings, 6 Encoder Blocks, Encoder LayerNorm, Classification Head.
2025-12-01 00:53:49 | INFO     | [pretrai...:__init__          : 313] | ℹ️ PretrainedViT (standard): Trainable params: 42.69M / Total params: 85.81M (49.75%)
2025-12-01 00:53:49 | DEBUG    | [adapter   :get_split_datasets: 205] | 🐞 Validation split for fold created with 255 original samples.
2025-12-01 00:53:49 | DEBUG    | [adapter   :get_split_datasets: 245] | 🐞 No offline augmentations will be applied.
2025-12-01 00:53:49 | DEBUG    | [adapter   :get_split_datasets: 252] | 🐞 Total training split for fold created with 2034 samples.
2025-12-01 00:53:49 | DEBUG    | [adapter   :get_iterator      : 373] | 🐞 Creating DataLoader for training: dataset_len=2034, batch_size=16, shuffle=True, drop_last=False, collate_fn_type='function', loader_kwargs={'num_workers': 0, 'pin_memory': False}
2025-12-01 00:53:49 | DEBUG    | [adapter   :get_iterator      : 373] | 🐞 Creating DataLoader for validation/evaluation: dataset_len=255, batch_size=16, shuffle=False, drop_last=False, collate_fn_type='function', loader_kwargs={'num_workers': 0, 'pin_memory': False}
2025-12-01 00:54:10 | INFO     | [callbacks :on_epoch_end      : 131] | ℹ️   epoch    train_acc    train_loss    valid_acc    valid_loss   cp           lr      dur
2025-12-01 00:54:10 | INFO     | [callbacks :on_epoch_end      : 131] | ℹ️ -------  -----------  ------------  -----------  ------------  ----  ----------  -------
2025-12-01 00:54:10 | INFO     | [callbacks :on_epoch_end      : 131] | ℹ️       1     ▲ 0.3127      ▼ 2.0469     ▲ 0.4549      ▼ 1.5771        4.9975e-05  20.4014
2025-12-01 00:54:28 | INFO     | [callbacks :on_epoch_end      : 131] | ℹ️       2     ▲ 0.4243      ▼ 1.7926     ▲ 0.5020      ▼ 1.4731        4.9901e-05  18.578
2025-12-01 00:54:47 | INFO     | [callbacks :on_epoch_end      : 131] | ℹ️       3     ▲ 0.4720      ▼ 1.6587       0.4588        1.5439        4.9778e-05  18.6192
2025-12-01 00:55:06 | INFO     | [callbacks :on_epoch_end      : 131] | ℹ️       4     ▲ 0.4985      ▼ 1.5864     ▲ 0.5216      ▼ 1.3934        4.9606e-05  18.5931
2025-12-01 00:55:24 | INFO     | [callbacks :on_epoch_end      : 131] | ℹ️       5     ▲ 0.5093      ▼ 1.4958        0.502        1.4128        4.9386e-05  18.6082
2025-12-01 00:55:43 | INFO     | [callbacks :on_epoch_end      : 131] | ℹ️       6     ▲ 0.5649      ▼ 1.4230       0.5098        1.4103        4.9117e-05  18.6015
2025-12-01 00:56:02 | INFO     | [callbacks :on_epoch_end      : 131] | ℹ️       7     ▲ 0.5801      ▼ 1.3560     ▲ 0.5412      ▼ 1.3813        4.8801e-05  18.6275
2025-12-01 00:56:20 | INFO     | [callbacks :on_epoch_end      : 131] | ℹ️       8     ▲ 0.6077      ▼ 1.3066     ▲ 0.5569         1.401        4.8438e-05  18.6072
2025-12-01 00:56:39 | INFO     | [callbacks :on_epoch_end      : 131] | ℹ️       9     ▲ 0.6382      ▼ 1.2375       0.5373         1.389        4.8028e-05  18.5419
2025-12-01 00:56:57 | INFO     | [callbacks :on_epoch_end      : 131] | ℹ️      10     ▲ 0.6701      ▼ 1.2079       0.5451      ▼ 1.3723        4.7574e-05  18.5994
2025-12-01 00:57:16 | INFO     | [callbacks :on_epoch_end      : 131] | ℹ️      11       0.6514      ▼ 1.1616       0.5451        1.4082        4.7075e-05  18.6331
2025-12-01 00:57:35 | INFO     | [callbacks :on_epoch_end      : 131] | ℹ️      12     ▲ 0.6937      ▼ 1.0667       0.5451        1.4646        4.6532e-05  18.6303
2025-12-01 00:57:53 | INFO     | [callbacks :on_epoch_end      : 131] | ℹ️      13       0.6711         1.078     ▲ 0.5647        1.4304        4.5947e-05  18.615
2025-12-01 00:58:12 | INFO     | [callbacks :on_epoch_end      : 131] | ℹ️      14     ▲ 0.7089      ▼ 1.0382       0.5373         1.493        4.5321e-05  18.5541
2025-12-01 00:58:30 | INFO     | [callbacks :on_epoch_end      : 131] | ℹ️      15     ▲ 0.7404      ▼ 1.0020       0.5255        1.5195        4.4655e-05  18.6467
2025-12-01 00:58:49 | INFO     | [callbacks :on_epoch_end      : 131] | ℹ️      16       0.7232      ▼ 0.9524        0.549        1.4978        4.395e-05  18.5713
2025-12-01 00:59:08 | INFO     | [callbacks :on_epoch_end      : 131] | ℹ️      17     ▲ 0.7507        0.9573       0.5529        1.5349        4.3208e-05  18.6259
2025-12-01 00:59:26 | INFO     | [callbacks :on_epoch_end      : 131] | ℹ️      18     ▲ 0.7670      ▼ 0.9270       0.5373        1.5915        4.2431e-05  18.6251
2025-12-01 00:59:45 | INFO     | [callbacks :on_epoch_end      : 131] | ℹ️      19     ▲ 0.7876      ▼ 0.8778     ▲ 0.5647        1.5559        4.1619e-05  18.585
2025-12-01 01:00:04 | INFO     | [callbacks :on_epoch_end      : 131] | ℹ️      20       0.7404        0.8834       0.5529        1.5816        4.0776e-05  18.6087
2025-12-01 01:00:22 | INFO     | [callbacks :on_epoch_end      : 131] | ℹ️      21       0.7276        0.9491     ▲ 0.5725         1.542        3.9901e-05  18.584
2025-12-01 01:00:41 | INFO     | [callbacks :on_epoch_end      : 131] | ℹ️      22       0.7689      ▼ 0.8688     ▲ 0.5882         1.517        3.8997e-05  18.6072
2025-12-01 01:00:59 | INFO     | [callbacks :on_epoch_end      : 131] | ℹ️      23       0.7365      ▼ 0.8301       0.5451        1.5851        3.8066e-05  18.5786
2025-12-01 01:01:18 | INFO     | [callbacks :on_epoch_end      : 131] | ℹ️      24       0.7306        0.8731       0.5608        1.6501        3.711e-05  18.6807
2025-12-01 01:01:37 | INFO     | [pipeline  :cv_model_evalua...:1500] | ℹ️ Using best model from epoch 25
2025-12-01 01:01:37 | INFO     | [pipeline  :cv_model_evalua...:1503] | ℹ️ Evaluating model on outer test set for fold 8...
2025-12-01 01:01:37 | DEBUG    | [adapter   :get_iterator      : 373] | 🐞 Creating DataLoader for validation/evaluation: dataset_len=254, batch_size=16, shuffle=False, drop_last=False, collate_fn_type='function', loader_kwargs={'num_workers': 0, 'pin_memory': False}
2025-12-01 01:01:37 | DEBUG    | [adapter   :get_iterator      : 373] | 🐞 Creating DataLoader for validation/evaluation: dataset_len=254, batch_size=16, shuffle=False, drop_last=False, collate_fn_type='function', loader_kwargs={'num_workers': 0, 'pin_memory': False}
2025-12-01 01:01:38 | DEBUG    | [pipeline  :_compute_metrics  : 479] | 🐞 Computed Metrics: Acc=0.5433, Macro F1=0.5183
2025-12-01 01:01:38 | INFO     | [pipeline  :cv_model_evalua...:1522] | ℹ️ Fold 8 Test Scores: Acc=0.5433, F1=0.5183
2025-12-01 01:01:38 | INFO     | [pipeline  :cv_model_evalua...:1451] | ℹ️ --- Starting CV Evaluation Fold 9/10 ---
2025-12-01 01:01:38 | DEBUG    | [pipeline  :cv_model_evalua...:1457] | 🐞 Outer split (full set): 2289 train / 254 test samples.
2025-12-01 01:01:38 | DEBUG    | [pipeline  :cv_model_evalua...:1476] | 🐞 Fold 9: Internal split: ~2035 train / ~254 valid.
2025-12-01 01:01:38 | INFO     | [pipeline  :cv_model_evalua...:1486] | ℹ️ Fitting model for fold 9...
2025-12-01 01:01:38 | DEBUG    | [pretrai...:__init__          :  75] | 🐞 Initializing PretrainedViT:
2025-12-01 01:01:38 | DEBUG    | [pretrai...:__init__          :  76] | 🐞   Model Variant: vit_b_16, Pretrained: True
2025-12-01 01:01:38 | DEBUG    | [pretrai...:__init__          :  77] | 🐞   Is Hybrid Input: False
2025-12-01 01:01:38 | DEBUG    | [pretrai...:__init__          :  80] | 🐞   Unfreeze Strategy (Encoder Blocks): encoder_tail
2025-12-01 01:01:38 | DEBUG    | [pretrai...:__init__          :  82] | 🐞   Num Transformer Blocks to Unfreeze: 6
2025-12-01 01:01:38 | DEBUG    | [pretrai...:__init__          :  83] | 🐞   Unfreeze CLS: True, PosEmb: True, PatchEmb: False, EncoderLN: True
2025-12-01 01:01:38 | DEBUG    | [pretrai...:__init__          :  85] | 🐞   Custom Head Hidden Dims: None, Head Dropout: 0.5
2025-12-01 01:01:39 | DEBUG    | [pretrai...:__init__          : 106] | 🐞 Loaded vit_b_16 from torchvision.
2025-12-01 01:01:39 | DEBUG    | [pretrai...:__init__          : 283] | 🐞 Created simple linear head (dropout: 0.5), in_feat=768.
2025-12-01 01:01:39 | INFO     | [pretrai...:__init__          : 293] | ℹ️ PretrainedViT (standard) - Trainable: CLS Token, Positional Embeddings, 6 Encoder Blocks, Encoder LayerNorm, Classification Head.
2025-12-01 01:01:39 | INFO     | [pretrai...:__init__          : 313] | ℹ️ PretrainedViT (standard): Trainable params: 42.69M / Total params: 85.81M (49.75%)
2025-12-01 01:01:39 | DEBUG    | [adapter   :get_split_datasets: 205] | 🐞 Validation split for fold created with 255 original samples.
2025-12-01 01:01:39 | DEBUG    | [adapter   :get_split_datasets: 245] | 🐞 No offline augmentations will be applied.
2025-12-01 01:01:39 | DEBUG    | [adapter   :get_split_datasets: 252] | 🐞 Total training split for fold created with 2034 samples.
2025-12-01 01:01:39 | DEBUG    | [adapter   :get_iterator      : 373] | 🐞 Creating DataLoader for training: dataset_len=2034, batch_size=16, shuffle=True, drop_last=False, collate_fn_type='function', loader_kwargs={'num_workers': 0, 'pin_memory': False}
2025-12-01 01:01:39 | DEBUG    | [adapter   :get_iterator      : 373] | 🐞 Creating DataLoader for validation/evaluation: dataset_len=255, batch_size=16, shuffle=False, drop_last=False, collate_fn_type='function', loader_kwargs={'num_workers': 0, 'pin_memory': False}
2025-12-01 01:01:59 | INFO     | [callbacks :on_epoch_end      : 131] | ℹ️   epoch    train_acc    train_loss    valid_acc    valid_loss   cp           lr      dur
2025-12-01 01:01:59 | INFO     | [callbacks :on_epoch_end      : 131] | ℹ️ -------  -----------  ------------  -----------  ------------  ----  ----------  -------
2025-12-01 01:01:59 | INFO     | [callbacks :on_epoch_end      : 131] | ℹ️       1     ▲ 0.2758      ▼ 2.1094     ▲ 0.3961      ▼ 1.6653        4.9975e-05  20.4689
2025-12-01 01:02:18 | INFO     | [callbacks :on_epoch_end      : 131] | ℹ️       2     ▲ 0.4213      ▼ 1.7806     ▲ 0.5059      ▼ 1.4970        4.9901e-05  18.5585
2025-12-01 01:02:36 | INFO     | [callbacks :on_epoch_end      : 131] | ℹ️       3     ▲ 0.4808      ▼ 1.6505     ▲ 0.5373      ▼ 1.4140        4.9778e-05  18.6304
2025-12-01 01:02:55 | INFO     | [callbacks :on_epoch_end      : 131] | ℹ️       4     ▲ 0.5305      ▼ 1.5298     ▲ 0.5765      ▼ 1.3091        4.9606e-05  18.6169
2025-12-01 01:03:14 | INFO     | [callbacks :on_epoch_end      : 131] | ℹ️       5     ▲ 0.5364      ▼ 1.5095        0.549      ▼ 1.2881        4.9386e-05  18.5703
2025-12-01 01:03:32 | INFO     | [callbacks :on_epoch_end      : 131] | ℹ️       6     ▲ 0.5595      ▼ 1.3935       0.5647        1.3058        4.9117e-05  18.5817
2025-12-01 01:03:51 | INFO     | [callbacks :on_epoch_end      : 131] | ℹ️       7     ▲ 0.5929      ▼ 1.3791     ▲ 0.5765        1.3408        4.8801e-05  18.6109
2025-12-01 01:04:10 | INFO     | [callbacks :on_epoch_end      : 131] | ℹ️       8     ▲ 0.6190      ▼ 1.2902       0.5725        1.2991        4.8438e-05  18.6085
2025-12-01 01:04:28 | INFO     | [callbacks :on_epoch_end      : 131] | ℹ️       9     ▲ 0.6288      ▼ 1.2878       0.5412        1.4066        4.8028e-05  18.6036
2025-12-01 01:04:47 | INFO     | [callbacks :on_epoch_end      : 131] | ℹ️      10     ▲ 0.6490      ▼ 1.2112       0.5373        1.4713        4.7574e-05  18.6087
2025-12-01 01:05:05 | INFO     | [callbacks :on_epoch_end      : 131] | ℹ️      11     ▲ 0.6740      ▼ 1.1554       0.5686         1.418        4.7075e-05  18.611
2025-12-01 01:05:24 | INFO     | [callbacks :on_epoch_end      : 131] | ℹ️      12     ▲ 0.6893      ▼ 1.0854       0.5647         1.488        4.6532e-05  18.5737
2025-12-01 01:05:43 | INFO     | [callbacks :on_epoch_end      : 131] | ℹ️      13     ▲ 0.7232      ▼ 1.0504       0.5647        1.4415        4.5947e-05  18.5996
2025-12-01 01:06:01 | INFO     | [callbacks :on_epoch_end      : 131] | ℹ️      14       0.7129      ▼ 1.0443        0.549        1.4558        4.5321e-05  18.6192
2025-12-01 01:06:20 | INFO     | [callbacks :on_epoch_end      : 131] | ℹ️      15     ▲ 0.7316      ▼ 1.0329       0.5725        1.4698        4.4655e-05  18.6368
2025-12-01 01:06:38 | INFO     | [callbacks :on_epoch_end      : 131] | ℹ️      16       0.7262      ▼ 0.9520       0.5529        1.4984        4.395e-05  18.5881
2025-12-01 01:06:57 | INFO     | [callbacks :on_epoch_end      : 131] | ℹ️      17     ▲ 0.7419        0.9552       0.5451         1.608        4.3208e-05  18.602
2025-12-01 01:07:16 | INFO     | [callbacks :on_epoch_end      : 131] | ℹ️      18       0.7139      ▼ 0.9480       0.5686        1.6221        4.2431e-05  18.6173
2025-12-01 01:07:34 | INFO     | [callbacks :on_epoch_end      : 131] | ℹ️      19     ▲ 0.7994      ▼ 0.8901       0.5451        1.6156        4.1619e-05  18.5438
2025-12-01 01:07:53 | INFO     | [pipeline  :cv_model_evalua...:1500] | ℹ️ Using best model from epoch 20
2025-12-01 01:07:53 | INFO     | [pipeline  :cv_model_evalua...:1503] | ℹ️ Evaluating model on outer test set for fold 9...
2025-12-01 01:07:53 | DEBUG    | [adapter   :get_iterator      : 373] | 🐞 Creating DataLoader for validation/evaluation: dataset_len=254, batch_size=16, shuffle=False, drop_last=False, collate_fn_type='function', loader_kwargs={'num_workers': 0, 'pin_memory': False}
2025-12-01 01:07:54 | DEBUG    | [adapter   :get_iterator      : 373] | 🐞 Creating DataLoader for validation/evaluation: dataset_len=254, batch_size=16, shuffle=False, drop_last=False, collate_fn_type='function', loader_kwargs={'num_workers': 0, 'pin_memory': False}
2025-12-01 01:07:54 | DEBUG    | [pipeline  :_compute_metrics  : 479] | 🐞 Computed Metrics: Acc=0.4961, Macro F1=0.4516
2025-12-01 01:07:54 | INFO     | [pipeline  :cv_model_evalua...:1522] | ℹ️ Fold 9 Test Scores: Acc=0.4961, F1=0.4516
2025-12-01 01:07:54 | INFO     | [pipeline  :cv_model_evalua...:1451] | ℹ️ --- Starting CV Evaluation Fold 10/10 ---
2025-12-01 01:07:54 | DEBUG    | [pipeline  :cv_model_evalua...:1457] | 🐞 Outer split (full set): 2289 train / 254 test samples.
2025-12-01 01:07:54 | DEBUG    | [pipeline  :cv_model_evalua...:1476] | 🐞 Fold 10: Internal split: ~2035 train / ~254 valid.
2025-12-01 01:07:54 | INFO     | [pipeline  :cv_model_evalua...:1486] | ℹ️ Fitting model for fold 10...
2025-12-01 01:07:54 | DEBUG    | [pretrai...:__init__          :  75] | 🐞 Initializing PretrainedViT:
2025-12-01 01:07:54 | DEBUG    | [pretrai...:__init__          :  76] | 🐞   Model Variant: vit_b_16, Pretrained: True
2025-12-01 01:07:54 | DEBUG    | [pretrai...:__init__          :  77] | 🐞   Is Hybrid Input: False
2025-12-01 01:07:54 | DEBUG    | [pretrai...:__init__          :  80] | 🐞   Unfreeze Strategy (Encoder Blocks): encoder_tail
2025-12-01 01:07:54 | DEBUG    | [pretrai...:__init__          :  82] | 🐞   Num Transformer Blocks to Unfreeze: 6
2025-12-01 01:07:54 | DEBUG    | [pretrai...:__init__          :  83] | 🐞   Unfreeze CLS: True, PosEmb: True, PatchEmb: False, EncoderLN: True
2025-12-01 01:07:54 | DEBUG    | [pretrai...:__init__          :  85] | 🐞   Custom Head Hidden Dims: None, Head Dropout: 0.5
2025-12-01 01:07:55 | DEBUG    | [pretrai...:__init__          : 106] | 🐞 Loaded vit_b_16 from torchvision.
2025-12-01 01:07:55 | DEBUG    | [pretrai...:__init__          : 283] | 🐞 Created simple linear head (dropout: 0.5), in_feat=768.
2025-12-01 01:07:55 | INFO     | [pretrai...:__init__          : 293] | ℹ️ PretrainedViT (standard) - Trainable: CLS Token, Positional Embeddings, 6 Encoder Blocks, Encoder LayerNorm, Classification Head.
2025-12-01 01:07:55 | INFO     | [pretrai...:__init__          : 313] | ℹ️ PretrainedViT (standard): Trainable params: 42.69M / Total params: 85.81M (49.75%)
2025-12-01 01:07:55 | DEBUG    | [adapter   :get_split_datasets: 205] | 🐞 Validation split for fold created with 255 original samples.
2025-12-01 01:07:55 | DEBUG    | [adapter   :get_split_datasets: 245] | 🐞 No offline augmentations will be applied.
2025-12-01 01:07:55 | DEBUG    | [adapter   :get_split_datasets: 252] | 🐞 Total training split for fold created with 2034 samples.
2025-12-01 01:07:55 | DEBUG    | [adapter   :get_iterator      : 373] | 🐞 Creating DataLoader for training: dataset_len=2034, batch_size=16, shuffle=True, drop_last=False, collate_fn_type='function', loader_kwargs={'num_workers': 0, 'pin_memory': False}
2025-12-01 01:07:55 | DEBUG    | [adapter   :get_iterator      : 373] | 🐞 Creating DataLoader for validation/evaluation: dataset_len=255, batch_size=16, shuffle=False, drop_last=False, collate_fn_type='function', loader_kwargs={'num_workers': 0, 'pin_memory': False}
2025-12-01 01:08:15 | INFO     | [callbacks :on_epoch_end      : 131] | ℹ️   epoch    train_acc    train_loss    valid_acc    valid_loss   cp           lr      dur
2025-12-01 01:08:15 | INFO     | [callbacks :on_epoch_end      : 131] | ℹ️ -------  -----------  ------------  -----------  ------------  ----  ----------  -------
2025-12-01 01:08:15 | INFO     | [callbacks :on_epoch_end      : 131] | ℹ️       1     ▲ 0.2704      ▼ 2.1300     ▲ 0.4824      ▼ 1.5190        4.9975e-05  20.4708
2025-12-01 01:08:34 | INFO     | [callbacks :on_epoch_end      : 131] | ℹ️       2     ▲ 0.3943      ▼ 1.8244       0.4745      ▼ 1.4179        4.9901e-05  18.6349
2025-12-01 01:08:53 | INFO     | [callbacks :on_epoch_end      : 131] | ℹ️       3     ▲ 0.4631      ▼ 1.6879     ▲ 0.5373      ▼ 1.3045        4.9778e-05  18.6791
2025-12-01 01:09:11 | INFO     | [callbacks :on_epoch_end      : 131] | ℹ️       4     ▲ 0.5025      ▼ 1.5761     ▲ 0.5725      ▼ 1.2705        4.9606e-05  18.6179
2025-12-01 01:09:30 | INFO     | [callbacks :on_epoch_end      : 131] | ℹ️       5     ▲ 0.5123      ▼ 1.5434     ▲ 0.5804      ▼ 1.2186        4.9386e-05  18.6127
2025-12-01 01:09:49 | INFO     | [callbacks :on_epoch_end      : 131] | ℹ️       6     ▲ 0.5398      ▼ 1.4851     ▲ 0.6000      ▼ 1.2148        4.9117e-05  18.5744
2025-12-01 01:10:07 | INFO     | [callbacks :on_epoch_end      : 131] | ℹ️       7     ▲ 0.5870      ▼ 1.3361     ▲ 0.6118      ▼ 1.2079        4.8801e-05  18.6094
2025-12-01 01:10:26 | INFO     | [callbacks :on_epoch_end      : 131] | ℹ️       8       0.5777        1.3441       0.5608        1.2957        4.8438e-05  18.5732
2025-12-01 01:10:44 | INFO     | [callbacks :on_epoch_end      : 131] | ℹ️       9     ▲ 0.6283      ▼ 1.2503       0.6078         1.284        4.8028e-05  18.6232
2025-12-01 01:11:03 | INFO     | [callbacks :on_epoch_end      : 131] | ℹ️      10     ▲ 0.6603      ▼ 1.2032       0.5647        1.3197        4.7574e-05  18.6681
2025-12-01 01:11:22 | INFO     | [callbacks :on_epoch_end      : 131] | ℹ️      11       0.6426        1.2083       0.5843        1.3921        4.7075e-05  18.554
2025-12-01 01:11:40 | INFO     | [callbacks :on_epoch_end      : 131] | ℹ️      12     ▲ 0.6996      ▼ 1.0668     ▲ 0.6314        1.3198        4.6532e-05  18.5836
2025-12-01 01:11:59 | INFO     | [callbacks :on_epoch_end      : 131] | ℹ️      13       0.6976      ▼ 1.0366       0.5961        1.3127        4.5947e-05  18.6295
2025-12-01 01:12:18 | INFO     | [callbacks :on_epoch_end      : 131] | ℹ️      14     ▲ 0.7350      ▼ 1.0302     ▲ 0.6314        1.3496        4.5321e-05  18.5805
2025-12-01 01:12:36 | INFO     | [callbacks :on_epoch_end      : 131] | ℹ️      15     ▲ 0.7404      ▼ 1.0235       0.5882        1.3045        4.4655e-05  18.6381
2025-12-01 01:12:55 | INFO     | [callbacks :on_epoch_end      : 131] | ℹ️      16     ▲ 0.7498      ▼ 0.9995       0.6196        1.3706        4.395e-05  18.6297
2025-12-01 01:13:13 | INFO     | [callbacks :on_epoch_end      : 131] | ℹ️      17     ▲ 0.7581      ▼ 0.8816       0.6275        1.4114        4.3208e-05  18.5777
2025-12-01 01:13:32 | INFO     | [callbacks :on_epoch_end      : 131] | ℹ️      18       0.7429        0.9223       0.5882        1.3979        4.2431e-05  18.6086
2025-12-01 01:13:51 | INFO     | [callbacks :on_epoch_end      : 131] | ℹ️      19        0.737        0.9465       0.5961        1.4541        4.1619e-05  18.5768
2025-12-01 01:14:09 | INFO     | [callbacks :on_epoch_end      : 131] | ℹ️      20       0.7512        0.9719       0.6275        1.3903        4.0776e-05  18.5757
2025-12-01 01:14:28 | INFO     | [callbacks :on_epoch_end      : 131] | ℹ️      21     ▲ 0.7606        0.9296          0.6        1.4273        3.9901e-05  18.6311
2025-12-01 01:14:47 | INFO     | [pipeline  :cv_model_evalua...:1500] | ℹ️ Using best model from epoch 22
2025-12-01 01:14:47 | INFO     | [pipeline  :cv_model_evalua...:1503] | ℹ️ Evaluating model on outer test set for fold 10...
2025-12-01 01:14:47 | DEBUG    | [adapter   :get_iterator      : 373] | 🐞 Creating DataLoader for validation/evaluation: dataset_len=254, batch_size=16, shuffle=False, drop_last=False, collate_fn_type='function', loader_kwargs={'num_workers': 0, 'pin_memory': False}
2025-12-01 01:14:47 | DEBUG    | [adapter   :get_iterator      : 373] | 🐞 Creating DataLoader for validation/evaluation: dataset_len=254, batch_size=16, shuffle=False, drop_last=False, collate_fn_type='function', loader_kwargs={'num_workers': 0, 'pin_memory': False}
2025-12-01 01:14:48 | DEBUG    | [pipeline  :_compute_metrics  : 479] | 🐞 Computed Metrics: Acc=0.5709, Macro F1=0.5496
2025-12-01 01:14:48 | INFO     | [pipeline  :cv_model_evalua...:1522] | ℹ️ Fold 10 Test Scores: Acc=0.5709, F1=0.5496
2025-12-01 01:14:48 | DEBUG    | [pipeline  :_save_results     : 527] | 🐞 Results detail level overridden for this run to: 2
2025-12-01 01:14:48 | DEBUG    | [pipeline  :_save_results     : 534] | 🐞 Saving results for cv_model_evaluation_full_000823 (detail level: 2)
2025-12-01 01:14:48 | INFO     | [pipeline  :_save_results     : 632] | ℹ️ Results JSON saved via repository to: experiments/CCSN/pvit/20251201_000823_seed42/cv_model_evaluation_full_000823/cv_model_evaluation_results.json
2025-12-01 01:14:48 | INFO     | [pipeline  :cv_model_evalua...:1632] | ℹ️ Plotting cv for eval results for cv_model_evaluation_full_000823 (plot level 2).
2025-12-01 01:14:48 | INFO     | [plotter   :plot_cv_model_e...: 834] | ℹ️ Plotting cv_model_evaluation results for: cv_model_evaluation_full_000823
2025-12-01 01:14:48 | INFO     | [plotter   :_generate_aggre...: 296] | ℹ️ Aggregated metrics CSV saved via repository to: experiments/CCSN/pvit/20251201_000823_seed42/cv_model_evaluation_full_000823/cv_model_evaluation_plots/aggregated_metrics_table.csv
2025-12-01 01:14:50 | INFO     | [plotter   :plot_cv_model_e...: 889] | ℹ️ Generating grouped plots per fold for 10 folds...
2025-12-01 01:15:02 | INFO     | [plotter   :_generate_metri...: 241] | ℹ️ Metrics CSV saved via repository to: experiments/CCSN/pvit/20251201_000823_seed42/cv_model_evaluation_full_000823/cv_model_evaluation_plots/fold_1_metrics_table.csv
2025-12-01 01:15:02 | INFO     | [plotter   :_generate_metri...: 241] | ℹ️ Metrics CSV saved via repository to: experiments/CCSN/pvit/20251201_000823_seed42/cv_model_evaluation_full_000823/cv_model_evaluation_plots/fold_2_metrics_table.csv
2025-12-01 01:15:02 | INFO     | [plotter   :_generate_metri...: 241] | ℹ️ Metrics CSV saved via repository to: experiments/CCSN/pvit/20251201_000823_seed42/cv_model_evaluation_full_000823/cv_model_evaluation_plots/fold_3_metrics_table.csv
2025-12-01 01:15:02 | INFO     | [plotter   :_generate_metri...: 241] | ℹ️ Metrics CSV saved via repository to: experiments/CCSN/pvit/20251201_000823_seed42/cv_model_evaluation_full_000823/cv_model_evaluation_plots/fold_4_metrics_table.csv
2025-12-01 01:15:02 | INFO     | [plotter   :_generate_metri...: 241] | ℹ️ Metrics CSV saved via repository to: experiments/CCSN/pvit/20251201_000823_seed42/cv_model_evaluation_full_000823/cv_model_evaluation_plots/fold_5_metrics_table.csv
2025-12-01 01:15:02 | INFO     | [plotter   :_generate_metri...: 241] | ℹ️ Metrics CSV saved via repository to: experiments/CCSN/pvit/20251201_000823_seed42/cv_model_evaluation_full_000823/cv_model_evaluation_plots/fold_6_metrics_table.csv
2025-12-01 01:15:02 | INFO     | [plotter   :_generate_metri...: 241] | ℹ️ Metrics CSV saved via repository to: experiments/CCSN/pvit/20251201_000823_seed42/cv_model_evaluation_full_000823/cv_model_evaluation_plots/fold_7_metrics_table.csv
2025-12-01 01:15:02 | INFO     | [plotter   :_generate_metri...: 241] | ℹ️ Metrics CSV saved via repository to: experiments/CCSN/pvit/20251201_000823_seed42/cv_model_evaluation_full_000823/cv_model_evaluation_plots/fold_8_metrics_table.csv
2025-12-01 01:15:02 | INFO     | [plotter   :_generate_metri...: 241] | ℹ️ Metrics CSV saved via repository to: experiments/CCSN/pvit/20251201_000823_seed42/cv_model_evaluation_full_000823/cv_model_evaluation_plots/fold_9_metrics_table.csv
2025-12-01 01:15:02 | INFO     | [plotter   :_generate_metri...: 241] | ℹ️ Metrics CSV saved via repository to: experiments/CCSN/pvit/20251201_000823_seed42/cv_model_evaluation_full_000823/cv_model_evaluation_plots/fold_10_metrics_table.csv
2025-12-01 01:15:02 | INFO     | [plotter   :plot_cv_model_e...:1038] | ℹ️ Finished plotting for cv_model_evaluation: cv_model_evaluation_full_000823
2025-12-01 01:15:02 | INFO     | [pipeline  :cv_model_evalua...:1648] | ℹ️ CV Evaluation Summary (on full data, 10 folds, 95% CI):
2025-12-01 01:15:02 | INFO     | [pipeline  :cv_model_evalua...:1654] | ℹ️   Accuracy            : 0.5608 +/- 0.0266
2025-12-01 01:15:02 | INFO     | [pipeline  :cv_model_evalua...:1654] | ℹ️   F1 Macro            : 0.5342 +/- 0.0288
2025-12-01 01:15:02 | INFO     | [pipeline  :cv_model_evalua...:1654] | ℹ️   Precision Macro     : 0.5565 +/- 0.0347
2025-12-01 01:15:02 | INFO     | [pipeline  :cv_model_evalua...:1654] | ℹ️   Recall Macro        : 0.5467 +/- 0.0265
2025-12-01 01:15:02 | INFO     | [pipeline  :cv_model_evalua...:1654] | ℹ️   Specificity Macro   : 0.9557 +/- 0.0027
2025-12-01 01:15:02 | INFO     | [pipeline  :cv_model_evalua...:1654] | ℹ️   Roc Auc Macro       : 0.9046 +/- 0.0122
2025-12-01 01:15:02 | INFO     | [pipeline  :cv_model_evalua...:1654] | ℹ️   Pr Auc Macro        : 0.5805 +/- 0.0291
2025-12-01 01:15:02 | INFO     | [executor  :run               : 298] | ℹ️ --- Method cv_model_evaluation (Op ID: cv_model_evaluation_0) completed successfully in 3999.10s ---
2025-12-01 01:15:02 | INFO     | [executor  :run               : 355] | ℹ️ Pipeline execution finished successfully in 3999.10s for Executor Run ID: 20251201_000823_seed42.
2025-12-01 01:15:02 | INFO     | [executor  :run               : 361] | ℹ️ Executor run for 20251201_000823_seed42 attempting final log operations.
2025-12-01 01:15:02 | DEBUG    | [executor  :_upload_and_cle...: 207] | 🐞 Flushing and closing log handler for: C:\Users\Stefan Alexandrescu\Documents\GitHub\UBB-Y3-AI-Research\model_src\experiments\CCSN\pvit\20251201_000823_seed42\executor_run_20251201_000823_seed42.log before upload/cleanup.
2025-12-01 01:15:02 | INFO     | [executor  :_upload_and_cle...: 233] | ℹ️ Main executor log file available at: C:\Users\Stefan Alexandrescu\Documents\GitHub\UBB-Y3-AI-Research\model_src\experiments\CCSN\pvit\20251201_000823_seed42\executor_run_20251201_000823_seed42.log
2025-12-01 01:15:02 | INFO     | [main      :<module>          : 345] | ℹ️ --- Final Execution Results Summary ---
2025-12-01 01:15:02 | INFO     | [main      :<module>          : 356] | ℹ️ Method executor_run_id: Completed. Result: 20251201_000823_seed42
2025-12-01 01:15:02 | INFO     | [main      :<module>          : 356] | ℹ️ Method seed_used: Completed. Result: 42
2025-12-01 01:15:02 | INFO     | [main      :<module>          : 353] | ℹ️ Method cv_model_evaluation_0: Completed. (Acc: 0.5608, F1: 0.5342, BestScore: nan)
