Timestamp           | Level    | Location                             | Message
--------------------+----------+--------------------------------------+---------------------------------------------------
2025-05-26 21:11:54 | INFO     | [logger_...:setup_logger      : 153] | ℹ️ Logger 'ImgClassPipe' initialized. Log file: C:\Users\Stefan\Documents\GitHub\UBB-Y3-AI-Research\model_src\experiments\CCSN\pvit\20250526_211154_seed42\experiment_run_20250526_211154_seed42.log
2025-05-26 21:11:54 | INFO     | [executor  :__init__          : 100] | ℹ️ --- Starting Experiment Run (ID: 20250526_211154_seed42) ---
2025-05-26 21:11:54 | INFO     | [executor  :__init__          : 101] | ℹ️ Executor initialized for model 'pvit' on dataset 'CCSN'
2025-05-26 21:11:54 | INFO     | [executor  :__init__          : 104] | ℹ️ Local artifact storage base: C:\Users\Stefan\Documents\GitHub\UBB-Y3-AI-Research\model_src
2025-05-26 21:11:54 | INFO     | [executor  :__init__          : 108] | ℹ️ Base key/prefix for this run's artifacts: experiments/CCSN/pvit/20250526_211154_seed42
2025-05-26 21:11:54 | INFO     | [executor  :__init__          : 110] | ℹ️ Local log file for this run (might be temporary): C:\Users\Stefan\Documents\GitHub\UBB-Y3-AI-Research\model_src\experiments\CCSN\pvit\20250526_211154_seed42\experiment_run_20250526_211154_seed42.log
2025-05-26 21:11:54 | INFO     | [pipeline  :__init__          : 173] | ℹ️ Initializing Classification Pipeline:
2025-05-26 21:11:54 | INFO     | [pipeline  :__init__          : 174] | ℹ️   Dataset Path: C:\Users\Stefan\Documents\GitHub\UBB-Y3-AI-Research\model_src\data\CCSN
2025-05-26 21:11:54 | INFO     | [pipeline  :__init__          : 175] | ℹ️   Model Type: pvit
2025-05-26 21:11:54 | INFO     | [pipeline  :__init__          : 178] | ℹ️   Artifact base key prefix for this run: experiments/CCSN/pvit/20250526_211154_seed42 (using LocalFileSystemRepository)
2025-05-26 21:11:54 | INFO     | [pipeline  :__init__          : 182] | ℹ️   Default Augmentation Strategy: AugmentationStrategy.GROUND_AWARE_NO_ROTATION
2025-05-26 21:11:54 | INFO     | [pipeline  :__init__          : 183] | ℹ️   Default Show First Batch Aug: True
2025-05-26 21:11:54 | INFO     | [dataset...:__init__          : 242] | ℹ️ Using augmentation strategy: AugmentationStrategy.GROUND_AWARE_NO_ROTATION
2025-05-26 21:11:54 | INFO     | [dataset...:__init__          : 263] | ℹ️ Detected dataset structure: flat
2025-05-26 21:11:54 | INFO     | [dataset...:_load_paths_and...: 338] | ℹ️ Scanning FLAT dataset from C:\Users\Stefan\Documents\GitHub\UBB-Y3-AI-Research\model_src\data\CCSN...
2025-05-26 21:11:54 | INFO     | [dataset...:__init__          : 283] | ℹ️ Found 11 classes: Ac, As, Cb, Cc, Ci, Cs, Ct, Cu, Ns, Sc, St
2025-05-26 21:11:54 | INFO     | [dataset...:__init__          : 286] | ℹ️ Dataset sizes: 2034 train+val, 509 test. Total: 2543
2025-05-26 21:11:54 | INFO     | [pipeline  :__init__          : 192] | ℹ️   Artifact base key prefix for this run: experiments/CCSN/pvit/20250526_211154_seed42 (using LocalFileSystemRepository)
2025-05-26 21:11:54 | INFO     | [pipeline  :__init__          : 223] | ℹ️   Using Optimizer: AdamW
2025-05-26 21:11:54 | DEBUG    | [callbacks :get_default_cal...: 198] | 🐞 Default LRScheduler callback instance created with policy: ReduceLROnPlateau, kwargs: {'patience': 2, 'mode': 'min', 'factor': 0.1, 'min_lr': 1e-06, 'verbose': False}, monitor: valid_loss
2025-05-26 21:11:54 | INFO     | [pipeline  :__init__          : 266] | ℹ️   Model Adapter: Initialized with PretrainedViT
2025-05-26 21:11:54 | DEBUG    | [executor  :_validate_methods : 152] | 🐞 Basic method validation successful.
2025-05-26 21:11:54 | INFO     | [executor  :__init__          : 136] | ℹ️ Executor configured to run methods: single_train, single_eval
2025-05-26 21:11:54 | INFO     | [executor  :run               : 162] | ℹ️ Starting execution of pipeline methods...
2025-05-26 21:11:54 | INFO     | [executor  :run               : 166] | ℹ️ --- Running Method 1/2: single_train (single_train_0) ---
2025-05-26 21:11:54 | DEBUG    | [executor  :run               : 191] | 🐞 Running with effective parameters: {'params': {'max_epochs': 70, 'lr': 3e-05, 'batch_size': 16, 'optimizer': 'AdamW', 'optimizer__weight_decay': 0.05, 'callbacks__default_lr_scheduler__policy': 'CosineAnnealingLR', 'callbacks__default_lr_scheduler__T_max': 70, 'callbacks__default_lr_scheduler__eta_min': 1e-07, 'module__vit_model_variant': 'vit_b_16', 'module__pretrained': True, 'module__unfreeze_strategy': 'encoder_tail', 'module__num_transformer_blocks_to_unfreeze': 2, 'module__unfreeze_cls_token': True, 'module__unfreeze_pos_embedding': True, 'module__unfreeze_patch_embedding': False, 'module__unfreeze_encoder_layernorm': True, 'module__custom_head_hidden_dims': None, 'module__head_dropout_rate': 0.55}, 'save_model': False, 'val_split_ratio': 0.2, 'results_detail_level': 2}
2025-05-26 21:11:54 | INFO     | [pipeline  :single_train      :1502] | ℹ️ Starting single training run...
2025-05-26 21:11:54 | INFO     | [pipeline  :single_train      :1555] | ℹ️ Using split: 1627 train / 407 validation samples.
2025-05-26 21:11:54 | INFO     | [pipeline  :single_train      :1562] | ℹ️ Applying custom parameters for this single_train run: {'max_epochs': 70, 'lr': 3e-05, 'batch_size': 16, 'optimizer': 'AdamW', 'optimizer__weight_decay': 0.05, 'callbacks__default_lr_scheduler__policy': 'CosineAnnealingLR', 'callbacks__default_lr_scheduler__T_max': 70, 'callbacks__default_lr_scheduler__eta_min': 1e-07, 'module__vit_model_variant': 'vit_b_16', 'module__pretrained': True, 'module__unfreeze_strategy': 'encoder_tail', 'module__num_transformer_blocks_to_unfreeze': 2, 'module__unfreeze_cls_token': True, 'module__unfreeze_pos_embedding': True, 'module__unfreeze_patch_embedding': False, 'module__unfreeze_encoder_layernorm': True, 'module__custom_head_hidden_dims': None, 'module__head_dropout_rate': 0.55}
2025-05-26 21:11:54 | INFO     | [pipeline  :single_train      :1624] | ℹ️ Fitting model (run_id: single_train_211154)...
2025-05-26 21:11:54 | DEBUG    | [pretrai...:__init__          :  60] | 🐞 Initializing FlexibleViT:
2025-05-26 21:11:54 | DEBUG    | [pretrai...:__init__          :  61] | 🐞   Model Variant: vit_b_16, Pretrained: True
2025-05-26 21:11:54 | DEBUG    | [pretrai...:__init__          :  62] | 🐞   Unfreeze Strategy (Encoder Blocks): encoder_tail
2025-05-26 21:11:54 | DEBUG    | [pretrai...:__init__          :  64] | 🐞   Num Transformer Blocks to Unfreeze: 2
2025-05-26 21:11:54 | DEBUG    | [pretrai...:__init__          :  65] | 🐞   Unfreeze CLS: True, PosEmb: True, PatchEmb: False, EncoderLN: True
2025-05-26 21:11:54 | DEBUG    | [pretrai...:__init__          :  66] | 🐞   Custom Head Hidden Dims: None, Head Dropout: 0.55
2025-05-26 21:11:55 | DEBUG    | [pretrai...:__init__          :  80] | 🐞 Loaded vit_b_16 from torchvision.
2025-05-26 21:11:55 | DEBUG    | [pretrai...:__init__          : 185] | 🐞 Created simple linear head (dropout: 0.55), in_feat=768.
2025-05-26 21:11:55 | INFO     | [pretrai...:__init__          : 194] | ℹ️ FlexibleViT - Trainable components: CLS Token, Positional Embeddings, 2 Encoder Blocks, Encoder LayerNorm, Classification Head.
2025-05-26 21:11:55 | INFO     | [pretrai...:__init__          : 201] | ℹ️ FlexibleViT: Trainable params: 14.34M / Total params: 85.81M (16.71%)
2025-05-26 21:11:55 | DEBUG    | [adapter   :get_split_datasets: 131] | 🐞 Split created: 1627 train, 407 validation.
2025-05-26 21:11:55 | DEBUG    | [adapter   :get_iterator      : 304] | 🐞 Creating DataLoader: dataset_len=1627, batch_size=16, shuffle=True, collate_fn=Custom (PathImageDataset style), loader_kwargs={'num_workers': 0, 'pin_memory': False}
2025-05-26 21:11:55 | DEBUG    | [adapter   :get_iterator      : 319] | 🐞 Wrapping DataLoader with _BatchPlottingIterator for training.
2025-05-26 21:11:55 | DEBUG    | [adapter   :get_iterator      : 304] | 🐞 Creating DataLoader: dataset_len=407, batch_size=16, shuffle=False, collate_fn=Custom (PathImageDataset style), loader_kwargs={'num_workers': 0, 'pin_memory': False}
2025-05-26 21:11:55 | DEBUG    | [adapter   :get_iterator      : 319] | 🐞 Wrapping DataLoader with _BatchPlottingIterator for validation/evaluation.
2025-05-26 21:12:57 | INFO     | [callbacks :on_epoch_end      : 148] | ℹ️   epoch    train_acc    train_loss    valid_acc    valid_loss   cp           lr      dur
2025-05-26 21:12:57 | INFO     | [callbacks :on_epoch_end      : 148] | ℹ️ -------  -----------  ------------  -----------  ------------  ----  ----------  -------
2025-05-26 21:12:57 | INFO     | [callbacks :on_epoch_end      : 148] | ℹ️       1     ▲ 0.2188      ▼ 2.2585     ▲ 0.3710      ▼ 1.9468        2.9985e-05  61.5055
2025-05-26 21:13:55 | INFO     | [callbacks :on_epoch_end      : 148] | ℹ️       2     ▲ 0.4001      ▼ 1.7817     ▲ 0.4005      ▼ 1.7009        2.994e-05  57.745
2025-05-26 21:14:52 | INFO     | [callbacks :on_epoch_end      : 148] | ℹ️       3     ▲ 0.4763      ▼ 1.5686     ▲ 0.4496      ▼ 1.5884        2.9865e-05  57.7367
2025-05-26 21:15:51 | INFO     | [callbacks :on_epoch_end      : 148] | ℹ️       4     ▲ 0.5274      ▼ 1.4008     ▲ 0.4717      ▼ 1.5391        2.976e-05  58.2796
2025-05-26 21:16:49 | INFO     | [callbacks :on_epoch_end      : 148] | ℹ️       5     ▲ 0.5661      ▼ 1.2788     ▲ 0.4717      ▼ 1.5055        2.9625e-05  58.0535
2025-05-26 21:17:47 | INFO     | [callbacks :on_epoch_end      : 148] | ℹ️       6     ▲ 0.5864      ▼ 1.1797     ▲ 0.4742        1.5062        2.9461e-05  58.0611
2025-05-26 21:18:45 | INFO     | [callbacks :on_epoch_end      : 148] | ℹ️       7     ▲ 0.6306      ▼ 1.0828     ▲ 0.4914      ▼ 1.4911        2.9268e-05  58.0876
2025-05-26 21:19:43 | INFO     | [callbacks :on_epoch_end      : 148] | ℹ️       8     ▲ 0.6447      ▼ 1.0085     ▲ 0.4963        1.4921        2.9047e-05  57.8655
2025-05-26 21:20:41 | INFO     | [callbacks :on_epoch_end      : 148] | ℹ️       9     ▲ 0.6927      ▼ 0.9058       0.4914        1.5191        2.8797e-05  58.2168
2025-05-26 21:21:39 | INFO     | [callbacks :on_epoch_end      : 148] | ℹ️      10     ▲ 0.7062      ▼ 0.8238       0.4865        1.5546        2.8519e-05  57.8948
2025-05-26 21:22:37 | INFO     | [callbacks :on_epoch_end      : 148] | ℹ️      11     ▲ 0.7382      ▼ 0.7446       0.4939        1.5261        2.8215e-05  58.144
2025-05-26 21:23:35 | INFO     | [callbacks :on_epoch_end      : 148] | ℹ️      12     ▲ 0.7757      ▼ 0.6872       0.4644        1.6821        2.7884e-05  58.098
2025-05-26 21:24:33 | INFO     | [callbacks :on_epoch_end      : 148] | ℹ️      13     ▲ 0.7861      ▼ 0.6273        0.484        1.5897        2.7527e-05  57.9393
2025-05-26 21:25:31 | INFO     | [callbacks :on_epoch_end      : 148] | ℹ️      14     ▲ 0.8211      ▼ 0.5781       0.4791        1.7382        2.7145e-05  57.9562
2025-05-26 21:26:29 | INFO     | [callbacks :on_epoch_end      : 148] | ℹ️      15     ▲ 0.8377      ▼ 0.5101       0.4767        1.7531        2.6738e-05  58.0525
2025-05-26 21:27:27 | INFO     | [callbacks :on_epoch_end      : 148] | ℹ️      16       0.8334        0.5187       0.4939         1.704        2.6308e-05  58.0839
2025-05-26 21:28:57 | INFO     | [pipeline  :single_train      :1656] | ℹ️ Training finished. Best validation performance found at Epoch 7 (valid_loss=1.4911)
2025-05-26 21:28:57 | INFO     | [pipeline  :single_train      :1718] | ℹ️ Main pipeline model adapter updated from single_train run: single_train_211154
2025-05-26 21:28:57 | DEBUG    | [pipeline  :_save_results     : 463] | 🐞 Results detail level overridden for this run to: 2
2025-05-26 21:28:57 | DEBUG    | [pipeline  :_save_results     : 471] | 🐞 Saving results for single_train_211154 (detail level: 2)
2025-05-26 21:28:57 | INFO     | [pipeline  :_save_results     : 580] | ℹ️ Results JSON saved via repository to: experiments/CCSN/pvit/20250526_211154_seed42/single_train_211154/single_train_results.json
2025-05-26 21:28:57 | INFO     | [pipeline  :single_train      :1755] | ℹ️ Plotting single_train results for single_train_211154 (plot level 2).
2025-05-26 21:28:57 | INFO     | [plotter   :plot_single_tra...: 662] | ℹ️ Plotting single_train results for: single_train_211154
2025-05-26 21:28:57 | INFO     | [plotter   :plot_single_tra...: 680] | ℹ️ Finished plotting for single_train: single_train_211154
2025-05-26 21:28:57 | INFO     | [executor  :run               : 198] | ℹ️ --- Method single_train (single_train_0) completed successfully in 1023.35s ---
2025-05-26 21:28:57 | INFO     | [executor  :run               : 166] | ℹ️ --- Running Method 2/2: single_eval (single_eval_1) ---
2025-05-26 21:28:57 | DEBUG    | [executor  :run               : 191] | 🐞 Running with effective parameters: {'plot_level': 2}
2025-05-26 21:28:57 | INFO     | [pipeline  :single_eval       :1776] | ℹ️ Starting model evaluation on the test set...
2025-05-26 21:28:57 | INFO     | [pipeline  :single_eval       :1790] | ℹ️ Evaluating on 509 test samples...
2025-05-26 21:28:57 | DEBUG    | [adapter   :get_iterator      : 250] | 🐞 get_iterator: Wrapping skorch Dataset's X (paths) with PathImageDataset for eval.
2025-05-26 21:28:57 | DEBUG    | [adapter   :get_iterator      : 304] | 🐞 Creating DataLoader: dataset_len=509, batch_size=16, shuffle=False, collate_fn=Custom (PathImageDataset style), loader_kwargs={'num_workers': 0, 'pin_memory': False}
2025-05-26 21:28:57 | DEBUG    | [adapter   :get_iterator      : 319] | 🐞 Wrapping DataLoader with _BatchPlottingIterator for validation/evaluation.
2025-05-26 21:29:03 | DEBUG    | [adapter   :get_iterator      : 250] | 🐞 get_iterator: Wrapping skorch Dataset's X (paths) with PathImageDataset for eval.
2025-05-26 21:29:03 | DEBUG    | [adapter   :get_iterator      : 304] | 🐞 Creating DataLoader: dataset_len=509, batch_size=16, shuffle=False, collate_fn=Custom (PathImageDataset style), loader_kwargs={'num_workers': 0, 'pin_memory': False}
2025-05-26 21:29:03 | DEBUG    | [adapter   :get_iterator      : 319] | 🐞 Wrapping DataLoader with _BatchPlottingIterator for validation/evaluation.
2025-05-26 21:29:08 | DEBUG    | [pipeline  :single_eval       :1807] | 🐞 Plot level overridden for this run to: 2
2025-05-26 21:29:08 | DEBUG    | [pipeline  :_compute_metrics  : 443] | 🐞 Computed Metrics: Acc=0.5187, Macro F1=0.4768
2025-05-26 21:29:08 | DEBUG    | [pipeline  :_save_results     : 465] | 🐞 Using pipeline results detail level for this run: 3
2025-05-26 21:29:08 | DEBUG    | [pipeline  :_save_results     : 471] | 🐞 Saving results for single_eval_212857 (detail level: 3)
2025-05-26 21:29:08 | INFO     | [pipeline  :_save_results     : 580] | ℹ️ Results JSON saved via repository to: experiments/CCSN/pvit/20250526_211154_seed42/single_eval_212857/single_eval_results.json
2025-05-26 21:29:08 | INFO     | [pipeline  :single_eval       :1850] | ℹ️ Plotting single_eval results for single_eval_212857 (plot level 2).
2025-05-26 21:29:08 | INFO     | [plotter   :plot_single_eva...: 697] | ℹ️ Plotting single_eval results for: single_eval_212857
2025-05-26 21:29:08 | INFO     | [plotter   :_generate_metri...: 246] | ℹ️ Metrics CSV saved via repository to: experiments/CCSN/pvit/20250526_211154_seed42/single_eval_212857/single_eval_plots/metrics_table.csv
2025-05-26 21:29:10 | INFO     | [plotter   :plot_single_eva...: 745] | ℹ️ Finished plotting for single_eval: single_eval_212857
2025-05-26 21:29:10 | INFO     | [executor  :run               : 198] | ℹ️ --- Method single_eval (single_eval_1) completed successfully in 12.91s ---
2025-05-26 21:29:10 | INFO     | [executor  :run               : 217] | ℹ️ Pipeline execution finished in 1036.26s.
2025-05-26 21:29:10 | INFO     | [executor  :run               : 313] | ℹ️ Final log file available at: C:\Users\Stefan\Documents\GitHub\UBB-Y3-AI-Research\model_src\experiments\CCSN\pvit\20250526_211154_seed42\experiment_run_20250526_211154_seed42.log
2025-05-26 21:29:10 | INFO     | [main      :<module>          : 276] | ℹ️ --- Final Execution Results Summary ---
2025-05-26 21:29:10 | INFO     | [main      :<module>          : 285] | ℹ️ Method single_train_0: Completed. (Acc: 0.4914, F1: nan, BestScore: nan)
2025-05-26 21:29:10 | INFO     | [main      :<module>          : 285] | ℹ️ Method single_eval_1: Completed. (Acc: nan, F1: 0.4768, BestScore: nan)
