Timestamp           | Level    | Location                             | Message
--------------------+----------+--------------------------------------+---------------------------------------------------
2025-05-31 15:53:07 | INFO     | [logger_...:setup_logger      : 153] | ℹ️ Logger 'ImgClassPipe' initialized. Log file: C:\Users\Stefan\Documents\GitHub\UBB-Y3-AI-Research\model_src\experiments\CCSN\pvit\20250531_155307_seed42\experiment_run_20250531_155307_seed42.log
2025-05-31 15:53:07 | INFO     | [executor  :__init__          : 100] | ℹ️ --- Starting Experiment Run (ID: 20250531_155307_seed42) ---
2025-05-31 15:53:07 | INFO     | [executor  :__init__          : 101] | ℹ️ Executor initialized for model 'pvit' on dataset 'CCSN'
2025-05-31 15:53:07 | INFO     | [executor  :__init__          : 104] | ℹ️ Local artifact storage base: C:\Users\Stefan\Documents\GitHub\UBB-Y3-AI-Research\model_src
2025-05-31 15:53:07 | INFO     | [executor  :__init__          : 108] | ℹ️ Base key/prefix for this run's artifacts: experiments/CCSN/pvit/20250531_155307_seed42
2025-05-31 15:53:07 | INFO     | [executor  :__init__          : 110] | ℹ️ Local log file for this run (might be temporary): C:\Users\Stefan\Documents\GitHub\UBB-Y3-AI-Research\model_src\experiments\CCSN\pvit\20250531_155307_seed42\experiment_run_20250531_155307_seed42.log
2025-05-31 15:53:07 | INFO     | [pipeline  :__init__          : 173] | ℹ️ Initializing Classification Pipeline:
2025-05-31 15:53:07 | INFO     | [pipeline  :__init__          : 174] | ℹ️   Dataset Path: C:\Users\Stefan\Documents\GitHub\UBB-Y3-AI-Research\model_src\data\CCSN
2025-05-31 15:53:07 | INFO     | [pipeline  :__init__          : 175] | ℹ️   Model Type: pvit
2025-05-31 15:53:07 | INFO     | [pipeline  :__init__          : 178] | ℹ️   Artifact base key prefix for this run: experiments/CCSN/pvit/20250531_155307_seed42 (using LocalFileSystemRepository)
2025-05-31 15:53:07 | INFO     | [pipeline  :__init__          : 182] | ℹ️   Default Augmentation Strategy: AugmentationStrategy.CCSN_MODERATE
2025-05-31 15:53:07 | INFO     | [pipeline  :__init__          : 183] | ℹ️   Default Show First Batch Aug: True
2025-05-31 15:53:07 | INFO     | [dataset...:__init__          : 268] | ℹ️ Using augmentation strategy: AugmentationStrategy.CCSN_MODERATE
2025-05-31 15:53:07 | INFO     | [dataset...:__init__          : 293] | ℹ️ Detected dataset structure: flat
2025-05-31 15:53:07 | INFO     | [dataset...:_load_paths_and...: 368] | ℹ️ Scanning FLAT dataset from C:\Users\Stefan\Documents\GitHub\UBB-Y3-AI-Research\model_src\data\CCSN...
2025-05-31 15:53:07 | INFO     | [dataset...:__init__          : 313] | ℹ️ Found 11 classes: Ac, As, Cb, Cc, Ci, Cs, Ct, Cu, Ns, Sc, St
2025-05-31 15:53:07 | INFO     | [dataset...:__init__          : 316] | ℹ️ Dataset sizes: 2288 train+val, 255 test. Total: 2543
2025-05-31 15:53:07 | INFO     | [pipeline  :__init__          : 192] | ℹ️   Artifact base key prefix for this run: experiments/CCSN/pvit/20250531_155307_seed42 (using LocalFileSystemRepository)
2025-05-31 15:53:07 | INFO     | [pipeline  :__init__          : 223] | ℹ️   Using Optimizer: AdamW
2025-05-31 15:53:07 | DEBUG    | [callbacks :get_default_cal...: 196] | 🐞 Default LRScheduler callback instance created with policy: ReduceLROnPlateau, kwargs: {'patience': 2, 'mode': 'min', 'factor': 0.1, 'min_lr': 1e-06, 'verbose': False}, monitor: valid_loss
2025-05-31 15:53:07 | INFO     | [pipeline  :__init__          : 266] | ℹ️   Model Adapter: Initialized with PretrainedViT
2025-05-31 15:53:07 | DEBUG    | [executor  :_validate_methods : 152] | 🐞 Basic method validation successful.
2025-05-31 15:53:07 | INFO     | [executor  :__init__          : 136] | ℹ️ Executor configured to run methods: cv_model_evaluation
2025-05-31 15:53:07 | INFO     | [executor  :run               : 162] | ℹ️ Starting execution of pipeline methods...
2025-05-31 15:53:07 | INFO     | [executor  :run               : 166] | ℹ️ --- Running Method 1/1: cv_model_evaluation (cv_model_evaluation_0) ---
2025-05-31 15:53:07 | DEBUG    | [executor  :run               : 191] | 🐞 Running with effective parameters: {'params': {'max_epochs': 70, 'lr': 5e-05, 'batch_size': 16, 'optimizer': 'AdamW', 'optimizer__weight_decay': 0.2, 'callbacks__default_lr_scheduler__policy': 'CosineAnnealingLR', 'callbacks__default_lr_scheduler__T_max': 70, 'callbacks__default_lr_scheduler__eta_min': 1e-06, 'callbacks__default_early_stopping__patience': 15, 'module__vit_model_variant': 'vit_b_16', 'module__pretrained': True, 'module__unfreeze_strategy': 'encoder_tail', 'module__num_transformer_blocks_to_unfreeze': 1, 'module__unfreeze_cls_token': True, 'module__unfreeze_pos_embedding': True, 'module__unfreeze_patch_embedding': False, 'module__unfreeze_encoder_layernorm': True, 'module__custom_head_hidden_dims': None, 'module__head_dropout_rate': 0.5}, 'internal_val_split_ratio': 0.11111111111111112, 'cv': 10, 'evaluate_on': 'full', 'results_detail_level': 3}
2025-05-31 15:53:07 | INFO     | [pipeline  :cv_model_evalua...:1157] | ℹ️ Performing 10-fold CV for evaluation with fixed parameters.
2025-05-31 15:53:07 | INFO     | [pipeline  :cv_model_evalua...:1177] | ℹ️ Using full dataset (2543 samples) for CV evaluation.
2025-05-31 15:53:07 | INFO     | [pipeline  :cv_model_evalua...:1203] | ℹ️ Using provided parameters for CV evaluation: {'max_epochs': 70, 'lr': 5e-05, 'batch_size': 16, 'optimizer': 'AdamW', 'optimizer__weight_decay': 0.2, 'callbacks__default_lr_scheduler__policy': 'CosineAnnealingLR', 'callbacks__default_lr_scheduler__T_max': 70, 'callbacks__default_lr_scheduler__eta_min': 1e-06, 'callbacks__default_early_stopping__patience': 15, 'module__vit_model_variant': 'vit_b_16', 'module__pretrained': True, 'module__unfreeze_strategy': 'encoder_tail', 'module__num_transformer_blocks_to_unfreeze': 1, 'module__unfreeze_cls_token': True, 'module__unfreeze_pos_embedding': True, 'module__unfreeze_patch_embedding': False, 'module__unfreeze_encoder_layernorm': True, 'module__custom_head_hidden_dims': None, 'module__head_dropout_rate': 0.5}
2025-05-31 15:53:07 | DEBUG    | [param_g...:parse_fixed_hyp...: 151] | 🐞 Created LRScheduler instance: policy=CosineAnnealingLR, direct_args={}, constructor_kwargs={'T_max': 70, 'eta_min': 1e-06}
2025-05-31 15:53:07 | INFO     | [pipeline  :cv_model_evalua...:1226] | ℹ️ Skorch internal validation split configured: 11.1% of each CV fold's training data.
2025-05-31 15:53:07 | DEBUG    | [pipeline  :cv_model_evalua...:1256] | 🐞 Will compute detailed metrics (detail_level=3, plot_level=2)
2025-05-31 15:53:07 | INFO     | [pipeline  :cv_model_evalua...:1262] | ℹ️ --- Starting CV Evaluation Fold 1/10 ---
2025-05-31 15:53:07 | DEBUG    | [pipeline  :cv_model_evalua...:1269] | 🐞 Outer split (full set): 2288 train / 255 test samples.
2025-05-31 15:53:07 | DEBUG    | [pipeline  :cv_model_evalua...:1289] | 🐞 Fold 1: Internal split: ~2034 train / ~254 valid.
2025-05-31 15:53:07 | INFO     | [pipeline  :cv_model_evalua...:1299] | ℹ️ Fitting model for fold 1...
2025-05-31 15:53:07 | DEBUG    | [pretrai...:__init__          :  38] | 🐞 Initializing PretrainedViT:
2025-05-31 15:53:07 | DEBUG    | [pretrai...:__init__          :  39] | 🐞   Model Variant: vit_b_16, Pretrained: True
2025-05-31 15:53:07 | DEBUG    | [pretrai...:__init__          :  40] | 🐞   Is Hybrid Input: False
2025-05-31 15:53:07 | DEBUG    | [pretrai...:__init__          :  43] | 🐞   Unfreeze Strategy (Encoder Blocks): encoder_tail
2025-05-31 15:53:07 | DEBUG    | [pretrai...:__init__          :  45] | 🐞   Num Transformer Blocks to Unfreeze: 1
2025-05-31 15:53:07 | DEBUG    | [pretrai...:__init__          :  46] | 🐞   Unfreeze CLS: True, PosEmb: True, PatchEmb: False, EncoderLN: True
2025-05-31 15:53:07 | DEBUG    | [pretrai...:__init__          :  48] | 🐞   Custom Head Hidden Dims: None, Head Dropout: 0.5
2025-05-31 15:53:08 | DEBUG    | [pretrai...:__init__          :  69] | 🐞 Loaded vit_b_16 from torchvision.
2025-05-31 15:53:08 | DEBUG    | [pretrai...:__init__          : 313] | 🐞 Created simple linear head (dropout: 0.5), in_feat=768.
2025-05-31 15:53:08 | INFO     | [pretrai...:__init__          : 323] | ℹ️ PretrainedViT (standard) - Trainable: CLS Token, Positional Embeddings, 1 Encoder Blocks, Encoder LayerNorm, Classification Head.
2025-05-31 15:53:08 | INFO     | [pretrai...:__init__          : 348] | ℹ️ PretrainedViT (standard): Trainable params: 7.25M / Total params: 85.81M (8.45%)
2025-05-31 15:53:09 | DEBUG    | [adapter   :get_split_datasets: 164] | 🐞 Split created: 2033 train, 255 validation.
2025-05-31 15:53:09 | DEBUG    | [adapter   :get_iterator      : 275] | 🐞 Creating DataLoader for training: dataset_len=2033, batch_size=16, shuffle=True, collate_fn_type='function', loader_kwargs={'num_workers': 0, 'pin_memory': False}
2025-05-31 15:53:09 | DEBUG    | [adapter   :get_iterator      : 275] | 🐞 Creating DataLoader for validation/evaluation: dataset_len=255, batch_size=16, shuffle=False, collate_fn_type='function', loader_kwargs={'num_workers': 0, 'pin_memory': False}
2025-05-31 15:54:23 | INFO     | [callbacks :on_epoch_end      : 147] | ℹ️   epoch    train_acc    train_loss    valid_acc    valid_loss   cp           lr      dur
2025-05-31 15:54:23 | INFO     | [callbacks :on_epoch_end      : 147] | ℹ️ -------  -----------  ------------  -----------  ------------  ----  ----------  -------
2025-05-31 15:54:23 | INFO     | [callbacks :on_epoch_end      : 147] | ℹ️       1     ▲ 0.2317      ▼ 2.2371     ▲ 0.3451      ▼ 1.9051        4.9975e-05  74.9007
2025-05-31 15:55:35 | INFO     | [callbacks :on_epoch_end      : 147] | ℹ️       2     ▲ 0.3891      ▼ 1.8039     ▲ 0.4196      ▼ 1.6945        4.9901e-05  71.07
2025-05-31 15:56:46 | INFO     | [callbacks :on_epoch_end      : 147] | ℹ️       3     ▲ 0.4452      ▼ 1.6212     ▲ 0.4392      ▼ 1.5728        4.9778e-05  71.4603
2025-05-31 15:58:02 | INFO     | [callbacks :on_epoch_end      : 147] | ℹ️       4     ▲ 0.4830      ▼ 1.5037     ▲ 0.4588      ▼ 1.5120        4.9606e-05  75.7461
2025-05-31 15:59:12 | INFO     | [callbacks :on_epoch_end      : 147] | ℹ️       5     ▲ 0.5248      ▼ 1.3920     ▲ 0.5059      ▼ 1.4389        4.9386e-05  70.3331
2025-05-31 16:00:25 | INFO     | [callbacks :on_epoch_end      : 147] | ℹ️       6     ▲ 0.5416      ▼ 1.3399       0.4706         1.445        4.9117e-05  72.8691
2025-05-31 16:01:39 | INFO     | [callbacks :on_epoch_end      : 147] | ℹ️       7     ▲ 0.5809      ▼ 1.2406     ▲ 0.5137      ▼ 1.4346        4.8801e-05  74.1095
2025-05-31 16:02:56 | INFO     | [callbacks :on_epoch_end      : 147] | ℹ️       8     ▲ 0.5829      ▼ 1.2188       0.4902      ▼ 1.3894        4.8438e-05  76.4792
2025-05-31 16:04:12 | INFO     | [callbacks :on_epoch_end      : 147] | ℹ️       9     ▲ 0.6026      ▼ 1.1408     ▲ 0.5333      ▼ 1.3762        4.8028e-05  76.2122
2025-05-31 16:05:28 | INFO     | [callbacks :on_epoch_end      : 147] | ℹ️      10     ▲ 0.6301      ▼ 1.0655     ▲ 0.5333      ▼ 1.3665        4.7574e-05  75.582
2025-05-31 16:06:50 | INFO     | [callbacks :on_epoch_end      : 147] | ℹ️      11     ▲ 0.6527      ▼ 1.0206       0.5176      ▼ 1.3558        4.7075e-05  81.9662
2025-05-31 16:08:06 | INFO     | [callbacks :on_epoch_end      : 147] | ℹ️      12     ▲ 0.6680      ▼ 0.9813       0.5137      ▼ 1.3393        4.6532e-05  76.2818
2025-05-31 16:09:20 | INFO     | [callbacks :on_epoch_end      : 147] | ℹ️      13     ▲ 0.6773      ▼ 0.9415       0.4706        1.4147        4.5947e-05  73.6035
2025-05-31 16:10:33 | INFO     | [callbacks :on_epoch_end      : 147] | ℹ️      14     ▲ 0.6931      ▼ 0.8925       0.5216        1.3587        4.5321e-05  73.2553
2025-05-31 16:11:47 | INFO     | [callbacks :on_epoch_end      : 147] | ℹ️      15     ▲ 0.7132      ▼ 0.8280       0.5176        1.3565        4.4655e-05  73.9298
2025-05-31 16:13:00 | INFO     | [callbacks :on_epoch_end      : 147] | ℹ️      16     ▲ 0.7344      ▼ 0.7939     ▲ 0.5333        1.3686        4.395e-05  73.2274
2025-05-31 16:14:14 | INFO     | [callbacks :on_epoch_end      : 147] | ℹ️      17     ▲ 0.7378      ▼ 0.7593       0.4863        1.4279        4.3208e-05  73.5915
2025-05-31 16:15:27 | INFO     | [callbacks :on_epoch_end      : 147] | ℹ️      18     ▲ 0.7565      ▼ 0.7231       0.4902        1.4111        4.2431e-05  73.3006
2025-05-31 16:16:38 | INFO     | [callbacks :on_epoch_end      : 147] | ℹ️      19     ▲ 0.7703      ▼ 0.6636     ▲ 0.5451        1.4091        4.1619e-05  70.47
2025-05-31 16:17:48 | INFO     | [callbacks :on_epoch_end      : 147] | ℹ️      20     ▲ 0.7875      ▼ 0.6550       0.5255        1.4123        4.0776e-05  70.5051
2025-05-31 16:18:57 | INFO     | [callbacks :on_epoch_end      : 147] | ℹ️      21     ▲ 0.7964      ▼ 0.6295       0.5137        1.4466        3.9901e-05  69.3226
2025-05-31 16:20:07 | INFO     | [callbacks :on_epoch_end      : 147] | ℹ️      22     ▲ 0.8185      ▼ 0.5617       0.5333        1.4369        3.8997e-05  69.1146
2025-05-31 16:21:16 | INFO     | [callbacks :on_epoch_end      : 147] | ℹ️      23        0.817      ▼ 0.5607       0.5059        1.4667        3.8066e-05  69.0091
2025-05-31 16:22:25 | INFO     | [callbacks :on_epoch_end      : 147] | ℹ️      24     ▲ 0.8318      ▼ 0.5127       0.4863        1.5199        3.711e-05  69.7053
2025-05-31 16:23:34 | INFO     | [callbacks :on_epoch_end      : 147] | ℹ️      25       0.8273        0.5144     ▲ 0.5569        1.5036        3.613e-05  69.0532
2025-05-31 16:24:44 | INFO     | [callbacks :on_epoch_end      : 147] | ℹ️      26     ▲ 0.8406      ▼ 0.4728        0.498        1.5416        3.5129e-05  69.6548
2025-05-31 16:25:57 | INFO     | [pipeline  :cv_model_evalua...:1313] | ℹ️ Using best model from epoch 27
2025-05-31 16:25:57 | INFO     | [pipeline  :cv_model_evalua...:1316] | ℹ️ Evaluating model on outer test set for fold 1...
2025-05-31 16:25:57 | DEBUG    | [adapter   :get_iterator      : 275] | 🐞 Creating DataLoader for validation/evaluation: dataset_len=255, batch_size=16, shuffle=False, collate_fn_type='function', loader_kwargs={'num_workers': 0, 'pin_memory': False}
2025-05-31 16:25:59 | DEBUG    | [adapter   :get_iterator      : 275] | 🐞 Creating DataLoader for validation/evaluation: dataset_len=255, batch_size=16, shuffle=False, collate_fn_type='function', loader_kwargs={'num_workers': 0, 'pin_memory': False}
2025-05-31 16:26:02 | DEBUG    | [pipeline  :_compute_metrics  : 443] | 🐞 Computed Metrics: Acc=0.5490, Macro F1=0.5382
2025-05-31 16:26:02 | INFO     | [pipeline  :cv_model_evalua...:1336] | ℹ️ Fold 1 Test Scores: Acc=0.5490, F1=0.5382
2025-05-31 16:26:02 | INFO     | [pipeline  :cv_model_evalua...:1262] | ℹ️ --- Starting CV Evaluation Fold 2/10 ---
2025-05-31 16:26:02 | DEBUG    | [pipeline  :cv_model_evalua...:1269] | 🐞 Outer split (full set): 2288 train / 255 test samples.
2025-05-31 16:26:02 | DEBUG    | [pipeline  :cv_model_evalua...:1289] | 🐞 Fold 2: Internal split: ~2034 train / ~254 valid.
2025-05-31 16:26:02 | INFO     | [pipeline  :cv_model_evalua...:1299] | ℹ️ Fitting model for fold 2...
2025-05-31 16:26:02 | DEBUG    | [pretrai...:__init__          :  38] | 🐞 Initializing PretrainedViT:
2025-05-31 16:26:02 | DEBUG    | [pretrai...:__init__          :  39] | 🐞   Model Variant: vit_b_16, Pretrained: True
2025-05-31 16:26:02 | DEBUG    | [pretrai...:__init__          :  40] | 🐞   Is Hybrid Input: False
2025-05-31 16:26:02 | DEBUG    | [pretrai...:__init__          :  43] | 🐞   Unfreeze Strategy (Encoder Blocks): encoder_tail
2025-05-31 16:26:02 | DEBUG    | [pretrai...:__init__          :  45] | 🐞   Num Transformer Blocks to Unfreeze: 1
2025-05-31 16:26:02 | DEBUG    | [pretrai...:__init__          :  46] | 🐞   Unfreeze CLS: True, PosEmb: True, PatchEmb: False, EncoderLN: True
2025-05-31 16:26:02 | DEBUG    | [pretrai...:__init__          :  48] | 🐞   Custom Head Hidden Dims: None, Head Dropout: 0.5
2025-05-31 16:26:03 | DEBUG    | [pretrai...:__init__          :  69] | 🐞 Loaded vit_b_16 from torchvision.
2025-05-31 16:26:03 | DEBUG    | [pretrai...:__init__          : 313] | 🐞 Created simple linear head (dropout: 0.5), in_feat=768.
2025-05-31 16:26:03 | INFO     | [pretrai...:__init__          : 323] | ℹ️ PretrainedViT (standard) - Trainable: CLS Token, Positional Embeddings, 1 Encoder Blocks, Encoder LayerNorm, Classification Head.
2025-05-31 16:26:03 | INFO     | [pretrai...:__init__          : 348] | ℹ️ PretrainedViT (standard): Trainable params: 7.25M / Total params: 85.81M (8.45%)
2025-05-31 16:26:03 | DEBUG    | [adapter   :get_split_datasets: 164] | 🐞 Split created: 2033 train, 255 validation.
2025-05-31 16:26:03 | DEBUG    | [adapter   :get_iterator      : 275] | 🐞 Creating DataLoader for training: dataset_len=2033, batch_size=16, shuffle=True, collate_fn_type='function', loader_kwargs={'num_workers': 0, 'pin_memory': False}
2025-05-31 16:26:03 | DEBUG    | [adapter   :get_iterator      : 275] | 🐞 Creating DataLoader for validation/evaluation: dataset_len=255, batch_size=16, shuffle=False, collate_fn_type='function', loader_kwargs={'num_workers': 0, 'pin_memory': False}
2025-05-31 16:27:15 | INFO     | [callbacks :on_epoch_end      : 147] | ℹ️   epoch    train_acc    train_loss    valid_acc    valid_loss   cp           lr      dur
2025-05-31 16:27:15 | INFO     | [callbacks :on_epoch_end      : 147] | ℹ️ -------  -----------  ------------  -----------  ------------  ----  ----------  -------
2025-05-31 16:27:15 | INFO     | [callbacks :on_epoch_end      : 147] | ℹ️       1     ▲ 0.2420      ▼ 2.2035     ▲ 0.3686      ▼ 1.9154        4.9975e-05  72.2685
2025-05-31 16:28:24 | INFO     | [callbacks :on_epoch_end      : 147] | ℹ️       2     ▲ 0.3930      ▼ 1.7526     ▲ 0.4667      ▼ 1.6729        4.9901e-05  69.1439
2025-05-31 16:29:34 | INFO     | [callbacks :on_epoch_end      : 147] | ℹ️       3     ▲ 0.4584      ▼ 1.5723     ▲ 0.4706      ▼ 1.5891        4.9778e-05  69.6701
2025-05-31 16:30:43 | INFO     | [callbacks :on_epoch_end      : 147] | ℹ️       4     ▲ 0.4845      ▼ 1.4791     ▲ 0.4706      ▼ 1.5346        4.9606e-05  68.894
2025-05-31 16:31:52 | INFO     | [callbacks :on_epoch_end      : 147] | ℹ️       5     ▲ 0.5322      ▼ 1.3913     ▲ 0.4863      ▼ 1.5015        4.9386e-05  69.6245
2025-05-31 16:33:02 | INFO     | [callbacks :on_epoch_end      : 147] | ℹ️       6     ▲ 0.5440      ▼ 1.3112     ▲ 0.5098      ▼ 1.4833        4.9117e-05  69.7531
2025-05-31 16:34:12 | INFO     | [callbacks :on_epoch_end      : 147] | ℹ️       7     ▲ 0.5607      ▼ 1.2473        0.498        1.4865        4.8801e-05  69.9109
2025-05-31 16:35:21 | INFO     | [callbacks :on_epoch_end      : 147] | ℹ️       8     ▲ 0.5853      ▼ 1.1948     ▲ 0.5255      ▼ 1.4321        4.8438e-05  69.042
2025-05-31 16:36:33 | INFO     | [callbacks :on_epoch_end      : 147] | ℹ️       9     ▲ 0.6050      ▼ 1.1514     ▲ 0.5255        1.4339        4.8028e-05  71.7238
2025-05-31 16:37:46 | INFO     | [callbacks :on_epoch_end      : 147] | ℹ️      10     ▲ 0.6355      ▼ 1.0777       0.5176        1.4328        4.7574e-05  72.9015
2025-05-31 16:38:59 | INFO     | [callbacks :on_epoch_end      : 147] | ℹ️      11     ▲ 0.6498      ▼ 1.0145     ▲ 0.5451      ▼ 1.4285        4.7075e-05  72.6795
2025-05-31 16:40:10 | INFO     | [callbacks :on_epoch_end      : 147] | ℹ️      12     ▲ 0.6675      ▼ 0.9918       0.5333      ▼ 1.3884        4.6532e-05  70.8543
2025-05-31 16:41:21 | INFO     | [callbacks :on_epoch_end      : 147] | ℹ️      13     ▲ 0.6739      ▼ 0.9382       0.5137        1.4371        4.5947e-05  71.203
2025-05-31 16:42:33 | INFO     | [callbacks :on_epoch_end      : 147] | ℹ️      14     ▲ 0.6970      ▼ 0.9026       0.5294        1.4172        4.5321e-05  72.4364
2025-05-31 16:43:45 | INFO     | [callbacks :on_epoch_end      : 147] | ℹ️      15     ▲ 0.7068      ▼ 0.8532     ▲ 0.5529        1.4176        4.4655e-05  72.09
2025-05-31 16:44:56 | INFO     | [callbacks :on_epoch_end      : 147] | ℹ️      16     ▲ 0.7319      ▼ 0.7987     ▲ 0.5608        1.4314        4.395e-05  70.6782
2025-05-31 16:46:08 | INFO     | [callbacks :on_epoch_end      : 147] | ℹ️      17     ▲ 0.7403      ▼ 0.7699       0.5216         1.464        4.3208e-05  72.1158
2025-05-31 16:47:20 | INFO     | [callbacks :on_epoch_end      : 147] | ℹ️      18     ▲ 0.7531      ▼ 0.7146       0.5412        1.4654        4.2431e-05  72.2487
2025-05-31 16:48:33 | INFO     | [callbacks :on_epoch_end      : 147] | ℹ️      19       0.7467      ▼ 0.7106       0.5294        1.5427        4.1619e-05  72.9876
2025-05-31 16:49:46 | INFO     | [callbacks :on_epoch_end      : 147] | ℹ️      20     ▲ 0.7860      ▼ 0.6493       0.5216        1.5296        4.0776e-05  72.7314
2025-05-31 16:50:57 | INFO     | [callbacks :on_epoch_end      : 147] | ℹ️      21     ▲ 0.7865      ▼ 0.6307       0.5216        1.5415        3.9901e-05  70.5683
2025-05-31 16:52:12 | INFO     | [callbacks :on_epoch_end      : 147] | ℹ️      22     ▲ 0.8028      ▼ 0.5983       0.5412        1.4908        3.8997e-05  74.6773
2025-05-31 16:53:26 | INFO     | [callbacks :on_epoch_end      : 147] | ℹ️      23     ▲ 0.8210      ▼ 0.5513       0.5373        1.5612        3.8066e-05  74.8112
2025-05-31 16:54:41 | INFO     | [callbacks :on_epoch_end      : 147] | ℹ️      24       0.8155      ▼ 0.5428       0.5412        1.5338        3.711e-05  74.8714
2025-05-31 16:55:57 | INFO     | [callbacks :on_epoch_end      : 147] | ℹ️      25     ▲ 0.8278      ▼ 0.5074       0.5216        1.5721        3.613e-05  75.3681
2025-05-31 16:57:12 | INFO     | [callbacks :on_epoch_end      : 147] | ℹ️      26     ▲ 0.8382      ▼ 0.4940       0.5333        1.6193        3.5129e-05  75.0221
2025-05-31 16:58:23 | INFO     | [pipeline  :cv_model_evalua...:1313] | ℹ️ Using best model from epoch 27
2025-05-31 16:58:23 | INFO     | [pipeline  :cv_model_evalua...:1316] | ℹ️ Evaluating model on outer test set for fold 2...
2025-05-31 16:58:23 | DEBUG    | [adapter   :get_iterator      : 275] | 🐞 Creating DataLoader for validation/evaluation: dataset_len=255, batch_size=16, shuffle=False, collate_fn_type='function', loader_kwargs={'num_workers': 0, 'pin_memory': False}
2025-05-31 16:58:25 | DEBUG    | [adapter   :get_iterator      : 275] | 🐞 Creating DataLoader for validation/evaluation: dataset_len=255, batch_size=16, shuffle=False, collate_fn_type='function', loader_kwargs={'num_workers': 0, 'pin_memory': False}
2025-05-31 16:58:28 | DEBUG    | [pipeline  :_compute_metrics  : 443] | 🐞 Computed Metrics: Acc=0.4980, Macro F1=0.4955
2025-05-31 16:58:28 | INFO     | [pipeline  :cv_model_evalua...:1336] | ℹ️ Fold 2 Test Scores: Acc=0.4980, F1=0.4955
2025-05-31 16:58:28 | INFO     | [pipeline  :cv_model_evalua...:1262] | ℹ️ --- Starting CV Evaluation Fold 3/10 ---
2025-05-31 16:58:28 | DEBUG    | [pipeline  :cv_model_evalua...:1269] | 🐞 Outer split (full set): 2288 train / 255 test samples.
2025-05-31 16:58:28 | DEBUG    | [pipeline  :cv_model_evalua...:1289] | 🐞 Fold 3: Internal split: ~2034 train / ~254 valid.
2025-05-31 16:58:28 | INFO     | [pipeline  :cv_model_evalua...:1299] | ℹ️ Fitting model for fold 3...
2025-05-31 16:58:28 | DEBUG    | [pretrai...:__init__          :  38] | 🐞 Initializing PretrainedViT:
2025-05-31 16:58:28 | DEBUG    | [pretrai...:__init__          :  39] | 🐞   Model Variant: vit_b_16, Pretrained: True
2025-05-31 16:58:28 | DEBUG    | [pretrai...:__init__          :  40] | 🐞   Is Hybrid Input: False
2025-05-31 16:58:28 | DEBUG    | [pretrai...:__init__          :  43] | 🐞   Unfreeze Strategy (Encoder Blocks): encoder_tail
2025-05-31 16:58:28 | DEBUG    | [pretrai...:__init__          :  45] | 🐞   Num Transformer Blocks to Unfreeze: 1
2025-05-31 16:58:28 | DEBUG    | [pretrai...:__init__          :  46] | 🐞   Unfreeze CLS: True, PosEmb: True, PatchEmb: False, EncoderLN: True
2025-05-31 16:58:28 | DEBUG    | [pretrai...:__init__          :  48] | 🐞   Custom Head Hidden Dims: None, Head Dropout: 0.5
2025-05-31 16:58:29 | DEBUG    | [pretrai...:__init__          :  69] | 🐞 Loaded vit_b_16 from torchvision.
2025-05-31 16:58:29 | DEBUG    | [pretrai...:__init__          : 313] | 🐞 Created simple linear head (dropout: 0.5), in_feat=768.
2025-05-31 16:58:29 | INFO     | [pretrai...:__init__          : 323] | ℹ️ PretrainedViT (standard) - Trainable: CLS Token, Positional Embeddings, 1 Encoder Blocks, Encoder LayerNorm, Classification Head.
2025-05-31 16:58:29 | INFO     | [pretrai...:__init__          : 348] | ℹ️ PretrainedViT (standard): Trainable params: 7.25M / Total params: 85.81M (8.45%)
2025-05-31 16:58:29 | DEBUG    | [adapter   :get_split_datasets: 164] | 🐞 Split created: 2033 train, 255 validation.
2025-05-31 16:58:29 | DEBUG    | [adapter   :get_iterator      : 275] | 🐞 Creating DataLoader for training: dataset_len=2033, batch_size=16, shuffle=True, collate_fn_type='function', loader_kwargs={'num_workers': 0, 'pin_memory': False}
2025-05-31 16:58:29 | DEBUG    | [adapter   :get_iterator      : 275] | 🐞 Creating DataLoader for validation/evaluation: dataset_len=255, batch_size=16, shuffle=False, collate_fn_type='function', loader_kwargs={'num_workers': 0, 'pin_memory': False}
2025-05-31 16:59:42 | INFO     | [callbacks :on_epoch_end      : 147] | ℹ️   epoch    train_acc    train_loss    valid_acc    valid_loss   cp           lr      dur
2025-05-31 16:59:42 | INFO     | [callbacks :on_epoch_end      : 147] | ℹ️ -------  -----------  ------------  -----------  ------------  ----  ----------  -------
2025-05-31 16:59:42 | INFO     | [callbacks :on_epoch_end      : 147] | ℹ️       1     ▲ 0.2199      ▼ 2.2403     ▲ 0.3529      ▼ 1.9620        4.9975e-05  73.6324
2025-05-31 17:00:54 | INFO     | [callbacks :on_epoch_end      : 147] | ℹ️       2     ▲ 0.3783      ▼ 1.8222     ▲ 0.4157      ▼ 1.6943        4.9901e-05  71.6333
2025-05-31 17:02:06 | INFO     | [callbacks :on_epoch_end      : 147] | ℹ️       3     ▲ 0.4540      ▼ 1.5629     ▲ 0.4627      ▼ 1.5877        4.9778e-05  71.3073
2025-05-31 17:03:19 | INFO     | [callbacks :on_epoch_end      : 147] | ℹ️       4     ▲ 0.4983      ▼ 1.4704     ▲ 0.4627      ▼ 1.5216        4.9606e-05  73.6917
2025-05-31 17:04:31 | INFO     | [callbacks :on_epoch_end      : 147] | ℹ️       5     ▲ 0.5278      ▼ 1.3653     ▲ 0.4745      ▼ 1.4966        4.9386e-05  71.8387
2025-05-31 17:05:45 | INFO     | [callbacks :on_epoch_end      : 147] | ℹ️       6     ▲ 0.5544      ▼ 1.2826     ▲ 0.4824      ▼ 1.4606        4.9117e-05  73.5606
2025-05-31 17:06:58 | INFO     | [callbacks :on_epoch_end      : 147] | ℹ️       7     ▲ 0.5681      ▼ 1.2240     ▲ 0.4941      ▼ 1.4117        4.8801e-05  73.643
2025-05-31 17:08:12 | INFO     | [callbacks :on_epoch_end      : 147] | ℹ️       8     ▲ 0.5912      ▼ 1.1676     ▲ 0.4980      ▼ 1.4081        4.8438e-05  73.7965
2025-05-31 17:09:26 | INFO     | [callbacks :on_epoch_end      : 147] | ℹ️       9     ▲ 0.6124      ▼ 1.1292     ▲ 0.5098        1.4278        4.8028e-05  74.1021
2025-05-31 17:10:43 | INFO     | [callbacks :on_epoch_end      : 147] | ℹ️      10     ▲ 0.6272      ▼ 1.0549        0.502        1.4568        4.7574e-05  76.1584
2025-05-31 17:11:56 | INFO     | [callbacks :on_epoch_end      : 147] | ℹ️      11     ▲ 0.6596      ▼ 0.9967       0.5059      ▼ 1.3956        4.7075e-05  72.9542
2025-05-31 17:13:08 | INFO     | [callbacks :on_epoch_end      : 147] | ℹ️      12     ▲ 0.6699      ▼ 0.9733     ▲ 0.5176        1.4517        4.6532e-05  72.9044
2025-05-31 17:14:23 | INFO     | [callbacks :on_epoch_end      : 147] | ℹ️      13     ▲ 0.6911      ▼ 0.9097     ▲ 0.5412      ▼ 1.3836        4.5947e-05  74.037
2025-05-31 17:15:33 | INFO     | [callbacks :on_epoch_end      : 147] | ℹ️      14     ▲ 0.7103      ▼ 0.8537       0.5176        1.4326        4.5321e-05  70.5572
2025-05-31 17:16:42 | INFO     | [callbacks :on_epoch_end      : 147] | ℹ️      15     ▲ 0.7108      ▼ 0.8388       0.5176        1.4075        4.4655e-05  68.7642
2025-05-31 17:17:51 | INFO     | [callbacks :on_epoch_end      : 147] | ℹ️      16     ▲ 0.7186      ▼ 0.8106       0.5059        1.4234        4.395e-05  68.8715
2025-05-31 17:19:01 | INFO     | [callbacks :on_epoch_end      : 147] | ℹ️      17     ▲ 0.7452      ▼ 0.7572       0.4706        1.4944        4.3208e-05  70.0471
2025-05-31 17:20:12 | INFO     | [callbacks :on_epoch_end      : 147] | ℹ️      18     ▲ 0.7595      ▼ 0.7171     ▲ 0.5490        1.4716        4.2431e-05  71.4797
2025-05-31 17:21:22 | INFO     | [callbacks :on_epoch_end      : 147] | ℹ️      19     ▲ 0.7664      ▼ 0.6881       0.5137        1.5134        4.1619e-05  69.9144
2025-05-31 17:22:36 | INFO     | [callbacks :on_epoch_end      : 147] | ℹ️      20     ▲ 0.7909      ▼ 0.6469       0.5059        1.5149        4.0776e-05  73.531
2025-05-31 17:23:48 | INFO     | [callbacks :on_epoch_end      : 147] | ℹ️      21     ▲ 0.7954      ▼ 0.6165       0.5137        1.5069        3.9901e-05  72.0965
2025-05-31 17:25:00 | INFO     | [callbacks :on_epoch_end      : 147] | ℹ️      22     ▲ 0.8037      ▼ 0.5933        0.502        1.5333        3.8997e-05  72.4801
2025-05-31 17:26:09 | INFO     | [callbacks :on_epoch_end      : 147] | ℹ️      23     ▲ 0.8180      ▼ 0.5553       0.5216        1.5214        3.8066e-05  68.9075
2025-05-31 17:27:18 | INFO     | [callbacks :on_epoch_end      : 147] | ℹ️      24     ▲ 0.8249      ▼ 0.5259       0.5255        1.5302        3.711e-05  68.8301
2025-05-31 17:28:28 | INFO     | [callbacks :on_epoch_end      : 147] | ℹ️      25     ▲ 0.8273        0.5266       0.4902        1.5745        3.613e-05  69.5908
2025-05-31 17:29:37 | INFO     | [callbacks :on_epoch_end      : 147] | ℹ️      26     ▲ 0.8485      ▼ 0.4821       0.5098         1.595        3.5129e-05  69.5625
2025-05-31 17:30:49 | INFO     | [callbacks :on_epoch_end      : 147] | ℹ️      27       0.8451      ▼ 0.4588       0.5059        1.5928        3.4109e-05  71.0675
2025-05-31 17:32:03 | INFO     | [pipeline  :cv_model_evalua...:1313] | ℹ️ Using best model from epoch 28
2025-05-31 17:32:03 | INFO     | [pipeline  :cv_model_evalua...:1316] | ℹ️ Evaluating model on outer test set for fold 3...
2025-05-31 17:32:03 | DEBUG    | [adapter   :get_iterator      : 275] | 🐞 Creating DataLoader for validation/evaluation: dataset_len=255, batch_size=16, shuffle=False, collate_fn_type='function', loader_kwargs={'num_workers': 0, 'pin_memory': False}
2025-05-31 17:32:06 | DEBUG    | [adapter   :get_iterator      : 275] | 🐞 Creating DataLoader for validation/evaluation: dataset_len=255, batch_size=16, shuffle=False, collate_fn_type='function', loader_kwargs={'num_workers': 0, 'pin_memory': False}
2025-05-31 17:32:09 | DEBUG    | [pipeline  :_compute_metrics  : 443] | 🐞 Computed Metrics: Acc=0.5059, Macro F1=0.4722
2025-05-31 17:32:09 | INFO     | [pipeline  :cv_model_evalua...:1336] | ℹ️ Fold 3 Test Scores: Acc=0.5059, F1=0.4722
2025-05-31 17:32:09 | INFO     | [pipeline  :cv_model_evalua...:1262] | ℹ️ --- Starting CV Evaluation Fold 4/10 ---
2025-05-31 17:32:09 | DEBUG    | [pipeline  :cv_model_evalua...:1269] | 🐞 Outer split (full set): 2289 train / 254 test samples.
2025-05-31 17:32:09 | DEBUG    | [pipeline  :cv_model_evalua...:1289] | 🐞 Fold 4: Internal split: ~2035 train / ~254 valid.
2025-05-31 17:32:09 | INFO     | [pipeline  :cv_model_evalua...:1299] | ℹ️ Fitting model for fold 4...
2025-05-31 17:32:09 | DEBUG    | [pretrai...:__init__          :  38] | 🐞 Initializing PretrainedViT:
2025-05-31 17:32:09 | DEBUG    | [pretrai...:__init__          :  39] | 🐞   Model Variant: vit_b_16, Pretrained: True
2025-05-31 17:32:09 | DEBUG    | [pretrai...:__init__          :  40] | 🐞   Is Hybrid Input: False
2025-05-31 17:32:09 | DEBUG    | [pretrai...:__init__          :  43] | 🐞   Unfreeze Strategy (Encoder Blocks): encoder_tail
2025-05-31 17:32:09 | DEBUG    | [pretrai...:__init__          :  45] | 🐞   Num Transformer Blocks to Unfreeze: 1
2025-05-31 17:32:09 | DEBUG    | [pretrai...:__init__          :  46] | 🐞   Unfreeze CLS: True, PosEmb: True, PatchEmb: False, EncoderLN: True
2025-05-31 17:32:09 | DEBUG    | [pretrai...:__init__          :  48] | 🐞   Custom Head Hidden Dims: None, Head Dropout: 0.5
2025-05-31 17:32:10 | DEBUG    | [pretrai...:__init__          :  69] | 🐞 Loaded vit_b_16 from torchvision.
2025-05-31 17:32:10 | DEBUG    | [pretrai...:__init__          : 313] | 🐞 Created simple linear head (dropout: 0.5), in_feat=768.
2025-05-31 17:32:10 | INFO     | [pretrai...:__init__          : 323] | ℹ️ PretrainedViT (standard) - Trainable: CLS Token, Positional Embeddings, 1 Encoder Blocks, Encoder LayerNorm, Classification Head.
2025-05-31 17:32:10 | INFO     | [pretrai...:__init__          : 348] | ℹ️ PretrainedViT (standard): Trainable params: 7.25M / Total params: 85.81M (8.45%)
2025-05-31 17:32:10 | DEBUG    | [adapter   :get_split_datasets: 164] | 🐞 Split created: 2034 train, 255 validation.
2025-05-31 17:32:10 | DEBUG    | [adapter   :get_iterator      : 275] | 🐞 Creating DataLoader for training: dataset_len=2034, batch_size=16, shuffle=True, collate_fn_type='function', loader_kwargs={'num_workers': 0, 'pin_memory': False}
2025-05-31 17:32:10 | DEBUG    | [adapter   :get_iterator      : 275] | 🐞 Creating DataLoader for validation/evaluation: dataset_len=255, batch_size=16, shuffle=False, collate_fn_type='function', loader_kwargs={'num_workers': 0, 'pin_memory': False}
2025-05-31 17:33:26 | INFO     | [callbacks :on_epoch_end      : 147] | ℹ️   epoch    train_acc    train_loss    valid_acc    valid_loss   cp           lr      dur
2025-05-31 17:33:26 | INFO     | [callbacks :on_epoch_end      : 147] | ℹ️ -------  -----------  ------------  -----------  ------------  ----  ----------  -------
2025-05-31 17:33:26 | INFO     | [callbacks :on_epoch_end      : 147] | ℹ️       1     ▲ 0.2207      ▼ 2.2262     ▲ 0.4000      ▼ 1.8764        4.9975e-05  76.6032
2025-05-31 17:34:43 | INFO     | [callbacks :on_epoch_end      : 147] | ℹ️       2     ▲ 0.3751      ▼ 1.8038     ▲ 0.4627      ▼ 1.6230        4.9901e-05  76.4979
2025-05-31 17:36:00 | INFO     | [callbacks :on_epoch_end      : 147] | ℹ️       3     ▲ 0.4685      ▼ 1.5931       0.4314      ▼ 1.5563        4.9778e-05  77.2125
2025-05-31 17:37:17 | INFO     | [callbacks :on_epoch_end      : 147] | ℹ️       4     ▲ 0.5143      ▼ 1.4419     ▲ 0.4627      ▼ 1.5350        4.9606e-05  77.3559
2025-05-31 17:38:30 | INFO     | [callbacks :on_epoch_end      : 147] | ℹ️       5     ▲ 0.5275      ▼ 1.3942     ▲ 0.4667      ▼ 1.5024        4.9386e-05  72.6412
2025-05-31 17:39:43 | INFO     | [callbacks :on_epoch_end      : 147] | ℹ️       6     ▲ 0.5536      ▼ 1.3088     ▲ 0.4667      ▼ 1.4445        4.9117e-05  73.2643
2025-05-31 17:40:57 | INFO     | [callbacks :on_epoch_end      : 147] | ℹ️       7     ▲ 0.5792      ▼ 1.2437     ▲ 0.4745        1.4509        4.8801e-05  73.5356
2025-05-31 17:42:08 | INFO     | [callbacks :on_epoch_end      : 147] | ℹ️       8     ▲ 0.6062      ▼ 1.1943     ▲ 0.5137      ▼ 1.4276        4.8438e-05  71.0744
2025-05-31 17:43:18 | INFO     | [callbacks :on_epoch_end      : 147] | ℹ️       9     ▲ 0.6067      ▼ 1.1355       0.4863      ▼ 1.4262        4.8028e-05  70.3453
2025-05-31 17:44:28 | INFO     | [callbacks :on_epoch_end      : 147] | ℹ️      10     ▲ 0.6323      ▼ 1.0561       0.4941        1.4437        4.7574e-05  69.8317
2025-05-31 17:45:38 | INFO     | [callbacks :on_epoch_end      : 147] | ℹ️      11     ▲ 0.6539      ▼ 1.0290       0.4824      ▼ 1.4142        4.7075e-05  69.593
2025-05-31 17:46:48 | INFO     | [callbacks :on_epoch_end      : 147] | ℹ️      12     ▲ 0.6696      ▼ 0.9694       0.4667        1.4282        4.6532e-05  70.0979
2025-05-31 17:47:57 | INFO     | [callbacks :on_epoch_end      : 147] | ℹ️      13     ▲ 0.6962      ▼ 0.9148       0.5059        1.4352        4.5947e-05  68.9104
2025-05-31 17:49:07 | INFO     | [callbacks :on_epoch_end      : 147] | ℹ️      14     ▲ 0.7055      ▼ 0.8625     ▲ 0.5176        1.4766        4.5321e-05  69.4853
2025-05-31 17:50:17 | INFO     | [callbacks :on_epoch_end      : 147] | ℹ️      15     ▲ 0.7242      ▼ 0.8166       0.4902        1.4511        4.4655e-05  70.3728
2025-05-31 17:51:33 | INFO     | [callbacks :on_epoch_end      : 147] | ℹ️      16     ▲ 0.7389      ▼ 0.7824       0.5137        1.4652        4.395e-05  75.8185
2025-05-31 17:52:48 | INFO     | [callbacks :on_epoch_end      : 147] | ℹ️      17     ▲ 0.7547      ▼ 0.7390       0.4824        1.4848        4.3208e-05  75.7011
2025-05-31 17:53:59 | INFO     | [callbacks :on_epoch_end      : 147] | ℹ️      18     ▲ 0.7748      ▼ 0.6994       0.4863        1.4848        4.2431e-05  70.2677
2025-05-31 17:55:08 | INFO     | [callbacks :on_epoch_end      : 147] | ℹ️      19       0.7679      ▼ 0.6814       0.4941        1.5133        4.1619e-05  68.8241
2025-05-31 17:56:17 | INFO     | [callbacks :on_epoch_end      : 147] | ℹ️      20     ▲ 0.7896      ▼ 0.6372       0.4784        1.5582        4.0776e-05  69.0379
2025-05-31 17:57:26 | INFO     | [callbacks :on_epoch_end      : 147] | ℹ️      21     ▲ 0.7906      ▼ 0.6171        0.498        1.5296        3.9901e-05  69.065
2025-05-31 17:58:35 | INFO     | [callbacks :on_epoch_end      : 147] | ℹ️      22     ▲ 0.8083      ▼ 0.5677       0.4941        1.5248        3.8997e-05  68.9693
2025-05-31 17:59:44 | INFO     | [callbacks :on_epoch_end      : 147] | ℹ️      23     ▲ 0.8230      ▼ 0.5387       0.4902        1.5324        3.8066e-05  69.0197
2025-05-31 18:00:53 | INFO     | [callbacks :on_epoch_end      : 147] | ℹ️      24       0.8181        0.5413       0.4902        1.5547        3.711e-05  69.1768
2025-05-31 18:02:02 | INFO     | [callbacks :on_epoch_end      : 147] | ℹ️      25     ▲ 0.8515      ▼ 0.4721       0.5059        1.5438        3.613e-05  68.9248
2025-05-31 18:03:11 | INFO     | [pipeline  :cv_model_evalua...:1313] | ℹ️ Using best model from epoch 26
2025-05-31 18:03:11 | INFO     | [pipeline  :cv_model_evalua...:1316] | ℹ️ Evaluating model on outer test set for fold 4...
2025-05-31 18:03:11 | DEBUG    | [adapter   :get_iterator      : 275] | 🐞 Creating DataLoader for validation/evaluation: dataset_len=254, batch_size=16, shuffle=False, collate_fn_type='function', loader_kwargs={'num_workers': 0, 'pin_memory': False}
2025-05-31 18:03:13 | DEBUG    | [adapter   :get_iterator      : 275] | 🐞 Creating DataLoader for validation/evaluation: dataset_len=254, batch_size=16, shuffle=False, collate_fn_type='function', loader_kwargs={'num_workers': 0, 'pin_memory': False}
2025-05-31 18:03:16 | DEBUG    | [pipeline  :_compute_metrics  : 443] | 🐞 Computed Metrics: Acc=0.5906, Macro F1=0.5711
2025-05-31 18:03:16 | INFO     | [pipeline  :cv_model_evalua...:1336] | ℹ️ Fold 4 Test Scores: Acc=0.5906, F1=0.5711
2025-05-31 18:03:16 | INFO     | [pipeline  :cv_model_evalua...:1262] | ℹ️ --- Starting CV Evaluation Fold 5/10 ---
2025-05-31 18:03:16 | DEBUG    | [pipeline  :cv_model_evalua...:1269] | 🐞 Outer split (full set): 2289 train / 254 test samples.
2025-05-31 18:03:16 | DEBUG    | [pipeline  :cv_model_evalua...:1289] | 🐞 Fold 5: Internal split: ~2035 train / ~254 valid.
2025-05-31 18:03:16 | INFO     | [pipeline  :cv_model_evalua...:1299] | ℹ️ Fitting model for fold 5...
2025-05-31 18:03:16 | DEBUG    | [pretrai...:__init__          :  38] | 🐞 Initializing PretrainedViT:
2025-05-31 18:03:16 | DEBUG    | [pretrai...:__init__          :  39] | 🐞   Model Variant: vit_b_16, Pretrained: True
2025-05-31 18:03:16 | DEBUG    | [pretrai...:__init__          :  40] | 🐞   Is Hybrid Input: False
2025-05-31 18:03:16 | DEBUG    | [pretrai...:__init__          :  43] | 🐞   Unfreeze Strategy (Encoder Blocks): encoder_tail
2025-05-31 18:03:16 | DEBUG    | [pretrai...:__init__          :  45] | 🐞   Num Transformer Blocks to Unfreeze: 1
2025-05-31 18:03:16 | DEBUG    | [pretrai...:__init__          :  46] | 🐞   Unfreeze CLS: True, PosEmb: True, PatchEmb: False, EncoderLN: True
2025-05-31 18:03:16 | DEBUG    | [pretrai...:__init__          :  48] | 🐞   Custom Head Hidden Dims: None, Head Dropout: 0.5
2025-05-31 18:03:17 | DEBUG    | [pretrai...:__init__          :  69] | 🐞 Loaded vit_b_16 from torchvision.
2025-05-31 18:03:17 | DEBUG    | [pretrai...:__init__          : 313] | 🐞 Created simple linear head (dropout: 0.5), in_feat=768.
2025-05-31 18:03:17 | INFO     | [pretrai...:__init__          : 323] | ℹ️ PretrainedViT (standard) - Trainable: CLS Token, Positional Embeddings, 1 Encoder Blocks, Encoder LayerNorm, Classification Head.
2025-05-31 18:03:17 | INFO     | [pretrai...:__init__          : 348] | ℹ️ PretrainedViT (standard): Trainable params: 7.25M / Total params: 85.81M (8.45%)
2025-05-31 18:03:17 | DEBUG    | [adapter   :get_split_datasets: 164] | 🐞 Split created: 2034 train, 255 validation.
2025-05-31 18:03:17 | DEBUG    | [adapter   :get_iterator      : 275] | 🐞 Creating DataLoader for training: dataset_len=2034, batch_size=16, shuffle=True, collate_fn_type='function', loader_kwargs={'num_workers': 0, 'pin_memory': False}
2025-05-31 18:03:17 | DEBUG    | [adapter   :get_iterator      : 275] | 🐞 Creating DataLoader for validation/evaluation: dataset_len=255, batch_size=16, shuffle=False, collate_fn_type='function', loader_kwargs={'num_workers': 0, 'pin_memory': False}
2025-05-31 18:04:28 | INFO     | [callbacks :on_epoch_end      : 147] | ℹ️   epoch    train_acc    train_loss    valid_acc    valid_loss   cp           lr      dur
2025-05-31 18:04:28 | INFO     | [callbacks :on_epoch_end      : 147] | ℹ️ -------  -----------  ------------  -----------  ------------  ----  ----------  -------
2025-05-31 18:04:28 | INFO     | [callbacks :on_epoch_end      : 147] | ℹ️       1     ▲ 0.2286      ▼ 2.2116     ▲ 0.3529      ▼ 1.8814        4.9975e-05  71.1432
2025-05-31 18:05:37 | INFO     | [callbacks :on_epoch_end      : 147] | ℹ️       2     ▲ 0.4012      ▼ 1.7894     ▲ 0.4000      ▼ 1.6696        4.9901e-05  68.8401
2025-05-31 18:06:46 | INFO     | [callbacks :on_epoch_end      : 147] | ℹ️       3     ▲ 0.4572      ▼ 1.6056     ▲ 0.4510      ▼ 1.5498        4.9778e-05  69.0226
2025-05-31 18:07:55 | INFO     | [callbacks :on_epoch_end      : 147] | ℹ️       4     ▲ 0.5074      ▼ 1.4570     ▲ 0.4980      ▼ 1.4927        4.9606e-05  68.8917
2025-05-31 18:09:04 | INFO     | [callbacks :on_epoch_end      : 147] | ℹ️       5     ▲ 0.5172      ▼ 1.3886        0.451        1.4963        4.9386e-05  68.9177
2025-05-31 18:10:15 | INFO     | [callbacks :on_epoch_end      : 147] | ℹ️       6     ▲ 0.5413      ▼ 1.3231       0.4902      ▼ 1.4296        4.9117e-05  71.1091
2025-05-31 18:11:26 | INFO     | [callbacks :on_epoch_end      : 147] | ℹ️       7     ▲ 0.5654      ▼ 1.2567     ▲ 0.5098      ▼ 1.4263        4.8801e-05  71.3116
2025-05-31 18:12:37 | INFO     | [callbacks :on_epoch_end      : 147] | ℹ️       8     ▲ 0.5914      ▼ 1.1902     ▲ 0.5294      ▼ 1.4106        4.8438e-05  71.0132
2025-05-31 18:13:47 | INFO     | [callbacks :on_epoch_end      : 147] | ℹ️       9     ▲ 0.6175      ▼ 1.1236       0.5216      ▼ 1.3800        4.8028e-05  70.0713
2025-05-31 18:15:00 | INFO     | [callbacks :on_epoch_end      : 147] | ℹ️      10     ▲ 0.6308      ▼ 1.0643       0.5216        1.4032        4.7574e-05  72.52
2025-05-31 18:16:12 | INFO     | [callbacks :on_epoch_end      : 147] | ℹ️      11     ▲ 0.6470      ▼ 1.0256       0.5059        1.4131        4.7075e-05  71.5631
2025-05-31 18:17:24 | INFO     | [callbacks :on_epoch_end      : 147] | ℹ️      12     ▲ 0.6696      ▼ 0.9496     ▲ 0.5490      ▼ 1.3634        4.6532e-05  72.9032
2025-05-31 18:18:36 | INFO     | [callbacks :on_epoch_end      : 147] | ℹ️      13     ▲ 0.6967      ▼ 0.9064     ▲ 0.5608          1.37        4.5947e-05  71.1926
2025-05-31 18:19:45 | INFO     | [callbacks :on_epoch_end      : 147] | ℹ️      14     ▲ 0.7001      ▼ 0.8633       0.5176        1.4046        4.5321e-05  69.2802
2025-05-31 18:20:54 | INFO     | [callbacks :on_epoch_end      : 147] | ℹ️      15     ▲ 0.7316      ▼ 0.8158     ▲ 0.5608      ▼ 1.3358        4.4655e-05  69.3049
2025-05-31 18:22:04 | INFO     | [callbacks :on_epoch_end      : 147] | ℹ️      16     ▲ 0.7375      ▼ 0.7771        0.549        1.3731        4.395e-05  69.8936
2025-05-31 18:23:14 | INFO     | [callbacks :on_epoch_end      : 147] | ℹ️      17     ▲ 0.7512      ▼ 0.7365        0.549        1.3885        4.3208e-05  69.7057
2025-05-31 18:24:28 | INFO     | [callbacks :on_epoch_end      : 147] | ℹ️      18     ▲ 0.7616      ▼ 0.7114        0.549        1.3505        4.2431e-05  74.0773
2025-05-31 18:25:40 | INFO     | [callbacks :on_epoch_end      : 147] | ℹ️      19     ▲ 0.7871      ▼ 0.6400        0.549        1.3684        4.1619e-05  72.0131
2025-05-31 18:26:51 | INFO     | [callbacks :on_epoch_end      : 147] | ℹ️      20     ▲ 0.7886        0.6403     ▲ 0.5725        1.3853        4.0776e-05  70.535
2025-05-31 18:28:01 | INFO     | [callbacks :on_epoch_end      : 147] | ℹ️      21       0.7778      ▼ 0.6348       0.5373         1.421        3.9901e-05  70.4531
2025-05-31 18:29:11 | INFO     | [callbacks :on_epoch_end      : 147] | ℹ️      22     ▲ 0.7999      ▼ 0.5904       0.5686        1.4037        3.8997e-05  70.3622
2025-05-31 18:30:21 | INFO     | [callbacks :on_epoch_end      : 147] | ℹ️      23     ▲ 0.8151      ▼ 0.5383       0.5647        1.4044        3.8066e-05  69.6287
2025-05-31 18:31:31 | INFO     | [callbacks :on_epoch_end      : 147] | ℹ️      24     ▲ 0.8220      ▼ 0.5360       0.5608        1.4067        3.711e-05  69.7746
2025-05-31 18:32:44 | INFO     | [callbacks :on_epoch_end      : 147] | ℹ️      25     ▲ 0.8525      ▼ 0.4798       0.5529        1.4755        3.613e-05  72.8406
2025-05-31 18:34:00 | INFO     | [callbacks :on_epoch_end      : 147] | ℹ️      26       0.8422      ▼ 0.4767       0.5373        1.4852        3.5129e-05  76.4405
2025-05-31 18:35:11 | INFO     | [callbacks :on_epoch_end      : 147] | ℹ️      27        0.852      ▼ 0.4431       0.5451        1.4218        3.4109e-05  70.3302
2025-05-31 18:36:21 | INFO     | [callbacks :on_epoch_end      : 147] | ℹ️      28        0.852      ▼ 0.4404       0.5294        1.4671        3.3071e-05  69.9805
2025-05-31 18:37:30 | INFO     | [callbacks :on_epoch_end      : 147] | ℹ️      29     ▲ 0.8604      ▼ 0.4133       0.5451        1.4848        3.2018e-05  69.3365
2025-05-31 18:38:39 | INFO     | [pipeline  :cv_model_evalua...:1313] | ℹ️ Using best model from epoch 30
2025-05-31 18:38:39 | INFO     | [pipeline  :cv_model_evalua...:1316] | ℹ️ Evaluating model on outer test set for fold 5...
2025-05-31 18:38:39 | DEBUG    | [adapter   :get_iterator      : 275] | 🐞 Creating DataLoader for validation/evaluation: dataset_len=254, batch_size=16, shuffle=False, collate_fn_type='function', loader_kwargs={'num_workers': 0, 'pin_memory': False}
2025-05-31 18:38:41 | DEBUG    | [adapter   :get_iterator      : 275] | 🐞 Creating DataLoader for validation/evaluation: dataset_len=254, batch_size=16, shuffle=False, collate_fn_type='function', loader_kwargs={'num_workers': 0, 'pin_memory': False}
2025-05-31 18:38:44 | DEBUG    | [pipeline  :_compute_metrics  : 443] | 🐞 Computed Metrics: Acc=0.5591, Macro F1=0.5406
2025-05-31 18:38:44 | INFO     | [pipeline  :cv_model_evalua...:1336] | ℹ️ Fold 5 Test Scores: Acc=0.5591, F1=0.5406
2025-05-31 18:38:44 | INFO     | [pipeline  :cv_model_evalua...:1262] | ℹ️ --- Starting CV Evaluation Fold 6/10 ---
2025-05-31 18:38:44 | DEBUG    | [pipeline  :cv_model_evalua...:1269] | 🐞 Outer split (full set): 2289 train / 254 test samples.
2025-05-31 18:38:44 | DEBUG    | [pipeline  :cv_model_evalua...:1289] | 🐞 Fold 6: Internal split: ~2035 train / ~254 valid.
2025-05-31 18:38:44 | INFO     | [pipeline  :cv_model_evalua...:1299] | ℹ️ Fitting model for fold 6...
2025-05-31 18:38:44 | DEBUG    | [pretrai...:__init__          :  38] | 🐞 Initializing PretrainedViT:
2025-05-31 18:38:44 | DEBUG    | [pretrai...:__init__          :  39] | 🐞   Model Variant: vit_b_16, Pretrained: True
2025-05-31 18:38:44 | DEBUG    | [pretrai...:__init__          :  40] | 🐞   Is Hybrid Input: False
2025-05-31 18:38:44 | DEBUG    | [pretrai...:__init__          :  43] | 🐞   Unfreeze Strategy (Encoder Blocks): encoder_tail
2025-05-31 18:38:44 | DEBUG    | [pretrai...:__init__          :  45] | 🐞   Num Transformer Blocks to Unfreeze: 1
2025-05-31 18:38:44 | DEBUG    | [pretrai...:__init__          :  46] | 🐞   Unfreeze CLS: True, PosEmb: True, PatchEmb: False, EncoderLN: True
2025-05-31 18:38:44 | DEBUG    | [pretrai...:__init__          :  48] | 🐞   Custom Head Hidden Dims: None, Head Dropout: 0.5
2025-05-31 18:38:45 | DEBUG    | [pretrai...:__init__          :  69] | 🐞 Loaded vit_b_16 from torchvision.
2025-05-31 18:38:45 | DEBUG    | [pretrai...:__init__          : 313] | 🐞 Created simple linear head (dropout: 0.5), in_feat=768.
2025-05-31 18:38:45 | INFO     | [pretrai...:__init__          : 323] | ℹ️ PretrainedViT (standard) - Trainable: CLS Token, Positional Embeddings, 1 Encoder Blocks, Encoder LayerNorm, Classification Head.
2025-05-31 18:38:45 | INFO     | [pretrai...:__init__          : 348] | ℹ️ PretrainedViT (standard): Trainable params: 7.25M / Total params: 85.81M (8.45%)
2025-05-31 18:38:45 | DEBUG    | [adapter   :get_split_datasets: 164] | 🐞 Split created: 2034 train, 255 validation.
2025-05-31 18:38:45 | DEBUG    | [adapter   :get_iterator      : 275] | 🐞 Creating DataLoader for training: dataset_len=2034, batch_size=16, shuffle=True, collate_fn_type='function', loader_kwargs={'num_workers': 0, 'pin_memory': False}
2025-05-31 18:38:45 | DEBUG    | [adapter   :get_iterator      : 275] | 🐞 Creating DataLoader for validation/evaluation: dataset_len=255, batch_size=16, shuffle=False, collate_fn_type='function', loader_kwargs={'num_workers': 0, 'pin_memory': False}
2025-05-31 18:39:57 | INFO     | [callbacks :on_epoch_end      : 147] | ℹ️   epoch    train_acc    train_loss    valid_acc    valid_loss   cp           lr      dur
2025-05-31 18:39:57 | INFO     | [callbacks :on_epoch_end      : 147] | ℹ️ -------  -----------  ------------  -----------  ------------  ----  ----------  -------
2025-05-31 18:39:57 | INFO     | [callbacks :on_epoch_end      : 147] | ℹ️       1     ▲ 0.2419      ▼ 2.1823     ▲ 0.4471      ▼ 1.8531        4.9975e-05  72.1252
2025-05-31 18:41:07 | INFO     | [callbacks :on_epoch_end      : 147] | ℹ️       2     ▲ 0.3953      ▼ 1.7617     ▲ 0.4627      ▼ 1.6558        4.9901e-05  69.8351
2025-05-31 18:42:17 | INFO     | [callbacks :on_epoch_end      : 147] | ℹ️       3     ▲ 0.4508      ▼ 1.5726       0.4431      ▼ 1.6058        4.9778e-05  69.748
2025-05-31 18:43:27 | INFO     | [callbacks :on_epoch_end      : 147] | ℹ️       4     ▲ 0.4897      ▼ 1.4732     ▲ 0.5176      ▼ 1.5099        4.9606e-05  69.6042
2025-05-31 18:44:36 | INFO     | [callbacks :on_epoch_end      : 147] | ℹ️       5     ▲ 0.5147      ▼ 1.3739     ▲ 0.5255      ▼ 1.4553        4.9386e-05  69.7308
2025-05-31 18:45:46 | INFO     | [callbacks :on_epoch_end      : 147] | ℹ️       6     ▲ 0.5556      ▼ 1.2827       0.5059        1.5234        4.9117e-05  69.7741
2025-05-31 18:46:56 | INFO     | [callbacks :on_epoch_end      : 147] | ℹ️       7     ▲ 0.5777      ▼ 1.2287       0.5216      ▼ 1.4270        4.8801e-05  70.1162
2025-05-31 18:48:06 | INFO     | [callbacks :on_epoch_end      : 147] | ℹ️       8     ▲ 0.5983      ▼ 1.1567       0.5137        1.4288        4.8438e-05  69.7971
2025-05-31 18:49:16 | INFO     | [callbacks :on_epoch_end      : 147] | ℹ️       9     ▲ 0.6141      ▼ 1.1016     ▲ 0.5294        1.4328        4.8028e-05  69.5704
2025-05-31 18:50:25 | INFO     | [callbacks :on_epoch_end      : 147] | ℹ️      10     ▲ 0.6421      ▼ 1.0443       0.4824        1.5068        4.7574e-05  69.3092
2025-05-31 18:51:35 | INFO     | [callbacks :on_epoch_end      : 147] | ℹ️      11       0.6337      ▼ 1.0275       0.5176        1.4316        4.7075e-05  69.6667
2025-05-31 18:52:44 | INFO     | [callbacks :on_epoch_end      : 147] | ℹ️      12     ▲ 0.6676      ▼ 0.9574       0.5255      ▼ 1.4027        4.6532e-05  68.9372
2025-05-31 18:53:53 | INFO     | [callbacks :on_epoch_end      : 147] | ℹ️      13     ▲ 0.6829      ▼ 0.9058       0.4824        1.5231        4.5947e-05  69.1405
2025-05-31 18:55:01 | INFO     | [callbacks :on_epoch_end      : 147] | ℹ️      14     ▲ 0.6952      ▼ 0.8638     ▲ 0.5294        1.4835        4.5321e-05  68.5553
2025-05-31 18:56:10 | INFO     | [callbacks :on_epoch_end      : 147] | ℹ️      15     ▲ 0.7119      ▼ 0.8184       0.4941        1.4978        4.4655e-05  68.6992
2025-05-31 18:57:19 | INFO     | [callbacks :on_epoch_end      : 147] | ℹ️      16     ▲ 0.7306      ▼ 0.7805     ▲ 0.5333        1.5152        4.395e-05  68.5815
2025-05-31 18:58:27 | INFO     | [callbacks :on_epoch_end      : 147] | ℹ️      17     ▲ 0.7453      ▼ 0.7350     ▲ 0.5529        1.5153        4.3208e-05  68.4166
2025-05-31 18:59:36 | INFO     | [callbacks :on_epoch_end      : 147] | ℹ️      18     ▲ 0.7606      ▼ 0.7068       0.5137        1.5472        4.2431e-05  68.4459
2025-05-31 19:00:44 | INFO     | [callbacks :on_epoch_end      : 147] | ℹ️      19     ▲ 0.7689      ▼ 0.6815       0.5451        1.5539        4.1619e-05  68.5459
2025-05-31 19:01:53 | INFO     | [callbacks :on_epoch_end      : 147] | ℹ️      20     ▲ 0.7832      ▼ 0.6575       0.5255        1.5482        4.0776e-05  68.759
2025-05-31 19:03:01 | INFO     | [callbacks :on_epoch_end      : 147] | ℹ️      21     ▲ 0.7935      ▼ 0.5964       0.5098        1.6226        3.9901e-05  68.4511
2025-05-31 19:04:10 | INFO     | [callbacks :on_epoch_end      : 147] | ℹ️      22     ▲ 0.8171      ▼ 0.5640       0.5216        1.6206        3.8997e-05  68.5781
2025-05-31 19:05:18 | INFO     | [callbacks :on_epoch_end      : 147] | ℹ️      23       0.8083      ▼ 0.5472       0.5059        1.6346        3.8066e-05  68.3401
2025-05-31 19:06:27 | INFO     | [callbacks :on_epoch_end      : 147] | ℹ️      24     ▲ 0.8294      ▼ 0.5055       0.5294        1.6177        3.711e-05  68.6282
2025-05-31 19:07:35 | INFO     | [callbacks :on_epoch_end      : 147] | ℹ️      25     ▲ 0.8510      ▼ 0.4709       0.5176        1.6299        3.613e-05  68.3086
2025-05-31 19:08:44 | INFO     | [callbacks :on_epoch_end      : 147] | ℹ️      26       0.8456      ▼ 0.4691       0.5176        1.6882        3.5129e-05  68.5915
2025-05-31 19:09:52 | INFO     | [pipeline  :cv_model_evalua...:1313] | ℹ️ Using best model from epoch 27
2025-05-31 19:09:52 | INFO     | [pipeline  :cv_model_evalua...:1316] | ℹ️ Evaluating model on outer test set for fold 6...
2025-05-31 19:09:52 | DEBUG    | [adapter   :get_iterator      : 275] | 🐞 Creating DataLoader for validation/evaluation: dataset_len=254, batch_size=16, shuffle=False, collate_fn_type='function', loader_kwargs={'num_workers': 0, 'pin_memory': False}
2025-05-31 19:09:55 | DEBUG    | [adapter   :get_iterator      : 275] | 🐞 Creating DataLoader for validation/evaluation: dataset_len=254, batch_size=16, shuffle=False, collate_fn_type='function', loader_kwargs={'num_workers': 0, 'pin_memory': False}
2025-05-31 19:09:57 | DEBUG    | [pipeline  :_compute_metrics  : 443] | 🐞 Computed Metrics: Acc=0.5197, Macro F1=0.4950
2025-05-31 19:09:57 | INFO     | [pipeline  :cv_model_evalua...:1336] | ℹ️ Fold 6 Test Scores: Acc=0.5197, F1=0.4950
2025-05-31 19:09:57 | INFO     | [pipeline  :cv_model_evalua...:1262] | ℹ️ --- Starting CV Evaluation Fold 7/10 ---
2025-05-31 19:09:57 | DEBUG    | [pipeline  :cv_model_evalua...:1269] | 🐞 Outer split (full set): 2289 train / 254 test samples.
2025-05-31 19:09:57 | DEBUG    | [pipeline  :cv_model_evalua...:1289] | 🐞 Fold 7: Internal split: ~2035 train / ~254 valid.
2025-05-31 19:09:57 | INFO     | [pipeline  :cv_model_evalua...:1299] | ℹ️ Fitting model for fold 7...
2025-05-31 19:09:57 | DEBUG    | [pretrai...:__init__          :  38] | 🐞 Initializing PretrainedViT:
2025-05-31 19:09:57 | DEBUG    | [pretrai...:__init__          :  39] | 🐞   Model Variant: vit_b_16, Pretrained: True
2025-05-31 19:09:57 | DEBUG    | [pretrai...:__init__          :  40] | 🐞   Is Hybrid Input: False
2025-05-31 19:09:57 | DEBUG    | [pretrai...:__init__          :  43] | 🐞   Unfreeze Strategy (Encoder Blocks): encoder_tail
2025-05-31 19:09:57 | DEBUG    | [pretrai...:__init__          :  45] | 🐞   Num Transformer Blocks to Unfreeze: 1
2025-05-31 19:09:57 | DEBUG    | [pretrai...:__init__          :  46] | 🐞   Unfreeze CLS: True, PosEmb: True, PatchEmb: False, EncoderLN: True
2025-05-31 19:09:57 | DEBUG    | [pretrai...:__init__          :  48] | 🐞   Custom Head Hidden Dims: None, Head Dropout: 0.5
2025-05-31 19:09:58 | DEBUG    | [pretrai...:__init__          :  69] | 🐞 Loaded vit_b_16 from torchvision.
2025-05-31 19:09:58 | DEBUG    | [pretrai...:__init__          : 313] | 🐞 Created simple linear head (dropout: 0.5), in_feat=768.
2025-05-31 19:09:58 | INFO     | [pretrai...:__init__          : 323] | ℹ️ PretrainedViT (standard) - Trainable: CLS Token, Positional Embeddings, 1 Encoder Blocks, Encoder LayerNorm, Classification Head.
2025-05-31 19:09:58 | INFO     | [pretrai...:__init__          : 348] | ℹ️ PretrainedViT (standard): Trainable params: 7.25M / Total params: 85.81M (8.45%)
2025-05-31 19:09:58 | DEBUG    | [adapter   :get_split_datasets: 164] | 🐞 Split created: 2034 train, 255 validation.
2025-05-31 19:09:58 | DEBUG    | [adapter   :get_iterator      : 275] | 🐞 Creating DataLoader for training: dataset_len=2034, batch_size=16, shuffle=True, collate_fn_type='function', loader_kwargs={'num_workers': 0, 'pin_memory': False}
2025-05-31 19:09:58 | DEBUG    | [adapter   :get_iterator      : 275] | 🐞 Creating DataLoader for validation/evaluation: dataset_len=255, batch_size=16, shuffle=False, collate_fn_type='function', loader_kwargs={'num_workers': 0, 'pin_memory': False}
2025-05-31 19:11:09 | INFO     | [callbacks :on_epoch_end      : 147] | ℹ️   epoch    train_acc    train_loss    valid_acc    valid_loss   cp           lr      dur
2025-05-31 19:11:09 | INFO     | [callbacks :on_epoch_end      : 147] | ℹ️ -------  -----------  ------------  -----------  ------------  ----  ----------  -------
2025-05-31 19:11:09 | INFO     | [callbacks :on_epoch_end      : 147] | ℹ️       1     ▲ 0.2124      ▼ 2.2274     ▲ 0.4039      ▼ 1.8899        4.9975e-05  70.3673
2025-05-31 19:12:17 | INFO     | [callbacks :on_epoch_end      : 147] | ℹ️       2     ▲ 0.3928      ▼ 1.7623     ▲ 0.4510      ▼ 1.6706        4.9901e-05  68.5962
2025-05-31 19:13:26 | INFO     | [callbacks :on_epoch_end      : 147] | ℹ️       3     ▲ 0.4336      ▼ 1.5910     ▲ 0.5020      ▼ 1.5543        4.9778e-05  68.2211
2025-05-31 19:14:34 | INFO     | [callbacks :on_epoch_end      : 147] | ℹ️       4     ▲ 0.4966      ▼ 1.4554       0.4941      ▼ 1.4997        4.9606e-05  68.3895
2025-05-31 19:15:43 | INFO     | [callbacks :on_epoch_end      : 147] | ℹ️       5     ▲ 0.5167      ▼ 1.3846     ▲ 0.5059      ▼ 1.4623        4.9386e-05  68.6273
2025-05-31 19:16:51 | INFO     | [callbacks :on_epoch_end      : 147] | ℹ️       6     ▲ 0.5590      ▼ 1.2822       0.4902      ▼ 1.4622        4.9117e-05  68.658
2025-05-31 19:18:00 | INFO     | [callbacks :on_epoch_end      : 147] | ℹ️       7     ▲ 0.5855      ▼ 1.2059     ▲ 0.5255      ▼ 1.4447        4.8801e-05  68.4299
2025-05-31 19:19:08 | INFO     | [callbacks :on_epoch_end      : 147] | ℹ️       8     ▲ 0.5954      ▼ 1.1620       0.4902        1.4617        4.8438e-05  68.3132
2025-05-31 19:20:16 | INFO     | [callbacks :on_epoch_end      : 147] | ℹ️       9     ▲ 0.6146      ▼ 1.1215       0.5059        1.4793        4.8028e-05  68.3356
2025-05-31 19:21:25 | INFO     | [callbacks :on_epoch_end      : 147] | ℹ️      10     ▲ 0.6598      ▼ 1.0130       0.5137        1.4775        4.7574e-05  68.4135
2025-05-31 19:22:33 | INFO     | [callbacks :on_epoch_end      : 147] | ℹ️      11       0.6563      ▼ 0.9970        0.502         1.495        4.7075e-05  68.3841
2025-05-31 20:07:38 | INFO     | [callbacks :on_epoch_end      : 147] | ℹ️      12     ▲ 0.6740      ▼ 0.9510        0.498        1.4952        4.6532e-05  2705.12
2025-05-31 20:08:52 | INFO     | [callbacks :on_epoch_end      : 147] | ℹ️      13     ▲ 0.7021      ▼ 0.8884        0.502        1.5147        4.5947e-05  73.4061
2025-05-31 20:10:05 | INFO     | [callbacks :on_epoch_end      : 147] | ℹ️      14     ▲ 0.7148      ▼ 0.8490       0.5137        1.4936        4.5321e-05  72.6717
2025-05-31 20:11:18 | INFO     | [callbacks :on_epoch_end      : 147] | ℹ️      15     ▲ 0.7409      ▼ 0.7853       0.5216        1.5293        4.4655e-05  73.5133
2025-05-31 20:12:30 | INFO     | [callbacks :on_epoch_end      : 147] | ℹ️      16     ▲ 0.7611      ▼ 0.7396       0.4941        1.5546        4.395e-05  72.1147
2025-05-31 20:13:42 | INFO     | [callbacks :on_epoch_end      : 147] | ℹ️      17       0.7542      ▼ 0.7047       0.5059         1.593        4.3208e-05  71.5875
2025-05-31 20:14:54 | INFO     | [callbacks :on_epoch_end      : 147] | ℹ️      18     ▲ 0.7812      ▼ 0.6733        0.498        1.5824        4.2431e-05  72.301
2025-05-31 20:16:06 | INFO     | [callbacks :on_epoch_end      : 147] | ℹ️      19       0.7783      ▼ 0.6448     ▲ 0.5255        1.6152        4.1619e-05  71.395
2025-05-31 20:17:18 | INFO     | [callbacks :on_epoch_end      : 147] | ℹ️      20     ▲ 0.8019      ▼ 0.6093       0.5098        1.6448        4.0776e-05  71.9665
2025-05-31 20:18:31 | INFO     | [callbacks :on_epoch_end      : 147] | ℹ️      21     ▲ 0.8147      ▼ 0.5627       0.4863        1.7446        3.9901e-05  73.7339
2025-05-31 20:19:44 | INFO     | [pipeline  :cv_model_evalua...:1313] | ℹ️ Using best model from epoch 22
2025-05-31 20:19:44 | INFO     | [pipeline  :cv_model_evalua...:1316] | ℹ️ Evaluating model on outer test set for fold 7...
2025-05-31 20:19:44 | DEBUG    | [adapter   :get_iterator      : 275] | 🐞 Creating DataLoader for validation/evaluation: dataset_len=254, batch_size=16, shuffle=False, collate_fn_type='function', loader_kwargs={'num_workers': 0, 'pin_memory': False}
2025-05-31 20:19:46 | DEBUG    | [adapter   :get_iterator      : 275] | 🐞 Creating DataLoader for validation/evaluation: dataset_len=254, batch_size=16, shuffle=False, collate_fn_type='function', loader_kwargs={'num_workers': 0, 'pin_memory': False}
2025-05-31 20:19:49 | DEBUG    | [pipeline  :_compute_metrics  : 443] | 🐞 Computed Metrics: Acc=0.4803, Macro F1=0.4741
2025-05-31 20:19:49 | INFO     | [pipeline  :cv_model_evalua...:1336] | ℹ️ Fold 7 Test Scores: Acc=0.4803, F1=0.4741
2025-05-31 20:19:49 | INFO     | [pipeline  :cv_model_evalua...:1262] | ℹ️ --- Starting CV Evaluation Fold 8/10 ---
2025-05-31 20:19:49 | DEBUG    | [pipeline  :cv_model_evalua...:1269] | 🐞 Outer split (full set): 2289 train / 254 test samples.
2025-05-31 20:19:49 | DEBUG    | [pipeline  :cv_model_evalua...:1289] | 🐞 Fold 8: Internal split: ~2035 train / ~254 valid.
2025-05-31 20:19:49 | INFO     | [pipeline  :cv_model_evalua...:1299] | ℹ️ Fitting model for fold 8...
2025-05-31 20:19:49 | DEBUG    | [pretrai...:__init__          :  38] | 🐞 Initializing PretrainedViT:
2025-05-31 20:19:49 | DEBUG    | [pretrai...:__init__          :  39] | 🐞   Model Variant: vit_b_16, Pretrained: True
2025-05-31 20:19:49 | DEBUG    | [pretrai...:__init__          :  40] | 🐞   Is Hybrid Input: False
2025-05-31 20:19:49 | DEBUG    | [pretrai...:__init__          :  43] | 🐞   Unfreeze Strategy (Encoder Blocks): encoder_tail
2025-05-31 20:19:49 | DEBUG    | [pretrai...:__init__          :  45] | 🐞   Num Transformer Blocks to Unfreeze: 1
2025-05-31 20:19:49 | DEBUG    | [pretrai...:__init__          :  46] | 🐞   Unfreeze CLS: True, PosEmb: True, PatchEmb: False, EncoderLN: True
2025-05-31 20:19:49 | DEBUG    | [pretrai...:__init__          :  48] | 🐞   Custom Head Hidden Dims: None, Head Dropout: 0.5
2025-05-31 20:19:50 | DEBUG    | [pretrai...:__init__          :  69] | 🐞 Loaded vit_b_16 from torchvision.
2025-05-31 20:19:50 | DEBUG    | [pretrai...:__init__          : 313] | 🐞 Created simple linear head (dropout: 0.5), in_feat=768.
2025-05-31 20:19:50 | INFO     | [pretrai...:__init__          : 323] | ℹ️ PretrainedViT (standard) - Trainable: CLS Token, Positional Embeddings, 1 Encoder Blocks, Encoder LayerNorm, Classification Head.
2025-05-31 20:19:50 | INFO     | [pretrai...:__init__          : 348] | ℹ️ PretrainedViT (standard): Trainable params: 7.25M / Total params: 85.81M (8.45%)
2025-05-31 20:19:50 | DEBUG    | [adapter   :get_split_datasets: 164] | 🐞 Split created: 2034 train, 255 validation.
2025-05-31 20:19:50 | DEBUG    | [adapter   :get_iterator      : 275] | 🐞 Creating DataLoader for training: dataset_len=2034, batch_size=16, shuffle=True, collate_fn_type='function', loader_kwargs={'num_workers': 0, 'pin_memory': False}
2025-05-31 20:19:50 | DEBUG    | [adapter   :get_iterator      : 275] | 🐞 Creating DataLoader for validation/evaluation: dataset_len=255, batch_size=16, shuffle=False, collate_fn_type='function', loader_kwargs={'num_workers': 0, 'pin_memory': False}
2025-05-31 20:21:06 | INFO     | [callbacks :on_epoch_end      : 147] | ℹ️   epoch    train_acc    train_loss    valid_acc    valid_loss   cp           lr      dur
2025-05-31 20:21:06 | INFO     | [callbacks :on_epoch_end      : 147] | ℹ️ -------  -----------  ------------  -----------  ------------  ----  ----------  -------
2025-05-31 20:21:06 | INFO     | [callbacks :on_epoch_end      : 147] | ℹ️       1     ▲ 0.2325      ▼ 2.2177     ▲ 0.4118      ▼ 1.8723        4.9975e-05  76.2282
2025-05-31 20:22:19 | INFO     | [callbacks :on_epoch_end      : 147] | ℹ️       2     ▲ 0.3909      ▼ 1.7699     ▲ 0.4588      ▼ 1.6426        4.9901e-05  72.2986
2025-05-31 20:23:30 | INFO     | [callbacks :on_epoch_end      : 147] | ℹ️       3     ▲ 0.4602      ▼ 1.5750     ▲ 0.5020      ▼ 1.5571        4.9778e-05  71.7402
2025-05-31 20:24:42 | INFO     | [callbacks :on_epoch_end      : 147] | ℹ️       4     ▲ 0.5064      ▼ 1.4290        0.498      ▼ 1.5430        4.9606e-05  71.6056
2025-05-31 20:25:53 | INFO     | [callbacks :on_epoch_end      : 147] | ℹ️       5     ▲ 0.5251      ▼ 1.3715       0.4863      ▼ 1.5137        4.9386e-05  71.1536
2025-05-31 20:27:05 | INFO     | [callbacks :on_epoch_end      : 147] | ℹ️       6     ▲ 0.5452      ▼ 1.2954       0.4745      ▼ 1.4946        4.9117e-05  71.3853
2025-05-31 20:28:17 | INFO     | [callbacks :on_epoch_end      : 147] | ℹ️       7     ▲ 0.5777      ▼ 1.2235       0.4902      ▼ 1.4883        4.8801e-05  72.7022
2025-05-31 20:29:30 | INFO     | [callbacks :on_epoch_end      : 147] | ℹ️       8     ▲ 0.5959      ▼ 1.1566       0.4941      ▼ 1.4765        4.8438e-05  72.4872
2025-05-31 20:30:42 | INFO     | [callbacks :on_epoch_end      : 147] | ℹ️       9     ▲ 0.6239      ▼ 1.0931       0.4706      ▼ 1.4668        4.8028e-05  72.0152
2025-05-31 20:31:55 | INFO     | [callbacks :on_epoch_end      : 147] | ℹ️      10     ▲ 0.6475      ▼ 1.0302     ▲ 0.5098        1.4986        4.7574e-05  72.8101
2025-05-31 20:33:07 | INFO     | [callbacks :on_epoch_end      : 147] | ℹ️      11     ▲ 0.6578      ▼ 0.9806       0.4784        1.4977        4.7075e-05  72.2954
2025-05-31 20:34:19 | INFO     | [callbacks :on_epoch_end      : 147] | ℹ️      12     ▲ 0.6740      ▼ 0.9412        0.502         1.511        4.6532e-05  72.0198
2025-05-31 20:35:31 | INFO     | [callbacks :on_epoch_end      : 147] | ℹ️      13     ▲ 0.6927      ▼ 0.8963     ▲ 0.5137        1.5407        4.5947e-05  71.9736
2025-05-31 20:36:44 | INFO     | [callbacks :on_epoch_end      : 147] | ℹ️      14     ▲ 0.7144      ▼ 0.8325       0.4902        1.5046        4.5321e-05  72.9433
2025-05-31 20:37:57 | INFO     | [callbacks :on_epoch_end      : 147] | ℹ️      15     ▲ 0.7222      ▼ 0.8039       0.5059        1.5231        4.4655e-05  72.7339
2025-05-31 20:39:09 | INFO     | [callbacks :on_epoch_end      : 147] | ℹ️      16     ▲ 0.7473      ▼ 0.7462     ▲ 0.5255        1.5462        4.395e-05  72.1464
2025-05-31 20:40:22 | INFO     | [callbacks :on_epoch_end      : 147] | ℹ️      17     ▲ 0.7542      ▼ 0.7332       0.4745        1.5889        4.3208e-05  72.783
2025-05-31 20:41:35 | INFO     | [callbacks :on_epoch_end      : 147] | ℹ️      18     ▲ 0.7640      ▼ 0.6763       0.5216        1.5828        4.2431e-05  72.7374
2025-05-31 20:42:46 | INFO     | [callbacks :on_epoch_end      : 147] | ℹ️      19     ▲ 0.7935      ▼ 0.6418       0.5137        1.5563        4.1619e-05  71.5577
2025-05-31 20:43:58 | INFO     | [callbacks :on_epoch_end      : 147] | ℹ️      20     ▲ 0.7974      ▼ 0.6090        0.502        1.5944        4.0776e-05  71.4526
2025-05-31 20:45:10 | INFO     | [callbacks :on_epoch_end      : 147] | ℹ️      21     ▲ 0.8068      ▼ 0.5886        0.498        1.5949        3.9901e-05  72.3571
2025-05-31 20:46:23 | INFO     | [callbacks :on_epoch_end      : 147] | ℹ️      22       0.8053      ▼ 0.5582       0.4902        1.6446        3.8997e-05  72.6235
2025-05-31 20:47:35 | INFO     | [callbacks :on_epoch_end      : 147] | ℹ️      23     ▲ 0.8225      ▼ 0.5239       0.5059         1.662        3.8066e-05  72.5672
2025-05-31 20:48:50 | INFO     | [pipeline  :cv_model_evalua...:1313] | ℹ️ Using best model from epoch 24
2025-05-31 20:48:50 | INFO     | [pipeline  :cv_model_evalua...:1316] | ℹ️ Evaluating model on outer test set for fold 8...
2025-05-31 20:48:50 | DEBUG    | [adapter   :get_iterator      : 275] | 🐞 Creating DataLoader for validation/evaluation: dataset_len=254, batch_size=16, shuffle=False, collate_fn_type='function', loader_kwargs={'num_workers': 0, 'pin_memory': False}
2025-05-31 20:48:53 | DEBUG    | [adapter   :get_iterator      : 275] | 🐞 Creating DataLoader for validation/evaluation: dataset_len=254, batch_size=16, shuffle=False, collate_fn_type='function', loader_kwargs={'num_workers': 0, 'pin_memory': False}
2025-05-31 20:48:56 | DEBUG    | [pipeline  :_compute_metrics  : 443] | 🐞 Computed Metrics: Acc=0.5276, Macro F1=0.4900
2025-05-31 20:48:56 | INFO     | [pipeline  :cv_model_evalua...:1336] | ℹ️ Fold 8 Test Scores: Acc=0.5276, F1=0.4900
2025-05-31 20:48:56 | INFO     | [pipeline  :cv_model_evalua...:1262] | ℹ️ --- Starting CV Evaluation Fold 9/10 ---
2025-05-31 20:48:56 | DEBUG    | [pipeline  :cv_model_evalua...:1269] | 🐞 Outer split (full set): 2289 train / 254 test samples.
2025-05-31 20:48:56 | DEBUG    | [pipeline  :cv_model_evalua...:1289] | 🐞 Fold 9: Internal split: ~2035 train / ~254 valid.
2025-05-31 20:48:56 | INFO     | [pipeline  :cv_model_evalua...:1299] | ℹ️ Fitting model for fold 9...
2025-05-31 20:48:56 | DEBUG    | [pretrai...:__init__          :  38] | 🐞 Initializing PretrainedViT:
2025-05-31 20:48:56 | DEBUG    | [pretrai...:__init__          :  39] | 🐞   Model Variant: vit_b_16, Pretrained: True
2025-05-31 20:48:56 | DEBUG    | [pretrai...:__init__          :  40] | 🐞   Is Hybrid Input: False
2025-05-31 20:48:56 | DEBUG    | [pretrai...:__init__          :  43] | 🐞   Unfreeze Strategy (Encoder Blocks): encoder_tail
2025-05-31 20:48:56 | DEBUG    | [pretrai...:__init__          :  45] | 🐞   Num Transformer Blocks to Unfreeze: 1
2025-05-31 20:48:56 | DEBUG    | [pretrai...:__init__          :  46] | 🐞   Unfreeze CLS: True, PosEmb: True, PatchEmb: False, EncoderLN: True
2025-05-31 20:48:56 | DEBUG    | [pretrai...:__init__          :  48] | 🐞   Custom Head Hidden Dims: None, Head Dropout: 0.5
2025-05-31 20:48:57 | DEBUG    | [pretrai...:__init__          :  69] | 🐞 Loaded vit_b_16 from torchvision.
2025-05-31 20:48:57 | DEBUG    | [pretrai...:__init__          : 313] | 🐞 Created simple linear head (dropout: 0.5), in_feat=768.
2025-05-31 20:48:57 | INFO     | [pretrai...:__init__          : 323] | ℹ️ PretrainedViT (standard) - Trainable: CLS Token, Positional Embeddings, 1 Encoder Blocks, Encoder LayerNorm, Classification Head.
2025-05-31 20:48:57 | INFO     | [pretrai...:__init__          : 348] | ℹ️ PretrainedViT (standard): Trainable params: 7.25M / Total params: 85.81M (8.45%)
2025-05-31 20:48:57 | DEBUG    | [adapter   :get_split_datasets: 164] | 🐞 Split created: 2034 train, 255 validation.
2025-05-31 20:48:57 | DEBUG    | [adapter   :get_iterator      : 275] | 🐞 Creating DataLoader for training: dataset_len=2034, batch_size=16, shuffle=True, collate_fn_type='function', loader_kwargs={'num_workers': 0, 'pin_memory': False}
2025-05-31 20:48:57 | DEBUG    | [adapter   :get_iterator      : 275] | 🐞 Creating DataLoader for validation/evaluation: dataset_len=255, batch_size=16, shuffle=False, collate_fn_type='function', loader_kwargs={'num_workers': 0, 'pin_memory': False}
2025-05-31 20:50:16 | INFO     | [callbacks :on_epoch_end      : 147] | ℹ️   epoch    train_acc    train_loss    valid_acc    valid_loss   cp           lr      dur
2025-05-31 20:50:16 | INFO     | [callbacks :on_epoch_end      : 147] | ℹ️ -------  -----------  ------------  -----------  ------------  ----  ----------  -------
2025-05-31 20:50:16 | INFO     | [callbacks :on_epoch_end      : 147] | ℹ️       1     ▲ 0.2409      ▼ 2.1954     ▲ 0.3804      ▼ 1.8583        4.9975e-05  78.7842
2025-05-31 20:51:30 | INFO     | [callbacks :on_epoch_end      : 147] | ℹ️       2     ▲ 0.3977      ▼ 1.7536     ▲ 0.4510      ▼ 1.6529        4.9901e-05  73.8016
2025-05-31 20:52:43 | INFO     | [callbacks :on_epoch_end      : 147] | ℹ️       3     ▲ 0.4612      ▼ 1.5616     ▲ 0.4588      ▼ 1.6029        4.9778e-05  73.6232
2025-05-31 20:53:58 | INFO     | [callbacks :on_epoch_end      : 147] | ℹ️       4     ▲ 0.5167      ▼ 1.4064     ▲ 0.4824      ▼ 1.5693        4.9606e-05  74.8956
2025-05-31 20:55:10 | INFO     | [callbacks :on_epoch_end      : 147] | ℹ️       5     ▲ 0.5433      ▼ 1.3292       0.4706      ▼ 1.5164        4.9386e-05  71.6842
2025-05-31 20:56:21 | INFO     | [callbacks :on_epoch_end      : 147] | ℹ️       6     ▲ 0.5605      ▼ 1.2633       0.4784        1.5347        4.9117e-05  71.434
2025-05-31 20:57:33 | INFO     | [callbacks :on_epoch_end      : 147] | ℹ️       7     ▲ 0.5737      ▼ 1.2198     ▲ 0.4824      ▼ 1.5080        4.8801e-05  71.3639
2025-05-31 20:58:44 | INFO     | [callbacks :on_epoch_end      : 147] | ℹ️       8     ▲ 0.6141      ▼ 1.1287       0.4706        1.5246        4.8438e-05  71.5055
2025-05-31 20:59:56 | INFO     | [callbacks :on_epoch_end      : 147] | ℹ️       9     ▲ 0.6264      ▼ 1.0896       0.4667        1.5429        4.8028e-05  71.5057
2025-05-31 21:01:07 | INFO     | [callbacks :on_epoch_end      : 147] | ℹ️      10     ▲ 0.6495      ▼ 1.0335     ▲ 0.4941        1.5161        4.7574e-05  71.2681
2025-05-31 21:02:18 | INFO     | [callbacks :on_epoch_end      : 147] | ℹ️      11     ▲ 0.6637      ▼ 0.9869        0.451        1.5229        4.7075e-05  71.2076
2025-05-31 21:03:30 | INFO     | [callbacks :on_epoch_end      : 147] | ℹ️      12     ▲ 0.6721      ▼ 0.9449       0.4549        1.5526        4.6532e-05  71.5803
2025-05-31 21:04:41 | INFO     | [callbacks :on_epoch_end      : 147] | ℹ️      13     ▲ 0.7055      ▼ 0.8785       0.4549        1.5219        4.5947e-05  71.2692
2025-05-31 21:05:52 | INFO     | [callbacks :on_epoch_end      : 147] | ℹ️      14     ▲ 0.7207      ▼ 0.8354       0.4745      ▼ 1.5009        4.5321e-05  71.0633
2025-05-31 21:07:04 | INFO     | [callbacks :on_epoch_end      : 147] | ℹ️      15     ▲ 0.7252      ▼ 0.8135       0.4667        1.5597        4.4655e-05  71.5418
2025-05-31 21:08:15 | INFO     | [callbacks :on_epoch_end      : 147] | ℹ️      16     ▲ 0.7571      ▼ 0.7500       0.4549        1.5511        4.395e-05  71.4065
2025-05-31 21:09:27 | INFO     | [callbacks :on_epoch_end      : 147] | ℹ️      17     ▲ 0.7620      ▼ 0.7054       0.4784         1.531        4.3208e-05  71.3134
2025-05-31 21:10:38 | INFO     | [callbacks :on_epoch_end      : 147] | ℹ️      18     ▲ 0.7675      ▼ 0.6760       0.4667        1.5565        4.2431e-05  71.4106
2025-05-31 21:11:50 | INFO     | [callbacks :on_epoch_end      : 147] | ℹ️      19     ▲ 0.7876      ▼ 0.6318       0.4588        1.5811        4.1619e-05  71.4736
2025-05-31 21:13:01 | INFO     | [callbacks :on_epoch_end      : 147] | ℹ️      20     ▲ 0.7979      ▼ 0.5912     ▲ 0.4941        1.5727        4.0776e-05  71.4132
2025-05-31 21:14:13 | INFO     | [callbacks :on_epoch_end      : 147] | ℹ️      21     ▲ 0.8078      ▼ 0.5655     ▲ 0.5059        1.6118        3.9901e-05  71.5224
2025-05-31 21:15:24 | INFO     | [callbacks :on_epoch_end      : 147] | ℹ️      22     ▲ 0.8215      ▼ 0.5456        0.502        1.5895        3.8997e-05  71.7592
2025-05-31 21:16:36 | INFO     | [callbacks :on_epoch_end      : 147] | ℹ️      23     ▲ 0.8343      ▼ 0.5078       0.4941        1.5916        3.8066e-05  71.4602
2025-05-31 21:17:47 | INFO     | [callbacks :on_epoch_end      : 147] | ℹ️      24       0.8328      ▼ 0.4951       0.4706        1.6548        3.711e-05  71.2891
2025-05-31 21:18:59 | INFO     | [callbacks :on_epoch_end      : 147] | ℹ️      25     ▲ 0.8407      ▼ 0.4789     ▲ 0.5059          1.63        3.613e-05  71.6447
2025-05-31 21:20:11 | INFO     | [callbacks :on_epoch_end      : 147] | ℹ️      26     ▲ 0.8545      ▼ 0.4430        0.498        1.6708        3.5129e-05  72.2899
2025-05-31 21:21:22 | INFO     | [callbacks :on_epoch_end      : 147] | ℹ️      27     ▲ 0.8766      ▼ 0.4006        0.498        1.6622        3.4109e-05  70.4894
2025-05-31 21:22:31 | INFO     | [callbacks :on_epoch_end      : 147] | ℹ️      28       0.8692      ▼ 0.3993        0.502        1.7108        3.3071e-05  68.8086
2025-05-31 21:23:39 | INFO     | [pipeline  :cv_model_evalua...:1313] | ℹ️ Using best model from epoch 29
2025-05-31 21:23:39 | INFO     | [pipeline  :cv_model_evalua...:1316] | ℹ️ Evaluating model on outer test set for fold 9...
2025-05-31 21:23:39 | DEBUG    | [adapter   :get_iterator      : 275] | 🐞 Creating DataLoader for validation/evaluation: dataset_len=254, batch_size=16, shuffle=False, collate_fn_type='function', loader_kwargs={'num_workers': 0, 'pin_memory': False}
2025-05-31 21:23:41 | DEBUG    | [adapter   :get_iterator      : 275] | 🐞 Creating DataLoader for validation/evaluation: dataset_len=254, batch_size=16, shuffle=False, collate_fn_type='function', loader_kwargs={'num_workers': 0, 'pin_memory': False}
2025-05-31 21:23:44 | DEBUG    | [pipeline  :_compute_metrics  : 443] | 🐞 Computed Metrics: Acc=0.4646, Macro F1=0.4257
2025-05-31 21:23:44 | INFO     | [pipeline  :cv_model_evalua...:1336] | ℹ️ Fold 9 Test Scores: Acc=0.4646, F1=0.4257
2025-05-31 21:23:44 | INFO     | [pipeline  :cv_model_evalua...:1262] | ℹ️ --- Starting CV Evaluation Fold 10/10 ---
2025-05-31 21:23:44 | DEBUG    | [pipeline  :cv_model_evalua...:1269] | 🐞 Outer split (full set): 2289 train / 254 test samples.
2025-05-31 21:23:44 | DEBUG    | [pipeline  :cv_model_evalua...:1289] | 🐞 Fold 10: Internal split: ~2035 train / ~254 valid.
2025-05-31 21:23:44 | INFO     | [pipeline  :cv_model_evalua...:1299] | ℹ️ Fitting model for fold 10...
2025-05-31 21:23:44 | DEBUG    | [pretrai...:__init__          :  38] | 🐞 Initializing PretrainedViT:
2025-05-31 21:23:44 | DEBUG    | [pretrai...:__init__          :  39] | 🐞   Model Variant: vit_b_16, Pretrained: True
2025-05-31 21:23:44 | DEBUG    | [pretrai...:__init__          :  40] | 🐞   Is Hybrid Input: False
2025-05-31 21:23:44 | DEBUG    | [pretrai...:__init__          :  43] | 🐞   Unfreeze Strategy (Encoder Blocks): encoder_tail
2025-05-31 21:23:44 | DEBUG    | [pretrai...:__init__          :  45] | 🐞   Num Transformer Blocks to Unfreeze: 1
2025-05-31 21:23:44 | DEBUG    | [pretrai...:__init__          :  46] | 🐞   Unfreeze CLS: True, PosEmb: True, PatchEmb: False, EncoderLN: True
2025-05-31 21:23:44 | DEBUG    | [pretrai...:__init__          :  48] | 🐞   Custom Head Hidden Dims: None, Head Dropout: 0.5
2025-05-31 21:23:45 | DEBUG    | [pretrai...:__init__          :  69] | 🐞 Loaded vit_b_16 from torchvision.
2025-05-31 21:23:45 | DEBUG    | [pretrai...:__init__          : 313] | 🐞 Created simple linear head (dropout: 0.5), in_feat=768.
2025-05-31 21:23:45 | INFO     | [pretrai...:__init__          : 323] | ℹ️ PretrainedViT (standard) - Trainable: CLS Token, Positional Embeddings, 1 Encoder Blocks, Encoder LayerNorm, Classification Head.
2025-05-31 21:23:45 | INFO     | [pretrai...:__init__          : 348] | ℹ️ PretrainedViT (standard): Trainable params: 7.25M / Total params: 85.81M (8.45%)
2025-05-31 21:23:45 | DEBUG    | [adapter   :get_split_datasets: 164] | 🐞 Split created: 2034 train, 255 validation.
2025-05-31 21:23:45 | DEBUG    | [adapter   :get_iterator      : 275] | 🐞 Creating DataLoader for training: dataset_len=2034, batch_size=16, shuffle=True, collate_fn_type='function', loader_kwargs={'num_workers': 0, 'pin_memory': False}
2025-05-31 21:23:45 | DEBUG    | [adapter   :get_iterator      : 275] | 🐞 Creating DataLoader for validation/evaluation: dataset_len=255, batch_size=16, shuffle=False, collate_fn_type='function', loader_kwargs={'num_workers': 0, 'pin_memory': False}
2025-05-31 21:24:57 | INFO     | [callbacks :on_epoch_end      : 147] | ℹ️   epoch    train_acc    train_loss    valid_acc    valid_loss   cp           lr      dur
2025-05-31 21:24:57 | INFO     | [callbacks :on_epoch_end      : 147] | ℹ️ -------  -----------  ------------  -----------  ------------  ----  ----------  -------
2025-05-31 21:24:57 | INFO     | [callbacks :on_epoch_end      : 147] | ℹ️       1     ▲ 0.1981      ▼ 2.2701     ▲ 0.3294      ▼ 1.8865        4.9975e-05  71.5623
2025-05-31 21:26:05 | INFO     | [callbacks :on_epoch_end      : 147] | ℹ️       2     ▲ 0.3791      ▼ 1.7996     ▲ 0.4706      ▼ 1.5883        4.9901e-05  68.7181
2025-05-31 21:27:15 | INFO     | [callbacks :on_epoch_end      : 147] | ℹ️       3     ▲ 0.4469      ▼ 1.6109        0.451      ▼ 1.5043        4.9778e-05  69.916
2025-05-31 21:28:26 | INFO     | [callbacks :on_epoch_end      : 147] | ℹ️       4     ▲ 0.4897      ▼ 1.4879     ▲ 0.4941      ▼ 1.4328        4.9606e-05  70.5865
2025-05-31 21:29:35 | INFO     | [callbacks :on_epoch_end      : 147] | ℹ️       5     ▲ 0.5147      ▼ 1.4099     ▲ 0.5098      ▼ 1.4075        4.9386e-05  69.375
2025-05-31 21:30:44 | INFO     | [callbacks :on_epoch_end      : 147] | ℹ️       6     ▲ 0.5379      ▼ 1.3273     ▲ 0.5373      ▼ 1.3770        4.9117e-05  68.5094
2025-05-31 21:31:53 | INFO     | [callbacks :on_epoch_end      : 147] | ℹ️       7     ▲ 0.5678      ▼ 1.2579       0.5255      ▼ 1.3592        4.8801e-05  69.127
2025-05-31 21:33:03 | INFO     | [callbacks :on_epoch_end      : 147] | ℹ️       8     ▲ 0.5870      ▼ 1.1957     ▲ 0.5373      ▼ 1.3499        4.8438e-05  69.877
2025-05-31 21:34:13 | INFO     | [callbacks :on_epoch_end      : 147] | ℹ️       9     ▲ 0.6150      ▼ 1.1232       0.5294        1.3571        4.8028e-05  69.9762
2025-05-31 21:35:21 | INFO     | [callbacks :on_epoch_end      : 147] | ℹ️      10     ▲ 0.6372      ▼ 1.0802     ▲ 0.5373        1.3558        4.7574e-05  68.2931
2025-05-31 21:36:30 | INFO     | [callbacks :on_epoch_end      : 147] | ℹ️      11     ▲ 0.6480      ▼ 1.0093       0.5216        1.3613        4.7075e-05  68.7292
2025-05-31 21:37:40 | INFO     | [callbacks :on_epoch_end      : 147] | ℹ️      12     ▲ 0.6706      ▼ 0.9812       0.5216        1.3522        4.6532e-05  69.7747
2025-05-31 21:38:52 | INFO     | [callbacks :on_epoch_end      : 147] | ℹ️      13     ▲ 0.6765      ▼ 0.9375     ▲ 0.5451        1.3563        4.5947e-05  72.1627
2025-05-31 21:40:04 | INFO     | [callbacks :on_epoch_end      : 147] | ℹ️      14     ▲ 0.7035      ▼ 0.8759     ▲ 0.5608        1.3718        4.5321e-05  71.5591
2025-05-31 21:41:14 | INFO     | [callbacks :on_epoch_end      : 147] | ℹ️      15     ▲ 0.7203      ▼ 0.8244       0.5255         1.413        4.4655e-05  70.4509
2025-05-31 21:42:23 | INFO     | [callbacks :on_epoch_end      : 147] | ℹ️      16     ▲ 0.7321      ▼ 0.8113       0.5373        1.3955        4.395e-05  68.8607
2025-05-31 21:43:32 | INFO     | [callbacks :on_epoch_end      : 147] | ℹ️      17     ▲ 0.7350      ▼ 0.7462       0.5176        1.4104        4.3208e-05  68.883
2025-05-31 21:44:40 | INFO     | [callbacks :on_epoch_end      : 147] | ℹ️      18     ▲ 0.7557      ▼ 0.7318        0.549        1.4433        4.2431e-05  68.5894
2025-05-31 21:45:51 | INFO     | [callbacks :on_epoch_end      : 147] | ℹ️      19     ▲ 0.7768      ▼ 0.6750       0.5059        1.4405        4.1619e-05  70.26
2025-05-31 21:47:04 | INFO     | [callbacks :on_epoch_end      : 147] | ℹ️      20     ▲ 0.7783      ▼ 0.6563       0.5176        1.4262        4.0776e-05  73.039
2025-05-31 21:48:19 | INFO     | [callbacks :on_epoch_end      : 147] | ℹ️      21     ▲ 0.7827      ▼ 0.6359       0.5373        1.4225        3.9901e-05  75.4997
2025-05-31 21:49:38 | INFO     | [callbacks :on_epoch_end      : 147] | ℹ️      22     ▲ 0.8024      ▼ 0.6011       0.5333        1.4342        3.8997e-05  78.5778
2025-05-31 21:50:58 | INFO     | [pipeline  :cv_model_evalua...:1313] | ℹ️ Using best model from epoch 23
2025-05-31 21:50:58 | INFO     | [pipeline  :cv_model_evalua...:1316] | ℹ️ Evaluating model on outer test set for fold 10...
2025-05-31 21:50:58 | DEBUG    | [adapter   :get_iterator      : 275] | 🐞 Creating DataLoader for validation/evaluation: dataset_len=254, batch_size=16, shuffle=False, collate_fn_type='function', loader_kwargs={'num_workers': 0, 'pin_memory': False}
2025-05-31 21:51:01 | DEBUG    | [adapter   :get_iterator      : 275] | 🐞 Creating DataLoader for validation/evaluation: dataset_len=254, batch_size=16, shuffle=False, collate_fn_type='function', loader_kwargs={'num_workers': 0, 'pin_memory': False}
2025-05-31 21:51:04 | DEBUG    | [pipeline  :_compute_metrics  : 443] | 🐞 Computed Metrics: Acc=0.5118, Macro F1=0.5050
2025-05-31 21:51:04 | INFO     | [pipeline  :cv_model_evalua...:1336] | ℹ️ Fold 10 Test Scores: Acc=0.5118, F1=0.5050
2025-05-31 21:51:04 | DEBUG    | [pipeline  :_save_results     : 463] | 🐞 Results detail level overridden for this run to: 3
2025-05-31 21:51:04 | DEBUG    | [pipeline  :_save_results     : 471] | 🐞 Saving results for cv_model_evaluation_full_155307 (detail level: 3)
2025-05-31 21:51:05 | INFO     | [pipeline  :_save_results     : 580] | ℹ️ Results JSON saved via repository to: experiments/CCSN/pvit/20250531_155307_seed42/cv_model_evaluation_full_155307/cv_model_evaluation_results.json
2025-05-31 21:51:05 | INFO     | [pipeline  :cv_model_evalua...:1454] | ℹ️ Plotting cv for eval results for cv_model_evaluation_full_155307 (plot level 2).
2025-05-31 21:51:05 | INFO     | [plotter   :plot_cv_model_e...: 854] | ℹ️ Plotting cv_model_evaluation results for: cv_model_evaluation_full_155307
2025-05-31 21:51:05 | INFO     | [plotter   :_generate_aggre...: 301] | ℹ️ Aggregated metrics CSV saved via repository to: experiments/CCSN/pvit/20250531_155307_seed42/cv_model_evaluation_full_155307/cv_model_evaluation_plots/aggregated_metrics_table.csv
2025-05-31 21:51:09 | INFO     | [plotter   :plot_cv_model_e...: 910] | ℹ️ Generating grouped plots per fold for 10 folds...
2025-05-31 21:51:40 | INFO     | [plotter   :_generate_metri...: 246] | ℹ️ Metrics CSV saved via repository to: experiments/CCSN/pvit/20250531_155307_seed42/cv_model_evaluation_full_155307/cv_model_evaluation_plots/fold_1_metrics_table.csv
2025-05-31 21:51:40 | INFO     | [plotter   :_generate_metri...: 246] | ℹ️ Metrics CSV saved via repository to: experiments/CCSN/pvit/20250531_155307_seed42/cv_model_evaluation_full_155307/cv_model_evaluation_plots/fold_2_metrics_table.csv
2025-05-31 21:51:40 | INFO     | [plotter   :_generate_metri...: 246] | ℹ️ Metrics CSV saved via repository to: experiments/CCSN/pvit/20250531_155307_seed42/cv_model_evaluation_full_155307/cv_model_evaluation_plots/fold_3_metrics_table.csv
2025-05-31 21:51:40 | INFO     | [plotter   :_generate_metri...: 246] | ℹ️ Metrics CSV saved via repository to: experiments/CCSN/pvit/20250531_155307_seed42/cv_model_evaluation_full_155307/cv_model_evaluation_plots/fold_4_metrics_table.csv
2025-05-31 21:51:40 | INFO     | [plotter   :_generate_metri...: 246] | ℹ️ Metrics CSV saved via repository to: experiments/CCSN/pvit/20250531_155307_seed42/cv_model_evaluation_full_155307/cv_model_evaluation_plots/fold_5_metrics_table.csv
2025-05-31 21:51:40 | INFO     | [plotter   :_generate_metri...: 246] | ℹ️ Metrics CSV saved via repository to: experiments/CCSN/pvit/20250531_155307_seed42/cv_model_evaluation_full_155307/cv_model_evaluation_plots/fold_6_metrics_table.csv
2025-05-31 21:51:40 | INFO     | [plotter   :_generate_metri...: 246] | ℹ️ Metrics CSV saved via repository to: experiments/CCSN/pvit/20250531_155307_seed42/cv_model_evaluation_full_155307/cv_model_evaluation_plots/fold_7_metrics_table.csv
2025-05-31 21:51:40 | INFO     | [plotter   :_generate_metri...: 246] | ℹ️ Metrics CSV saved via repository to: experiments/CCSN/pvit/20250531_155307_seed42/cv_model_evaluation_full_155307/cv_model_evaluation_plots/fold_8_metrics_table.csv
2025-05-31 21:51:40 | INFO     | [plotter   :_generate_metri...: 246] | ℹ️ Metrics CSV saved via repository to: experiments/CCSN/pvit/20250531_155307_seed42/cv_model_evaluation_full_155307/cv_model_evaluation_plots/fold_9_metrics_table.csv
2025-05-31 21:51:40 | INFO     | [plotter   :_generate_metri...: 246] | ℹ️ Metrics CSV saved via repository to: experiments/CCSN/pvit/20250531_155307_seed42/cv_model_evaluation_full_155307/cv_model_evaluation_plots/fold_10_metrics_table.csv
2025-05-31 21:51:40 | INFO     | [plotter   :plot_cv_model_e...:1061] | ℹ️ Finished plotting for cv_model_evaluation: cv_model_evaluation_full_155307
2025-05-31 21:51:40 | INFO     | [pipeline  :cv_model_evalua...:1470] | ℹ️ CV Evaluation Summary (on full data, 10 folds, 95% CI):
2025-05-31 21:51:40 | INFO     | [pipeline  :cv_model_evalua...:1476] | ℹ️   Accuracy            : 0.5206 +/- 0.0270
2025-05-31 21:51:40 | INFO     | [pipeline  :cv_model_evalua...:1476] | ℹ️   F1 Macro            : 0.5007 +/- 0.0295
2025-05-31 21:51:40 | INFO     | [pipeline  :cv_model_evalua...:1476] | ℹ️   Precision Macro     : 0.5169 +/- 0.0295
2025-05-31 21:51:40 | INFO     | [pipeline  :cv_model_evalua...:1476] | ℹ️   Recall Macro        : 0.5086 +/- 0.0303
2025-05-31 21:51:40 | INFO     | [pipeline  :cv_model_evalua...:1476] | ℹ️   Specificity Macro   : 0.9516 +/- 0.0027
2025-05-31 21:51:40 | INFO     | [pipeline  :cv_model_evalua...:1476] | ℹ️   Roc Auc Macro       : 0.8870 +/- 0.0138
2025-05-31 21:51:40 | INFO     | [pipeline  :cv_model_evalua...:1476] | ℹ️   Pr Auc Macro        : 0.5226 +/- 0.0299
2025-05-31 21:51:40 | INFO     | [executor  :run               : 198] | ℹ️ --- Method cv_model_evaluation (cv_model_evaluation_0) completed successfully in 21512.29s ---
2025-05-31 21:51:40 | INFO     | [executor  :run               : 217] | ℹ️ Pipeline execution finished in 21512.30s.
2025-05-31 21:51:40 | INFO     | [executor  :run               : 313] | ℹ️ Final log file available at: C:\Users\Stefan\Documents\GitHub\UBB-Y3-AI-Research\model_src\experiments\CCSN\pvit\20250531_155307_seed42\experiment_run_20250531_155307_seed42.log
2025-05-31 21:51:40 | INFO     | [main      :<module>          : 322] | ℹ️ --- Final Execution Results Summary ---
2025-05-31 21:51:40 | INFO     | [main      :<module>          : 331] | ℹ️ Method cv_model_evaluation_0: Completed. (Acc: 0.5206, F1: 0.5007, BestScore: nan)
