Timestamp           | Level    | Location                             | Message
--------------------+----------+--------------------------------------+---------------------------------------------------
2025-05-30 12:35:52 | INFO     | [logger_...:setup_logger      : 153] | ℹ️ Logger 'ImgClassPipe' initialized. Log file: C:\Users\Stefan Alexandrescu\Documents\GitHub\UBB-Y3-AI-Research\model_src\experiments\Swimcat-extend\hvit\20250530_123552_seed42\experiment_run_20250530_123552_seed42.log
2025-05-30 12:35:52 | INFO     | [executor  :__init__          : 100] | ℹ️ --- Starting Experiment Run (ID: 20250530_123552_seed42) ---
2025-05-30 12:35:52 | INFO     | [executor  :__init__          : 101] | ℹ️ Executor initialized for model 'hvit' on dataset 'Swimcat-extend'
2025-05-30 12:35:52 | INFO     | [executor  :__init__          : 104] | ℹ️ Local artifact storage base: C:\Users\Stefan Alexandrescu\Documents\GitHub\UBB-Y3-AI-Research\model_src
2025-05-30 12:35:52 | INFO     | [executor  :__init__          : 108] | ℹ️ Base key/prefix for this run's artifacts: experiments/Swimcat-extend/hvit/20250530_123552_seed42
2025-05-30 12:35:52 | INFO     | [executor  :__init__          : 110] | ℹ️ Local log file for this run (might be temporary): C:\Users\Stefan Alexandrescu\Documents\GitHub\UBB-Y3-AI-Research\model_src\experiments\Swimcat-extend\hvit\20250530_123552_seed42\experiment_run_20250530_123552_seed42.log
2025-05-30 12:35:52 | INFO     | [pipeline  :__init__          : 173] | ℹ️ Initializing Classification Pipeline:
2025-05-30 12:35:52 | INFO     | [pipeline  :__init__          : 174] | ℹ️   Dataset Path: C:\Users\Stefan Alexandrescu\Documents\GitHub\UBB-Y3-AI-Research\model_src\data\Swimcat-extend
2025-05-30 12:35:52 | INFO     | [pipeline  :__init__          : 175] | ℹ️   Model Type: hvit
2025-05-30 12:35:52 | INFO     | [pipeline  :__init__          : 178] | ℹ️   Artifact base key prefix for this run: experiments/Swimcat-extend/hvit/20250530_123552_seed42 (using LocalFileSystemRepository)
2025-05-30 12:35:52 | INFO     | [pipeline  :__init__          : 182] | ℹ️   Default Augmentation Strategy: AugmentationStrategy.SKY_ONLY_ROTATION
2025-05-30 12:35:52 | INFO     | [pipeline  :__init__          : 183] | ℹ️   Default Show First Batch Aug: True
2025-05-30 12:35:52 | INFO     | [dataset...:__init__          : 277] | ℹ️ Using augmentation strategy: AugmentationStrategy.SKY_ONLY_ROTATION
2025-05-30 12:35:52 | INFO     | [dataset...:__init__          : 302] | ℹ️ Detected dataset structure: flat
2025-05-30 12:35:52 | INFO     | [dataset...:_load_paths_and...: 377] | ℹ️ Scanning FLAT dataset from C:\Users\Stefan Alexandrescu\Documents\GitHub\UBB-Y3-AI-Research\model_src\data\Swimcat-extend...
2025-05-30 12:35:52 | INFO     | [dataset...:__init__          : 322] | ℹ️ Found 6 classes: A-Clear Sky, B-Patterned Clouds, C-Thin White Clouds, D-Thick White Clouds, E-Thick Dark Clouds, F-Veil Clouds
2025-05-30 12:35:52 | INFO     | [dataset...:__init__          : 325] | ℹ️ Dataset sizes: 1680 train+val, 420 test. Total: 2100
2025-05-30 12:35:52 | INFO     | [pipeline  :__init__          : 192] | ℹ️   Artifact base key prefix for this run: experiments/Swimcat-extend/hvit/20250530_123552_seed42 (using LocalFileSystemRepository)
2025-05-30 12:35:52 | INFO     | [pipeline  :__init__          : 223] | ℹ️   Using Optimizer: AdamW
2025-05-30 12:35:52 | DEBUG    | [callbacks :get_default_cal...: 198] | 🐞 Default LRScheduler callback instance created with policy: ReduceLROnPlateau, kwargs: {'patience': 2, 'mode': 'min', 'factor': 0.1, 'min_lr': 1e-06, 'verbose': False}, monitor: valid_loss
2025-05-30 12:35:52 | INFO     | [pipeline  :__init__          : 266] | ℹ️   Model Adapter: Initialized with HybridViT
2025-05-30 12:35:52 | DEBUG    | [executor  :_validate_methods : 152] | 🐞 Basic method validation successful.
2025-05-30 12:35:52 | INFO     | [executor  :__init__          : 136] | ℹ️ Executor configured to run methods: cv_model_evaluation
2025-05-30 12:35:52 | INFO     | [executor  :run               : 162] | ℹ️ Starting execution of pipeline methods...
2025-05-30 12:35:52 | INFO     | [executor  :run               : 166] | ℹ️ --- Running Method 1/1: cv_model_evaluation (cv_model_evaluation_0) ---
2025-05-30 12:35:52 | DEBUG    | [executor  :run               : 191] | 🐞 Running with effective parameters: {'params': {'max_epochs': 70, 'lr': 5e-05, 'batch_size': 32, 'optimizer': 'AdamW', 'optimizer__weight_decay': 0.2, 'callbacks__default_lr_scheduler__policy': 'CosineAnnealingLR', 'callbacks__default_lr_scheduler__T_max': 70, 'callbacks__default_lr_scheduler__eta_min': 1e-06, 'callbacks__default_early_stopping__patience': 15, 'criterion__label_smoothing': 0.1, 'module__cnn_extractor_type': 'standard_cnn', 'module__cnn_model_name': 'efficientnet_b0', 'module__cnn_pretrained_imagenet': True, 'module__cnn_output_channels_target': 192, 'module__cnn_freeze_extractor': False, 'module__cnn_num_frozen_stages': 4, 'module__cnn_fine_tuned_weights_path': None, 'module__vit_model_variant': 'vit_b_16', 'module__vit_pretrained_imagenet': True, 'module__unfreeze_strategy': 'encoder_tail', 'module__num_transformer_blocks_to_unfreeze': 2, 'module__unfreeze_cls_token': True, 'module__unfreeze_pos_embedding': True, 'module__unfreeze_patch_embedding': True, 'module__unfreeze_encoder_layernorm': True, 'module__custom_head_hidden_dims': None, 'module__head_dropout_rate': 0.5, 'module__pipeline_img_h': 224, 'module__pipeline_img_w': 224}, 'internal_val_split_ratio': 0.2, 'cv': 5, 'evaluate_on': 'full', 'results_detail_level': 3}
2025-05-30 12:35:52 | INFO     | [pipeline  :cv_model_evalua...:1157] | ℹ️ Performing 5-fold CV for evaluation with fixed parameters.
2025-05-30 12:35:52 | INFO     | [pipeline  :cv_model_evalua...:1177] | ℹ️ Using full dataset (2100 samples) for CV evaluation.
2025-05-30 12:35:52 | INFO     | [pipeline  :cv_model_evalua...:1203] | ℹ️ Using provided parameters for CV evaluation: {'max_epochs': 70, 'lr': 5e-05, 'batch_size': 32, 'optimizer': 'AdamW', 'optimizer__weight_decay': 0.2, 'callbacks__default_lr_scheduler__policy': 'CosineAnnealingLR', 'callbacks__default_lr_scheduler__T_max': 70, 'callbacks__default_lr_scheduler__eta_min': 1e-06, 'callbacks__default_early_stopping__patience': 15, 'criterion__label_smoothing': 0.1, 'module__cnn_extractor_type': 'standard_cnn', 'module__cnn_model_name': 'efficientnet_b0', 'module__cnn_pretrained_imagenet': True, 'module__cnn_output_channels_target': 192, 'module__cnn_freeze_extractor': False, 'module__cnn_num_frozen_stages': 4, 'module__cnn_fine_tuned_weights_path': None, 'module__vit_model_variant': 'vit_b_16', 'module__vit_pretrained_imagenet': True, 'module__unfreeze_strategy': 'encoder_tail', 'module__num_transformer_blocks_to_unfreeze': 2, 'module__unfreeze_cls_token': True, 'module__unfreeze_pos_embedding': True, 'module__unfreeze_patch_embedding': True, 'module__unfreeze_encoder_layernorm': True, 'module__custom_head_hidden_dims': None, 'module__head_dropout_rate': 0.5, 'module__pipeline_img_h': 224, 'module__pipeline_img_w': 224}
2025-05-30 12:35:52 | DEBUG    | [param_g...:parse_fixed_hyp...: 151] | 🐞 Created LRScheduler instance: policy=CosineAnnealingLR, direct_args={}, constructor_kwargs={'T_max': 70, 'eta_min': 1e-06}
2025-05-30 12:35:52 | INFO     | [pipeline  :cv_model_evalua...:1226] | ℹ️ Skorch internal validation split configured: 20.0% of each CV fold's training data.
2025-05-30 12:35:52 | DEBUG    | [pipeline  :cv_model_evalua...:1256] | 🐞 Will compute detailed metrics (detail_level=3, plot_level=2)
2025-05-30 12:35:52 | INFO     | [pipeline  :cv_model_evalua...:1262] | ℹ️ --- Starting CV Evaluation Fold 1/5 ---
2025-05-30 12:35:52 | DEBUG    | [pipeline  :cv_model_evalua...:1269] | 🐞 Outer split (full set): 1680 train / 420 test samples.
2025-05-30 12:35:52 | DEBUG    | [pipeline  :cv_model_evalua...:1289] | 🐞 Fold 1: Internal split: ~1344 train / ~336 valid.
2025-05-30 12:35:52 | INFO     | [pipeline  :cv_model_evalua...:1299] | ℹ️ Fitting model for fold 1...
2025-05-30 12:35:52 | INFO     | [standar...:__init__          :  48] | ℹ️ Loaded efficientnet_b0 as feature extractor. Pretrained: True. Natural output channels: 1280
2025-05-30 12:35:52 | INFO     | [standar...:__init__          :  59] | ℹ️ Added final 1x1 projection: 1280 -> 192 channels.
2025-05-30 12:35:52 | INFO     | [standar...:_freeze_stages    :  85] | ℹ️ Freezing stage 0 of efficientnet_b0 features.
2025-05-30 12:35:52 | INFO     | [standar...:_freeze_stages    :  85] | ℹ️ Freezing stage 1 of efficientnet_b0 features.
2025-05-30 12:35:52 | INFO     | [standar...:_freeze_stages    :  85] | ℹ️ Freezing stage 2 of efficientnet_b0 features.
2025-05-30 12:35:52 | INFO     | [standar...:_freeze_stages    :  85] | ℹ️ Freezing stage 3 of efficientnet_b0 features.
2025-05-30 12:35:52 | INFO     | [hybrid_...:__init__          :  67] | ℹ️ Determined CNN feature extractor output size: 7x7 for input 224x224
2025-05-30 12:35:52 | DEBUG    | [pretrai...:__init__          :  38] | 🐞 Initializing PretrainedViT:
2025-05-30 12:35:52 | DEBUG    | [pretrai...:__init__          :  39] | 🐞   Model Variant: vit_b_16, Pretrained: True
2025-05-30 12:35:52 | DEBUG    | [pretrai...:__init__          :  40] | 🐞   Is Hybrid Input: True
2025-05-30 12:35:52 | DEBUG    | [pretrai...:__init__          :  42] | 🐞   Hybrid In Channels: 192
2025-05-30 12:35:52 | DEBUG    | [pretrai...:__init__          :  43] | 🐞   Unfreeze Strategy (Encoder Blocks): encoder_tail
2025-05-30 12:35:52 | DEBUG    | [pretrai...:__init__          :  45] | 🐞   Num Transformer Blocks to Unfreeze: 2
2025-05-30 12:35:52 | DEBUG    | [pretrai...:__init__          :  46] | 🐞   Unfreeze CLS: True, PosEmb: True, PatchEmb: True, EncoderLN: True
2025-05-30 12:35:52 | DEBUG    | [pretrai...:__init__          :  48] | 🐞   Custom Head Hidden Dims: None, Head Dropout: 0.5
2025-05-30 12:35:53 | DEBUG    | [pretrai...:__init__          :  69] | 🐞 Loaded vit_b_16 from torchvision.
2025-05-30 12:35:53 | INFO     | [pretrai...:__init__          : 101] | ℹ️ Adapting ViT 'vit_b_16' for hybrid input. Expected CNN feature map: 7x7.
2025-05-30 12:35:53 | INFO     | [pretrai...:__init__          : 110] | ℹ️ Created hybrid input projection: 192 -> 768 channels.
2025-05-30 12:35:53 | INFO     | [pretrai...:__init__          : 180] | ℹ️ Interpolating positional embedding in __init__ for hybrid ViT. Original patches: 196, Expected feature patches: 49 (7x7)
2025-05-30 12:35:53 | DEBUG    | [pretrai...:__init__          : 214] | 🐞 Unfroze custom hybrid input projection layer for ViT.
2025-05-30 12:35:53 | DEBUG    | [pretrai...:__init__          : 313] | 🐞 Created simple linear head (dropout: 0.5), in_feat=768.
2025-05-30 12:35:53 | INFO     | [pretrai...:__init__          : 323] | ℹ️ PretrainedViT (hybrid) - Trainable: Hybrid Projection, CLS Token, Positional Embeddings, 2 Encoder Blocks, Encoder LayerNorm, Classification Head.
2025-05-30 12:35:53 | INFO     | [pretrai...:__init__          : 348] | ℹ️ PretrainedViT (hybrid): Trainable params: 14.52M / Total params: 85.95M (16.89%)
2025-05-30 12:35:53 | DEBUG    | [adapter   :get_split_datasets: 131] | 🐞 Split created: 1344 train, 336 validation.
2025-05-30 12:35:53 | DEBUG    | [adapter   :get_iterator      : 304] | 🐞 Creating DataLoader: dataset_len=1344, batch_size=32, shuffle=True, collate_fn=Custom (PathImageDataset style), loader_kwargs={'num_workers': 0, 'pin_memory': False}
2025-05-30 12:35:53 | DEBUG    | [adapter   :get_iterator      : 319] | 🐞 Wrapping DataLoader with _BatchPlottingIterator for training.
2025-05-30 12:35:53 | DEBUG    | [adapter   :get_iterator      : 304] | 🐞 Creating DataLoader: dataset_len=336, batch_size=32, shuffle=False, collate_fn=Custom (PathImageDataset style), loader_kwargs={'num_workers': 0, 'pin_memory': False}
2025-05-30 12:35:53 | DEBUG    | [adapter   :get_iterator      : 319] | 🐞 Wrapping DataLoader with _BatchPlottingIterator for validation/evaluation.
2025-05-30 12:36:06 | INFO     | [callbacks :on_epoch_end      : 148] | ℹ️   epoch    train_acc    train_loss    valid_acc    valid_loss   cp           lr      dur
2025-05-30 12:36:06 | INFO     | [callbacks :on_epoch_end      : 148] | ℹ️ -------  -----------  ------------  -----------  ------------  ----  ----------  -------
2025-05-30 12:36:06 | INFO     | [callbacks :on_epoch_end      : 148] | ℹ️       1     ▲ 0.5305      ▼ 1.3819     ▲ 0.7143      ▼ 0.9816        4.9975e-05  13.2417
2025-05-30 12:36:17 | INFO     | [callbacks :on_epoch_end      : 148] | ℹ️       2     ▲ 0.8341      ▼ 0.7820     ▲ 0.8214      ▼ 0.7922        4.9901e-05  10.1455
2025-05-30 12:36:27 | INFO     | [callbacks :on_epoch_end      : 148] | ℹ️       3     ▲ 0.8869      ▼ 0.6945       0.8065        0.8328        4.9778e-05  10.6339
2025-05-30 12:36:37 | INFO     | [callbacks :on_epoch_end      : 148] | ℹ️       4        0.881      ▼ 0.6743       0.8185        0.7923        4.9606e-05  10.2055
2025-05-30 12:36:48 | INFO     | [callbacks :on_epoch_end      : 148] | ℹ️       5     ▲ 0.9107      ▼ 0.6474     ▲ 0.8810      ▼ 0.6857        4.9386e-05  10.0913
2025-05-30 12:36:58 | INFO     | [callbacks :on_epoch_end      : 148] | ℹ️       6     ▲ 0.9144      ▼ 0.6322     ▲ 0.8810      ▼ 0.6764        4.9117e-05  10.0613
2025-05-30 12:37:08 | INFO     | [callbacks :on_epoch_end      : 148] | ℹ️       7     ▲ 0.9315      ▼ 0.5922        0.869      ▼ 0.6694        4.8801e-05  10.2778
2025-05-30 12:37:18 | INFO     | [callbacks :on_epoch_end      : 148] | ℹ️       8       0.9182        0.6183     ▲ 0.9405      ▼ 0.5787        4.8438e-05  9.9396
2025-05-30 12:37:28 | INFO     | [callbacks :on_epoch_end      : 148] | ℹ️       9       0.9271      ▼ 0.5906     ▲ 0.9405        0.5787        4.8028e-05  9.8559
2025-05-30 12:37:38 | INFO     | [callbacks :on_epoch_end      : 148] | ℹ️      10     ▲ 0.9420      ▼ 0.5716       0.9256      ▼ 0.5770        4.7574e-05  9.7993
2025-05-30 12:37:47 | INFO     | [callbacks :on_epoch_end      : 148] | ℹ️      11       0.9338        0.5834     ▲ 0.9464      ▼ 0.5531        4.7075e-05  9.7024
2025-05-30 12:37:57 | INFO     | [callbacks :on_epoch_end      : 148] | ℹ️      12     ▲ 0.9457      ▼ 0.5603       0.9345      ▼ 0.5496        4.6532e-05  10.0154
2025-05-30 12:38:08 | INFO     | [callbacks :on_epoch_end      : 148] | ℹ️      13       0.9397        0.5622     ▲ 0.9613      ▼ 0.5287        4.5947e-05  10.3621
2025-05-30 12:38:18 | INFO     | [callbacks :on_epoch_end      : 148] | ℹ️      14       0.9405        0.5694     ▲ 0.9673      ▼ 0.5037        4.5321e-05  10.1416
2025-05-30 12:38:28 | INFO     | [callbacks :on_epoch_end      : 148] | ℹ️      15     ▲ 0.9487      ▼ 0.5515       0.9643        0.5233        4.4655e-05  10.0181
2025-05-30 12:38:38 | INFO     | [callbacks :on_epoch_end      : 148] | ℹ️      16     ▲ 0.9494      ▼ 0.5491       0.9554        0.5241        4.395e-05  9.8182
2025-05-30 12:38:48 | INFO     | [callbacks :on_epoch_end      : 148] | ℹ️      17       0.9472        0.5527     ▲ 0.9732      ▼ 0.4996        4.3208e-05  10.3251
2025-05-30 12:38:58 | INFO     | [callbacks :on_epoch_end      : 148] | ℹ️      18       0.9368        0.5633     ▲ 0.9732      ▼ 0.4931        4.2431e-05  10.2956
2025-05-30 12:39:09 | INFO     | [callbacks :on_epoch_end      : 148] | ℹ️      19     ▲ 0.9516      ▼ 0.5377     ▲ 0.9732        0.4979        4.1619e-05  10.1979
2025-05-30 12:39:19 | INFO     | [callbacks :on_epoch_end      : 148] | ℹ️      20     ▲ 0.9539      ▼ 0.5326       0.9643         0.497        4.0776e-05  10.1963
2025-05-30 12:39:29 | INFO     | [callbacks :on_epoch_end      : 148] | ℹ️      21     ▲ 0.9635      ▼ 0.5247       0.9494        0.5235        3.9901e-05  10.1554
2025-05-30 12:39:39 | INFO     | [callbacks :on_epoch_end      : 148] | ℹ️      22       0.9509        0.5328     ▲ 0.9732      ▼ 0.4925        3.8997e-05  9.9572
2025-05-30 12:39:49 | INFO     | [callbacks :on_epoch_end      : 148] | ℹ️      23       0.9628      ▼ 0.5222       0.9702        0.4998        3.8066e-05  10.0587
2025-05-30 12:39:59 | INFO     | [callbacks :on_epoch_end      : 148] | ℹ️      24       0.9613      ▼ 0.5205     ▲ 0.9762      ▼ 0.4766        3.711e-05  10.09
2025-05-30 12:40:09 | INFO     | [callbacks :on_epoch_end      : 148] | ℹ️      25     ▲ 0.9650      ▼ 0.5107       0.9732        0.4864        3.613e-05  10.007
2025-05-30 12:40:19 | INFO     | [callbacks :on_epoch_end      : 148] | ℹ️      26       0.9591        0.5166       0.9494        0.5092        3.5129e-05  10.0648
2025-05-30 12:40:29 | INFO     | [callbacks :on_epoch_end      : 148] | ℹ️      27       0.9583        0.5202     ▲ 0.9762      ▼ 0.4728        3.4109e-05  10.0634
2025-05-30 12:40:39 | INFO     | [callbacks :on_epoch_end      : 148] | ℹ️      28     ▲ 0.9680      ▼ 0.5083     ▲ 0.9792      ▼ 0.4728        3.3071e-05  9.8036
2025-05-30 12:40:49 | INFO     | [callbacks :on_epoch_end      : 148] | ℹ️      29        0.965        0.5088     ▲ 0.9881      ▼ 0.4569        3.2018e-05  9.9621
2025-05-30 12:40:59 | INFO     | [callbacks :on_epoch_end      : 148] | ℹ️      30       0.9665      ▼ 0.5025       0.9792        0.4719        3.0952e-05  10.0826
2025-05-30 12:41:09 | INFO     | [callbacks :on_epoch_end      : 148] | ℹ️      31       0.9628        0.5106       0.9821        0.4578        2.9875e-05  10.0403
2025-05-30 12:41:19 | INFO     | [callbacks :on_epoch_end      : 148] | ℹ️      32        0.965      ▼ 0.5013       0.9792        0.4627        2.8789e-05  10.2335
2025-05-30 12:41:29 | INFO     | [callbacks :on_epoch_end      : 148] | ℹ️      33     ▲ 0.9717      ▼ 0.4957       0.9851        0.4579        2.7696e-05  9.9593
2025-05-30 12:41:39 | INFO     | [callbacks :on_epoch_end      : 148] | ℹ️      34       0.9688        0.5014       0.9851        0.4576        2.6599e-05  10.0613
2025-05-30 12:41:50 | INFO     | [callbacks :on_epoch_end      : 148] | ℹ️      35     ▲ 0.9717      ▼ 0.4921       0.9762         0.463        2.55e-05  10.0425
2025-05-30 12:42:00 | INFO     | [callbacks :on_epoch_end      : 148] | ℹ️      36     ▲ 0.9725      ▼ 0.4896       0.9851        0.4575        2.4401e-05  10.2909
2025-05-30 12:42:10 | INFO     | [callbacks :on_epoch_end      : 148] | ℹ️      37        0.968        0.4993     ▲ 0.9881        0.4632        2.3304e-05  10.1329
2025-05-30 12:42:20 | INFO     | [callbacks :on_epoch_end      : 148] | ℹ️      38     ▲ 0.9769      ▼ 0.4827       0.9851        0.4608        2.2211e-05  10.0992
2025-05-30 12:42:30 | INFO     | [callbacks :on_epoch_end      : 148] | ℹ️      39       0.9732        0.4917       0.9851         0.461        2.1125e-05  10.0201
2025-05-30 12:42:40 | INFO     | [callbacks :on_epoch_end      : 148] | ℹ️      40       0.9688        0.4948       0.9851        0.4604        2.0048e-05  9.9465
2025-05-30 12:42:50 | INFO     | [callbacks :on_epoch_end      : 148] | ℹ️      41       0.9725        0.4903       0.9851        0.4612        1.8982e-05  10.1779
2025-05-30 12:43:00 | INFO     | [callbacks :on_epoch_end      : 148] | ℹ️      42        0.974         0.489       0.9851      ▼ 0.4557        1.7929e-05  10.1326
2025-05-30 12:43:10 | INFO     | [callbacks :on_epoch_end      : 148] | ℹ️      43     ▲ 0.9777      ▼ 0.4783       0.9821        0.4663        1.6891e-05  10.0342
2025-05-30 12:43:21 | INFO     | [callbacks :on_epoch_end      : 148] | ℹ️      44       0.9754        0.4839       0.9851        0.4663        1.5871e-05  10.11
2025-05-30 12:43:31 | INFO     | [callbacks :on_epoch_end      : 148] | ℹ️      45       0.9702        0.4899       0.9792        0.4668        1.487e-05  10.4098
2025-05-30 12:43:41 | INFO     | [callbacks :on_epoch_end      : 148] | ℹ️      46     ▲ 0.9799      ▼ 0.4750       0.9821        0.4591        1.389e-05  9.9394
2025-05-30 12:43:51 | INFO     | [callbacks :on_epoch_end      : 148] | ℹ️      47       0.9717        0.4807       0.9821        0.4749        1.2934e-05  10.2413
2025-05-30 12:44:01 | INFO     | [callbacks :on_epoch_end      : 148] | ℹ️      48     ▲ 0.9859      ▼ 0.4693       0.9851        0.4656        1.2003e-05  10.2011
2025-05-30 12:44:11 | INFO     | [callbacks :on_epoch_end      : 148] | ℹ️      49       0.9799        0.4701       0.9851        0.4685        1.1099e-05  9.9723
2025-05-30 12:44:22 | INFO     | [callbacks :on_epoch_end      : 148] | ℹ️      50       0.9732        0.4935       0.9792        0.4751        1.0224e-05  10.2211
2025-05-30 12:44:32 | INFO     | [callbacks :on_epoch_end      : 148] | ℹ️      51       0.9754        0.4796       0.9792        0.4691        9.3805e-06  10.0777
2025-05-30 12:44:42 | INFO     | [callbacks :on_epoch_end      : 148] | ℹ️      52       0.9777        0.4802       0.9702        0.4785        8.569e-06  10.0804
2025-05-30 12:44:52 | INFO     | [callbacks :on_epoch_end      : 148] | ℹ️      53       0.9754         0.479       0.9702        0.4752        7.7915e-06  10.0947
2025-05-30 12:45:02 | INFO     | [callbacks :on_epoch_end      : 148] | ℹ️      54       0.9769        0.4814       0.9792        0.4728        7.0497e-06  10.122
2025-05-30 12:45:12 | INFO     | [callbacks :on_epoch_end      : 148] | ℹ️      55       0.9732        0.4813       0.9851         0.467        6.3451e-06  9.9123
2025-05-30 12:45:22 | INFO     | [callbacks :on_epoch_end      : 148] | ℹ️      56       0.9784        0.4726     ▲ 0.9881        0.4603        5.6791e-06  9.9878
2025-05-30 12:45:32 | INFO     | [pipeline  :cv_model_evalua...:1313] | ℹ️ Using best model from epoch 57
2025-05-30 12:45:32 | INFO     | [pipeline  :cv_model_evalua...:1316] | ℹ️ Evaluating model on outer test set for fold 1...
2025-05-30 12:45:32 | DEBUG    | [adapter   :get_iterator      : 250] | 🐞 get_iterator: Wrapping skorch Dataset's X (paths) with PathImageDataset for eval.
2025-05-30 12:45:32 | DEBUG    | [adapter   :get_iterator      : 304] | 🐞 Creating DataLoader: dataset_len=420, batch_size=32, shuffle=False, collate_fn=Custom (PathImageDataset style), loader_kwargs={'num_workers': 0, 'pin_memory': False}
2025-05-30 12:45:32 | DEBUG    | [adapter   :get_iterator      : 319] | 🐞 Wrapping DataLoader with _BatchPlottingIterator for validation/evaluation.
2025-05-30 12:45:33 | DEBUG    | [adapter   :get_iterator      : 250] | 🐞 get_iterator: Wrapping skorch Dataset's X (paths) with PathImageDataset for eval.
2025-05-30 12:45:33 | DEBUG    | [adapter   :get_iterator      : 304] | 🐞 Creating DataLoader: dataset_len=420, batch_size=32, shuffle=False, collate_fn=Custom (PathImageDataset style), loader_kwargs={'num_workers': 0, 'pin_memory': False}
2025-05-30 12:45:33 | DEBUG    | [adapter   :get_iterator      : 319] | 🐞 Wrapping DataLoader with _BatchPlottingIterator for validation/evaluation.
2025-05-30 12:45:34 | DEBUG    | [pipeline  :_compute_metrics  : 443] | 🐞 Computed Metrics: Acc=0.9643, Macro F1=0.9641
2025-05-30 12:45:34 | INFO     | [pipeline  :cv_model_evalua...:1336] | ℹ️ Fold 1 Test Scores: Acc=0.9643, F1=0.9641
2025-05-30 12:45:34 | INFO     | [pipeline  :cv_model_evalua...:1262] | ℹ️ --- Starting CV Evaluation Fold 2/5 ---
2025-05-30 12:45:34 | DEBUG    | [pipeline  :cv_model_evalua...:1269] | 🐞 Outer split (full set): 1680 train / 420 test samples.
2025-05-30 12:45:34 | DEBUG    | [pipeline  :cv_model_evalua...:1289] | 🐞 Fold 2: Internal split: ~1344 train / ~336 valid.
2025-05-30 12:45:34 | INFO     | [pipeline  :cv_model_evalua...:1299] | ℹ️ Fitting model for fold 2...
2025-05-30 12:45:34 | INFO     | [standar...:__init__          :  48] | ℹ️ Loaded efficientnet_b0 as feature extractor. Pretrained: True. Natural output channels: 1280
2025-05-30 12:45:34 | INFO     | [standar...:__init__          :  59] | ℹ️ Added final 1x1 projection: 1280 -> 192 channels.
2025-05-30 12:45:34 | INFO     | [standar...:_freeze_stages    :  85] | ℹ️ Freezing stage 0 of efficientnet_b0 features.
2025-05-30 12:45:34 | INFO     | [standar...:_freeze_stages    :  85] | ℹ️ Freezing stage 1 of efficientnet_b0 features.
2025-05-30 12:45:34 | INFO     | [standar...:_freeze_stages    :  85] | ℹ️ Freezing stage 2 of efficientnet_b0 features.
2025-05-30 12:45:34 | INFO     | [standar...:_freeze_stages    :  85] | ℹ️ Freezing stage 3 of efficientnet_b0 features.
2025-05-30 12:45:34 | INFO     | [hybrid_...:__init__          :  67] | ℹ️ Determined CNN feature extractor output size: 7x7 for input 224x224
2025-05-30 12:45:34 | DEBUG    | [pretrai...:__init__          :  38] | 🐞 Initializing PretrainedViT:
2025-05-30 12:45:34 | DEBUG    | [pretrai...:__init__          :  39] | 🐞   Model Variant: vit_b_16, Pretrained: True
2025-05-30 12:45:34 | DEBUG    | [pretrai...:__init__          :  40] | 🐞   Is Hybrid Input: True
2025-05-30 12:45:34 | DEBUG    | [pretrai...:__init__          :  42] | 🐞   Hybrid In Channels: 192
2025-05-30 12:45:34 | DEBUG    | [pretrai...:__init__          :  43] | 🐞   Unfreeze Strategy (Encoder Blocks): encoder_tail
2025-05-30 12:45:34 | DEBUG    | [pretrai...:__init__          :  45] | 🐞   Num Transformer Blocks to Unfreeze: 2
2025-05-30 12:45:34 | DEBUG    | [pretrai...:__init__          :  46] | 🐞   Unfreeze CLS: True, PosEmb: True, PatchEmb: True, EncoderLN: True
2025-05-30 12:45:34 | DEBUG    | [pretrai...:__init__          :  48] | 🐞   Custom Head Hidden Dims: None, Head Dropout: 0.5
2025-05-30 12:45:34 | DEBUG    | [pretrai...:__init__          :  69] | 🐞 Loaded vit_b_16 from torchvision.
2025-05-30 12:45:34 | INFO     | [pretrai...:__init__          : 101] | ℹ️ Adapting ViT 'vit_b_16' for hybrid input. Expected CNN feature map: 7x7.
2025-05-30 12:45:34 | INFO     | [pretrai...:__init__          : 110] | ℹ️ Created hybrid input projection: 192 -> 768 channels.
2025-05-30 12:45:34 | INFO     | [pretrai...:__init__          : 180] | ℹ️ Interpolating positional embedding in __init__ for hybrid ViT. Original patches: 196, Expected feature patches: 49 (7x7)
2025-05-30 12:45:34 | DEBUG    | [pretrai...:__init__          : 214] | 🐞 Unfroze custom hybrid input projection layer for ViT.
2025-05-30 12:45:34 | DEBUG    | [pretrai...:__init__          : 313] | 🐞 Created simple linear head (dropout: 0.5), in_feat=768.
2025-05-30 12:45:34 | INFO     | [pretrai...:__init__          : 323] | ℹ️ PretrainedViT (hybrid) - Trainable: Hybrid Projection, CLS Token, Positional Embeddings, 2 Encoder Blocks, Encoder LayerNorm, Classification Head.
2025-05-30 12:45:34 | INFO     | [pretrai...:__init__          : 348] | ℹ️ PretrainedViT (hybrid): Trainable params: 14.52M / Total params: 85.95M (16.89%)
2025-05-30 12:45:34 | DEBUG    | [adapter   :get_split_datasets: 131] | 🐞 Split created: 1344 train, 336 validation.
2025-05-30 12:45:34 | DEBUG    | [adapter   :get_iterator      : 304] | 🐞 Creating DataLoader: dataset_len=1344, batch_size=32, shuffle=True, collate_fn=Custom (PathImageDataset style), loader_kwargs={'num_workers': 0, 'pin_memory': False}
2025-05-30 12:45:34 | DEBUG    | [adapter   :get_iterator      : 319] | 🐞 Wrapping DataLoader with _BatchPlottingIterator for training.
2025-05-30 12:45:34 | DEBUG    | [adapter   :get_iterator      : 304] | 🐞 Creating DataLoader: dataset_len=336, batch_size=32, shuffle=False, collate_fn=Custom (PathImageDataset style), loader_kwargs={'num_workers': 0, 'pin_memory': False}
2025-05-30 12:45:34 | DEBUG    | [adapter   :get_iterator      : 319] | 🐞 Wrapping DataLoader with _BatchPlottingIterator for validation/evaluation.
2025-05-30 12:45:47 | INFO     | [callbacks :on_epoch_end      : 148] | ℹ️   epoch    train_acc    train_loss    valid_acc    valid_loss   cp           lr      dur
2025-05-30 12:45:47 | INFO     | [callbacks :on_epoch_end      : 148] | ℹ️ -------  -----------  ------------  -----------  ------------  ----  ----------  -------
2025-05-30 12:45:47 | INFO     | [callbacks :on_epoch_end      : 148] | ℹ️       1     ▲ 0.5432      ▼ 1.3505     ▲ 0.7202      ▼ 0.9796        4.9975e-05  12.7662
2025-05-30 12:45:57 | INFO     | [callbacks :on_epoch_end      : 148] | ℹ️       2     ▲ 0.8341      ▼ 0.8016     ▲ 0.8125      ▼ 0.8186        4.9901e-05  9.9115
2025-05-30 12:46:07 | INFO     | [callbacks :on_epoch_end      : 148] | ℹ️       3     ▲ 0.8914      ▼ 0.6871     ▲ 0.8661      ▼ 0.7105        4.9778e-05  10.1601
2025-05-30 12:46:17 | INFO     | [callbacks :on_epoch_end      : 148] | ℹ️       4     ▲ 0.8951      ▼ 0.6669     ▲ 0.8958      ▼ 0.6507        4.9606e-05  10.0217
2025-05-30 12:46:27 | INFO     | [callbacks :on_epoch_end      : 148] | ℹ️       5     ▲ 0.9249      ▼ 0.6199        0.881        0.6754        4.9386e-05  9.935
2025-05-30 12:46:37 | INFO     | [callbacks :on_epoch_end      : 148] | ℹ️       6       0.9115        0.6323     ▲ 0.9107      ▼ 0.6293        4.9117e-05  10.2494
2025-05-30 12:46:48 | INFO     | [callbacks :on_epoch_end      : 148] | ℹ️       7     ▲ 0.9338      ▼ 0.5922     ▲ 0.9137      ▼ 0.6293        4.8801e-05  10.0511
2025-05-30 12:46:58 | INFO     | [callbacks :on_epoch_end      : 148] | ℹ️       8       0.9323      ▼ 0.5892       0.8958        0.6466        4.8438e-05  10.1181
2025-05-30 12:47:08 | INFO     | [callbacks :on_epoch_end      : 148] | ℹ️       9       0.9286      ▼ 0.5866     ▲ 0.9375      ▼ 0.5795        4.8028e-05  9.8551
2025-05-30 12:47:17 | INFO     | [callbacks :on_epoch_end      : 148] | ℹ️      10       0.9323      ▼ 0.5821       0.8958        0.6169        4.7574e-05  9.9284
2025-05-30 12:47:28 | INFO     | [callbacks :on_epoch_end      : 148] | ℹ️      11     ▲ 0.9412      ▼ 0.5633       0.9286      ▼ 0.5755        4.7075e-05  10.1831
2025-05-30 12:47:37 | INFO     | [callbacks :on_epoch_end      : 148] | ℹ️      12     ▲ 0.9487      ▼ 0.5565       0.9256        0.5895        4.6532e-05  9.8407
2025-05-30 12:47:48 | INFO     | [callbacks :on_epoch_end      : 148] | ℹ️      13       0.9353        0.5732       0.9345      ▼ 0.5566        4.5947e-05  10.1095
2025-05-30 12:47:58 | INFO     | [callbacks :on_epoch_end      : 148] | ℹ️      14        0.942        0.5638     ▲ 0.9375        0.5617        4.5321e-05  10.0285
2025-05-30 12:48:08 | INFO     | [callbacks :on_epoch_end      : 148] | ℹ️      15     ▲ 0.9598      ▼ 0.5317     ▲ 0.9554      ▼ 0.5200        4.4655e-05  9.9123
2025-05-30 12:48:18 | INFO     | [callbacks :on_epoch_end      : 148] | ℹ️      16       0.9464        0.5502       0.9435        0.5445        4.395e-05  10.0912
2025-05-30 12:48:28 | INFO     | [callbacks :on_epoch_end      : 148] | ℹ️      17       0.9442        0.5358       0.9524        0.5223        4.3208e-05  10.2114
2025-05-30 12:48:38 | INFO     | [callbacks :on_epoch_end      : 148] | ℹ️      18       0.9576      ▼ 0.5282       0.9345        0.5518        4.2431e-05  9.9371
2025-05-30 12:48:48 | INFO     | [callbacks :on_epoch_end      : 148] | ℹ️      19       0.9509      ▼ 0.5266       0.9375        0.5482        4.1619e-05  10.2127
2025-05-30 12:48:58 | INFO     | [callbacks :on_epoch_end      : 148] | ℹ️      20       0.9591      ▼ 0.5264       0.9435        0.5471        4.0776e-05  10.1644
2025-05-30 12:49:08 | INFO     | [callbacks :on_epoch_end      : 148] | ℹ️      21       0.9509        0.5285       0.9464         0.552        3.9901e-05  9.9406
2025-05-30 12:49:18 | INFO     | [callbacks :on_epoch_end      : 148] | ℹ️      22     ▲ 0.9621      ▼ 0.5122     ▲ 0.9583      ▼ 0.5026        3.8997e-05  10.0755
2025-05-30 12:49:28 | INFO     | [callbacks :on_epoch_end      : 148] | ℹ️      23     ▲ 0.9673      ▼ 0.5059     ▲ 0.9673      ▼ 0.4993        3.8066e-05  9.9988
2025-05-30 12:49:38 | INFO     | [callbacks :on_epoch_end      : 148] | ℹ️      24       0.9576        0.5214       0.9583        0.5188        3.711e-05  9.9737
2025-05-30 12:49:48 | INFO     | [callbacks :on_epoch_end      : 148] | ℹ️      25     ▲ 0.9717      ▼ 0.5006       0.9613        0.5326        3.613e-05  9.9951
2025-05-30 12:49:58 | INFO     | [callbacks :on_epoch_end      : 148] | ℹ️      26       0.9635        0.5036       0.9613        0.5085        3.5129e-05  10.1846
2025-05-30 12:50:08 | INFO     | [callbacks :on_epoch_end      : 148] | ℹ️      27       0.9695      ▼ 0.4997       0.9524        0.5101        3.4109e-05  9.9569
2025-05-30 12:50:18 | INFO     | [callbacks :on_epoch_end      : 148] | ℹ️      28     ▲ 0.9725      ▼ 0.4973     ▲ 0.9673      ▼ 0.4933        3.3071e-05  9.9635
2025-05-30 12:50:28 | INFO     | [callbacks :on_epoch_end      : 148] | ℹ️      29     ▲ 0.9725      ▼ 0.4961       0.9375        0.5409        3.2018e-05  9.9798
2025-05-30 12:50:38 | INFO     | [callbacks :on_epoch_end      : 148] | ℹ️      30        0.971      ▼ 0.4936       0.9643         0.501        3.0952e-05  10.0249
2025-05-30 12:50:49 | INFO     | [callbacks :on_epoch_end      : 148] | ℹ️      31       0.9673         0.495       0.9643        0.5196        2.9875e-05  10.1926
2025-05-30 12:50:59 | INFO     | [callbacks :on_epoch_end      : 148] | ℹ️      32       0.9695      ▼ 0.4921       0.9643        0.5119        2.8789e-05  10.0762
2025-05-30 12:51:09 | INFO     | [callbacks :on_epoch_end      : 148] | ℹ️      33       0.9621        0.5024       0.9643        0.5066        2.7696e-05  9.9332
2025-05-30 12:51:19 | INFO     | [callbacks :on_epoch_end      : 148] | ℹ️      34       0.9695        0.4958       0.9643        0.5004        2.6599e-05  9.9853
2025-05-30 12:51:29 | INFO     | [callbacks :on_epoch_end      : 148] | ℹ️      35     ▲ 0.9754      ▼ 0.4826     ▲ 0.9732      ▼ 0.4910        2.55e-05  10.1929
2025-05-30 12:51:39 | INFO     | [callbacks :on_epoch_end      : 148] | ℹ️      36       0.9702        0.4919       0.9702      ▼ 0.4906        2.4401e-05  9.9416
2025-05-30 12:51:49 | INFO     | [callbacks :on_epoch_end      : 148] | ℹ️      37       0.9695        0.4878     ▲ 0.9762      ▼ 0.4848        2.3304e-05  10.0716
2025-05-30 12:51:59 | INFO     | [callbacks :on_epoch_end      : 148] | ℹ️      38       0.9717        0.4853       0.9702        0.4852        2.2211e-05  10.1142
2025-05-30 12:52:09 | INFO     | [callbacks :on_epoch_end      : 148] | ℹ️      39       0.9725        0.4896       0.9643         0.493        2.1125e-05  10.0554
2025-05-30 12:52:19 | INFO     | [callbacks :on_epoch_end      : 148] | ℹ️      40     ▲ 0.9777      ▼ 0.4786       0.9732      ▼ 0.4838        2.0048e-05  10.151
2025-05-30 12:52:29 | INFO     | [callbacks :on_epoch_end      : 148] | ℹ️      41        0.971        0.4899       0.9673      ▼ 0.4814        1.8982e-05  10.0288
2025-05-30 12:52:39 | INFO     | [callbacks :on_epoch_end      : 148] | ℹ️      42       0.9717         0.492     ▲ 0.9762        0.4819        1.7929e-05  9.8742
2025-05-30 12:52:49 | INFO     | [callbacks :on_epoch_end      : 148] | ℹ️      43     ▲ 0.9821      ▼ 0.4728       0.9702        0.4852        1.6891e-05  10.1242
2025-05-30 12:53:00 | INFO     | [callbacks :on_epoch_end      : 148] | ℹ️      44     ▲ 0.9821      ▼ 0.4710     ▲ 0.9792      ▼ 0.4761        1.5871e-05  10.4115
2025-05-30 12:53:10 | INFO     | [callbacks :on_epoch_end      : 148] | ℹ️      45       0.9799         0.475       0.9702        0.4954        1.487e-05  9.935
2025-05-30 12:53:20 | INFO     | [callbacks :on_epoch_end      : 148] | ℹ️      46       0.9725        0.4921       0.9702        0.4903        1.389e-05  10.0721
2025-05-30 12:53:30 | INFO     | [callbacks :on_epoch_end      : 148] | ℹ️      47       0.9769        0.4767       0.9702        0.4874        1.2934e-05  10.1042
2025-05-30 12:53:40 | INFO     | [callbacks :on_epoch_end      : 148] | ℹ️      48     ▲ 0.9829        0.4711       0.9762        0.4802        1.2003e-05  9.8474
2025-05-30 12:53:50 | INFO     | [callbacks :on_epoch_end      : 148] | ℹ️      49       0.9769        0.4777       0.9732        0.4837        1.1099e-05  10.3713
2025-05-30 12:54:00 | INFO     | [callbacks :on_epoch_end      : 148] | ℹ️      50       0.9792      ▼ 0.4658       0.9702        0.4888        1.0224e-05  9.9706
2025-05-30 12:54:10 | INFO     | [callbacks :on_epoch_end      : 148] | ℹ️      51       0.9717        0.4823       0.9643        0.5063        9.3805e-06  10.0289
2025-05-30 12:54:20 | INFO     | [callbacks :on_epoch_end      : 148] | ℹ️      52       0.9799        0.4701       0.9643        0.4933        8.569e-06  10.1951
2025-05-30 12:54:30 | INFO     | [callbacks :on_epoch_end      : 148] | ℹ️      53       0.9814        0.4742       0.9702        0.4848        7.7915e-06  10.054
2025-05-30 12:54:40 | INFO     | [callbacks :on_epoch_end      : 148] | ℹ️      54       0.9777        0.4745       0.9732        0.4826        7.0497e-06  9.9651
2025-05-30 12:54:51 | INFO     | [callbacks :on_epoch_end      : 148] | ℹ️      55       0.9784        0.4707       0.9702        0.4815        6.3451e-06  10.3326
2025-05-30 12:55:01 | INFO     | [callbacks :on_epoch_end      : 148] | ℹ️      56       0.9784        0.4701       0.9762      ▼ 0.4758        5.6791e-06  10.0855
2025-05-30 12:55:11 | INFO     | [callbacks :on_epoch_end      : 148] | ℹ️      57       0.9799         0.471       0.9613        0.4922        5.053e-06  9.8305
2025-05-30 12:55:21 | INFO     | [callbacks :on_epoch_end      : 148] | ℹ️      58       0.9792        0.4725       0.9702        0.4877        4.468e-06  10.0802
2025-05-30 12:55:31 | INFO     | [callbacks :on_epoch_end      : 148] | ℹ️      59       0.9792        0.4719       0.9702         0.488        3.9254e-06  9.9853
2025-05-30 12:55:41 | INFO     | [callbacks :on_epoch_end      : 148] | ℹ️      60     ▲ 0.9844      ▼ 0.4644       0.9732        0.4826        3.4263e-06  9.9148
2025-05-30 12:55:51 | INFO     | [callbacks :on_epoch_end      : 148] | ℹ️      61        0.974        0.4817       0.9732         0.477        2.9716e-06  9.9706
2025-05-30 12:56:01 | INFO     | [callbacks :on_epoch_end      : 148] | ℹ️      62       0.9754        0.4756       0.9732        0.4844        2.5622e-06  10.0816
2025-05-30 12:56:11 | INFO     | [callbacks :on_epoch_end      : 148] | ℹ️      63       0.9814        0.4697       0.9762        0.4773        2.1991e-06  9.851
2025-05-30 12:56:21 | INFO     | [callbacks :on_epoch_end      : 148] | ℹ️      64       0.9784         0.472     ▲ 0.9792      ▼ 0.4719        1.8829e-06  9.9229
2025-05-30 12:56:31 | INFO     | [callbacks :on_epoch_end      : 148] | ℹ️      65     ▲ 0.9844        0.4655       0.9732        0.4825        1.6143e-06  10.1228
2025-05-30 12:56:41 | INFO     | [callbacks :on_epoch_end      : 148] | ℹ️      66       0.9799          0.47       0.9732        0.4855        1.3937e-06  10.0061
2025-05-30 12:56:51 | INFO     | [callbacks :on_epoch_end      : 148] | ℹ️      67       0.9807        0.4674       0.9702        0.4825        1.2217e-06  10.2094
2025-05-30 12:57:01 | INFO     | [callbacks :on_epoch_end      : 148] | ℹ️      68       0.9836        0.4654       0.9762        0.4817        1.0986e-06  10.2114
2025-05-30 12:57:11 | INFO     | [callbacks :on_epoch_end      : 148] | ℹ️      69       0.9829        0.4663     ▲ 0.9792         0.479        1.0247e-06  10.0487
2025-05-30 12:57:21 | INFO     | [callbacks :on_epoch_end      : 148] | ℹ️      70     ▲ 0.9888      ▼ 0.4601     ▲ 0.9792          0.48        1e-06  9.9686
2025-05-30 12:57:21 | INFO     | [pipeline  :cv_model_evalua...:1313] | ℹ️ Using best model from epoch 70
2025-05-30 12:57:21 | INFO     | [pipeline  :cv_model_evalua...:1316] | ℹ️ Evaluating model on outer test set for fold 2...
2025-05-30 12:57:21 | DEBUG    | [adapter   :get_iterator      : 250] | 🐞 get_iterator: Wrapping skorch Dataset's X (paths) with PathImageDataset for eval.
2025-05-30 12:57:21 | DEBUG    | [adapter   :get_iterator      : 304] | 🐞 Creating DataLoader: dataset_len=420, batch_size=32, shuffle=False, collate_fn=Custom (PathImageDataset style), loader_kwargs={'num_workers': 0, 'pin_memory': False}
2025-05-30 12:57:21 | DEBUG    | [adapter   :get_iterator      : 319] | 🐞 Wrapping DataLoader with _BatchPlottingIterator for validation/evaluation.
2025-05-30 12:57:22 | DEBUG    | [adapter   :get_iterator      : 250] | 🐞 get_iterator: Wrapping skorch Dataset's X (paths) with PathImageDataset for eval.
2025-05-30 12:57:22 | DEBUG    | [adapter   :get_iterator      : 304] | 🐞 Creating DataLoader: dataset_len=420, batch_size=32, shuffle=False, collate_fn=Custom (PathImageDataset style), loader_kwargs={'num_workers': 0, 'pin_memory': False}
2025-05-30 12:57:22 | DEBUG    | [adapter   :get_iterator      : 319] | 🐞 Wrapping DataLoader with _BatchPlottingIterator for validation/evaluation.
2025-05-30 12:57:23 | DEBUG    | [pipeline  :_compute_metrics  : 443] | 🐞 Computed Metrics: Acc=0.9738, Macro F1=0.9737
2025-05-30 12:57:23 | INFO     | [pipeline  :cv_model_evalua...:1336] | ℹ️ Fold 2 Test Scores: Acc=0.9738, F1=0.9737
2025-05-30 12:57:23 | INFO     | [pipeline  :cv_model_evalua...:1262] | ℹ️ --- Starting CV Evaluation Fold 3/5 ---
2025-05-30 12:57:23 | DEBUG    | [pipeline  :cv_model_evalua...:1269] | 🐞 Outer split (full set): 1680 train / 420 test samples.
2025-05-30 12:57:23 | DEBUG    | [pipeline  :cv_model_evalua...:1289] | 🐞 Fold 3: Internal split: ~1344 train / ~336 valid.
2025-05-30 12:57:23 | INFO     | [pipeline  :cv_model_evalua...:1299] | ℹ️ Fitting model for fold 3...
2025-05-30 12:57:23 | INFO     | [standar...:__init__          :  48] | ℹ️ Loaded efficientnet_b0 as feature extractor. Pretrained: True. Natural output channels: 1280
2025-05-30 12:57:23 | INFO     | [standar...:__init__          :  59] | ℹ️ Added final 1x1 projection: 1280 -> 192 channels.
2025-05-30 12:57:23 | INFO     | [standar...:_freeze_stages    :  85] | ℹ️ Freezing stage 0 of efficientnet_b0 features.
2025-05-30 12:57:23 | INFO     | [standar...:_freeze_stages    :  85] | ℹ️ Freezing stage 1 of efficientnet_b0 features.
2025-05-30 12:57:23 | INFO     | [standar...:_freeze_stages    :  85] | ℹ️ Freezing stage 2 of efficientnet_b0 features.
2025-05-30 12:57:23 | INFO     | [standar...:_freeze_stages    :  85] | ℹ️ Freezing stage 3 of efficientnet_b0 features.
2025-05-30 12:57:23 | INFO     | [hybrid_...:__init__          :  67] | ℹ️ Determined CNN feature extractor output size: 7x7 for input 224x224
2025-05-30 12:57:23 | DEBUG    | [pretrai...:__init__          :  38] | 🐞 Initializing PretrainedViT:
2025-05-30 12:57:23 | DEBUG    | [pretrai...:__init__          :  39] | 🐞   Model Variant: vit_b_16, Pretrained: True
2025-05-30 12:57:23 | DEBUG    | [pretrai...:__init__          :  40] | 🐞   Is Hybrid Input: True
2025-05-30 12:57:23 | DEBUG    | [pretrai...:__init__          :  42] | 🐞   Hybrid In Channels: 192
2025-05-30 12:57:23 | DEBUG    | [pretrai...:__init__          :  43] | 🐞   Unfreeze Strategy (Encoder Blocks): encoder_tail
2025-05-30 12:57:23 | DEBUG    | [pretrai...:__init__          :  45] | 🐞   Num Transformer Blocks to Unfreeze: 2
2025-05-30 12:57:23 | DEBUG    | [pretrai...:__init__          :  46] | 🐞   Unfreeze CLS: True, PosEmb: True, PatchEmb: True, EncoderLN: True
2025-05-30 12:57:23 | DEBUG    | [pretrai...:__init__          :  48] | 🐞   Custom Head Hidden Dims: None, Head Dropout: 0.5
2025-05-30 12:57:24 | DEBUG    | [pretrai...:__init__          :  69] | 🐞 Loaded vit_b_16 from torchvision.
2025-05-30 12:57:24 | INFO     | [pretrai...:__init__          : 101] | ℹ️ Adapting ViT 'vit_b_16' for hybrid input. Expected CNN feature map: 7x7.
2025-05-30 12:57:24 | INFO     | [pretrai...:__init__          : 110] | ℹ️ Created hybrid input projection: 192 -> 768 channels.
2025-05-30 12:57:24 | INFO     | [pretrai...:__init__          : 180] | ℹ️ Interpolating positional embedding in __init__ for hybrid ViT. Original patches: 196, Expected feature patches: 49 (7x7)
2025-05-30 12:57:24 | DEBUG    | [pretrai...:__init__          : 214] | 🐞 Unfroze custom hybrid input projection layer for ViT.
2025-05-30 12:57:24 | DEBUG    | [pretrai...:__init__          : 313] | 🐞 Created simple linear head (dropout: 0.5), in_feat=768.
2025-05-30 12:57:24 | INFO     | [pretrai...:__init__          : 323] | ℹ️ PretrainedViT (hybrid) - Trainable: Hybrid Projection, CLS Token, Positional Embeddings, 2 Encoder Blocks, Encoder LayerNorm, Classification Head.
2025-05-30 12:57:24 | INFO     | [pretrai...:__init__          : 348] | ℹ️ PretrainedViT (hybrid): Trainable params: 14.52M / Total params: 85.95M (16.89%)
2025-05-30 12:57:24 | DEBUG    | [adapter   :get_split_datasets: 131] | 🐞 Split created: 1344 train, 336 validation.
2025-05-30 12:57:24 | DEBUG    | [adapter   :get_iterator      : 304] | 🐞 Creating DataLoader: dataset_len=1344, batch_size=32, shuffle=True, collate_fn=Custom (PathImageDataset style), loader_kwargs={'num_workers': 0, 'pin_memory': False}
2025-05-30 12:57:24 | DEBUG    | [adapter   :get_iterator      : 319] | 🐞 Wrapping DataLoader with _BatchPlottingIterator for training.
2025-05-30 12:57:24 | DEBUG    | [adapter   :get_iterator      : 304] | 🐞 Creating DataLoader: dataset_len=336, batch_size=32, shuffle=False, collate_fn=Custom (PathImageDataset style), loader_kwargs={'num_workers': 0, 'pin_memory': False}
2025-05-30 12:57:24 | DEBUG    | [adapter   :get_iterator      : 319] | 🐞 Wrapping DataLoader with _BatchPlottingIterator for validation/evaluation.
2025-05-30 12:57:36 | INFO     | [callbacks :on_epoch_end      : 148] | ℹ️   epoch    train_acc    train_loss    valid_acc    valid_loss   cp           lr      dur
2025-05-30 12:57:36 | INFO     | [callbacks :on_epoch_end      : 148] | ℹ️ -------  -----------  ------------  -----------  ------------  ----  ----------  -------
2025-05-30 12:57:36 | INFO     | [callbacks :on_epoch_end      : 148] | ℹ️       1     ▲ 0.5275      ▼ 1.3631     ▲ 0.6607      ▼ 1.0541        4.9975e-05  12.5976
2025-05-30 12:57:47 | INFO     | [callbacks :on_epoch_end      : 148] | ℹ️       2     ▲ 0.8140      ▼ 0.8148     ▲ 0.7887      ▼ 0.8395        4.9901e-05  10.2675
2025-05-30 12:57:56 | INFO     | [callbacks :on_epoch_end      : 148] | ℹ️       3     ▲ 0.8862      ▼ 0.6977     ▲ 0.8690      ▼ 0.7135        4.9778e-05  9.8669
2025-05-30 12:58:07 | INFO     | [callbacks :on_epoch_end      : 148] | ℹ️       4     ▲ 0.9070      ▼ 0.6533     ▲ 0.8958      ▼ 0.6370        4.9606e-05  10.2548
2025-05-30 12:58:17 | INFO     | [callbacks :on_epoch_end      : 148] | ℹ️       5     ▲ 0.9226      ▼ 0.6247       0.8839        0.6464        4.9386e-05  10.0633
2025-05-30 12:58:27 | INFO     | [callbacks :on_epoch_end      : 148] | ℹ️       6       0.9211      ▼ 0.6123        0.881        0.6991        4.9117e-05  9.8974
2025-05-30 12:58:37 | INFO     | [callbacks :on_epoch_end      : 148] | ℹ️       7     ▲ 0.9234      ▼ 0.6099     ▲ 0.9077      ▼ 0.6121        4.8801e-05  10.0552
2025-05-30 12:58:47 | INFO     | [callbacks :on_epoch_end      : 148] | ℹ️       8     ▲ 0.9323      ▼ 0.5822     ▲ 0.9315      ▼ 0.5894        4.8438e-05  10.0953
2025-05-30 12:58:57 | INFO     | [callbacks :on_epoch_end      : 148] | ℹ️       9       0.9219        0.5984       0.8899        0.6389        4.8028e-05  9.9673
2025-05-30 12:59:07 | INFO     | [callbacks :on_epoch_end      : 148] | ℹ️      10     ▲ 0.9390      ▼ 0.5793     ▲ 0.9315      ▼ 0.5676        4.7574e-05  10.0584
2025-05-30 12:59:17 | INFO     | [callbacks :on_epoch_end      : 148] | ℹ️      11     ▲ 0.9427      ▼ 0.5665       0.9137        0.5796        4.7075e-05  10.0931
2025-05-30 12:59:27 | INFO     | [callbacks :on_epoch_end      : 148] | ℹ️      12     ▲ 0.9427      ▼ 0.5619       0.9167        0.5715        4.6532e-05  9.9185
2025-05-30 12:59:37 | INFO     | [callbacks :on_epoch_end      : 148] | ℹ️      13     ▲ 0.9442      ▼ 0.5524       0.9256      ▼ 0.5558        4.5947e-05  10.1592
2025-05-30 12:59:47 | INFO     | [callbacks :on_epoch_end      : 148] | ℹ️      14     ▲ 0.9479      ▼ 0.5455     ▲ 0.9345      ▼ 0.5272        4.5321e-05  10.0792
2025-05-30 12:59:57 | INFO     | [callbacks :on_epoch_end      : 148] | ℹ️      15     ▲ 0.9531      ▼ 0.5355       0.9315        0.5302        4.4655e-05  9.8055
2025-05-30 13:00:07 | INFO     | [callbacks :on_epoch_end      : 148] | ℹ️      16     ▲ 0.9568      ▼ 0.5310     ▲ 0.9464      ▼ 0.5186        4.395e-05  10.1903
2025-05-30 13:00:17 | INFO     | [callbacks :on_epoch_end      : 148] | ℹ️      17       0.9494        0.5382       0.9375        0.5348        4.3208e-05  10.1411
2025-05-30 13:00:27 | INFO     | [callbacks :on_epoch_end      : 148] | ℹ️      18     ▲ 0.9598      ▼ 0.5154       0.9375        0.5327        4.2431e-05  9.7847
2025-05-30 13:00:37 | INFO     | [callbacks :on_epoch_end      : 148] | ℹ️      19       0.9576        0.5226     ▲ 0.9494        0.5231        4.1619e-05  10.2558
2025-05-30 13:00:47 | INFO     | [callbacks :on_epoch_end      : 148] | ℹ️      20     ▲ 0.9613        0.5183       0.9256        0.5626        4.0776e-05  9.9686
2025-05-30 13:00:57 | INFO     | [callbacks :on_epoch_end      : 148] | ℹ️      21     ▲ 0.9673      ▼ 0.5106       0.9286        0.5527        3.9901e-05  9.9241
2025-05-30 13:01:08 | INFO     | [callbacks :on_epoch_end      : 148] | ℹ️      22       0.9621      ▼ 0.5051       0.9226        0.5541        3.8997e-05  10.2308
2025-05-30 13:01:18 | INFO     | [callbacks :on_epoch_end      : 148] | ℹ️      23       0.9539        0.5218     ▲ 0.9524      ▼ 0.5146        3.8066e-05  10.1688
2025-05-30 13:01:28 | INFO     | [callbacks :on_epoch_end      : 148] | ℹ️      24       0.9524        0.5221     ▲ 0.9673      ▼ 0.5124        3.711e-05  10.1158
2025-05-30 13:01:38 | INFO     | [callbacks :on_epoch_end      : 148] | ℹ️      25       0.9576        0.5171       0.9524      ▼ 0.5115        3.613e-05  10.2135
2025-05-30 13:01:48 | INFO     | [callbacks :on_epoch_end      : 148] | ℹ️      26       0.9583        0.5196       0.9405        0.5284        3.5129e-05  10.1284
2025-05-30 13:01:58 | INFO     | [callbacks :on_epoch_end      : 148] | ℹ️      27     ▲ 0.9710      ▼ 0.4957       0.9583      ▼ 0.4995        3.4109e-05  10.0321
2025-05-30 13:02:08 | INFO     | [callbacks :on_epoch_end      : 148] | ℹ️      28       0.9673           0.5     ▲ 0.9732      ▼ 0.4884        3.3071e-05  10.0525
2025-05-30 13:02:18 | INFO     | [callbacks :on_epoch_end      : 148] | ℹ️      29       0.9606        0.5064       0.9524        0.5012        3.2018e-05  9.9231
2025-05-30 13:02:28 | INFO     | [callbacks :on_epoch_end      : 148] | ℹ️      30       0.9643        0.5036       0.9524        0.5077        3.0952e-05  9.9912
2025-05-30 13:02:38 | INFO     | [callbacks :on_epoch_end      : 148] | ℹ️      31       0.9688      ▼ 0.4918       0.9583        0.4904        2.9875e-05  9.9833
2025-05-30 13:02:49 | INFO     | [callbacks :on_epoch_end      : 148] | ℹ️      32        0.965        0.5083       0.9554        0.5072        2.8789e-05  10.2276
2025-05-30 13:02:59 | INFO     | [callbacks :on_epoch_end      : 148] | ℹ️      33       0.9591        0.5056       0.9613        0.5011        2.7696e-05  10.1608
2025-05-30 13:03:09 | INFO     | [callbacks :on_epoch_end      : 148] | ℹ️      34     ▲ 0.9725      ▼ 0.4860       0.9673        0.4899        2.6599e-05  10.1609
2025-05-30 13:03:19 | INFO     | [callbacks :on_epoch_end      : 148] | ℹ️      35     ▲ 0.9732      ▼ 0.4808       0.9643        0.4934        2.55e-05  10.0818
2025-05-30 13:03:29 | INFO     | [callbacks :on_epoch_end      : 148] | ℹ️      36       0.9717        0.4906       0.9673        0.4918        2.4401e-05  10.0072
2025-05-30 13:03:39 | INFO     | [callbacks :on_epoch_end      : 148] | ℹ️      37     ▲ 0.9784      ▼ 0.4767       0.9702      ▼ 0.4785        2.3304e-05  9.7236
2025-05-30 13:03:49 | INFO     | [callbacks :on_epoch_end      : 148] | ℹ️      38       0.9717        0.4979     ▲ 0.9732        0.4823        2.2211e-05  9.801
2025-05-30 13:03:59 | INFO     | [callbacks :on_epoch_end      : 148] | ℹ️      39       0.9688        0.4834       0.9702      ▼ 0.4774        2.1125e-05  10.1595
2025-05-30 13:04:09 | INFO     | [callbacks :on_epoch_end      : 148] | ℹ️      40       0.9702        0.4852     ▲ 0.9732      ▼ 0.4769        2.0048e-05  9.9132
2025-05-30 13:04:19 | INFO     | [callbacks :on_epoch_end      : 148] | ℹ️      41        0.968        0.4889     ▲ 0.9732        0.4798        1.8982e-05  9.9712
2025-05-30 13:04:29 | INFO     | [callbacks :on_epoch_end      : 148] | ℹ️      42       0.9717        0.4845       0.9702        0.4854        1.7929e-05  10.0782
2025-05-30 13:04:39 | INFO     | [callbacks :on_epoch_end      : 148] | ℹ️      43     ▲ 0.9784      ▼ 0.4689     ▲ 0.9732        0.4801        1.6891e-05  9.9937
2025-05-30 13:04:49 | INFO     | [callbacks :on_epoch_end      : 148] | ℹ️      44     ▲ 0.9792         0.471     ▲ 0.9732      ▼ 0.4717        1.5871e-05  10.1344
2025-05-30 13:04:59 | INFO     | [callbacks :on_epoch_end      : 148] | ℹ️      45     ▲ 0.9792        0.4727       0.9702        0.4831        1.487e-05  10.0198
2025-05-30 13:05:09 | INFO     | [callbacks :on_epoch_end      : 148] | ℹ️      46       0.9777        0.4791       0.9673        0.4788        1.389e-05  9.9696
2025-05-30 13:05:19 | INFO     | [callbacks :on_epoch_end      : 148] | ℹ️      47     ▲ 0.9836      ▼ 0.4684       0.9702        0.4833        1.2934e-05  10.0774
2025-05-30 13:05:29 | INFO     | [callbacks :on_epoch_end      : 148] | ℹ️      48       0.9754        0.4786     ▲ 0.9762         0.477        1.2003e-05  10.0637
2025-05-30 13:05:39 | INFO     | [callbacks :on_epoch_end      : 148] | ℹ️      49       0.9732        0.4797       0.9583        0.4915        1.1099e-05  10.1699
2025-05-30 13:05:49 | INFO     | [callbacks :on_epoch_end      : 148] | ℹ️      50       0.9829        0.4711       0.9702        0.4902        1.0224e-05  10.0468
2025-05-30 13:05:59 | INFO     | [callbacks :on_epoch_end      : 148] | ℹ️      51       0.9814        0.4716       0.9702        0.4795        9.3805e-06  10.0236
2025-05-30 13:06:09 | INFO     | [callbacks :on_epoch_end      : 148] | ℹ️      52       0.9784        0.4764     ▲ 0.9792        0.4754        8.569e-06  9.8704
2025-05-30 13:06:19 | INFO     | [callbacks :on_epoch_end      : 148] | ℹ️      53        0.974        0.4779       0.9673        0.4862        7.7915e-06  9.9858
2025-05-30 13:06:29 | INFO     | [callbacks :on_epoch_end      : 148] | ℹ️      54       0.9807      ▼ 0.4683       0.9762        0.4786        7.0497e-06  9.8637
2025-05-30 13:06:39 | INFO     | [callbacks :on_epoch_end      : 148] | ℹ️      55       0.9762         0.481       0.9732        0.4812        6.3451e-06  9.9454
2025-05-30 13:06:49 | INFO     | [callbacks :on_epoch_end      : 148] | ℹ️      56       0.9784        0.4748       0.9732        0.4834        5.6791e-06  9.9771
2025-05-30 13:06:59 | INFO     | [callbacks :on_epoch_end      : 148] | ℹ️      57       0.9829      ▼ 0.4610       0.9732        0.4762        5.053e-06  9.9069
2025-05-30 13:07:09 | INFO     | [callbacks :on_epoch_end      : 148] | ℹ️      58     ▲ 0.9851      ▼ 0.4602       0.9762        0.4752        4.468e-06  9.8992
2025-05-30 13:07:19 | INFO     | [pipeline  :cv_model_evalua...:1313] | ℹ️ Using best model from epoch 59
2025-05-30 13:07:19 | INFO     | [pipeline  :cv_model_evalua...:1316] | ℹ️ Evaluating model on outer test set for fold 3...
2025-05-30 13:07:19 | DEBUG    | [adapter   :get_iterator      : 250] | 🐞 get_iterator: Wrapping skorch Dataset's X (paths) with PathImageDataset for eval.
2025-05-30 13:07:19 | DEBUG    | [adapter   :get_iterator      : 304] | 🐞 Creating DataLoader: dataset_len=420, batch_size=32, shuffle=False, collate_fn=Custom (PathImageDataset style), loader_kwargs={'num_workers': 0, 'pin_memory': False}
2025-05-30 13:07:19 | DEBUG    | [adapter   :get_iterator      : 319] | 🐞 Wrapping DataLoader with _BatchPlottingIterator for validation/evaluation.
2025-05-30 13:07:20 | DEBUG    | [adapter   :get_iterator      : 250] | 🐞 get_iterator: Wrapping skorch Dataset's X (paths) with PathImageDataset for eval.
2025-05-30 13:07:20 | DEBUG    | [adapter   :get_iterator      : 304] | 🐞 Creating DataLoader: dataset_len=420, batch_size=32, shuffle=False, collate_fn=Custom (PathImageDataset style), loader_kwargs={'num_workers': 0, 'pin_memory': False}
2025-05-30 13:07:20 | DEBUG    | [adapter   :get_iterator      : 319] | 🐞 Wrapping DataLoader with _BatchPlottingIterator for validation/evaluation.
2025-05-30 13:07:20 | DEBUG    | [pipeline  :_compute_metrics  : 443] | 🐞 Computed Metrics: Acc=0.9738, Macro F1=0.9737
2025-05-30 13:07:20 | INFO     | [pipeline  :cv_model_evalua...:1336] | ℹ️ Fold 3 Test Scores: Acc=0.9738, F1=0.9737
2025-05-30 13:07:20 | INFO     | [pipeline  :cv_model_evalua...:1262] | ℹ️ --- Starting CV Evaluation Fold 4/5 ---
2025-05-30 13:07:20 | DEBUG    | [pipeline  :cv_model_evalua...:1269] | 🐞 Outer split (full set): 1680 train / 420 test samples.
2025-05-30 13:07:20 | DEBUG    | [pipeline  :cv_model_evalua...:1289] | 🐞 Fold 4: Internal split: ~1344 train / ~336 valid.
2025-05-30 13:07:20 | INFO     | [pipeline  :cv_model_evalua...:1299] | ℹ️ Fitting model for fold 4...
2025-05-30 13:07:21 | INFO     | [standar...:__init__          :  48] | ℹ️ Loaded efficientnet_b0 as feature extractor. Pretrained: True. Natural output channels: 1280
2025-05-30 13:07:21 | INFO     | [standar...:__init__          :  59] | ℹ️ Added final 1x1 projection: 1280 -> 192 channels.
2025-05-30 13:07:21 | INFO     | [standar...:_freeze_stages    :  85] | ℹ️ Freezing stage 0 of efficientnet_b0 features.
2025-05-30 13:07:21 | INFO     | [standar...:_freeze_stages    :  85] | ℹ️ Freezing stage 1 of efficientnet_b0 features.
2025-05-30 13:07:21 | INFO     | [standar...:_freeze_stages    :  85] | ℹ️ Freezing stage 2 of efficientnet_b0 features.
2025-05-30 13:07:21 | INFO     | [standar...:_freeze_stages    :  85] | ℹ️ Freezing stage 3 of efficientnet_b0 features.
2025-05-30 13:07:21 | INFO     | [hybrid_...:__init__          :  67] | ℹ️ Determined CNN feature extractor output size: 7x7 for input 224x224
2025-05-30 13:07:21 | DEBUG    | [pretrai...:__init__          :  38] | 🐞 Initializing PretrainedViT:
2025-05-30 13:07:21 | DEBUG    | [pretrai...:__init__          :  39] | 🐞   Model Variant: vit_b_16, Pretrained: True
2025-05-30 13:07:21 | DEBUG    | [pretrai...:__init__          :  40] | 🐞   Is Hybrid Input: True
2025-05-30 13:07:21 | DEBUG    | [pretrai...:__init__          :  42] | 🐞   Hybrid In Channels: 192
2025-05-30 13:07:21 | DEBUG    | [pretrai...:__init__          :  43] | 🐞   Unfreeze Strategy (Encoder Blocks): encoder_tail
2025-05-30 13:07:21 | DEBUG    | [pretrai...:__init__          :  45] | 🐞   Num Transformer Blocks to Unfreeze: 2
2025-05-30 13:07:21 | DEBUG    | [pretrai...:__init__          :  46] | 🐞   Unfreeze CLS: True, PosEmb: True, PatchEmb: True, EncoderLN: True
2025-05-30 13:07:21 | DEBUG    | [pretrai...:__init__          :  48] | 🐞   Custom Head Hidden Dims: None, Head Dropout: 0.5
2025-05-30 13:07:21 | DEBUG    | [pretrai...:__init__          :  69] | 🐞 Loaded vit_b_16 from torchvision.
2025-05-30 13:07:21 | INFO     | [pretrai...:__init__          : 101] | ℹ️ Adapting ViT 'vit_b_16' for hybrid input. Expected CNN feature map: 7x7.
2025-05-30 13:07:21 | INFO     | [pretrai...:__init__          : 110] | ℹ️ Created hybrid input projection: 192 -> 768 channels.
2025-05-30 13:07:21 | INFO     | [pretrai...:__init__          : 180] | ℹ️ Interpolating positional embedding in __init__ for hybrid ViT. Original patches: 196, Expected feature patches: 49 (7x7)
2025-05-30 13:07:21 | DEBUG    | [pretrai...:__init__          : 214] | 🐞 Unfroze custom hybrid input projection layer for ViT.
2025-05-30 13:07:21 | DEBUG    | [pretrai...:__init__          : 313] | 🐞 Created simple linear head (dropout: 0.5), in_feat=768.
2025-05-30 13:07:21 | INFO     | [pretrai...:__init__          : 323] | ℹ️ PretrainedViT (hybrid) - Trainable: Hybrid Projection, CLS Token, Positional Embeddings, 2 Encoder Blocks, Encoder LayerNorm, Classification Head.
2025-05-30 13:07:21 | INFO     | [pretrai...:__init__          : 348] | ℹ️ PretrainedViT (hybrid): Trainable params: 14.52M / Total params: 85.95M (16.89%)
2025-05-30 13:07:21 | DEBUG    | [adapter   :get_split_datasets: 131] | 🐞 Split created: 1344 train, 336 validation.
2025-05-30 13:07:21 | DEBUG    | [adapter   :get_iterator      : 304] | 🐞 Creating DataLoader: dataset_len=1344, batch_size=32, shuffle=True, collate_fn=Custom (PathImageDataset style), loader_kwargs={'num_workers': 0, 'pin_memory': False}
2025-05-30 13:07:21 | DEBUG    | [adapter   :get_iterator      : 319] | 🐞 Wrapping DataLoader with _BatchPlottingIterator for training.
2025-05-30 13:07:21 | DEBUG    | [adapter   :get_iterator      : 304] | 🐞 Creating DataLoader: dataset_len=336, batch_size=32, shuffle=False, collate_fn=Custom (PathImageDataset style), loader_kwargs={'num_workers': 0, 'pin_memory': False}
2025-05-30 13:07:21 | DEBUG    | [adapter   :get_iterator      : 319] | 🐞 Wrapping DataLoader with _BatchPlottingIterator for validation/evaluation.
2025-05-30 13:07:34 | INFO     | [callbacks :on_epoch_end      : 148] | ℹ️   epoch    train_acc    train_loss    valid_acc    valid_loss   cp           lr      dur
2025-05-30 13:07:34 | INFO     | [callbacks :on_epoch_end      : 148] | ℹ️ -------  -----------  ------------  -----------  ------------  ----  ----------  -------
2025-05-30 13:07:34 | INFO     | [callbacks :on_epoch_end      : 148] | ℹ️       1     ▲ 0.5126      ▼ 1.4005     ▲ 0.7589      ▼ 0.9152        4.9975e-05  12.7894
2025-05-30 13:07:44 | INFO     | [callbacks :on_epoch_end      : 148] | ℹ️       2     ▲ 0.8259      ▼ 0.8148     ▲ 0.8899      ▼ 0.7093        4.9901e-05  10.0079
2025-05-30 13:07:54 | INFO     | [callbacks :on_epoch_end      : 148] | ℹ️       3     ▲ 0.8914      ▼ 0.6889     ▲ 0.9137      ▼ 0.6384        4.9778e-05  9.9678
2025-05-30 13:08:04 | INFO     | [callbacks :on_epoch_end      : 148] | ℹ️       4     ▲ 0.9025      ▼ 0.6488     ▲ 0.9435      ▼ 0.6146        4.9606e-05  10.0541
2025-05-30 13:08:14 | INFO     | [callbacks :on_epoch_end      : 148] | ℹ️       5     ▲ 0.9070      ▼ 0.6452       0.9375      ▼ 0.5966        4.9386e-05  9.9845
2025-05-30 13:08:24 | INFO     | [callbacks :on_epoch_end      : 148] | ℹ️       6     ▲ 0.9219      ▼ 0.6061       0.9405      ▼ 0.5796        4.9117e-05  9.7874
2025-05-30 13:08:34 | INFO     | [callbacks :on_epoch_end      : 148] | ℹ️       7     ▲ 0.9234        0.6094       0.9345         0.598        4.8801e-05  9.8252
2025-05-30 13:08:44 | INFO     | [callbacks :on_epoch_end      : 148] | ℹ️       8     ▲ 0.9382      ▼ 0.5844       0.9226        0.5887        4.8438e-05  10.2043
2025-05-30 13:08:54 | INFO     | [callbacks :on_epoch_end      : 148] | ℹ️       9       0.9278      ▼ 0.5823     ▲ 0.9464      ▼ 0.5521        4.8028e-05  9.9816
2025-05-30 13:09:04 | INFO     | [callbacks :on_epoch_end      : 148] | ℹ️      10     ▲ 0.9382      ▼ 0.5604       0.9405        0.5593        4.7574e-05  9.8248
2025-05-30 13:09:14 | INFO     | [callbacks :on_epoch_end      : 148] | ℹ️      11       0.9286        0.5843     ▲ 0.9583      ▼ 0.5345        4.7075e-05  10.1156
2025-05-30 13:09:24 | INFO     | [callbacks :on_epoch_end      : 148] | ℹ️      12       0.9323        0.5726       0.9345         0.564        4.6532e-05  9.9044
2025-05-30 13:09:34 | INFO     | [callbacks :on_epoch_end      : 148] | ℹ️      13     ▲ 0.9509      ▼ 0.5467       0.9524      ▼ 0.5300        4.5947e-05  10.0355
2025-05-30 13:09:44 | INFO     | [callbacks :on_epoch_end      : 148] | ℹ️      14       0.9375        0.5598     ▲ 0.9613      ▼ 0.5202        4.5321e-05  9.8392
2025-05-30 13:09:54 | INFO     | [callbacks :on_epoch_end      : 148] | ℹ️      15       0.9442      ▼ 0.5433     ▲ 0.9732      ▼ 0.5055        4.4655e-05  10.1109
2025-05-30 13:10:04 | INFO     | [callbacks :on_epoch_end      : 148] | ℹ️      16       0.9487      ▼ 0.5396     ▲ 0.9732      ▼ 0.5019        4.395e-05  9.9366
2025-05-30 13:10:14 | INFO     | [callbacks :on_epoch_end      : 148] | ℹ️      17     ▲ 0.9524      ▼ 0.5340       0.9673        0.5111        4.3208e-05  10.1563
2025-05-30 13:10:24 | INFO     | [callbacks :on_epoch_end      : 148] | ℹ️      18     ▲ 0.9568      ▼ 0.5192       0.9643        0.5132        4.2431e-05  9.9047
2025-05-30 13:10:34 | INFO     | [callbacks :on_epoch_end      : 148] | ℹ️      19       0.9539        0.5442       0.9702        0.5065        4.1619e-05  10.0797
2025-05-30 13:10:44 | INFO     | [callbacks :on_epoch_end      : 148] | ℹ️      20     ▲ 0.9598        0.5216       0.9643         0.513        4.0776e-05  10.1369
2025-05-30 13:10:54 | INFO     | [callbacks :on_epoch_end      : 148] | ℹ️      21       0.9554        0.5273       0.9643        0.5044        3.9901e-05  9.7847
2025-05-30 13:11:04 | INFO     | [callbacks :on_epoch_end      : 148] | ℹ️      22     ▲ 0.9598      ▼ 0.5165       0.9583        0.5192        3.8997e-05  9.9804
2025-05-30 13:11:14 | INFO     | [callbacks :on_epoch_end      : 148] | ℹ️      23     ▲ 0.9650      ▼ 0.5072       0.9643        0.5089        3.8066e-05  10.12
2025-05-30 13:11:24 | INFO     | [callbacks :on_epoch_end      : 148] | ℹ️      24       0.9606        0.5099       0.9673      ▼ 0.4969        3.711e-05  9.9109
2025-05-30 13:11:34 | INFO     | [callbacks :on_epoch_end      : 148] | ℹ️      25       0.9576        0.5137       0.9583        0.5074        3.613e-05  10.041
2025-05-30 13:11:44 | INFO     | [callbacks :on_epoch_end      : 148] | ℹ️      26     ▲ 0.9680      ▼ 0.5042     ▲ 0.9732      ▼ 0.4950        3.5129e-05  10.1831
2025-05-30 13:11:54 | INFO     | [callbacks :on_epoch_end      : 148] | ℹ️      27       0.9643        0.5057       0.9673        0.5058        3.4109e-05  9.9575
2025-05-30 13:12:04 | INFO     | [callbacks :on_epoch_end      : 148] | ℹ️      28       0.9665      ▼ 0.5004       0.9554        0.5284        3.3071e-05  9.9288
2025-05-30 13:12:14 | INFO     | [callbacks :on_epoch_end      : 148] | ℹ️      29     ▲ 0.9688        0.5045     ▲ 0.9732        0.5026        3.2018e-05  9.9646
2025-05-30 13:12:24 | INFO     | [callbacks :on_epoch_end      : 148] | ℹ️      30        0.965      ▼ 0.4930       0.9702        0.4965        3.0952e-05  10.0335
2025-05-30 13:12:34 | INFO     | [callbacks :on_epoch_end      : 148] | ℹ️      31     ▲ 0.9717      ▼ 0.4902     ▲ 0.9762      ▼ 0.4897        2.9875e-05  10.108
2025-05-30 13:12:44 | INFO     | [callbacks :on_epoch_end      : 148] | ℹ️      32     ▲ 0.9732      ▼ 0.4850       0.9732      ▼ 0.4873        2.8789e-05  9.9778
2025-05-30 13:12:54 | INFO     | [callbacks :on_epoch_end      : 148] | ℹ️      33       0.9725        0.4856       0.9702        0.4931        2.7696e-05  9.7841
2025-05-30 13:13:04 | INFO     | [callbacks :on_epoch_end      : 148] | ℹ️      34       0.9717         0.486       0.9524        0.5215        2.6599e-05   9.79
2025-05-30 13:13:14 | INFO     | [callbacks :on_epoch_end      : 148] | ℹ️      35     ▲ 0.9792      ▼ 0.4750       0.9673        0.4954        2.55e-05  10.0755
2025-05-30 13:13:24 | INFO     | [callbacks :on_epoch_end      : 148] | ℹ️      36       0.9769        0.4777       0.9643        0.4995        2.4401e-05  9.8251
2025-05-30 13:13:35 | INFO     | [callbacks :on_epoch_end      : 148] | ℹ️      37       0.9784        0.4821       0.9643        0.5083        2.3304e-05  11.4304
2025-05-30 13:13:46 | INFO     | [callbacks :on_epoch_end      : 148] | ℹ️      38     ▲ 0.9807      ▼ 0.4747       0.9583        0.5148        2.2211e-05  10.7641
2025-05-30 13:13:56 | INFO     | [callbacks :on_epoch_end      : 148] | ℹ️      39       0.9725        0.4897       0.9673        0.5024        2.1125e-05  9.9494
2025-05-30 13:14:06 | INFO     | [callbacks :on_epoch_end      : 148] | ℹ️      40        0.974        0.4884       0.9732        0.4886        2.0048e-05  10.2148
2025-05-30 13:14:16 | INFO     | [callbacks :on_epoch_end      : 148] | ℹ️      41       0.9777        0.4748       0.9732        0.4975        1.8982e-05  10.1399
2025-05-30 13:14:26 | INFO     | [callbacks :on_epoch_end      : 148] | ℹ️      42       0.9702        0.4891       0.9643        0.5041        1.7929e-05  10.0292
2025-05-30 13:14:36 | INFO     | [callbacks :on_epoch_end      : 148] | ℹ️      43       0.9747        0.4826       0.9732        0.4925        1.6891e-05  9.9525
2025-05-30 13:14:46 | INFO     | [callbacks :on_epoch_end      : 148] | ℹ️      44       0.9754        0.4808       0.9702         0.492        1.5871e-05  10.0494
2025-05-30 13:14:56 | INFO     | [callbacks :on_epoch_end      : 148] | ℹ️      45       0.9799      ▼ 0.4728     ▲ 0.9762        0.4873        1.487e-05  9.8351
2025-05-30 13:15:06 | INFO     | [callbacks :on_epoch_end      : 148] | ℹ️      46       0.9717        0.4827       0.9613        0.5025        1.389e-05  9.9914
2025-05-30 13:15:16 | INFO     | [pipeline  :cv_model_evalua...:1313] | ℹ️ Using best model from epoch 47
2025-05-30 13:15:16 | INFO     | [pipeline  :cv_model_evalua...:1316] | ℹ️ Evaluating model on outer test set for fold 4...
2025-05-30 13:15:16 | DEBUG    | [adapter   :get_iterator      : 250] | 🐞 get_iterator: Wrapping skorch Dataset's X (paths) with PathImageDataset for eval.
2025-05-30 13:15:16 | DEBUG    | [adapter   :get_iterator      : 304] | 🐞 Creating DataLoader: dataset_len=420, batch_size=32, shuffle=False, collate_fn=Custom (PathImageDataset style), loader_kwargs={'num_workers': 0, 'pin_memory': False}
2025-05-30 13:15:16 | DEBUG    | [adapter   :get_iterator      : 319] | 🐞 Wrapping DataLoader with _BatchPlottingIterator for validation/evaluation.
2025-05-30 13:15:17 | DEBUG    | [adapter   :get_iterator      : 250] | 🐞 get_iterator: Wrapping skorch Dataset's X (paths) with PathImageDataset for eval.
2025-05-30 13:15:17 | DEBUG    | [adapter   :get_iterator      : 304] | 🐞 Creating DataLoader: dataset_len=420, batch_size=32, shuffle=False, collate_fn=Custom (PathImageDataset style), loader_kwargs={'num_workers': 0, 'pin_memory': False}
2025-05-30 13:15:17 | DEBUG    | [adapter   :get_iterator      : 319] | 🐞 Wrapping DataLoader with _BatchPlottingIterator for validation/evaluation.
2025-05-30 13:15:18 | DEBUG    | [pipeline  :_compute_metrics  : 443] | 🐞 Computed Metrics: Acc=0.9667, Macro F1=0.9667
2025-05-30 13:15:18 | INFO     | [pipeline  :cv_model_evalua...:1336] | ℹ️ Fold 4 Test Scores: Acc=0.9667, F1=0.9667
2025-05-30 13:15:18 | INFO     | [pipeline  :cv_model_evalua...:1262] | ℹ️ --- Starting CV Evaluation Fold 5/5 ---
2025-05-30 13:15:18 | DEBUG    | [pipeline  :cv_model_evalua...:1269] | 🐞 Outer split (full set): 1680 train / 420 test samples.
2025-05-30 13:15:18 | DEBUG    | [pipeline  :cv_model_evalua...:1289] | 🐞 Fold 5: Internal split: ~1344 train / ~336 valid.
2025-05-30 13:15:18 | INFO     | [pipeline  :cv_model_evalua...:1299] | ℹ️ Fitting model for fold 5...
2025-05-30 13:15:18 | INFO     | [standar...:__init__          :  48] | ℹ️ Loaded efficientnet_b0 as feature extractor. Pretrained: True. Natural output channels: 1280
2025-05-30 13:15:18 | INFO     | [standar...:__init__          :  59] | ℹ️ Added final 1x1 projection: 1280 -> 192 channels.
2025-05-30 13:15:18 | INFO     | [standar...:_freeze_stages    :  85] | ℹ️ Freezing stage 0 of efficientnet_b0 features.
2025-05-30 13:15:18 | INFO     | [standar...:_freeze_stages    :  85] | ℹ️ Freezing stage 1 of efficientnet_b0 features.
2025-05-30 13:15:18 | INFO     | [standar...:_freeze_stages    :  85] | ℹ️ Freezing stage 2 of efficientnet_b0 features.
2025-05-30 13:15:18 | INFO     | [standar...:_freeze_stages    :  85] | ℹ️ Freezing stage 3 of efficientnet_b0 features.
2025-05-30 13:15:18 | INFO     | [hybrid_...:__init__          :  67] | ℹ️ Determined CNN feature extractor output size: 7x7 for input 224x224
2025-05-30 13:15:18 | DEBUG    | [pretrai...:__init__          :  38] | 🐞 Initializing PretrainedViT:
2025-05-30 13:15:18 | DEBUG    | [pretrai...:__init__          :  39] | 🐞   Model Variant: vit_b_16, Pretrained: True
2025-05-30 13:15:18 | DEBUG    | [pretrai...:__init__          :  40] | 🐞   Is Hybrid Input: True
2025-05-30 13:15:18 | DEBUG    | [pretrai...:__init__          :  42] | 🐞   Hybrid In Channels: 192
2025-05-30 13:15:18 | DEBUG    | [pretrai...:__init__          :  43] | 🐞   Unfreeze Strategy (Encoder Blocks): encoder_tail
2025-05-30 13:15:18 | DEBUG    | [pretrai...:__init__          :  45] | 🐞   Num Transformer Blocks to Unfreeze: 2
2025-05-30 13:15:18 | DEBUG    | [pretrai...:__init__          :  46] | 🐞   Unfreeze CLS: True, PosEmb: True, PatchEmb: True, EncoderLN: True
2025-05-30 13:15:18 | DEBUG    | [pretrai...:__init__          :  48] | 🐞   Custom Head Hidden Dims: None, Head Dropout: 0.5
2025-05-30 13:15:19 | DEBUG    | [pretrai...:__init__          :  69] | 🐞 Loaded vit_b_16 from torchvision.
2025-05-30 13:15:19 | INFO     | [pretrai...:__init__          : 101] | ℹ️ Adapting ViT 'vit_b_16' for hybrid input. Expected CNN feature map: 7x7.
2025-05-30 13:15:19 | INFO     | [pretrai...:__init__          : 110] | ℹ️ Created hybrid input projection: 192 -> 768 channels.
2025-05-30 13:15:19 | INFO     | [pretrai...:__init__          : 180] | ℹ️ Interpolating positional embedding in __init__ for hybrid ViT. Original patches: 196, Expected feature patches: 49 (7x7)
2025-05-30 13:15:19 | DEBUG    | [pretrai...:__init__          : 214] | 🐞 Unfroze custom hybrid input projection layer for ViT.
2025-05-30 13:15:19 | DEBUG    | [pretrai...:__init__          : 313] | 🐞 Created simple linear head (dropout: 0.5), in_feat=768.
2025-05-30 13:15:19 | INFO     | [pretrai...:__init__          : 323] | ℹ️ PretrainedViT (hybrid) - Trainable: Hybrid Projection, CLS Token, Positional Embeddings, 2 Encoder Blocks, Encoder LayerNorm, Classification Head.
2025-05-30 13:15:19 | INFO     | [pretrai...:__init__          : 348] | ℹ️ PretrainedViT (hybrid): Trainable params: 14.52M / Total params: 85.95M (16.89%)
2025-05-30 13:15:19 | DEBUG    | [adapter   :get_split_datasets: 131] | 🐞 Split created: 1344 train, 336 validation.
2025-05-30 13:15:19 | DEBUG    | [adapter   :get_iterator      : 304] | 🐞 Creating DataLoader: dataset_len=1344, batch_size=32, shuffle=True, collate_fn=Custom (PathImageDataset style), loader_kwargs={'num_workers': 0, 'pin_memory': False}
2025-05-30 13:15:19 | DEBUG    | [adapter   :get_iterator      : 319] | 🐞 Wrapping DataLoader with _BatchPlottingIterator for training.
2025-05-30 13:15:19 | DEBUG    | [adapter   :get_iterator      : 304] | 🐞 Creating DataLoader: dataset_len=336, batch_size=32, shuffle=False, collate_fn=Custom (PathImageDataset style), loader_kwargs={'num_workers': 0, 'pin_memory': False}
2025-05-30 13:15:19 | DEBUG    | [adapter   :get_iterator      : 319] | 🐞 Wrapping DataLoader with _BatchPlottingIterator for validation/evaluation.
2025-05-30 13:15:32 | INFO     | [callbacks :on_epoch_end      : 148] | ℹ️   epoch    train_acc    train_loss    valid_acc    valid_loss   cp           lr      dur
2025-05-30 13:15:32 | INFO     | [callbacks :on_epoch_end      : 148] | ℹ️ -------  -----------  ------------  -----------  ------------  ----  ----------  -------
2025-05-30 13:15:32 | INFO     | [callbacks :on_epoch_end      : 148] | ℹ️       1     ▲ 0.4881      ▼ 1.4205     ▲ 0.7768      ▼ 0.9612        4.9975e-05  12.7931
2025-05-30 13:15:42 | INFO     | [callbacks :on_epoch_end      : 148] | ℹ️       2     ▲ 0.7924      ▼ 0.8465     ▲ 0.8423      ▼ 0.7605        4.9901e-05  10.093
2025-05-30 13:15:52 | INFO     | [callbacks :on_epoch_end      : 148] | ℹ️       3     ▲ 0.8810      ▼ 0.7048     ▲ 0.8720      ▼ 0.6865        4.9778e-05  10.0139
2025-05-30 13:16:02 | INFO     | [callbacks :on_epoch_end      : 148] | ℹ️       4     ▲ 0.9018      ▼ 0.6579     ▲ 0.8899      ▼ 0.6429        4.9606e-05  10.0802
2025-05-30 13:16:12 | INFO     | [callbacks :on_epoch_end      : 148] | ℹ️       5     ▲ 0.9159      ▼ 0.6300     ▲ 0.9196      ▼ 0.6110        4.9386e-05  9.7914
2025-05-30 13:16:22 | INFO     | [callbacks :on_epoch_end      : 148] | ℹ️       6     ▲ 0.9182      ▼ 0.6064       0.9137        0.6177        4.9117e-05  9.8726
2025-05-30 13:16:32 | INFO     | [callbacks :on_epoch_end      : 148] | ℹ️       7     ▲ 0.9323      ▼ 0.5912       0.9077      ▼ 0.5987        4.8801e-05  10.0063
2025-05-30 13:16:42 | INFO     | [callbacks :on_epoch_end      : 148] | ℹ️       8       0.9144        0.6179     ▲ 0.9256      ▼ 0.5851        4.8438e-05  9.8335
2025-05-30 13:16:52 | INFO     | [callbacks :on_epoch_end      : 148] | ℹ️       9       0.9301      ▼ 0.5871     ▲ 0.9256        0.6004        4.8028e-05  10.1191
2025-05-30 13:17:02 | INFO     | [callbacks :on_epoch_end      : 148] | ℹ️      10     ▲ 0.9323        0.5974     ▲ 0.9286      ▼ 0.5669        4.7574e-05  10.1063
2025-05-30 13:17:12 | INFO     | [callbacks :on_epoch_end      : 148] | ℹ️      11     ▲ 0.9405      ▼ 0.5748       0.9196        0.5894        4.7075e-05  9.9891
2025-05-30 13:17:22 | INFO     | [callbacks :on_epoch_end      : 148] | ℹ️      12       0.9323         0.576     ▲ 0.9286         0.575        4.6532e-05  9.9632
2025-05-30 13:17:32 | INFO     | [callbacks :on_epoch_end      : 148] | ℹ️      13        0.939      ▼ 0.5574       0.9256        0.5707        4.5947e-05  9.8049
2025-05-30 13:17:41 | INFO     | [callbacks :on_epoch_end      : 148] | ℹ️      14       0.9397        0.5661     ▲ 0.9375      ▼ 0.5458        4.5321e-05  9.5821
2025-05-30 13:17:52 | INFO     | [callbacks :on_epoch_end      : 148] | ℹ️      15     ▲ 0.9531      ▼ 0.5284       0.9315        0.5598        4.4655e-05  10.2384
2025-05-30 13:18:02 | INFO     | [callbacks :on_epoch_end      : 148] | ℹ️      16       0.9472        0.5454     ▲ 0.9464      ▼ 0.5258        4.395e-05  10.1392
2025-05-30 13:18:12 | INFO     | [callbacks :on_epoch_end      : 148] | ℹ️      17       0.9501        0.5348       0.9435         0.546        4.3208e-05  9.8388
2025-05-30 13:18:22 | INFO     | [callbacks :on_epoch_end      : 148] | ℹ️      18     ▲ 0.9583      ▼ 0.5219     ▲ 0.9464        0.5295        4.2431e-05  9.9833
2025-05-30 13:18:32 | INFO     | [callbacks :on_epoch_end      : 148] | ℹ️      19       0.9509        0.5359     ▲ 0.9613      ▼ 0.5027        4.1619e-05  10.1143
2025-05-30 13:18:42 | INFO     | [callbacks :on_epoch_end      : 148] | ℹ️      20       0.9561         0.523       0.9524        0.5065        4.0776e-05  9.9432
2025-05-30 13:18:52 | INFO     | [callbacks :on_epoch_end      : 148] | ℹ️      21       0.9449        0.5366       0.9345        0.5467        3.9901e-05  10.1061
2025-05-30 13:19:02 | INFO     | [callbacks :on_epoch_end      : 148] | ℹ️      22       0.9561      ▼ 0.5195       0.9554        0.5257        3.8997e-05  10.04
2025-05-30 13:19:12 | INFO     | [callbacks :on_epoch_end      : 148] | ℹ️      23     ▲ 0.9673      ▼ 0.5117     ▲ 0.9643      ▼ 0.4985        3.8066e-05  9.7751
2025-05-30 13:19:21 | INFO     | [callbacks :on_epoch_end      : 148] | ℹ️      24       0.9576        0.5197       0.9613        0.5051        3.711e-05  9.8663
2025-05-30 13:19:31 | INFO     | [callbacks :on_epoch_end      : 148] | ℹ️      25       0.9628        0.5125       0.9524        0.5201        3.613e-05   9.99
2025-05-30 13:19:41 | INFO     | [callbacks :on_epoch_end      : 148] | ℹ️      26       0.9561        0.5123       0.9464        0.5483        3.5129e-05  9.8231
2025-05-30 13:19:51 | INFO     | [callbacks :on_epoch_end      : 148] | ℹ️      27       0.9568        0.5204       0.9494        0.5464        3.4109e-05  10.0002
2025-05-30 13:20:01 | INFO     | [callbacks :on_epoch_end      : 148] | ℹ️      28     ▲ 0.9695      ▼ 0.4868       0.9583        0.5124        3.3071e-05  10.1798
2025-05-30 13:20:11 | INFO     | [callbacks :on_epoch_end      : 148] | ℹ️      29     ▲ 0.9695        0.4951       0.9524        0.5054        3.2018e-05  9.9302
2025-05-30 13:20:21 | INFO     | [callbacks :on_epoch_end      : 148] | ℹ️      30        0.965        0.5047       0.9554        0.5338        3.0952e-05  10.1116
2025-05-30 13:20:32 | INFO     | [callbacks :on_epoch_end      : 148] | ℹ️      31       0.9635        0.4979     ▲ 0.9673      ▼ 0.4907        2.9875e-05  10.0141
2025-05-30 13:20:41 | INFO     | [callbacks :on_epoch_end      : 148] | ℹ️      32       0.9606        0.5067     ▲ 0.9673         0.501        2.8789e-05  9.7267
2025-05-30 13:20:51 | INFO     | [callbacks :on_epoch_end      : 148] | ℹ️      33     ▲ 0.9754        0.4905       0.9405        0.5413        2.7696e-05  9.965
2025-05-30 13:21:01 | INFO     | [callbacks :on_epoch_end      : 148] | ℹ️      34       0.9695        0.4928       0.9613        0.5075        2.6599e-05  10.1201
2025-05-30 13:21:11 | INFO     | [callbacks :on_epoch_end      : 148] | ℹ️      35     ▲ 0.9777      ▼ 0.4814       0.9435        0.5614        2.55e-05  9.8209
2025-05-30 13:21:21 | INFO     | [callbacks :on_epoch_end      : 148] | ℹ️      36       0.9717        0.4916       0.9494        0.5341        2.4401e-05  9.9652
2025-05-30 13:21:31 | INFO     | [callbacks :on_epoch_end      : 148] | ℹ️      37        0.965        0.4922       0.9554        0.5237        2.3304e-05  10.0716
2025-05-30 13:21:41 | INFO     | [callbacks :on_epoch_end      : 148] | ℹ️      38     ▲ 0.9777      ▼ 0.4810       0.9524        0.5059        2.2211e-05  9.897
2025-05-30 13:21:51 | INFO     | [callbacks :on_epoch_end      : 148] | ℹ️      39       0.9725        0.4856       0.9494        0.5191        2.1125e-05  10.0706
2025-05-30 13:22:01 | INFO     | [callbacks :on_epoch_end      : 148] | ℹ️      40        0.971        0.4838     ▲ 0.9732      ▼ 0.4873        2.0048e-05  9.9994
2025-05-30 13:22:11 | INFO     | [callbacks :on_epoch_end      : 148] | ℹ️      41        0.974        0.4844       0.9702        0.4894        1.8982e-05  9.9898
2025-05-30 13:22:21 | INFO     | [callbacks :on_epoch_end      : 148] | ℹ️      42       0.9762      ▼ 0.4787       0.9643        0.5006        1.7929e-05  9.786
2025-05-30 13:22:31 | INFO     | [callbacks :on_epoch_end      : 148] | ℹ️      43       0.9762        0.4812     ▲ 0.9732        0.4909        1.6891e-05  9.9879
2025-05-30 13:22:41 | INFO     | [callbacks :on_epoch_end      : 148] | ℹ️      44       0.9725      ▼ 0.4713     ▲ 0.9732        0.4909        1.5871e-05  9.8012
2025-05-30 13:22:51 | INFO     | [callbacks :on_epoch_end      : 148] | ℹ️      45     ▲ 0.9792        0.4743       0.9554          0.51        1.487e-05  9.9869
2025-05-30 13:23:01 | INFO     | [callbacks :on_epoch_end      : 148] | ℹ️      46     ▲ 0.9859      ▼ 0.4643       0.9702        0.4876        1.389e-05  10.1988
2025-05-30 13:23:11 | INFO     | [callbacks :on_epoch_end      : 148] | ℹ️      47       0.9769         0.479       0.9613        0.5017        1.2934e-05  9.8625
2025-05-30 13:23:21 | INFO     | [callbacks :on_epoch_end      : 148] | ℹ️      48       0.9844        0.4645     ▲ 0.9792      ▼ 0.4784        1.2003e-05  9.9798
2025-05-30 13:23:31 | INFO     | [callbacks :on_epoch_end      : 148] | ℹ️      49       0.9717        0.4836       0.9643        0.4986        1.1099e-05  10.0607
2025-05-30 13:23:41 | INFO     | [callbacks :on_epoch_end      : 148] | ℹ️      50       0.9732        0.4762       0.9702        0.4885        1.0224e-05  9.9822
2025-05-30 13:23:51 | INFO     | [callbacks :on_epoch_end      : 148] | ℹ️      51       0.9769        0.4774       0.9702        0.4953        9.3805e-06  10.1393
2025-05-30 13:24:01 | INFO     | [callbacks :on_epoch_end      : 148] | ℹ️      52       0.9814      ▼ 0.4628       0.9702        0.4835        8.569e-06  10.0396
2025-05-30 13:24:11 | INFO     | [callbacks :on_epoch_end      : 148] | ℹ️      53       0.9807        0.4684       0.9702        0.4915        7.7915e-06  9.8754
2025-05-30 13:24:21 | INFO     | [callbacks :on_epoch_end      : 148] | ℹ️      54       0.9754        0.4811       0.9732        0.4835        7.0497e-06  10.0493
2025-05-30 13:24:31 | INFO     | [callbacks :on_epoch_end      : 148] | ℹ️      55       0.9784        0.4746       0.9732        0.4831        6.3451e-06  9.922
2025-05-30 13:24:41 | INFO     | [callbacks :on_epoch_end      : 148] | ℹ️      56       0.9851        0.4657       0.9673        0.4898        5.6791e-06  9.8394
2025-05-30 13:24:51 | INFO     | [callbacks :on_epoch_end      : 148] | ℹ️      57       0.9799        0.4749       0.9673        0.4927        5.053e-06  10.1464
2025-05-30 13:25:01 | INFO     | [callbacks :on_epoch_end      : 148] | ℹ️      58       0.9851        0.4629       0.9762        0.4841        4.468e-06  10.0674
2025-05-30 13:25:11 | INFO     | [callbacks :on_epoch_end      : 148] | ℹ️      59       0.9769         0.468     ▲ 0.9792      ▼ 0.4767        3.9254e-06  9.7006
2025-05-30 13:25:21 | INFO     | [callbacks :on_epoch_end      : 148] | ℹ️      60       0.9844        0.4629       0.9702        0.4855        3.4263e-06  9.849
2025-05-30 13:25:31 | INFO     | [callbacks :on_epoch_end      : 148] | ℹ️      61       0.9814         0.465       0.9732        0.4841        2.9716e-06  10.0796
2025-05-30 13:25:41 | INFO     | [callbacks :on_epoch_end      : 148] | ℹ️      62       0.9829         0.468       0.9702        0.4904        2.5622e-06  9.8305
2025-05-30 13:25:51 | INFO     | [callbacks :on_epoch_end      : 148] | ℹ️      63       0.9821        0.4683       0.9762        0.4829        2.1991e-06  10.0877
2025-05-30 13:26:01 | INFO     | [callbacks :on_epoch_end      : 148] | ℹ️      64       0.9814        0.4724       0.9673        0.4979        1.8829e-06  9.9631
2025-05-30 13:26:10 | INFO     | [callbacks :on_epoch_end      : 148] | ℹ️      65       0.9799        0.4711       0.9762        0.4845        1.6143e-06  9.7653
2025-05-30 13:26:20 | INFO     | [callbacks :on_epoch_end      : 148] | ℹ️      66       0.9777        0.4706       0.9643        0.4964        1.3937e-06  9.9602
2025-05-30 13:26:30 | INFO     | [callbacks :on_epoch_end      : 148] | ℹ️      67       0.9844        0.4637       0.9643        0.4973        1.2217e-06  10.0196
2025-05-30 13:26:40 | INFO     | [callbacks :on_epoch_end      : 148] | ℹ️      68       0.9844      ▼ 0.4582       0.9673        0.4942        1.0986e-06  9.7498
2025-05-30 13:26:50 | INFO     | [callbacks :on_epoch_end      : 148] | ℹ️      69       0.9836        0.4612       0.9732          0.49        1.0247e-06  10.1573
2025-05-30 13:27:00 | INFO     | [callbacks :on_epoch_end      : 148] | ℹ️      70       0.9807        0.4675       0.9762        0.4818        1e-06  10.163
2025-05-30 13:27:00 | INFO     | [pipeline  :cv_model_evalua...:1313] | ℹ️ Using best model from epoch 70
2025-05-30 13:27:00 | INFO     | [pipeline  :cv_model_evalua...:1316] | ℹ️ Evaluating model on outer test set for fold 5...
2025-05-30 13:27:00 | DEBUG    | [adapter   :get_iterator      : 250] | 🐞 get_iterator: Wrapping skorch Dataset's X (paths) with PathImageDataset for eval.
2025-05-30 13:27:01 | DEBUG    | [adapter   :get_iterator      : 304] | 🐞 Creating DataLoader: dataset_len=420, batch_size=32, shuffle=False, collate_fn=Custom (PathImageDataset style), loader_kwargs={'num_workers': 0, 'pin_memory': False}
2025-05-30 13:27:01 | DEBUG    | [adapter   :get_iterator      : 319] | 🐞 Wrapping DataLoader with _BatchPlottingIterator for validation/evaluation.
2025-05-30 13:27:01 | DEBUG    | [adapter   :get_iterator      : 250] | 🐞 get_iterator: Wrapping skorch Dataset's X (paths) with PathImageDataset for eval.
2025-05-30 13:27:01 | DEBUG    | [adapter   :get_iterator      : 304] | 🐞 Creating DataLoader: dataset_len=420, batch_size=32, shuffle=False, collate_fn=Custom (PathImageDataset style), loader_kwargs={'num_workers': 0, 'pin_memory': False}
2025-05-30 13:27:01 | DEBUG    | [adapter   :get_iterator      : 319] | 🐞 Wrapping DataLoader with _BatchPlottingIterator for validation/evaluation.
2025-05-30 13:27:02 | DEBUG    | [pipeline  :_compute_metrics  : 443] | 🐞 Computed Metrics: Acc=0.9857, Macro F1=0.9857
2025-05-30 13:27:02 | INFO     | [pipeline  :cv_model_evalua...:1336] | ℹ️ Fold 5 Test Scores: Acc=0.9857, F1=0.9857
2025-05-30 13:27:02 | DEBUG    | [pipeline  :_save_results     : 463] | 🐞 Results detail level overridden for this run to: 3
2025-05-30 13:27:02 | DEBUG    | [pipeline  :_save_results     : 471] | 🐞 Saving results for cv_model_evaluation_full_123552 (detail level: 3)
2025-05-30 13:27:02 | INFO     | [pipeline  :_save_results     : 580] | ℹ️ Results JSON saved via repository to: experiments/Swimcat-extend/hvit/20250530_123552_seed42/cv_model_evaluation_full_123552/cv_model_evaluation_results.json
2025-05-30 13:27:02 | INFO     | [pipeline  :cv_model_evalua...:1454] | ℹ️ Plotting cv for eval results for cv_model_evaluation_full_123552 (plot level 2).
2025-05-30 13:27:02 | INFO     | [plotter   :plot_cv_model_e...: 854] | ℹ️ Plotting cv_model_evaluation results for: cv_model_evaluation_full_123552
2025-05-30 13:27:03 | INFO     | [plotter   :_generate_aggre...: 301] | ℹ️ Aggregated metrics CSV saved via repository to: experiments/Swimcat-extend/hvit/20250530_123552_seed42/cv_model_evaluation_full_123552/cv_model_evaluation_plots/aggregated_metrics_table.csv
2025-05-30 13:27:04 | INFO     | [plotter   :plot_cv_model_e...: 910] | ℹ️ Generating grouped plots per fold for 5 folds...
2025-05-30 13:27:10 | INFO     | [plotter   :_generate_metri...: 246] | ℹ️ Metrics CSV saved via repository to: experiments/Swimcat-extend/hvit/20250530_123552_seed42/cv_model_evaluation_full_123552/cv_model_evaluation_plots/fold_1_metrics_table.csv
2025-05-30 13:27:10 | INFO     | [plotter   :_generate_metri...: 246] | ℹ️ Metrics CSV saved via repository to: experiments/Swimcat-extend/hvit/20250530_123552_seed42/cv_model_evaluation_full_123552/cv_model_evaluation_plots/fold_2_metrics_table.csv
2025-05-30 13:27:10 | INFO     | [plotter   :_generate_metri...: 246] | ℹ️ Metrics CSV saved via repository to: experiments/Swimcat-extend/hvit/20250530_123552_seed42/cv_model_evaluation_full_123552/cv_model_evaluation_plots/fold_3_metrics_table.csv
2025-05-30 13:27:10 | INFO     | [plotter   :_generate_metri...: 246] | ℹ️ Metrics CSV saved via repository to: experiments/Swimcat-extend/hvit/20250530_123552_seed42/cv_model_evaluation_full_123552/cv_model_evaluation_plots/fold_4_metrics_table.csv
2025-05-30 13:27:10 | INFO     | [plotter   :_generate_metri...: 246] | ℹ️ Metrics CSV saved via repository to: experiments/Swimcat-extend/hvit/20250530_123552_seed42/cv_model_evaluation_full_123552/cv_model_evaluation_plots/fold_5_metrics_table.csv
2025-05-30 13:27:10 | INFO     | [plotter   :plot_cv_model_e...:1061] | ℹ️ Finished plotting for cv_model_evaluation: cv_model_evaluation_full_123552
2025-05-30 13:27:10 | INFO     | [pipeline  :cv_model_evalua...:1470] | ℹ️ CV Evaluation Summary (on full data, 5 folds, 95% CI):
2025-05-30 13:27:10 | INFO     | [pipeline  :cv_model_evalua...:1476] | ℹ️   Accuracy            : 0.9729 +/- 0.0104
2025-05-30 13:27:10 | INFO     | [pipeline  :cv_model_evalua...:1476] | ℹ️   F1 Macro            : 0.9728 +/- 0.0104
2025-05-30 13:27:10 | INFO     | [pipeline  :cv_model_evalua...:1476] | ℹ️   Precision Macro     : 0.9737 +/- 0.0103
2025-05-30 13:27:10 | INFO     | [pipeline  :cv_model_evalua...:1476] | ℹ️   Recall Macro        : 0.9729 +/- 0.0104
2025-05-30 13:27:10 | INFO     | [pipeline  :cv_model_evalua...:1476] | ℹ️   Specificity Macro   : 0.9946 +/- 0.0021
2025-05-30 13:27:10 | INFO     | [pipeline  :cv_model_evalua...:1476] | ℹ️   Roc Auc Macro       : 0.9983 +/- 0.0012
2025-05-30 13:27:10 | INFO     | [pipeline  :cv_model_evalua...:1476] | ℹ️   Pr Auc Macro        : 0.9880 +/- 0.0030
2025-05-30 13:27:10 | INFO     | [executor  :run               : 198] | ℹ️ --- Method cv_model_evaluation (cv_model_evaluation_0) completed successfully in 3077.86s ---
2025-05-30 13:27:10 | INFO     | [executor  :run               : 217] | ℹ️ Pipeline execution finished in 3077.86s.
2025-05-30 13:27:10 | INFO     | [executor  :run               : 313] | ℹ️ Final log file available at: C:\Users\Stefan Alexandrescu\Documents\GitHub\UBB-Y3-AI-Research\model_src\experiments\Swimcat-extend\hvit\20250530_123552_seed42\experiment_run_20250530_123552_seed42.log
2025-05-30 13:27:10 | INFO     | [main      :<module>          : 308] | ℹ️ --- Final Execution Results Summary ---
2025-05-30 13:27:10 | INFO     | [main      :<module>          : 317] | ℹ️ Method cv_model_evaluation_0: Completed. (Acc: 0.9729, F1: 0.9728, BestScore: nan)
