Timestamp           | Level    | Location                             | Message
--------------------+----------+--------------------------------------+---------------------------------------------------
2025-06-01 17:18:20 | INFO     | [logger_...:setup_logger      : 153] | ℹ️ Logger 'ImgClassPipe' initialized. Log file: C:\Users\Stefan Alexandrescu\Documents\GitHub\UBB-Y3-AI-Research\model_src\experiments\Swimcat-extend\pvit\20250601_171820_seed42\experiment_run_20250601_171820_seed42.log
2025-06-01 17:18:20 | INFO     | [executor  :__init__          : 100] | ℹ️ --- Starting Experiment Run (ID: 20250601_171820_seed42) ---
2025-06-01 17:18:20 | INFO     | [executor  :__init__          : 101] | ℹ️ Executor initialized for model 'pvit' on dataset 'Swimcat-extend'
2025-06-01 17:18:20 | INFO     | [executor  :__init__          : 104] | ℹ️ Local artifact storage base: C:\Users\Stefan Alexandrescu\Documents\GitHub\UBB-Y3-AI-Research\model_src
2025-06-01 17:18:20 | INFO     | [executor  :__init__          : 108] | ℹ️ Base key/prefix for this run's artifacts: experiments/Swimcat-extend/pvit/20250601_171820_seed42
2025-06-01 17:18:20 | INFO     | [executor  :__init__          : 110] | ℹ️ Local log file for this run (might be temporary): C:\Users\Stefan Alexandrescu\Documents\GitHub\UBB-Y3-AI-Research\model_src\experiments\Swimcat-extend\pvit\20250601_171820_seed42\experiment_run_20250601_171820_seed42.log
2025-06-01 17:18:20 | INFO     | [pipeline  :__init__          : 173] | ℹ️ Initializing Classification Pipeline:
2025-06-01 17:18:20 | INFO     | [pipeline  :__init__          : 174] | ℹ️   Dataset Path: C:\Users\Stefan Alexandrescu\Documents\GitHub\UBB-Y3-AI-Research\model_src\data\Swimcat-extend
2025-06-01 17:18:20 | INFO     | [pipeline  :__init__          : 175] | ℹ️   Model Type: pvit
2025-06-01 17:18:20 | INFO     | [pipeline  :__init__          : 178] | ℹ️   Artifact base key prefix for this run: experiments/Swimcat-extend/pvit/20250601_171820_seed42 (using LocalFileSystemRepository)
2025-06-01 17:18:20 | INFO     | [pipeline  :__init__          : 182] | ℹ️   Default Augmentation Strategy: AugmentationStrategy.PAPER_CCSN
2025-06-01 17:18:20 | INFO     | [pipeline  :__init__          : 183] | ℹ️   Default Show First Batch Aug: True
2025-06-01 17:18:20 | INFO     | [dataset...:__init__          : 268] | ℹ️ Using augmentation strategy: AugmentationStrategy.PAPER_CCSN
2025-06-01 17:18:20 | INFO     | [dataset...:__init__          : 293] | ℹ️ Detected dataset structure: flat
2025-06-01 17:18:20 | INFO     | [dataset...:_load_paths_and...: 368] | ℹ️ Scanning FLAT dataset from C:\Users\Stefan Alexandrescu\Documents\GitHub\UBB-Y3-AI-Research\model_src\data\Swimcat-extend...
2025-06-01 17:18:20 | INFO     | [dataset...:__init__          : 313] | ℹ️ Found 6 classes: A-Clear Sky, B-Patterned Clouds, C-Thin White Clouds, D-Thick White Clouds, E-Thick Dark Clouds, F-Veil Clouds
2025-06-01 17:18:20 | INFO     | [dataset...:__init__          : 316] | ℹ️ Dataset sizes: 1680 train+val, 420 test. Total: 2100
2025-06-01 17:18:20 | INFO     | [pipeline  :__init__          : 192] | ℹ️   Artifact base key prefix for this run: experiments/Swimcat-extend/pvit/20250601_171820_seed42 (using LocalFileSystemRepository)
2025-06-01 17:18:20 | INFO     | [pipeline  :__init__          : 223] | ℹ️   Using Optimizer: AdamW
2025-06-01 17:18:20 | DEBUG    | [callbacks :get_default_cal...: 196] | 🐞 Default LRScheduler callback instance created with policy: ReduceLROnPlateau, kwargs: {'patience': 2, 'mode': 'min', 'factor': 0.1, 'min_lr': 1e-06, 'verbose': False}, monitor: valid_loss
2025-06-01 17:18:20 | INFO     | [pipeline  :__init__          : 266] | ℹ️   Model Adapter: Initialized with PretrainedViT
2025-06-01 17:18:20 | DEBUG    | [executor  :_validate_methods : 152] | 🐞 Basic method validation successful.
2025-06-01 17:18:20 | INFO     | [executor  :__init__          : 136] | ℹ️ Executor configured to run methods: cv_model_evaluation
2025-06-01 17:18:20 | INFO     | [executor  :run               : 162] | ℹ️ Starting execution of pipeline methods...
2025-06-01 17:18:20 | INFO     | [executor  :run               : 166] | ℹ️ --- Running Method 1/1: cv_model_evaluation (cv_model_evaluation_0) ---
2025-06-01 17:18:20 | DEBUG    | [executor  :run               : 191] | 🐞 Running with effective parameters: {'params': {'max_epochs': 70, 'lr': 5e-05, 'batch_size': 16, 'optimizer': 'AdamW', 'optimizer__weight_decay': 0.2, 'callbacks__default_lr_scheduler__policy': 'CosineAnnealingLR', 'callbacks__default_lr_scheduler__T_max': 70, 'callbacks__default_lr_scheduler__eta_min': 1e-06, 'callbacks__default_early_stopping__patience': 15, 'cutmix_alpha': 1.0, 'cutmix_probability': 0.9, 'module__vit_model_variant': 'vit_b_16', 'module__pretrained': True, 'module__unfreeze_strategy': 'encoder_tail', 'module__num_transformer_blocks_to_unfreeze': 1, 'module__unfreeze_cls_token': True, 'module__unfreeze_pos_embedding': True, 'module__unfreeze_patch_embedding': False, 'module__unfreeze_encoder_layernorm': True, 'module__custom_head_hidden_dims': None, 'module__head_dropout_rate': 0.5}, 'internal_val_split_ratio': 0.1, 'cv': 5, 'evaluate_on': 'full', 'results_detail_level': 3}
2025-06-01 17:18:20 | INFO     | [pipeline  :cv_model_evalua...:1157] | ℹ️ Performing 5-fold CV for evaluation with fixed parameters.
2025-06-01 17:18:20 | INFO     | [pipeline  :cv_model_evalua...:1177] | ℹ️ Using full dataset (2100 samples) for CV evaluation.
2025-06-01 17:18:20 | INFO     | [pipeline  :cv_model_evalua...:1203] | ℹ️ Using provided parameters for CV evaluation: {'max_epochs': 70, 'lr': 5e-05, 'batch_size': 16, 'optimizer': 'AdamW', 'optimizer__weight_decay': 0.2, 'callbacks__default_lr_scheduler__policy': 'CosineAnnealingLR', 'callbacks__default_lr_scheduler__T_max': 70, 'callbacks__default_lr_scheduler__eta_min': 1e-06, 'callbacks__default_early_stopping__patience': 15, 'cutmix_alpha': 1.0, 'cutmix_probability': 0.9, 'module__vit_model_variant': 'vit_b_16', 'module__pretrained': True, 'module__unfreeze_strategy': 'encoder_tail', 'module__num_transformer_blocks_to_unfreeze': 1, 'module__unfreeze_cls_token': True, 'module__unfreeze_pos_embedding': True, 'module__unfreeze_patch_embedding': False, 'module__unfreeze_encoder_layernorm': True, 'module__custom_head_hidden_dims': None, 'module__head_dropout_rate': 0.5}
2025-06-01 17:18:20 | DEBUG    | [param_g...:parse_fixed_hyp...: 151] | 🐞 Created LRScheduler instance: policy=CosineAnnealingLR, direct_args={}, constructor_kwargs={'T_max': 70, 'eta_min': 1e-06}
2025-06-01 17:18:20 | INFO     | [pipeline  :cv_model_evalua...:1226] | ℹ️ Skorch internal validation split configured: 10.0% of each CV fold's training data.
2025-06-01 17:18:20 | DEBUG    | [pipeline  :cv_model_evalua...:1256] | 🐞 Will compute detailed metrics (detail_level=3, plot_level=2)
2025-06-01 17:18:20 | INFO     | [pipeline  :cv_model_evalua...:1262] | ℹ️ --- Starting CV Evaluation Fold 1/5 ---
2025-06-01 17:18:20 | DEBUG    | [pipeline  :cv_model_evalua...:1269] | 🐞 Outer split (full set): 1680 train / 420 test samples.
2025-06-01 17:18:20 | DEBUG    | [pipeline  :cv_model_evalua...:1289] | 🐞 Fold 1: Internal split: ~1512 train / ~168 valid.
2025-06-01 17:18:20 | INFO     | [pipeline  :cv_model_evalua...:1299] | ℹ️ Fitting model for fold 1...
2025-06-01 17:18:20 | DEBUG    | [pretrai...:__init__          :  38] | 🐞 Initializing PretrainedViT:
2025-06-01 17:18:20 | DEBUG    | [pretrai...:__init__          :  39] | 🐞   Model Variant: vit_b_16, Pretrained: True
2025-06-01 17:18:20 | DEBUG    | [pretrai...:__init__          :  40] | 🐞   Is Hybrid Input: False
2025-06-01 17:18:20 | DEBUG    | [pretrai...:__init__          :  43] | 🐞   Unfreeze Strategy (Encoder Blocks): encoder_tail
2025-06-01 17:18:20 | DEBUG    | [pretrai...:__init__          :  45] | 🐞   Num Transformer Blocks to Unfreeze: 1
2025-06-01 17:18:20 | DEBUG    | [pretrai...:__init__          :  46] | 🐞   Unfreeze CLS: True, PosEmb: True, PatchEmb: False, EncoderLN: True
2025-06-01 17:18:20 | DEBUG    | [pretrai...:__init__          :  48] | 🐞   Custom Head Hidden Dims: None, Head Dropout: 0.5
2025-06-01 17:18:21 | DEBUG    | [pretrai...:__init__          :  69] | 🐞 Loaded vit_b_16 from torchvision.
2025-06-01 17:18:21 | DEBUG    | [pretrai...:__init__          : 313] | 🐞 Created simple linear head (dropout: 0.5), in_feat=768.
2025-06-01 17:18:21 | INFO     | [pretrai...:__init__          : 323] | ℹ️ PretrainedViT (standard) - Trainable: CLS Token, Positional Embeddings, 1 Encoder Blocks, Encoder LayerNorm, Classification Head.
2025-06-01 17:18:21 | INFO     | [pretrai...:__init__          : 348] | ℹ️ PretrainedViT (standard): Trainable params: 7.25M / Total params: 85.80M (8.44%)
2025-06-01 17:18:21 | DEBUG    | [adapter   :get_split_datasets: 164] | 🐞 Split created: 1512 train, 168 validation.
2025-06-01 17:18:21 | DEBUG    | [adapter   :get_iterator      : 275] | 🐞 Creating DataLoader for training: dataset_len=1512, batch_size=16, shuffle=True, collate_fn_type='function', loader_kwargs={'num_workers': 0, 'pin_memory': False}
2025-06-01 17:18:21 | DEBUG    | [adapter   :get_iterator      : 275] | 🐞 Creating DataLoader for validation/evaluation: dataset_len=168, batch_size=16, shuffle=False, collate_fn_type='function', loader_kwargs={'num_workers': 0, 'pin_memory': False}
2025-06-01 17:18:37 | INFO     | [callbacks :on_epoch_end      : 147] | ℹ️   epoch    train_acc    train_loss    valid_acc    valid_loss   cp           lr      dur
2025-06-01 17:18:37 | INFO     | [callbacks :on_epoch_end      : 147] | ℹ️ -------  -----------  ------------  -----------  ------------  ----  ----------  -------
2025-06-01 17:18:37 | INFO     | [callbacks :on_epoch_end      : 147] | ℹ️       1     ▲ 0.5020      ▼ 1.3595     ▲ 0.9048      ▼ 0.4496        4.9975e-05  15.6971
2025-06-01 17:18:49 | INFO     | [callbacks :on_epoch_end      : 147] | ℹ️       2     ▲ 0.7765      ▼ 0.8775     ▲ 0.9643      ▼ 0.2393        4.9901e-05  12.8045
2025-06-01 17:19:02 | INFO     | [callbacks :on_epoch_end      : 147] | ℹ️       3     ▲ 0.8082      ▼ 0.7040       0.9583      ▼ 0.1772        4.9778e-05  12.3721
2025-06-01 17:19:14 | INFO     | [callbacks :on_epoch_end      : 147] | ℹ️       4       0.7996        0.7388       0.9583        0.1907        4.9606e-05  12.6627
2025-06-01 17:19:27 | INFO     | [callbacks :on_epoch_end      : 147] | ℹ️       5       0.7712      ▼ 0.6818     ▲ 0.9762      ▼ 0.1339        4.9386e-05  12.5046
2025-06-01 17:19:39 | INFO     | [callbacks :on_epoch_end      : 147] | ℹ️       6       0.8029      ▼ 0.6567       0.9583        0.1477        4.9117e-05  12.4996
2025-06-01 17:19:52 | INFO     | [callbacks :on_epoch_end      : 147] | ℹ️       7       0.7672        0.6632     ▲ 0.9821      ▼ 0.1163        4.8801e-05  12.515
2025-06-01 17:20:04 | INFO     | [callbacks :on_epoch_end      : 147] | ℹ️       8       0.8016      ▼ 0.6170       0.9702      ▼ 0.1059        4.8438e-05  12.5382
2025-06-01 17:20:17 | INFO     | [callbacks :on_epoch_end      : 147] | ℹ️       9     ▲ 0.8333      ▼ 0.5843     ▲ 0.9821      ▼ 0.0996        4.8028e-05  12.6318
2025-06-01 17:20:30 | INFO     | [callbacks :on_epoch_end      : 147] | ℹ️      10       0.8142         0.631       0.9702        0.1065        4.7574e-05  12.4517
2025-06-01 17:20:42 | INFO     | [callbacks :on_epoch_end      : 147] | ℹ️      11       0.8327      ▼ 0.5611       0.9702        0.1097        4.7075e-05  12.5078
2025-06-01 17:20:55 | INFO     | [callbacks :on_epoch_end      : 147] | ℹ️      12       0.8313         0.581     ▲ 0.9821      ▼ 0.0773        4.6532e-05  12.7172
2025-06-01 17:21:07 | INFO     | [callbacks :on_epoch_end      : 147] | ℹ️      13       0.8168        0.5795       0.9762        0.0802        4.5947e-05  12.506
2025-06-01 17:21:20 | INFO     | [callbacks :on_epoch_end      : 147] | ℹ️      14     ▲ 0.8380      ▼ 0.5498       0.9762        0.0832        4.5321e-05  12.4641
2025-06-01 17:21:32 | INFO     | [callbacks :on_epoch_end      : 147] | ℹ️      15       0.7646      ▼ 0.5497     ▲ 0.9881      ▼ 0.0636        4.4655e-05  12.3843
2025-06-01 17:21:45 | INFO     | [callbacks :on_epoch_end      : 147] | ℹ️      16       0.8062        0.6011       0.9762        0.0866        4.395e-05  12.543
2025-06-01 17:21:57 | INFO     | [callbacks :on_epoch_end      : 147] | ℹ️      17       0.8234         0.551       0.9821          0.08        4.3208e-05  12.4774
2025-06-01 17:22:10 | INFO     | [callbacks :on_epoch_end      : 147] | ℹ️      18     ▲ 0.8651      ▼ 0.5133       0.9762        0.0821        4.2431e-05  12.4134
2025-06-01 17:22:22 | INFO     | [callbacks :on_epoch_end      : 147] | ℹ️      19       0.8439        0.5306       0.9821        0.0783        4.1619e-05  12.5488
2025-06-01 17:22:35 | INFO     | [callbacks :on_epoch_end      : 147] | ℹ️      20       0.8267        0.5605     ▲ 0.9881        0.0757        4.0776e-05  12.5227
2025-06-01 17:22:47 | INFO     | [callbacks :on_epoch_end      : 147] | ℹ️      21       0.8386      ▼ 0.5073       0.9821         0.085        3.9901e-05  12.4213
2025-06-01 17:23:00 | INFO     | [callbacks :on_epoch_end      : 147] | ℹ️      22       0.8128        0.5326     ▲ 0.9881      ▼ 0.0595        3.8997e-05  12.4603
2025-06-01 17:23:12 | INFO     | [callbacks :on_epoch_end      : 147] | ℹ️      23       0.8413        0.5182       0.9821        0.0685        3.8066e-05  12.6914
2025-06-01 17:23:25 | INFO     | [callbacks :on_epoch_end      : 147] | ℹ️      24       0.8155        0.5281     ▲ 0.9881        0.0662        3.711e-05  12.5137
2025-06-01 17:23:37 | INFO     | [callbacks :on_epoch_end      : 147] | ℹ️      25       0.8327      ▼ 0.4907     ▲ 0.9881      ▼ 0.0585        3.613e-05  12.5101
2025-06-01 17:23:50 | INFO     | [callbacks :on_epoch_end      : 147] | ℹ️      26       0.8479        0.5066       0.9821        0.0752        3.5129e-05  12.5261
2025-06-01 17:24:02 | INFO     | [callbacks :on_epoch_end      : 147] | ℹ️      27       0.8241        0.5073     ▲ 0.9881        0.0675        3.4109e-05  12.3957
2025-06-01 17:24:15 | INFO     | [callbacks :on_epoch_end      : 147] | ℹ️      28       0.8247         0.537     ▲ 0.9881        0.0604        3.3071e-05  12.5728
2025-06-01 17:24:27 | INFO     | [callbacks :on_epoch_end      : 147] | ℹ️      29       0.8571        0.5014       0.9821        0.0663        3.2018e-05  12.5164
2025-06-01 17:24:40 | INFO     | [callbacks :on_epoch_end      : 147] | ℹ️      30       0.8532        0.5371       0.9821        0.0594        3.0952e-05  12.5155
2025-06-01 17:24:53 | INFO     | [callbacks :on_epoch_end      : 147] | ℹ️      31       0.8247        0.5257       0.9821        0.0621        2.9875e-05  12.5469
2025-06-01 17:25:05 | INFO     | [callbacks :on_epoch_end      : 147] | ℹ️      32       0.8446        0.5076       0.9821        0.0604        2.8789e-05  12.4978
2025-06-01 17:25:17 | INFO     | [callbacks :on_epoch_end      : 147] | ℹ️      33        0.828        0.5253       0.9821        0.0795        2.7696e-05  12.3555
2025-06-01 17:25:30 | INFO     | [callbacks :on_epoch_end      : 147] | ℹ️      34     ▲ 0.8737      ▼ 0.4635       0.9821        0.0685        2.6599e-05  12.491
2025-06-01 17:25:42 | INFO     | [callbacks :on_epoch_end      : 147] | ℹ️      35       0.8651        0.4983       0.9821        0.0731        2.55e-05  12.5857
2025-06-01 17:25:55 | INFO     | [callbacks :on_epoch_end      : 147] | ℹ️      36       0.8373        0.5182     ▲ 0.9881      ▼ 0.0559        2.4401e-05  12.7438
2025-06-01 17:26:08 | INFO     | [callbacks :on_epoch_end      : 147] | ℹ️      37       0.8241        0.5085       0.9821        0.0727        2.3304e-05  12.694
2025-06-01 17:26:20 | INFO     | [callbacks :on_epoch_end      : 147] | ℹ️      38       0.8664        0.4824     ▲ 0.9881        0.0652        2.2211e-05  12.5749
2025-06-01 17:26:33 | INFO     | [callbacks :on_epoch_end      : 147] | ℹ️      39       0.8492         0.506     ▲ 0.9881        0.0633        2.1125e-05  12.3374
2025-06-01 17:26:45 | INFO     | [callbacks :on_epoch_end      : 147] | ℹ️      40       0.8327        0.4847       0.9821        0.0715        2.0048e-05  12.5071
2025-06-01 17:26:58 | INFO     | [callbacks :on_epoch_end      : 147] | ℹ️      41        0.834         0.525     ▲ 0.9881        0.0626        1.8982e-05  12.4539
2025-06-01 17:27:10 | INFO     | [callbacks :on_epoch_end      : 147] | ℹ️      42       0.8274        0.5339     ▲ 0.9881        0.0564        1.7929e-05  12.4761
2025-06-01 17:27:23 | INFO     | [callbacks :on_epoch_end      : 147] | ℹ️      43       0.8399      ▼ 0.4570     ▲ 0.9881        0.0602        1.6891e-05  12.5435
2025-06-01 17:27:35 | INFO     | [callbacks :on_epoch_end      : 147] | ℹ️      44       0.7864        0.5189     ▲ 0.9881        0.0599        1.5871e-05  12.4877
2025-06-01 17:27:48 | INFO     | [callbacks :on_epoch_end      : 147] | ℹ️      45       0.8168        0.5088     ▲ 0.9881      ▼ 0.0544        1.487e-05  12.371
2025-06-01 17:28:00 | INFO     | [callbacks :on_epoch_end      : 147] | ℹ️      46     ▲ 0.8750        0.4965     ▲ 0.9881        0.0561        1.389e-05  12.567
2025-06-01 17:28:13 | INFO     | [callbacks :on_epoch_end      : 147] | ℹ️      47       0.8545        0.4755     ▲ 0.9881        0.0636        1.2934e-05  12.5745
2025-06-01 17:28:25 | INFO     | [callbacks :on_epoch_end      : 147] | ℹ️      48       0.8499      ▼ 0.4505     ▲ 0.9881        0.0581        1.2003e-05  12.4755
2025-06-01 17:28:38 | INFO     | [callbacks :on_epoch_end      : 147] | ℹ️      49       0.8181        0.5029     ▲ 0.9881        0.0656        1.1099e-05  12.4659
2025-06-01 17:28:50 | INFO     | [callbacks :on_epoch_end      : 147] | ℹ️      50       0.8499        0.4622     ▲ 0.9881        0.0565        1.0224e-05  12.5072
2025-06-01 17:29:03 | INFO     | [callbacks :on_epoch_end      : 147] | ℹ️      51       0.8538        0.4883     ▲ 0.9881        0.0553        9.3805e-06  12.3736
2025-06-01 17:29:15 | INFO     | [callbacks :on_epoch_end      : 147] | ℹ️      52       0.8512        0.4775     ▲ 0.9881        0.0621        8.569e-06  12.4893
2025-06-01 17:29:28 | INFO     | [callbacks :on_epoch_end      : 147] | ℹ️      53       0.8254        0.4676     ▲ 0.9881        0.0591        7.7915e-06  12.4373
2025-06-01 17:29:40 | INFO     | [callbacks :on_epoch_end      : 147] | ℹ️      54       0.8373        0.4711     ▲ 0.9881        0.0623        7.0497e-06  12.5417
2025-06-01 17:29:53 | INFO     | [callbacks :on_epoch_end      : 147] | ℹ️      55       0.8571        0.4965     ▲ 0.9881        0.0597        6.3451e-06  12.5123
2025-06-01 17:30:05 | INFO     | [callbacks :on_epoch_end      : 147] | ℹ️      56       0.8466        0.4736     ▲ 0.9881        0.0658        5.6791e-06  12.5113
2025-06-01 17:30:18 | INFO     | [callbacks :on_epoch_end      : 147] | ℹ️      57       0.8307      ▼ 0.4402     ▲ 0.9881        0.0604        5.053e-06  12.3945
2025-06-01 17:30:30 | INFO     | [callbacks :on_epoch_end      : 147] | ℹ️      58     ▲ 0.8803        0.4773     ▲ 0.9881        0.0607        4.468e-06  12.5011
2025-06-01 17:30:43 | INFO     | [callbacks :on_epoch_end      : 147] | ℹ️      59        0.869        0.4905     ▲ 0.9881        0.0598        3.9254e-06  12.4723
2025-06-01 17:30:55 | INFO     | [pipeline  :cv_model_evalua...:1313] | ℹ️ Using best model from epoch 60
2025-06-01 17:30:55 | INFO     | [pipeline  :cv_model_evalua...:1316] | ℹ️ Evaluating model on outer test set for fold 1...
2025-06-01 17:30:55 | DEBUG    | [adapter   :get_iterator      : 275] | 🐞 Creating DataLoader for validation/evaluation: dataset_len=420, batch_size=16, shuffle=False, collate_fn_type='function', loader_kwargs={'num_workers': 0, 'pin_memory': False}
2025-06-01 17:30:56 | DEBUG    | [adapter   :get_iterator      : 275] | 🐞 Creating DataLoader for validation/evaluation: dataset_len=420, batch_size=16, shuffle=False, collate_fn_type='function', loader_kwargs={'num_workers': 0, 'pin_memory': False}
2025-06-01 17:30:58 | DEBUG    | [pipeline  :_compute_metrics  : 443] | 🐞 Computed Metrics: Acc=0.9857, Macro F1=0.9858
2025-06-01 17:30:58 | INFO     | [pipeline  :cv_model_evalua...:1336] | ℹ️ Fold 1 Test Scores: Acc=0.9857, F1=0.9858
2025-06-01 17:30:58 | INFO     | [pipeline  :cv_model_evalua...:1262] | ℹ️ --- Starting CV Evaluation Fold 2/5 ---
2025-06-01 17:30:58 | DEBUG    | [pipeline  :cv_model_evalua...:1269] | 🐞 Outer split (full set): 1680 train / 420 test samples.
2025-06-01 17:30:58 | DEBUG    | [pipeline  :cv_model_evalua...:1289] | 🐞 Fold 2: Internal split: ~1512 train / ~168 valid.
2025-06-01 17:30:58 | INFO     | [pipeline  :cv_model_evalua...:1299] | ℹ️ Fitting model for fold 2...
2025-06-01 17:30:58 | DEBUG    | [pretrai...:__init__          :  38] | 🐞 Initializing PretrainedViT:
2025-06-01 17:30:58 | DEBUG    | [pretrai...:__init__          :  39] | 🐞   Model Variant: vit_b_16, Pretrained: True
2025-06-01 17:30:58 | DEBUG    | [pretrai...:__init__          :  40] | 🐞   Is Hybrid Input: False
2025-06-01 17:30:58 | DEBUG    | [pretrai...:__init__          :  43] | 🐞   Unfreeze Strategy (Encoder Blocks): encoder_tail
2025-06-01 17:30:58 | DEBUG    | [pretrai...:__init__          :  45] | 🐞   Num Transformer Blocks to Unfreeze: 1
2025-06-01 17:30:58 | DEBUG    | [pretrai...:__init__          :  46] | 🐞   Unfreeze CLS: True, PosEmb: True, PatchEmb: False, EncoderLN: True
2025-06-01 17:30:58 | DEBUG    | [pretrai...:__init__          :  48] | 🐞   Custom Head Hidden Dims: None, Head Dropout: 0.5
2025-06-01 17:30:58 | DEBUG    | [pretrai...:__init__          :  69] | 🐞 Loaded vit_b_16 from torchvision.
2025-06-01 17:30:58 | DEBUG    | [pretrai...:__init__          : 313] | 🐞 Created simple linear head (dropout: 0.5), in_feat=768.
2025-06-01 17:30:58 | INFO     | [pretrai...:__init__          : 323] | ℹ️ PretrainedViT (standard) - Trainable: CLS Token, Positional Embeddings, 1 Encoder Blocks, Encoder LayerNorm, Classification Head.
2025-06-01 17:30:58 | INFO     | [pretrai...:__init__          : 348] | ℹ️ PretrainedViT (standard): Trainable params: 7.25M / Total params: 85.80M (8.44%)
2025-06-01 17:30:58 | DEBUG    | [adapter   :get_split_datasets: 164] | 🐞 Split created: 1512 train, 168 validation.
2025-06-01 17:30:58 | DEBUG    | [adapter   :get_iterator      : 275] | 🐞 Creating DataLoader for training: dataset_len=1512, batch_size=16, shuffle=True, collate_fn_type='function', loader_kwargs={'num_workers': 0, 'pin_memory': False}
2025-06-01 17:30:58 | DEBUG    | [adapter   :get_iterator      : 275] | 🐞 Creating DataLoader for validation/evaluation: dataset_len=168, batch_size=16, shuffle=False, collate_fn_type='function', loader_kwargs={'num_workers': 0, 'pin_memory': False}
2025-06-01 17:31:13 | INFO     | [callbacks :on_epoch_end      : 147] | ℹ️   epoch    train_acc    train_loss    valid_acc    valid_loss   cp           lr      dur
2025-06-01 17:31:13 | INFO     | [callbacks :on_epoch_end      : 147] | ℹ️ -------  -----------  ------------  -----------  ------------  ----  ----------  -------
2025-06-01 17:31:13 | INFO     | [callbacks :on_epoch_end      : 147] | ℹ️       1     ▲ 0.5258      ▼ 1.3152     ▲ 0.8810      ▼ 0.4020        4.9975e-05  14.7138
2025-06-01 17:31:25 | INFO     | [callbacks :on_epoch_end      : 147] | ℹ️       2     ▲ 0.7685      ▼ 0.8040     ▲ 0.9464      ▼ 0.2240        4.9901e-05  12.5042
2025-06-01 17:31:38 | INFO     | [callbacks :on_epoch_end      : 147] | ℹ️       3     ▲ 0.7976      ▼ 0.7104     ▲ 0.9702      ▼ 0.1677        4.9778e-05  12.4879
2025-06-01 17:31:50 | INFO     | [callbacks :on_epoch_end      : 147] | ℹ️       4       0.7751      ▼ 0.6854     ▲ 0.9702      ▼ 0.1447        4.9606e-05  12.6151
2025-06-01 17:32:03 | INFO     | [callbacks :on_epoch_end      : 147] | ℹ️       5     ▲ 0.8102      ▼ 0.6511     ▲ 0.9702      ▼ 0.1328        4.9386e-05  12.3582
2025-06-01 17:32:15 | INFO     | [callbacks :on_epoch_end      : 147] | ℹ️       6       0.7937        0.6584     ▲ 0.9762      ▼ 0.0999        4.9117e-05  12.5205
2025-06-01 17:32:28 | INFO     | [callbacks :on_epoch_end      : 147] | ℹ️       7     ▲ 0.8175      ▼ 0.6324       0.9702        0.1074        4.8801e-05  12.4861
2025-06-01 17:32:40 | INFO     | [callbacks :on_epoch_end      : 147] | ℹ️       8       0.7989      ▼ 0.6224     ▲ 0.9762         0.103        4.8438e-05  12.5502
2025-06-01 17:32:53 | INFO     | [callbacks :on_epoch_end      : 147] | ℹ️       9       0.7884      ▼ 0.6007     ▲ 0.9762      ▼ 0.0785        4.8028e-05  12.517
2025-06-01 17:33:05 | INFO     | [callbacks :on_epoch_end      : 147] | ℹ️      10       0.8142         0.615     ▲ 0.9821        0.0801        4.7574e-05  12.4971
2025-06-01 17:33:18 | INFO     | [callbacks :on_epoch_end      : 147] | ℹ️      11       0.7798        0.6038     ▲ 0.9821        0.0801        4.7075e-05  12.4566
2025-06-01 17:33:30 | INFO     | [callbacks :on_epoch_end      : 147] | ℹ️      12     ▲ 0.8208      ▼ 0.5529       0.9762      ▼ 0.0767        4.6532e-05  12.5786
2025-06-01 17:33:43 | INFO     | [callbacks :on_epoch_end      : 147] | ℹ️      13       0.8009        0.5545     ▲ 0.9821      ▼ 0.0599        4.5947e-05  12.5307
2025-06-01 17:33:56 | INFO     | [callbacks :on_epoch_end      : 147] | ℹ️      14     ▲ 0.8347      ▼ 0.5519       0.9762        0.0636        4.5321e-05  12.5391
2025-06-01 17:34:08 | INFO     | [callbacks :on_epoch_end      : 147] | ℹ️      15       0.7989        0.5548     ▲ 0.9940      ▼ 0.0527        4.4655e-05  12.6053
2025-06-01 17:34:21 | INFO     | [callbacks :on_epoch_end      : 147] | ℹ️      16     ▲ 0.8485      ▼ 0.5509       0.9821        0.0564        4.395e-05  12.4919
2025-06-01 17:34:33 | INFO     | [callbacks :on_epoch_end      : 147] | ℹ️      17       0.7712         0.559     ▲ 0.9940      ▼ 0.0515        4.3208e-05  12.408
2025-06-01 17:34:46 | INFO     | [callbacks :on_epoch_end      : 147] | ℹ️      18       0.8267      ▼ 0.5462     ▲ 0.9940        0.0521        4.2431e-05  12.6558
2025-06-01 17:34:58 | INFO     | [callbacks :on_epoch_end      : 147] | ℹ️      19       0.8472      ▼ 0.5113       0.9762        0.0649        4.1619e-05  12.532
2025-06-01 17:35:11 | INFO     | [callbacks :on_epoch_end      : 147] | ℹ️      20        0.838        0.5463       0.9821        0.0566        4.0776e-05  12.4633
2025-06-01 17:35:23 | INFO     | [callbacks :on_epoch_end      : 147] | ℹ️      21        0.795        0.5626       0.9821      ▼ 0.0451        3.9901e-05  12.4745
2025-06-01 17:35:36 | INFO     | [callbacks :on_epoch_end      : 147] | ℹ️      22       0.7864        0.5654       0.9881        0.0482        3.8997e-05  12.5334
2025-06-01 17:35:48 | INFO     | [callbacks :on_epoch_end      : 147] | ℹ️      23       0.7917        0.5629       0.9821        0.0597        3.8066e-05  12.3886
2025-06-01 17:36:01 | INFO     | [callbacks :on_epoch_end      : 147] | ℹ️      24     ▲ 0.8499         0.552       0.9821        0.0469        3.711e-05  12.4729
2025-06-01 17:36:13 | INFO     | [callbacks :on_epoch_end      : 147] | ℹ️      25       0.8175        0.5479       0.9821        0.0474        3.613e-05  12.4881
2025-06-01 17:36:26 | INFO     | [callbacks :on_epoch_end      : 147] | ℹ️      26     ▲ 0.8690      ▼ 0.4750       0.9821        0.0575        3.5129e-05  12.5293
2025-06-01 17:36:38 | INFO     | [callbacks :on_epoch_end      : 147] | ℹ️      27       0.8148        0.5485       0.9821        0.0533        3.4109e-05  12.5268
2025-06-01 17:36:51 | INFO     | [callbacks :on_epoch_end      : 147] | ℹ️      28       0.8241        0.5071       0.9881      ▼ 0.0424        3.3071e-05  12.4999
2025-06-01 17:37:03 | INFO     | [callbacks :on_epoch_end      : 147] | ℹ️      29       0.8234        0.4886       0.9821        0.0464        3.2018e-05  12.3573
2025-06-01 17:37:16 | INFO     | [callbacks :on_epoch_end      : 147] | ℹ️      30       0.8452          0.52       0.9881        0.0441        3.0952e-05  12.5336
2025-06-01 17:37:28 | INFO     | [callbacks :on_epoch_end      : 147] | ℹ️      31       0.8313        0.5437     ▲ 0.9940      ▼ 0.0399        2.9875e-05  12.5398
2025-06-01 17:37:41 | INFO     | [callbacks :on_epoch_end      : 147] | ℹ️      32       0.8175        0.5499       0.9821          0.05        2.8789e-05  12.5464
2025-06-01 17:37:53 | INFO     | [callbacks :on_epoch_end      : 147] | ℹ️      33       0.7963        0.5494       0.9821        0.0426        2.7696e-05  12.5817
2025-06-01 17:38:06 | INFO     | [callbacks :on_epoch_end      : 147] | ℹ️      34     ▲ 0.8981      ▼ 0.4609       0.9821        0.0444        2.6599e-05  12.5885
2025-06-01 17:38:18 | INFO     | [callbacks :on_epoch_end      : 147] | ℹ️      35       0.8307        0.4915       0.9881      ▼ 0.0392        2.55e-05  12.5136
2025-06-01 17:38:31 | INFO     | [callbacks :on_epoch_end      : 147] | ℹ️      36       0.8651      ▼ 0.4554       0.9881      ▼ 0.0370        2.4401e-05  12.3935
2025-06-01 17:38:43 | INFO     | [callbacks :on_epoch_end      : 147] | ℹ️      37       0.8446        0.4738       0.9881      ▼ 0.0352        2.3304e-05  12.5847
2025-06-01 17:38:56 | INFO     | [callbacks :on_epoch_end      : 147] | ℹ️      38       0.8856        0.4673       0.9881        0.0388        2.2211e-05  12.5149
2025-06-01 17:39:08 | INFO     | [callbacks :on_epoch_end      : 147] | ℹ️      39       0.8585        0.4753       0.9881        0.0373        2.1125e-05  12.4752
2025-06-01 17:39:21 | INFO     | [callbacks :on_epoch_end      : 147] | ℹ️      40       0.8089        0.5054       0.9881        0.0377        2.0048e-05  12.551
2025-06-01 17:39:34 | INFO     | [callbacks :on_epoch_end      : 147] | ℹ️      41       0.8016        0.5171       0.9821        0.0406        1.8982e-05  12.4464
2025-06-01 17:39:46 | INFO     | [callbacks :on_epoch_end      : 147] | ℹ️      42       0.8406        0.4982       0.9881        0.0358        1.7929e-05  12.4558
2025-06-01 17:39:58 | INFO     | [callbacks :on_epoch_end      : 147] | ℹ️      43       0.8796        0.4682       0.9821        0.0357        1.6891e-05  12.4717
2025-06-01 17:40:11 | INFO     | [callbacks :on_epoch_end      : 147] | ℹ️      44       0.8393        0.4905       0.9881      ▼ 0.0326        1.5871e-05  12.4567
2025-06-01 17:40:23 | INFO     | [callbacks :on_epoch_end      : 147] | ℹ️      45       0.8796      ▼ 0.4360       0.9881        0.0384        1.487e-05  12.5349
2025-06-01 17:40:36 | INFO     | [callbacks :on_epoch_end      : 147] | ℹ️      46       0.8413        0.4896       0.9821        0.0437        1.389e-05  12.4512
2025-06-01 17:40:48 | INFO     | [callbacks :on_epoch_end      : 147] | ℹ️      47       0.8545        0.5026       0.9821        0.0418        1.2934e-05  12.3959
2025-06-01 17:41:01 | INFO     | [callbacks :on_epoch_end      : 147] | ℹ️      48       0.8638        0.4588       0.9881        0.0373        1.2003e-05  12.5033
2025-06-01 17:41:13 | INFO     | [callbacks :on_epoch_end      : 147] | ℹ️      49     ▲ 0.9034      ▼ 0.4324       0.9821        0.0414        1.1099e-05  12.5506
2025-06-01 17:41:26 | INFO     | [callbacks :on_epoch_end      : 147] | ℹ️      50       0.8399        0.5259       0.9881        0.0383        1.0224e-05  12.5199
2025-06-01 17:41:38 | INFO     | [callbacks :on_epoch_end      : 147] | ℹ️      51       0.8552        0.5075       0.9881        0.0357        9.3805e-06  12.4692
2025-06-01 17:41:51 | INFO     | [callbacks :on_epoch_end      : 147] | ℹ️      52       0.8763        0.4475       0.9881        0.0343        8.569e-06  12.4933
2025-06-01 17:42:03 | INFO     | [callbacks :on_epoch_end      : 147] | ℹ️      53       0.8419          0.49       0.9881        0.0342        7.7915e-06  12.3766
2025-06-01 17:42:16 | INFO     | [callbacks :on_epoch_end      : 147] | ℹ️      54       0.8373        0.4657       0.9881        0.0328        7.0497e-06  12.5683
2025-06-01 17:42:28 | INFO     | [callbacks :on_epoch_end      : 147] | ℹ️      55       0.8697        0.4736       0.9881        0.0361        6.3451e-06  12.489
2025-06-01 17:42:41 | INFO     | [callbacks :on_epoch_end      : 147] | ℹ️      56       0.8247        0.4642       0.9881         0.035        5.6791e-06  12.5024
2025-06-01 17:42:53 | INFO     | [callbacks :on_epoch_end      : 147] | ℹ️      57       0.8611        0.4594       0.9881        0.0354        5.053e-06  12.5781
2025-06-01 17:43:06 | INFO     | [callbacks :on_epoch_end      : 147] | ℹ️      58       0.8565        0.4697       0.9881        0.0341        4.468e-06  12.5066
2025-06-01 17:43:18 | INFO     | [pipeline  :cv_model_evalua...:1313] | ℹ️ Using best model from epoch 59
2025-06-01 17:43:18 | INFO     | [pipeline  :cv_model_evalua...:1316] | ℹ️ Evaluating model on outer test set for fold 2...
2025-06-01 17:43:18 | DEBUG    | [adapter   :get_iterator      : 275] | 🐞 Creating DataLoader for validation/evaluation: dataset_len=420, batch_size=16, shuffle=False, collate_fn_type='function', loader_kwargs={'num_workers': 0, 'pin_memory': False}
2025-06-01 17:43:20 | DEBUG    | [adapter   :get_iterator      : 275] | 🐞 Creating DataLoader for validation/evaluation: dataset_len=420, batch_size=16, shuffle=False, collate_fn_type='function', loader_kwargs={'num_workers': 0, 'pin_memory': False}
2025-06-01 17:43:21 | DEBUG    | [pipeline  :_compute_metrics  : 443] | 🐞 Computed Metrics: Acc=1.0000, Macro F1=1.0000
2025-06-01 17:43:21 | INFO     | [pipeline  :cv_model_evalua...:1336] | ℹ️ Fold 2 Test Scores: Acc=1.0000, F1=1.0000
2025-06-01 17:43:21 | INFO     | [pipeline  :cv_model_evalua...:1262] | ℹ️ --- Starting CV Evaluation Fold 3/5 ---
2025-06-01 17:43:21 | DEBUG    | [pipeline  :cv_model_evalua...:1269] | 🐞 Outer split (full set): 1680 train / 420 test samples.
2025-06-01 17:43:21 | DEBUG    | [pipeline  :cv_model_evalua...:1289] | 🐞 Fold 3: Internal split: ~1512 train / ~168 valid.
2025-06-01 17:43:21 | INFO     | [pipeline  :cv_model_evalua...:1299] | ℹ️ Fitting model for fold 3...
2025-06-01 17:43:21 | DEBUG    | [pretrai...:__init__          :  38] | 🐞 Initializing PretrainedViT:
2025-06-01 17:43:21 | DEBUG    | [pretrai...:__init__          :  39] | 🐞   Model Variant: vit_b_16, Pretrained: True
2025-06-01 17:43:21 | DEBUG    | [pretrai...:__init__          :  40] | 🐞   Is Hybrid Input: False
2025-06-01 17:43:21 | DEBUG    | [pretrai...:__init__          :  43] | 🐞   Unfreeze Strategy (Encoder Blocks): encoder_tail
2025-06-01 17:43:21 | DEBUG    | [pretrai...:__init__          :  45] | 🐞   Num Transformer Blocks to Unfreeze: 1
2025-06-01 17:43:21 | DEBUG    | [pretrai...:__init__          :  46] | 🐞   Unfreeze CLS: True, PosEmb: True, PatchEmb: False, EncoderLN: True
2025-06-01 17:43:21 | DEBUG    | [pretrai...:__init__          :  48] | 🐞   Custom Head Hidden Dims: None, Head Dropout: 0.5
2025-06-01 17:43:21 | DEBUG    | [pretrai...:__init__          :  69] | 🐞 Loaded vit_b_16 from torchvision.
2025-06-01 17:43:21 | DEBUG    | [pretrai...:__init__          : 313] | 🐞 Created simple linear head (dropout: 0.5), in_feat=768.
2025-06-01 17:43:21 | INFO     | [pretrai...:__init__          : 323] | ℹ️ PretrainedViT (standard) - Trainable: CLS Token, Positional Embeddings, 1 Encoder Blocks, Encoder LayerNorm, Classification Head.
2025-06-01 17:43:21 | INFO     | [pretrai...:__init__          : 348] | ℹ️ PretrainedViT (standard): Trainable params: 7.25M / Total params: 85.80M (8.44%)
2025-06-01 17:43:21 | DEBUG    | [adapter   :get_split_datasets: 164] | 🐞 Split created: 1512 train, 168 validation.
2025-06-01 17:43:21 | DEBUG    | [adapter   :get_iterator      : 275] | 🐞 Creating DataLoader for training: dataset_len=1512, batch_size=16, shuffle=True, collate_fn_type='function', loader_kwargs={'num_workers': 0, 'pin_memory': False}
2025-06-01 17:43:21 | DEBUG    | [adapter   :get_iterator      : 275] | 🐞 Creating DataLoader for validation/evaluation: dataset_len=168, batch_size=16, shuffle=False, collate_fn_type='function', loader_kwargs={'num_workers': 0, 'pin_memory': False}
2025-06-01 17:43:36 | INFO     | [callbacks :on_epoch_end      : 147] | ℹ️   epoch    train_acc    train_loss    valid_acc    valid_loss   cp           lr      dur
2025-06-01 17:43:36 | INFO     | [callbacks :on_epoch_end      : 147] | ℹ️ -------  -----------  ------------  -----------  ------------  ----  ----------  -------
2025-06-01 17:43:36 | INFO     | [callbacks :on_epoch_end      : 147] | ℹ️       1     ▲ 0.5337      ▼ 1.3487     ▲ 0.8512      ▼ 0.5169        4.9975e-05  14.7955
2025-06-01 17:43:49 | INFO     | [callbacks :on_epoch_end      : 147] | ℹ️       2     ▲ 0.7447      ▼ 0.8478     ▲ 0.9464      ▼ 0.2618        4.9901e-05  12.4213
2025-06-01 17:44:01 | INFO     | [callbacks :on_epoch_end      : 147] | ℹ️       3     ▲ 0.7976      ▼ 0.7411     ▲ 0.9583      ▼ 0.1968        4.9778e-05  12.3253
2025-06-01 17:44:13 | INFO     | [callbacks :on_epoch_end      : 147] | ℹ️       4       0.7454        0.7473     ▲ 0.9583      ▼ 0.1793        4.9606e-05  12.4637
2025-06-01 17:44:26 | INFO     | [callbacks :on_epoch_end      : 147] | ℹ️       5     ▲ 0.8181      ▼ 0.6509     ▲ 0.9821      ▼ 0.1341        4.9386e-05  12.6778
2025-06-01 17:44:39 | INFO     | [callbacks :on_epoch_end      : 147] | ℹ️       6     ▲ 0.8181      ▼ 0.6411     ▲ 0.9940      ▼ 0.1082        4.9117e-05  12.3767
2025-06-01 17:44:51 | INFO     | [callbacks :on_epoch_end      : 147] | ℹ️       7       0.7804        0.6513       0.9762      ▼ 0.1013        4.8801e-05  12.4366
2025-06-01 17:45:03 | INFO     | [callbacks :on_epoch_end      : 147] | ℹ️       8       0.7903        0.6467       0.9821        0.1083        4.8438e-05  12.3557
2025-06-01 17:45:16 | INFO     | [callbacks :on_epoch_end      : 147] | ℹ️       9       0.8016      ▼ 0.6155       0.9881      ▼ 0.0875        4.8028e-05  12.7111
2025-06-01 17:45:28 | INFO     | [callbacks :on_epoch_end      : 147] | ℹ️      10       0.7976        0.6199       0.9762      ▼ 0.0845        4.7574e-05  12.4358
2025-06-01 17:45:41 | INFO     | [callbacks :on_epoch_end      : 147] | ℹ️      11     ▲ 0.8485      ▼ 0.5207       0.9821      ▼ 0.0751        4.7075e-05  12.4224
2025-06-01 17:45:53 | INFO     | [callbacks :on_epoch_end      : 147] | ℹ️      12       0.8201         0.559       0.9702        0.0975        4.6532e-05  12.5562
2025-06-01 17:46:06 | INFO     | [callbacks :on_epoch_end      : 147] | ℹ️      13       0.8433        0.5684       0.9762        0.0781        4.5947e-05  12.6742
2025-06-01 17:46:19 | INFO     | [callbacks :on_epoch_end      : 147] | ℹ️      14       0.8115        0.5787       0.9881      ▼ 0.0640        4.5321e-05  12.3712
2025-06-01 17:46:31 | INFO     | [callbacks :on_epoch_end      : 147] | ℹ️      15       0.8142        0.5863       0.9881        0.0685        4.4655e-05  12.3348
2025-06-01 17:46:43 | INFO     | [callbacks :on_epoch_end      : 147] | ℹ️      16       0.8194        0.5586       0.9881      ▼ 0.0638        4.395e-05  12.482
2025-06-01 17:46:56 | INFO     | [callbacks :on_epoch_end      : 147] | ℹ️      17       0.8168        0.5581       0.9762        0.0738        4.3208e-05  12.5733
2025-06-01 17:47:08 | INFO     | [callbacks :on_epoch_end      : 147] | ℹ️      18       0.8188        0.5576       0.9881      ▼ 0.0613        4.2431e-05  12.4022
2025-06-01 17:47:21 | INFO     | [callbacks :on_epoch_end      : 147] | ℹ️      19       0.7956        0.5236       0.9821      ▼ 0.0580        4.1619e-05  12.4289
2025-06-01 17:47:33 | INFO     | [callbacks :on_epoch_end      : 147] | ℹ️      20       0.8466      ▼ 0.4704       0.9762        0.0665        4.0776e-05  12.2993
2025-06-01 17:47:46 | INFO     | [callbacks :on_epoch_end      : 147] | ℹ️      21       0.8168        0.5657       0.9762        0.0615        3.9901e-05  12.6432
2025-06-01 17:47:58 | INFO     | [callbacks :on_epoch_end      : 147] | ℹ️      22        0.832        0.5032       0.9762        0.0682        3.8997e-05  12.351
2025-06-01 17:48:11 | INFO     | [callbacks :on_epoch_end      : 147] | ℹ️      23        0.832        0.5121       0.9762         0.061        3.8066e-05  12.4885
2025-06-01 17:48:23 | INFO     | [callbacks :on_epoch_end      : 147] | ℹ️      24       0.8327        0.5038       0.9762        0.0611        3.711e-05  12.407
2025-06-01 17:48:36 | INFO     | [callbacks :on_epoch_end      : 147] | ℹ️      25        0.834        0.5362       0.9881        0.0605        3.613e-05  12.5062
2025-06-01 17:48:48 | INFO     | [callbacks :on_epoch_end      : 147] | ℹ️      26       0.7851        0.5243       0.9762        0.0741        3.5129e-05  12.2971
2025-06-01 17:49:00 | INFO     | [callbacks :on_epoch_end      : 147] | ℹ️      27     ▲ 0.8611        0.5095       0.9762        0.0659        3.4109e-05  12.429
2025-06-01 17:49:13 | INFO     | [callbacks :on_epoch_end      : 147] | ℹ️      28       0.8446        0.4737       0.9762        0.0608        3.3071e-05  12.3955
2025-06-01 17:49:25 | INFO     | [callbacks :on_epoch_end      : 147] | ℹ️      29     ▲ 0.8651      ▼ 0.4656       0.9762      ▼ 0.0529        3.2018e-05  12.5532
2025-06-01 17:49:38 | INFO     | [callbacks :on_epoch_end      : 147] | ℹ️      30       0.8175        0.5261       0.9762      ▼ 0.0499        3.0952e-05  12.4482
2025-06-01 17:49:50 | INFO     | [callbacks :on_epoch_end      : 147] | ℹ️      31       0.8029        0.5297       0.9762         0.063        2.9875e-05  12.4307
2025-06-01 17:50:03 | INFO     | [callbacks :on_epoch_end      : 147] | ℹ️      32       0.8598        0.5124       0.9762      ▼ 0.0479        2.8789e-05  12.3411
2025-06-01 17:50:15 | INFO     | [callbacks :on_epoch_end      : 147] | ℹ️      33       0.8452        0.4951       0.9762        0.0603        2.7696e-05  12.6038
2025-06-01 17:50:28 | INFO     | [callbacks :on_epoch_end      : 147] | ℹ️      34     ▲ 0.8730        0.4714       0.9762        0.0542        2.6599e-05  12.4591
2025-06-01 17:50:40 | INFO     | [callbacks :on_epoch_end      : 147] | ℹ️      35       0.7943        0.5201       0.9762      ▼ 0.0459        2.55e-05  12.3615
2025-06-01 17:50:53 | INFO     | [callbacks :on_epoch_end      : 147] | ℹ️      36       0.8247        0.4898       0.9762      ▼ 0.0420        2.4401e-05  12.6376
2025-06-01 17:51:05 | INFO     | [callbacks :on_epoch_end      : 147] | ℹ️      37       0.8684        0.4954       0.9762        0.0542        2.3304e-05  12.8169
2025-06-01 17:51:18 | INFO     | [callbacks :on_epoch_end      : 147] | ℹ️      38       0.8267        0.4944       0.9762        0.0504        2.2211e-05  12.5831
2025-06-01 17:51:31 | INFO     | [callbacks :on_epoch_end      : 147] | ℹ️      39       0.8565        0.5013       0.9821        0.0471        2.1125e-05  12.5333
2025-06-01 17:51:43 | INFO     | [callbacks :on_epoch_end      : 147] | ℹ️      40        0.828        0.5428       0.9762        0.0679        2.0048e-05  12.5209
2025-06-01 17:51:56 | INFO     | [callbacks :on_epoch_end      : 147] | ℹ️      41       0.8194      ▼ 0.4496       0.9762        0.0608        1.8982e-05  12.5111
2025-06-01 17:52:08 | INFO     | [callbacks :on_epoch_end      : 147] | ℹ️      42       0.8644        0.4578       0.9762         0.044        1.7929e-05  12.4331
2025-06-01 17:52:20 | INFO     | [callbacks :on_epoch_end      : 147] | ℹ️      43       0.8677        0.5116       0.9762        0.0441        1.6891e-05  12.4552
2025-06-01 17:52:33 | INFO     | [callbacks :on_epoch_end      : 147] | ℹ️      44       0.8505        0.4629       0.9762        0.0566        1.5871e-05  12.3637
2025-06-01 17:52:45 | INFO     | [callbacks :on_epoch_end      : 147] | ℹ️      45       0.8393        0.4907       0.9762        0.0463        1.487e-05  12.5781
2025-06-01 17:52:58 | INFO     | [callbacks :on_epoch_end      : 147] | ℹ️      46       0.8399        0.5133       0.9762        0.0488        1.389e-05  12.4758
2025-06-01 17:53:10 | INFO     | [callbacks :on_epoch_end      : 147] | ℹ️      47     ▲ 0.8730      ▼ 0.4465       0.9762        0.0501        1.2934e-05  12.504
2025-06-01 17:53:23 | INFO     | [callbacks :on_epoch_end      : 147] | ℹ️      48       0.8433        0.4903       0.9762        0.0482        1.2003e-05  12.5614
2025-06-01 17:53:36 | INFO     | [callbacks :on_epoch_end      : 147] | ℹ️      49       0.8545        0.4585       0.9881        0.0452        1.1099e-05  12.5389
2025-06-01 17:53:48 | INFO     | [callbacks :on_epoch_end      : 147] | ℹ️      50        0.832        0.4982       0.9821        0.0437        1.0224e-05  12.4017
2025-06-01 17:54:00 | INFO     | [pipeline  :cv_model_evalua...:1313] | ℹ️ Using best model from epoch 51
2025-06-01 17:54:00 | INFO     | [pipeline  :cv_model_evalua...:1316] | ℹ️ Evaluating model on outer test set for fold 3...
2025-06-01 17:54:00 | DEBUG    | [adapter   :get_iterator      : 275] | 🐞 Creating DataLoader for validation/evaluation: dataset_len=420, batch_size=16, shuffle=False, collate_fn_type='function', loader_kwargs={'num_workers': 0, 'pin_memory': False}
2025-06-01 17:54:02 | DEBUG    | [adapter   :get_iterator      : 275] | 🐞 Creating DataLoader for validation/evaluation: dataset_len=420, batch_size=16, shuffle=False, collate_fn_type='function', loader_kwargs={'num_workers': 0, 'pin_memory': False}
2025-06-01 17:54:03 | DEBUG    | [pipeline  :_compute_metrics  : 443] | 🐞 Computed Metrics: Acc=0.9833, Macro F1=0.9833
2025-06-01 17:54:03 | INFO     | [pipeline  :cv_model_evalua...:1336] | ℹ️ Fold 3 Test Scores: Acc=0.9833, F1=0.9833
2025-06-01 17:54:03 | INFO     | [pipeline  :cv_model_evalua...:1262] | ℹ️ --- Starting CV Evaluation Fold 4/5 ---
2025-06-01 17:54:03 | DEBUG    | [pipeline  :cv_model_evalua...:1269] | 🐞 Outer split (full set): 1680 train / 420 test samples.
2025-06-01 17:54:03 | DEBUG    | [pipeline  :cv_model_evalua...:1289] | 🐞 Fold 4: Internal split: ~1512 train / ~168 valid.
2025-06-01 17:54:03 | INFO     | [pipeline  :cv_model_evalua...:1299] | ℹ️ Fitting model for fold 4...
2025-06-01 17:54:03 | DEBUG    | [pretrai...:__init__          :  38] | 🐞 Initializing PretrainedViT:
2025-06-01 17:54:03 | DEBUG    | [pretrai...:__init__          :  39] | 🐞   Model Variant: vit_b_16, Pretrained: True
2025-06-01 17:54:03 | DEBUG    | [pretrai...:__init__          :  40] | 🐞   Is Hybrid Input: False
2025-06-01 17:54:03 | DEBUG    | [pretrai...:__init__          :  43] | 🐞   Unfreeze Strategy (Encoder Blocks): encoder_tail
2025-06-01 17:54:03 | DEBUG    | [pretrai...:__init__          :  45] | 🐞   Num Transformer Blocks to Unfreeze: 1
2025-06-01 17:54:03 | DEBUG    | [pretrai...:__init__          :  46] | 🐞   Unfreeze CLS: True, PosEmb: True, PatchEmb: False, EncoderLN: True
2025-06-01 17:54:03 | DEBUG    | [pretrai...:__init__          :  48] | 🐞   Custom Head Hidden Dims: None, Head Dropout: 0.5
2025-06-01 17:54:03 | DEBUG    | [pretrai...:__init__          :  69] | 🐞 Loaded vit_b_16 from torchvision.
2025-06-01 17:54:03 | DEBUG    | [pretrai...:__init__          : 313] | 🐞 Created simple linear head (dropout: 0.5), in_feat=768.
2025-06-01 17:54:03 | INFO     | [pretrai...:__init__          : 323] | ℹ️ PretrainedViT (standard) - Trainable: CLS Token, Positional Embeddings, 1 Encoder Blocks, Encoder LayerNorm, Classification Head.
2025-06-01 17:54:03 | INFO     | [pretrai...:__init__          : 348] | ℹ️ PretrainedViT (standard): Trainable params: 7.25M / Total params: 85.80M (8.44%)
2025-06-01 17:54:03 | DEBUG    | [adapter   :get_split_datasets: 164] | 🐞 Split created: 1512 train, 168 validation.
2025-06-01 17:54:03 | DEBUG    | [adapter   :get_iterator      : 275] | 🐞 Creating DataLoader for training: dataset_len=1512, batch_size=16, shuffle=True, collate_fn_type='function', loader_kwargs={'num_workers': 0, 'pin_memory': False}
2025-06-01 17:54:03 | DEBUG    | [adapter   :get_iterator      : 275] | 🐞 Creating DataLoader for validation/evaluation: dataset_len=168, batch_size=16, shuffle=False, collate_fn_type='function', loader_kwargs={'num_workers': 0, 'pin_memory': False}
2025-06-01 17:54:18 | INFO     | [callbacks :on_epoch_end      : 147] | ℹ️   epoch    train_acc    train_loss    valid_acc    valid_loss   cp           lr      dur
2025-06-01 17:54:18 | INFO     | [callbacks :on_epoch_end      : 147] | ℹ️ -------  -----------  ------------  -----------  ------------  ----  ----------  -------
2025-06-01 17:54:18 | INFO     | [callbacks :on_epoch_end      : 147] | ℹ️       1     ▲ 0.5648      ▼ 1.2853     ▲ 0.8512      ▼ 0.4819        4.9975e-05  14.8247
2025-06-01 17:54:31 | INFO     | [callbacks :on_epoch_end      : 147] | ℹ️       2     ▲ 0.7407      ▼ 0.8395     ▲ 0.9464      ▼ 0.2464        4.9901e-05  12.4717
2025-06-01 17:54:43 | INFO     | [callbacks :on_epoch_end      : 147] | ℹ️       3     ▲ 0.7712      ▼ 0.7934     ▲ 0.9643      ▼ 0.1950        4.9778e-05  12.5155
2025-06-01 17:54:56 | INFO     | [callbacks :on_epoch_end      : 147] | ℹ️       4     ▲ 0.8181      ▼ 0.6290     ▲ 0.9762      ▼ 0.1511        4.9606e-05  12.4807
2025-06-01 17:55:08 | INFO     | [callbacks :on_epoch_end      : 147] | ℹ️       5        0.791        0.6516       0.9702      ▼ 0.1258        4.9386e-05  12.5887
2025-06-01 17:55:21 | INFO     | [callbacks :on_epoch_end      : 147] | ℹ️       6       0.7917        0.6731     ▲ 0.9821      ▼ 0.1220        4.9117e-05  12.5342
2025-06-01 17:55:33 | INFO     | [callbacks :on_epoch_end      : 147] | ℹ️       7       0.7937        0.6661     ▲ 0.9821      ▼ 0.0992        4.8801e-05  12.3646
2025-06-01 17:55:46 | INFO     | [callbacks :on_epoch_end      : 147] | ℹ️       8       0.8069        0.6316     ▲ 0.9881      ▼ 0.0841        4.8438e-05  12.4784
2025-06-01 17:55:58 | INFO     | [callbacks :on_epoch_end      : 147] | ℹ️       9        0.793        0.6444     ▲ 0.9881      ▼ 0.0817        4.8028e-05  12.497
2025-06-01 17:56:11 | INFO     | [callbacks :on_epoch_end      : 147] | ℹ️      10       0.8095      ▼ 0.6077       0.9821        0.0906        4.7574e-05  12.4689
2025-06-01 17:56:23 | INFO     | [callbacks :on_epoch_end      : 147] | ℹ️      11       0.8175      ▼ 0.5975     ▲ 0.9881      ▼ 0.0719        4.7075e-05  12.4672
2025-06-01 17:56:36 | INFO     | [callbacks :on_epoch_end      : 147] | ℹ️      12       0.7937      ▼ 0.5961     ▲ 0.9881      ▼ 0.0707        4.6532e-05  12.5384
2025-06-01 17:56:48 | INFO     | [callbacks :on_epoch_end      : 147] | ℹ️      13       0.8082        0.6114     ▲ 0.9881      ▼ 0.0635        4.5947e-05  12.4225
2025-06-01 17:57:01 | INFO     | [callbacks :on_epoch_end      : 147] | ℹ️      14     ▲ 0.8519      ▼ 0.5391       0.9821        0.0683        4.5321e-05  12.4618
2025-06-01 17:57:13 | INFO     | [callbacks :on_epoch_end      : 147] | ℹ️      15        0.832      ▼ 0.5371       0.9821        0.0857        4.4655e-05  12.4345
2025-06-01 17:57:26 | INFO     | [callbacks :on_epoch_end      : 147] | ℹ️      16       0.8294      ▼ 0.5315     ▲ 0.9940      ▼ 0.0507        4.395e-05  12.5856
2025-06-01 17:57:38 | INFO     | [callbacks :on_epoch_end      : 147] | ℹ️      17     ▲ 0.8598        0.5486       0.9881        0.0525        4.3208e-05  12.5324
2025-06-01 17:57:51 | INFO     | [callbacks :on_epoch_end      : 147] | ℹ️      18       0.8022        0.5669     ▲ 0.9940      ▼ 0.0464        4.2431e-05  12.5594
2025-06-01 17:58:03 | INFO     | [callbacks :on_epoch_end      : 147] | ℹ️      19        0.797        0.5576     ▲ 0.9940        0.0493        4.1619e-05  12.4534
2025-06-01 17:58:16 | INFO     | [callbacks :on_epoch_end      : 147] | ℹ️      20       0.7844        0.5997     ▲ 1.0000        0.0477        4.0776e-05  12.5407
2025-06-01 17:58:28 | INFO     | [callbacks :on_epoch_end      : 147] | ℹ️      21       0.8399      ▼ 0.4809        0.994        0.0488        3.9901e-05  12.4517
2025-06-01 17:58:41 | INFO     | [callbacks :on_epoch_end      : 147] | ℹ️      22       0.8102        0.5016        0.994      ▼ 0.0459        3.8997e-05  12.5186
2025-06-01 17:58:53 | INFO     | [callbacks :on_epoch_end      : 147] | ℹ️      23       0.8479        0.5452        0.994      ▼ 0.0378        3.8066e-05  12.5749
2025-06-01 17:59:06 | INFO     | [callbacks :on_epoch_end      : 147] | ℹ️      24       0.8459        0.5386        0.994        0.0421        3.711e-05  12.5678
2025-06-01 17:59:18 | INFO     | [callbacks :on_epoch_end      : 147] | ℹ️      25       0.8069         0.514        0.994        0.0441        3.613e-05  12.4204
2025-06-01 17:59:31 | INFO     | [callbacks :on_epoch_end      : 147] | ℹ️      26       0.8247        0.5312        0.994        0.0491        3.5129e-05  12.4662
2025-06-01 17:59:43 | INFO     | [callbacks :on_epoch_end      : 147] | ℹ️      27     ▲ 0.8611        0.5303     ▲ 1.0000        0.0384        3.4109e-05  12.5083
2025-06-01 17:59:56 | INFO     | [callbacks :on_epoch_end      : 147] | ℹ️      28       0.8466        0.5195     ▲ 1.0000      ▼ 0.0351        3.3071e-05  12.5068
2025-06-01 18:00:08 | INFO     | [callbacks :on_epoch_end      : 147] | ℹ️      29       0.8499        0.5317     ▲ 1.0000        0.0361        3.2018e-05  12.4649
2025-06-01 18:00:21 | INFO     | [callbacks :on_epoch_end      : 147] | ℹ️      30       0.8512      ▼ 0.4801        0.994      ▼ 0.0321        3.0952e-05  12.5342
2025-06-01 18:00:33 | INFO     | [callbacks :on_epoch_end      : 147] | ℹ️      31       0.8578      ▼ 0.4348     ▲ 1.0000      ▼ 0.0295        2.9875e-05  12.3662
2025-06-01 18:00:46 | INFO     | [callbacks :on_epoch_end      : 147] | ℹ️      32       0.8108        0.4726     ▲ 1.0000        0.0306        2.8789e-05  12.5544
2025-06-01 18:00:58 | INFO     | [callbacks :on_epoch_end      : 147] | ℹ️      33     ▲ 0.8975        0.4729     ▲ 1.0000      ▼ 0.0249        2.7696e-05  12.4529
2025-06-01 18:01:11 | INFO     | [callbacks :on_epoch_end      : 147] | ℹ️      34       0.8393        0.4941     ▲ 1.0000        0.0251        2.6599e-05  12.5443
2025-06-01 18:01:23 | INFO     | [callbacks :on_epoch_end      : 147] | ℹ️      35       0.8115        0.5415     ▲ 1.0000        0.0282        2.55e-05  12.5996
2025-06-01 18:01:36 | INFO     | [callbacks :on_epoch_end      : 147] | ℹ️      36       0.8261         0.557     ▲ 1.0000      ▼ 0.0225        2.4401e-05  12.6987
2025-06-01 18:01:49 | INFO     | [callbacks :on_epoch_end      : 147] | ℹ️      37       0.8538        0.4773     ▲ 1.0000        0.0265        2.3304e-05  12.496
2025-06-01 18:02:01 | INFO     | [callbacks :on_epoch_end      : 147] | ℹ️      38       0.8717        0.4867     ▲ 1.0000        0.0255        2.2211e-05  12.6672
2025-06-01 18:02:14 | INFO     | [callbacks :on_epoch_end      : 147] | ℹ️      39       0.8069        0.5109     ▲ 1.0000        0.0267        2.1125e-05  12.4871
2025-06-01 18:02:26 | INFO     | [callbacks :on_epoch_end      : 147] | ℹ️      40       0.8228        0.5062     ▲ 1.0000        0.0248        2.0048e-05  12.454
2025-06-01 18:02:39 | INFO     | [callbacks :on_epoch_end      : 147] | ℹ️      41       0.8519        0.4883     ▲ 1.0000      ▼ 0.0222        1.8982e-05  12.5721
2025-06-01 18:02:51 | INFO     | [callbacks :on_epoch_end      : 147] | ℹ️      42       0.8102        0.5378     ▲ 1.0000        0.0239        1.7929e-05  12.512
2025-06-01 18:03:04 | INFO     | [callbacks :on_epoch_end      : 147] | ℹ️      43       0.8168        0.5148     ▲ 1.0000        0.0235        1.6891e-05  12.3537
2025-06-01 18:03:16 | INFO     | [callbacks :on_epoch_end      : 147] | ℹ️      44       0.8631        0.4908     ▲ 1.0000        0.0232        1.5871e-05  12.5146
2025-06-01 18:03:29 | INFO     | [callbacks :on_epoch_end      : 147] | ℹ️      45       0.8624        0.5184     ▲ 1.0000      ▼ 0.0213        1.487e-05  12.4721
2025-06-01 18:03:41 | INFO     | [callbacks :on_epoch_end      : 147] | ℹ️      46       0.8247        0.4628     ▲ 1.0000      ▼ 0.0206        1.389e-05  12.4862
2025-06-01 18:03:54 | INFO     | [callbacks :on_epoch_end      : 147] | ℹ️      47        0.871        0.4674     ▲ 1.0000         0.021        1.2934e-05  12.5204
2025-06-01 18:04:06 | INFO     | [callbacks :on_epoch_end      : 147] | ℹ️      48       0.8823        0.4548     ▲ 1.0000      ▼ 0.0197        1.2003e-05  12.4856
2025-06-01 18:04:19 | INFO     | [callbacks :on_epoch_end      : 147] | ℹ️      49        0.881      ▼ 0.4112     ▲ 1.0000        0.0208        1.1099e-05  12.3622
2025-06-01 18:04:31 | INFO     | [callbacks :on_epoch_end      : 147] | ℹ️      50       0.8823         0.443     ▲ 1.0000      ▼ 0.0183        1.0224e-05  12.4129
2025-06-01 18:04:43 | INFO     | [callbacks :on_epoch_end      : 147] | ℹ️      51       0.8492        0.4455     ▲ 1.0000      ▼ 0.0177        9.3805e-06  12.4113
2025-06-01 18:04:56 | INFO     | [callbacks :on_epoch_end      : 147] | ℹ️      52       0.8353        0.5198     ▲ 1.0000        0.0197        8.569e-06  12.5389
2025-06-01 18:05:08 | INFO     | [callbacks :on_epoch_end      : 147] | ℹ️      53        0.838         0.457     ▲ 1.0000        0.0201        7.7915e-06  12.4196
2025-06-01 18:05:21 | INFO     | [callbacks :on_epoch_end      : 147] | ℹ️      54       0.8532        0.4923     ▲ 1.0000        0.0189        7.0497e-06  12.4779
2025-06-01 18:05:33 | INFO     | [callbacks :on_epoch_end      : 147] | ℹ️      55         0.83        0.4729     ▲ 1.0000        0.0213        6.3451e-06  12.4222
2025-06-01 18:05:46 | INFO     | [callbacks :on_epoch_end      : 147] | ℹ️      56       0.8108        0.4943     ▲ 1.0000        0.0191        5.6791e-06  12.5642
2025-06-01 18:05:58 | INFO     | [callbacks :on_epoch_end      : 147] | ℹ️      57       0.8155        0.4988     ▲ 1.0000        0.0189        5.053e-06  12.4276
2025-06-01 18:06:11 | INFO     | [callbacks :on_epoch_end      : 147] | ℹ️      58       0.8426        0.4715     ▲ 1.0000        0.0185        4.468e-06  12.4547
2025-06-01 18:06:23 | INFO     | [callbacks :on_epoch_end      : 147] | ℹ️      59       0.8499        0.4618     ▲ 1.0000        0.0206        3.9254e-06  12.5325
2025-06-01 18:06:36 | INFO     | [callbacks :on_epoch_end      : 147] | ℹ️      60        0.836         0.467     ▲ 1.0000        0.0181        3.4263e-06  12.4728
2025-06-01 18:06:48 | INFO     | [callbacks :on_epoch_end      : 147] | ℹ️      61       0.8406        0.4761     ▲ 1.0000        0.0177        2.9716e-06  12.4391
2025-06-01 18:07:01 | INFO     | [callbacks :on_epoch_end      : 147] | ℹ️      62       0.8829        0.4529     ▲ 1.0000        0.0182        2.5622e-06  12.4465
2025-06-01 18:07:13 | INFO     | [callbacks :on_epoch_end      : 147] | ℹ️      63     ▲ 0.8981        0.4529     ▲ 1.0000        0.0186        2.1991e-06  12.6099
2025-06-01 18:07:26 | INFO     | [callbacks :on_epoch_end      : 147] | ℹ️      64       0.8737         0.467     ▲ 1.0000        0.0179        1.8829e-06  12.4518
2025-06-01 18:07:38 | INFO     | [callbacks :on_epoch_end      : 147] | ℹ️      65       0.8558        0.4577     ▲ 1.0000      ▼ 0.0174        1.6143e-06  12.4519
2025-06-01 18:07:51 | INFO     | [callbacks :on_epoch_end      : 147] | ℹ️      66       0.8624        0.4411     ▲ 1.0000        0.0175        1.3937e-06  12.5468
2025-06-01 18:08:03 | INFO     | [callbacks :on_epoch_end      : 147] | ℹ️      67       0.8638        0.4515     ▲ 1.0000        0.0177        1.2217e-06  12.3652
2025-06-01 18:08:16 | INFO     | [callbacks :on_epoch_end      : 147] | ℹ️      68       0.8274        0.4794     ▲ 1.0000        0.0178        1.0986e-06  12.4623
2025-06-01 18:08:28 | INFO     | [callbacks :on_epoch_end      : 147] | ℹ️      69       0.8638        0.4822     ▲ 1.0000        0.0177        1.0247e-06  12.4638
2025-06-01 18:08:41 | INFO     | [callbacks :on_epoch_end      : 147] | ℹ️      70       0.8644        0.4737     ▲ 1.0000        0.0176        1e-06  12.4716
2025-06-01 18:08:41 | INFO     | [pipeline  :cv_model_evalua...:1313] | ℹ️ Using best model from epoch 70
2025-06-01 18:08:41 | INFO     | [pipeline  :cv_model_evalua...:1316] | ℹ️ Evaluating model on outer test set for fold 4...
2025-06-01 18:08:41 | DEBUG    | [adapter   :get_iterator      : 275] | 🐞 Creating DataLoader for validation/evaluation: dataset_len=420, batch_size=16, shuffle=False, collate_fn_type='function', loader_kwargs={'num_workers': 0, 'pin_memory': False}
2025-06-01 18:08:42 | DEBUG    | [adapter   :get_iterator      : 275] | 🐞 Creating DataLoader for validation/evaluation: dataset_len=420, batch_size=16, shuffle=False, collate_fn_type='function', loader_kwargs={'num_workers': 0, 'pin_memory': False}
2025-06-01 18:08:43 | DEBUG    | [pipeline  :_compute_metrics  : 443] | 🐞 Computed Metrics: Acc=0.9833, Macro F1=0.9833
2025-06-01 18:08:43 | INFO     | [pipeline  :cv_model_evalua...:1336] | ℹ️ Fold 4 Test Scores: Acc=0.9833, F1=0.9833
2025-06-01 18:08:43 | INFO     | [pipeline  :cv_model_evalua...:1262] | ℹ️ --- Starting CV Evaluation Fold 5/5 ---
2025-06-01 18:08:43 | DEBUG    | [pipeline  :cv_model_evalua...:1269] | 🐞 Outer split (full set): 1680 train / 420 test samples.
2025-06-01 18:08:43 | DEBUG    | [pipeline  :cv_model_evalua...:1289] | 🐞 Fold 5: Internal split: ~1512 train / ~168 valid.
2025-06-01 18:08:43 | INFO     | [pipeline  :cv_model_evalua...:1299] | ℹ️ Fitting model for fold 5...
2025-06-01 18:08:43 | DEBUG    | [pretrai...:__init__          :  38] | 🐞 Initializing PretrainedViT:
2025-06-01 18:08:43 | DEBUG    | [pretrai...:__init__          :  39] | 🐞   Model Variant: vit_b_16, Pretrained: True
2025-06-01 18:08:43 | DEBUG    | [pretrai...:__init__          :  40] | 🐞   Is Hybrid Input: False
2025-06-01 18:08:43 | DEBUG    | [pretrai...:__init__          :  43] | 🐞   Unfreeze Strategy (Encoder Blocks): encoder_tail
2025-06-01 18:08:43 | DEBUG    | [pretrai...:__init__          :  45] | 🐞   Num Transformer Blocks to Unfreeze: 1
2025-06-01 18:08:43 | DEBUG    | [pretrai...:__init__          :  46] | 🐞   Unfreeze CLS: True, PosEmb: True, PatchEmb: False, EncoderLN: True
2025-06-01 18:08:43 | DEBUG    | [pretrai...:__init__          :  48] | 🐞   Custom Head Hidden Dims: None, Head Dropout: 0.5
2025-06-01 18:08:43 | DEBUG    | [pretrai...:__init__          :  69] | 🐞 Loaded vit_b_16 from torchvision.
2025-06-01 18:08:43 | DEBUG    | [pretrai...:__init__          : 313] | 🐞 Created simple linear head (dropout: 0.5), in_feat=768.
2025-06-01 18:08:43 | INFO     | [pretrai...:__init__          : 323] | ℹ️ PretrainedViT (standard) - Trainable: CLS Token, Positional Embeddings, 1 Encoder Blocks, Encoder LayerNorm, Classification Head.
2025-06-01 18:08:43 | INFO     | [pretrai...:__init__          : 348] | ℹ️ PretrainedViT (standard): Trainable params: 7.25M / Total params: 85.80M (8.44%)
2025-06-01 18:08:43 | DEBUG    | [adapter   :get_split_datasets: 164] | 🐞 Split created: 1512 train, 168 validation.
2025-06-01 18:08:43 | DEBUG    | [adapter   :get_iterator      : 275] | 🐞 Creating DataLoader for training: dataset_len=1512, batch_size=16, shuffle=True, collate_fn_type='function', loader_kwargs={'num_workers': 0, 'pin_memory': False}
2025-06-01 18:08:43 | DEBUG    | [adapter   :get_iterator      : 275] | 🐞 Creating DataLoader for validation/evaluation: dataset_len=168, batch_size=16, shuffle=False, collate_fn_type='function', loader_kwargs={'num_workers': 0, 'pin_memory': False}
2025-06-01 18:08:58 | INFO     | [callbacks :on_epoch_end      : 147] | ℹ️   epoch    train_acc    train_loss    valid_acc    valid_loss   cp           lr      dur
2025-06-01 18:08:58 | INFO     | [callbacks :on_epoch_end      : 147] | ℹ️ -------  -----------  ------------  -----------  ------------  ----  ----------  -------
2025-06-01 18:08:58 | INFO     | [callbacks :on_epoch_end      : 147] | ℹ️       1     ▲ 0.5265      ▼ 1.3314     ▲ 0.9048      ▼ 0.4162        4.9975e-05  14.8133
2025-06-01 18:09:11 | INFO     | [callbacks :on_epoch_end      : 147] | ℹ️       2     ▲ 0.7493      ▼ 0.8787     ▲ 0.9405      ▼ 0.2669        4.9901e-05  12.537
2025-06-01 18:09:23 | INFO     | [callbacks :on_epoch_end      : 147] | ℹ️       3     ▲ 0.7685      ▼ 0.7715     ▲ 0.9405      ▼ 0.2054        4.9778e-05  12.5239
2025-06-01 18:09:36 | INFO     | [callbacks :on_epoch_end      : 147] | ℹ️       4     ▲ 0.7705      ▼ 0.6893     ▲ 0.9643      ▼ 0.1635        4.9606e-05  12.5402
2025-06-01 18:09:48 | INFO     | [callbacks :on_epoch_end      : 147] | ℹ️       5     ▲ 0.8221      ▼ 0.5997     ▲ 0.9762      ▼ 0.1412        4.9386e-05  12.454
2025-06-01 18:10:01 | INFO     | [callbacks :on_epoch_end      : 147] | ℹ️       6       0.8009        0.6037     ▲ 0.9762      ▼ 0.1178        4.9117e-05  12.5174
2025-06-01 18:10:14 | INFO     | [callbacks :on_epoch_end      : 147] | ℹ️       7       0.8201        0.6212     ▲ 0.9821        0.1183        4.8801e-05  12.6168
2025-06-01 18:10:26 | INFO     | [callbacks :on_epoch_end      : 147] | ℹ️       8       0.8036        0.6134     ▲ 0.9881      ▼ 0.1137        4.8438e-05  12.5134
2025-06-01 18:10:39 | INFO     | [callbacks :on_epoch_end      : 147] | ℹ️       9     ▲ 0.8406        0.6056     ▲ 0.9881      ▼ 0.0983        4.8028e-05  12.5136
2025-06-01 18:10:51 | INFO     | [callbacks :on_epoch_end      : 147] | ℹ️      10       0.7804      ▼ 0.5856     ▲ 0.9881      ▼ 0.0874        4.7574e-05  12.6929
2025-06-01 18:11:04 | INFO     | [callbacks :on_epoch_end      : 147] | ℹ️      11       0.8135        0.5976     ▲ 0.9881      ▼ 0.0868        4.7075e-05  12.4273
2025-06-01 18:11:16 | INFO     | [callbacks :on_epoch_end      : 147] | ℹ️      12        0.797        0.6263       0.9821        0.0883        4.6532e-05  12.5786
2025-06-01 18:11:29 | INFO     | [callbacks :on_epoch_end      : 147] | ℹ️      13       0.8175      ▼ 0.5462       0.9762      ▼ 0.0796        4.5947e-05  12.5491
2025-06-01 18:11:41 | INFO     | [callbacks :on_epoch_end      : 147] | ℹ️      14       0.8327        0.5478       0.9821      ▼ 0.0735        4.5321e-05  12.4905
2025-06-01 18:11:54 | INFO     | [callbacks :on_epoch_end      : 147] | ℹ️      15        0.838        0.5765     ▲ 0.9881        0.0846        4.4655e-05  12.4374
2025-06-01 18:12:06 | INFO     | [callbacks :on_epoch_end      : 147] | ℹ️      16       0.8155        0.5509       0.9821      ▼ 0.0732        4.395e-05  12.4444
2025-06-01 18:12:19 | INFO     | [callbacks :on_epoch_end      : 147] | ℹ️      17       0.8194        0.5568       0.9821      ▼ 0.0708        4.3208e-05  12.4987
2025-06-01 18:12:31 | INFO     | [callbacks :on_epoch_end      : 147] | ℹ️      18       0.8194        0.5719       0.9821         0.074        4.2431e-05  12.4634
2025-06-01 18:12:44 | INFO     | [callbacks :on_epoch_end      : 147] | ℹ️      19       0.8175      ▼ 0.5337       0.9821        0.0776        4.1619e-05  12.4501
2025-06-01 18:12:56 | INFO     | [callbacks :on_epoch_end      : 147] | ℹ️      20     ▲ 0.8571      ▼ 0.4729       0.9821      ▼ 0.0644        4.0776e-05  12.438
2025-06-01 18:13:09 | INFO     | [callbacks :on_epoch_end      : 147] | ℹ️      21       0.8194         0.558     ▲ 0.9881        0.0664        3.9901e-05  12.5708
2025-06-01 18:13:21 | INFO     | [callbacks :on_epoch_end      : 147] | ℹ️      22       0.8142        0.5278     ▲ 0.9881      ▼ 0.0586        3.8997e-05  12.4745
2025-06-01 18:13:34 | INFO     | [callbacks :on_epoch_end      : 147] | ℹ️      23       0.8353        0.5499       0.9762        0.0782        3.8066e-05  12.3505
2025-06-01 18:13:46 | INFO     | [callbacks :on_epoch_end      : 147] | ℹ️      24       0.8333        0.4815       0.9821      ▼ 0.0564        3.711e-05  12.5645
2025-06-01 18:13:59 | INFO     | [callbacks :on_epoch_end      : 147] | ℹ️      25       0.8036        0.5534       0.9762         0.078        3.613e-05  12.6369
2025-06-01 18:14:11 | INFO     | [callbacks :on_epoch_end      : 147] | ℹ️      26       0.8254        0.5189     ▲ 0.9881        0.0588        3.5129e-05  12.494
2025-06-01 18:14:24 | INFO     | [callbacks :on_epoch_end      : 147] | ℹ️      27        0.832         0.522     ▲ 0.9881      ▼ 0.0556        3.4109e-05  12.4408
2025-06-01 18:14:36 | INFO     | [callbacks :on_epoch_end      : 147] | ℹ️      28       0.8261        0.5099     ▲ 0.9881      ▼ 0.0535        3.3071e-05  12.6314
2025-06-01 18:14:49 | INFO     | [callbacks :on_epoch_end      : 147] | ℹ️      29       0.8161        0.5332       0.9762        0.0646        3.2018e-05  12.5663
2025-06-01 18:15:01 | INFO     | [callbacks :on_epoch_end      : 147] | ℹ️      30       0.8228        0.4808       0.9762        0.0632        3.0952e-05  12.5012
2025-06-01 18:15:14 | INFO     | [callbacks :on_epoch_end      : 147] | ℹ️      31       0.8142        0.5094       0.9762        0.0647        2.9875e-05  12.4423
2025-06-01 18:15:27 | INFO     | [callbacks :on_epoch_end      : 147] | ℹ️      32       0.8413        0.4958     ▲ 0.9881      ▼ 0.0530        2.8789e-05  12.615
2025-06-01 18:15:39 | INFO     | [callbacks :on_epoch_end      : 147] | ℹ️      33       0.8492        0.4793       0.9821      ▼ 0.0511        2.7696e-05  12.5685
2025-06-01 18:15:52 | INFO     | [callbacks :on_epoch_end      : 147] | ℹ️      34       0.8512        0.5101     ▲ 0.9881        0.0549        2.6599e-05  12.4807
2025-06-01 18:16:04 | INFO     | [callbacks :on_epoch_end      : 147] | ℹ️      35     ▲ 0.8638        0.4896       0.9821      ▼ 0.0496        2.55e-05  12.3775
2025-06-01 18:16:17 | INFO     | [callbacks :on_epoch_end      : 147] | ℹ️      36     ▲ 0.8704        0.5183       0.9821      ▼ 0.0480        2.4401e-05  12.6025
2025-06-01 18:16:29 | INFO     | [callbacks :on_epoch_end      : 147] | ℹ️      37       0.8604        0.4801     ▲ 0.9881        0.0505        2.3304e-05  12.5606
2025-06-01 18:16:42 | INFO     | [callbacks :on_epoch_end      : 147] | ℹ️      38       0.8439        0.4817     ▲ 0.9881        0.0499        2.2211e-05  12.354
2025-06-01 18:16:54 | INFO     | [callbacks :on_epoch_end      : 147] | ℹ️      39       0.8069        0.5025     ▲ 0.9881         0.051        2.1125e-05  12.5043
2025-06-01 18:17:07 | INFO     | [callbacks :on_epoch_end      : 147] | ℹ️      40       0.8558        0.5078       0.9821        0.0538        2.0048e-05  12.4904
2025-06-01 18:17:19 | INFO     | [callbacks :on_epoch_end      : 147] | ℹ️      41       0.8591        0.4937     ▲ 0.9881        0.0525        1.8982e-05  12.4453
2025-06-01 18:17:31 | INFO     | [callbacks :on_epoch_end      : 147] | ℹ️      42       0.8353        0.5026     ▲ 0.9881          0.05        1.7929e-05  12.3572
2025-06-01 18:17:44 | INFO     | [callbacks :on_epoch_end      : 147] | ℹ️      43     ▲ 0.8836        0.4793     ▲ 0.9881         0.054        1.6891e-05  12.5448
2025-06-01 18:17:56 | INFO     | [callbacks :on_epoch_end      : 147] | ℹ️      44       0.8552      ▼ 0.4676     ▲ 0.9881      ▼ 0.0470        1.5871e-05  12.4733
2025-06-01 18:18:09 | INFO     | [callbacks :on_epoch_end      : 147] | ℹ️      45       0.8261        0.4946     ▲ 0.9881        0.0481        1.487e-05  12.5172
2025-06-01 18:18:21 | INFO     | [callbacks :on_epoch_end      : 147] | ℹ️      46       0.8545      ▼ 0.4633     ▲ 0.9881      ▼ 0.0468        1.389e-05  12.427
2025-06-01 18:18:34 | INFO     | [callbacks :on_epoch_end      : 147] | ℹ️      47       0.8525        0.4991     ▲ 0.9881        0.0514        1.2934e-05  12.2923
2025-06-01 18:18:46 | INFO     | [callbacks :on_epoch_end      : 147] | ℹ️      48       0.8466        0.4968     ▲ 0.9881        0.0497        1.2003e-05  12.5553
2025-06-01 18:18:59 | INFO     | [callbacks :on_epoch_end      : 147] | ℹ️      49       0.8512        0.4728     ▲ 0.9881      ▼ 0.0455        1.1099e-05  12.5492
2025-06-01 18:19:11 | INFO     | [callbacks :on_epoch_end      : 147] | ℹ️      50       0.8505        0.4742     ▲ 0.9881      ▼ 0.0437        1.0224e-05  12.4394
2025-06-01 18:19:24 | INFO     | [callbacks :on_epoch_end      : 147] | ℹ️      51       0.8704      ▼ 0.4482     ▲ 0.9881         0.044        9.3805e-06  12.4443
2025-06-01 18:19:36 | INFO     | [callbacks :on_epoch_end      : 147] | ℹ️      52        0.832        0.4746     ▲ 0.9881      ▼ 0.0435        8.569e-06  12.5217
2025-06-01 18:19:49 | INFO     | [callbacks :on_epoch_end      : 147] | ℹ️      53       0.8347         0.472     ▲ 0.9881        0.0442        7.7915e-06  12.4907
2025-06-01 18:20:01 | INFO     | [callbacks :on_epoch_end      : 147] | ℹ️      54       0.8618        0.4871     ▲ 0.9881        0.0472        7.0497e-06  12.488
2025-06-01 18:20:14 | INFO     | [callbacks :on_epoch_end      : 147] | ℹ️      55       0.8776        0.4757     ▲ 0.9881        0.0444        6.3451e-06  12.4419
2025-06-01 18:20:26 | INFO     | [callbacks :on_epoch_end      : 147] | ℹ️      56       0.8208        0.5155     ▲ 0.9881        0.0486        5.6791e-06  12.458
2025-06-01 18:20:39 | INFO     | [callbacks :on_epoch_end      : 147] | ℹ️      57       0.8413        0.4864     ▲ 0.9881        0.0443        5.053e-06  12.6139
2025-06-01 18:20:51 | INFO     | [callbacks :on_epoch_end      : 147] | ℹ️      58       0.8446        0.4615     ▲ 0.9881        0.0446        4.468e-06  12.4339
2025-06-01 18:21:04 | INFO     | [callbacks :on_epoch_end      : 147] | ℹ️      59       0.8254        0.4612     ▲ 0.9881        0.0443        3.9254e-06  12.3402
2025-06-01 18:21:16 | INFO     | [callbacks :on_epoch_end      : 147] | ℹ️      60       0.8485        0.4514     ▲ 0.9881      ▼ 0.0425        3.4263e-06  12.516
2025-06-01 18:21:29 | INFO     | [callbacks :on_epoch_end      : 147] | ℹ️      61       0.8638        0.4793     ▲ 0.9881        0.0444        2.9716e-06  12.6312
2025-06-01 18:21:41 | INFO     | [callbacks :on_epoch_end      : 147] | ℹ️      62       0.8307      ▼ 0.4347     ▲ 0.9881        0.0462        2.5622e-06  12.3874
2025-06-01 18:21:54 | INFO     | [callbacks :on_epoch_end      : 147] | ℹ️      63       0.8519        0.5284     ▲ 0.9881        0.0443        2.1991e-06  12.4576
2025-06-01 18:22:06 | INFO     | [callbacks :on_epoch_end      : 147] | ℹ️      64       0.8459      ▼ 0.4149     ▲ 0.9881        0.0443        1.8829e-06  12.6414
2025-06-01 18:22:19 | INFO     | [callbacks :on_epoch_end      : 147] | ℹ️      65        0.873        0.4486     ▲ 0.9881        0.0446        1.6143e-06  12.5719
2025-06-01 18:22:31 | INFO     | [callbacks :on_epoch_end      : 147] | ℹ️      66       0.8657        0.4745     ▲ 0.9881        0.0448        1.3937e-06  12.5688
2025-06-01 18:22:44 | INFO     | [callbacks :on_epoch_end      : 147] | ℹ️      67       0.8194        0.4764     ▲ 0.9881        0.0448        1.2217e-06  12.5926
2025-06-01 18:22:56 | INFO     | [callbacks :on_epoch_end      : 147] | ℹ️      68       0.8704        0.4747     ▲ 0.9881        0.0451        1.0986e-06  12.5315
2025-06-01 18:23:09 | INFO     | [callbacks :on_epoch_end      : 147] | ℹ️      69       0.8439        0.4819     ▲ 0.9881        0.0455        1.0247e-06  12.5277
2025-06-01 18:23:22 | INFO     | [callbacks :on_epoch_end      : 147] | ℹ️      70       0.8333        0.4887     ▲ 0.9881        0.0445        1e-06  12.5546
2025-06-01 18:23:22 | INFO     | [pipeline  :cv_model_evalua...:1313] | ℹ️ Using best model from epoch 70
2025-06-01 18:23:22 | INFO     | [pipeline  :cv_model_evalua...:1316] | ℹ️ Evaluating model on outer test set for fold 5...
2025-06-01 18:23:22 | DEBUG    | [adapter   :get_iterator      : 275] | 🐞 Creating DataLoader for validation/evaluation: dataset_len=420, batch_size=16, shuffle=False, collate_fn_type='function', loader_kwargs={'num_workers': 0, 'pin_memory': False}
2025-06-01 18:23:23 | DEBUG    | [adapter   :get_iterator      : 275] | 🐞 Creating DataLoader for validation/evaluation: dataset_len=420, batch_size=16, shuffle=False, collate_fn_type='function', loader_kwargs={'num_workers': 0, 'pin_memory': False}
2025-06-01 18:23:24 | DEBUG    | [pipeline  :_compute_metrics  : 443] | 🐞 Computed Metrics: Acc=0.9905, Macro F1=0.9905
2025-06-01 18:23:24 | INFO     | [pipeline  :cv_model_evalua...:1336] | ℹ️ Fold 5 Test Scores: Acc=0.9905, F1=0.9905
2025-06-01 18:23:24 | DEBUG    | [pipeline  :_save_results     : 463] | 🐞 Results detail level overridden for this run to: 3
2025-06-01 18:23:24 | DEBUG    | [pipeline  :_save_results     : 471] | 🐞 Saving results for cv_model_evaluation_full_171820 (detail level: 3)
2025-06-01 18:23:24 | INFO     | [pipeline  :_save_results     : 580] | ℹ️ Results JSON saved via repository to: experiments/Swimcat-extend/pvit/20250601_171820_seed42/cv_model_evaluation_full_171820/cv_model_evaluation_results.json
2025-06-01 18:23:24 | INFO     | [pipeline  :cv_model_evalua...:1454] | ℹ️ Plotting cv for eval results for cv_model_evaluation_full_171820 (plot level 2).
2025-06-01 18:23:24 | INFO     | [plotter   :plot_cv_model_e...: 854] | ℹ️ Plotting cv_model_evaluation results for: cv_model_evaluation_full_171820
2025-06-01 18:23:25 | INFO     | [plotter   :_generate_aggre...: 301] | ℹ️ Aggregated metrics CSV saved via repository to: experiments/Swimcat-extend/pvit/20250601_171820_seed42/cv_model_evaluation_full_171820/cv_model_evaluation_plots/aggregated_metrics_table.csv
2025-06-01 18:23:26 | INFO     | [plotter   :plot_cv_model_e...: 910] | ℹ️ Generating grouped plots per fold for 5 folds...
2025-06-01 18:23:32 | INFO     | [plotter   :_generate_metri...: 246] | ℹ️ Metrics CSV saved via repository to: experiments/Swimcat-extend/pvit/20250601_171820_seed42/cv_model_evaluation_full_171820/cv_model_evaluation_plots/fold_1_metrics_table.csv
2025-06-01 18:23:32 | INFO     | [plotter   :_generate_metri...: 246] | ℹ️ Metrics CSV saved via repository to: experiments/Swimcat-extend/pvit/20250601_171820_seed42/cv_model_evaluation_full_171820/cv_model_evaluation_plots/fold_2_metrics_table.csv
2025-06-01 18:23:32 | INFO     | [plotter   :_generate_metri...: 246] | ℹ️ Metrics CSV saved via repository to: experiments/Swimcat-extend/pvit/20250601_171820_seed42/cv_model_evaluation_full_171820/cv_model_evaluation_plots/fold_3_metrics_table.csv
2025-06-01 18:23:32 | INFO     | [plotter   :_generate_metri...: 246] | ℹ️ Metrics CSV saved via repository to: experiments/Swimcat-extend/pvit/20250601_171820_seed42/cv_model_evaluation_full_171820/cv_model_evaluation_plots/fold_4_metrics_table.csv
2025-06-01 18:23:32 | INFO     | [plotter   :_generate_metri...: 246] | ℹ️ Metrics CSV saved via repository to: experiments/Swimcat-extend/pvit/20250601_171820_seed42/cv_model_evaluation_full_171820/cv_model_evaluation_plots/fold_5_metrics_table.csv
2025-06-01 18:23:32 | INFO     | [plotter   :plot_cv_model_e...:1061] | ℹ️ Finished plotting for cv_model_evaluation: cv_model_evaluation_full_171820
2025-06-01 18:23:32 | INFO     | [pipeline  :cv_model_evalua...:1470] | ℹ️ CV Evaluation Summary (on full data, 5 folds, 95% CI):
2025-06-01 18:23:32 | INFO     | [pipeline  :cv_model_evalua...:1476] | ℹ️   Accuracy            : 0.9886 +/- 0.0087
2025-06-01 18:23:32 | INFO     | [pipeline  :cv_model_evalua...:1476] | ℹ️   F1 Macro            : 0.9886 +/- 0.0087
2025-06-01 18:23:32 | INFO     | [pipeline  :cv_model_evalua...:1476] | ℹ️   Precision Macro     : 0.9891 +/- 0.0083
2025-06-01 18:23:32 | INFO     | [pipeline  :cv_model_evalua...:1476] | ℹ️   Recall Macro        : 0.9886 +/- 0.0087
2025-06-01 18:23:32 | INFO     | [pipeline  :cv_model_evalua...:1476] | ℹ️   Specificity Macro   : 0.9977 +/- 0.0017
2025-06-01 18:23:32 | INFO     | [pipeline  :cv_model_evalua...:1476] | ℹ️   Roc Auc Macro       : 0.9997 +/- 0.0002
2025-06-01 18:23:32 | INFO     | [pipeline  :cv_model_evalua...:1476] | ℹ️   Pr Auc Macro        : 0.9932 +/- 0.0010
2025-06-01 18:23:32 | INFO     | [executor  :run               : 198] | ℹ️ --- Method cv_model_evaluation (cv_model_evaluation_0) completed successfully in 3912.07s ---
2025-06-01 18:23:32 | INFO     | [executor  :run               : 217] | ℹ️ Pipeline execution finished in 3912.07s.
2025-06-01 18:23:32 | INFO     | [executor  :run               : 313] | ℹ️ Final log file available at: C:\Users\Stefan Alexandrescu\Documents\GitHub\UBB-Y3-AI-Research\model_src\experiments\Swimcat-extend\pvit\20250601_171820_seed42\experiment_run_20250601_171820_seed42.log
2025-06-01 18:23:32 | INFO     | [main      :<module>          : 322] | ℹ️ --- Final Execution Results Summary ---
2025-06-01 18:23:32 | INFO     | [main      :<module>          : 331] | ℹ️ Method cv_model_evaluation_0: Completed. (Acc: 0.9886, F1: 0.9886, BestScore: nan)
