Timestamp           | Level    | Location                             | Message
--------------------+----------+--------------------------------------+---------------------------------------------------
2025-05-18 20:41:16 | INFO     | [logger_...:setup_logger      : 153] | ℹ️ Logger 'ImgClassPipe' initialized. Log file: C:\Users\Stefan\Documents\GitHub\UBB-Y3-AI-Research\model_src\experiments\mini-GCD-flat\cnn\20250518_204116_seed42\experiment_run_20250518_204116_seed42.log
2025-05-18 20:41:16 | INFO     | [executor  :__init__          : 119] | ℹ️ --- Starting Experiment Run (ID: 20250518_204116_seed42) ---
2025-05-18 20:41:16 | INFO     | [executor  :__init__          : 120] | ℹ️ Executor initialized for model 'cnn' on dataset 'mini-GCD-flat'
2025-05-18 20:41:16 | INFO     | [executor  :__init__          : 123] | ℹ️ Local artifact storage base: C:\Users\Stefan\Documents\GitHub\UBB-Y3-AI-Research\model_src
2025-05-18 20:41:16 | INFO     | [executor  :__init__          : 127] | ℹ️ Base key/prefix for this run's artifacts: experiments/mini-GCD-flat/cnn/20250518_204116_seed42
2025-05-18 20:41:16 | DEBUG    | [executor  :_validate_methods : 156] | 🐞 Basic method validation successful.
2025-05-18 20:41:16 | INFO     | [executor  :__init__          : 137] | ℹ️ Executor configured to run methods: non_nested_grid_search, single_eval
2025-05-18 20:41:16 | INFO     | [executor  :run               : 166] | ℹ️ Starting execution of pipeline methods...
2025-05-18 20:41:16 | INFO     | [executor  :run               : 170] | ℹ️ --- Running Method 1/2: non_nested_grid_search (non_nested_grid_search_0) ---
2025-05-18 20:41:16 | DEBUG    | [executor  :run               : 195] | 🐞 Running with effective parameters: {'param_grid': {'lr': [0.005, 0.001, 0.0005], 'batch_size': [16, 32], 'optimizer__weight_decay': [0.01, 0.001, 0.0001], 'module__dropout_rate': [0.3, 0.4, 0.5, 0.6]}, 'cv': 2, 'method': 'random', 'n_iter': 2, 'internal_val_split_ratio': 0.2, 'scoring': 'accuracy', 'save_best_model': True, 'results_detail_level': 2}
2025-05-18 20:41:16 | INFO     | [pipeline  :non_nested_grid...: 562] | ℹ️ Performing non-nested RandomizedSearchCV with 2-fold CV.
2025-05-18 20:41:16 | INFO     | [pipeline  :non_nested_grid...: 563] | ℹ️ Parameter Grid/Dist:
{
  "lr": [
    0.005,
    0.001,
    0.0005
  ],
  "batch_size": [
    16,
    32
  ],
  "optimizer__weight_decay": [
    0.01,
    0.001,
    0.0001
  ],
  "module__dropout_rate": [
    0.3,
    0.4,
    0.5,
    0.6
  ]
}
2025-05-18 20:41:16 | INFO     | [pipeline  :non_nested_grid...: 564] | ℹ️ Scoring Metric: accuracy
2025-05-18 20:41:16 | INFO     | [pipeline  :non_nested_grid...: 573] | ℹ️ Using 347 samples for Train+Validation in GridSearchCV.
2025-05-18 20:41:16 | INFO     | [pipeline  :non_nested_grid...: 581] | ℹ️ Skorch internal validation split configured: 20.0% of each CV fold's training data.
2025-05-18 20:41:16 | INFO     | [pipeline  :non_nested_grid...: 615] | ℹ️ Fitting RandomizedSearchCV on train+validation data (search verbose=3)...
2025-05-18 20:41:16 | INFO     | [pipeline  :non_nested_grid...: 633] | ℹ️ Target number of iterations (RandomizedSearchCV): 2
2025-05-18 20:41:16 | DEBUG    | [adapter   :get_split_datasets: 124] | 🐞 Split created: 138 train, 35 validation.
2025-05-18 20:41:18 | DEBUG    | [adapter   :get_iterator      : 181] | 🐞 Creating DataLoader: size=138, batch_size=16, shuffle=True, collate_fn=Assigned, other_kwargs={}
2025-05-18 20:41:19 | DEBUG    | [adapter   :get_iterator      : 181] | 🐞 Creating DataLoader: size=35, batch_size=16, shuffle=False, collate_fn=Assigned, other_kwargs={}
2025-05-18 20:41:21 | INFO     | [callbacks :on_epoch_end      : 147] | ℹ️   epoch    train_acc    train_loss    valid_acc    valid_loss   cp      lr     dur
2025-05-18 20:41:21 | INFO     | [callbacks :on_epoch_end      : 147] | ℹ️ -------  -----------  ------------  -----------  ------------  ----  -----  ------
2025-05-18 20:41:21 | INFO     | [callbacks :on_epoch_end      : 147] | ℹ️       1     ▲ 0.2246     ▼ 52.1001     ▲ 0.3143     ▼ 61.6592        0.005  2.0748
2025-05-18 20:41:23 | INFO     | [callbacks :on_epoch_end      : 147] | ℹ️       2     ▲ 0.2391     ▼ 28.0228       0.2571     ▼ 36.6329        0.005  1.8508
2025-05-18 20:41:24 | INFO     | [callbacks :on_epoch_end      : 147] | ℹ️       3     ▲ 0.2609     ▼ 25.2132       0.2857     ▼ 24.2978        0.005  1.7411
2025-05-18 20:41:26 | INFO     | [callbacks :on_epoch_end      : 147] | ℹ️       4       0.2319     ▼ 12.4838          0.2       28.7337        0.005  1.8388
2025-05-18 20:41:28 | INFO     | [callbacks :on_epoch_end      : 147] | ℹ️       5       0.2246      ▼ 9.1706     ▲ 0.4571     ▼ 17.0628        0.005  1.7284
2025-05-18 20:41:30 | INFO     | [callbacks :on_epoch_end      : 147] | ℹ️       6     ▲ 0.3261      ▼ 5.8108       0.4286       17.4215        0.005  1.7063
2025-05-18 20:41:31 | INFO     | [callbacks :on_epoch_end      : 147] | ℹ️       7       0.2174      ▼ 4.7055       0.3429       30.0697        0.005  1.6904
2025-05-18 20:41:33 | INFO     | [callbacks :on_epoch_end      : 147] | ℹ️       8       0.2971      ▼ 3.1493       0.1714       24.7959        0.005  1.6913
2025-05-18 20:41:35 | INFO     | [callbacks :on_epoch_end      : 147] | ℹ️       9       0.2101      ▼ 2.2362       0.3429       18.5506        0.005  1.7435
2025-05-18 20:41:37 | INFO     | [callbacks :on_epoch_end      : 147] | ℹ️      10       0.1884        2.7146       0.1714     ▼ 11.8860        0.005  1.7384
2025-05-18 21:30:25 | DEBUG    | [adapter   :get_iterator      : 154] | 🐞 get_iterator creating PathImageDataset for evaluation/prediction.
2025-05-18 21:30:25 | DEBUG    | [adapter   :get_iterator      : 181] | 🐞 Creating DataLoader: size=174, batch_size=16, shuffle=False, collate_fn=Assigned, other_kwargs={}
2025-05-18 21:31:17 | DEBUG    | [adapter   :get_iterator      : 154] | 🐞 get_iterator creating PathImageDataset for evaluation/prediction.
2025-05-18 21:31:17 | DEBUG    | [adapter   :get_iterator      : 181] | 🐞 Creating DataLoader: size=173, batch_size=16, shuffle=False, collate_fn=Assigned, other_kwargs={}
2025-05-18 21:31:19 | DEBUG    | [adapter   :get_split_datasets: 124] | 🐞 Split created: 139 train, 35 validation.
2025-05-18 21:31:54 | ERROR    | [pipeline  :non_nested_grid...: 647] | ❌ Error during RandomizedSearchCV.fit: list index out of range
2025-05-18 21:31:54 | CRITICAL | [executor  :run               : 213] | 💀 !!! Unexpected critical error during 'non_nested_grid_search': list index out of range
2025-05-18 21:31:54 | INFO     | [executor  :run               : 216] | ℹ️ Pipeline execution finished in 3038.89s.
2025-05-18 21:31:54 | INFO     | [main      :<module>          : 251] | ℹ️ --- Final Execution Results Summary ---
2025-05-18 21:31:54 | ERROR    | [main      :<module>          : 254] | ❌ Method non_nested_grid_search_0: FAILED - list index out of range
