Timestamp           | Level    | Location                             | Message
--------------------+----------+--------------------------------------+---------------------------------------------------
2025-05-18 19:33:00 | INFO     | [logger_...:setup_logger      : 153] | ℹ️ Logger 'ImgClassPipe' initialized. Log file: C:\Users\Stefan\Documents\GitHub\UBB-Y3-AI-Research\model_src\experiments\CCSN\pvit\20250518_193300_seed42\experiment_run_20250518_193300_seed42.log
2025-05-18 19:33:00 | INFO     | [executor  :__init__          : 119] | ℹ️ --- Starting Experiment Run (ID: 20250518_193300_seed42) ---
2025-05-18 19:33:00 | INFO     | [executor  :__init__          : 120] | ℹ️ Executor initialized for model 'pvit' on dataset 'CCSN'
2025-05-18 19:33:00 | INFO     | [executor  :__init__          : 123] | ℹ️ Local artifact storage base: C:\Users\Stefan\Documents\GitHub\UBB-Y3-AI-Research\model_src
2025-05-18 19:33:00 | INFO     | [executor  :__init__          : 127] | ℹ️ Base key/prefix for this run's artifacts: experiments/CCSN/pvit/20250518_193300_seed42
2025-05-18 19:33:00 | DEBUG    | [executor  :_validate_methods : 156] | 🐞 Basic method validation successful.
2025-05-18 19:33:00 | INFO     | [executor  :__init__          : 137] | ℹ️ Executor configured to run methods: non_nested_grid_search, single_eval
2025-05-18 19:33:00 | INFO     | [executor  :run               : 166] | ℹ️ Starting execution of pipeline methods...
2025-05-18 19:33:00 | INFO     | [executor  :run               : 170] | ℹ️ --- Running Method 1/2: non_nested_grid_search (non_nested_grid_search_0) ---
2025-05-18 19:33:00 | DEBUG    | [executor  :run               : 195] | 🐞 Running with effective parameters: {'param_grid': [{'module__vit_model_variant': ['vit_b_16'], 'module__pretrained': [True], 'module__unfreeze_strategy': ['none'], 'module__unfreeze_cls_token': [True], 'module__unfreeze_pos_embedding': [True], 'module__unfreeze_patch_embedding': [False], 'module__unfreeze_encoder_layernorm': [True], 'module__custom_head_hidden_dims': [None, [512]], 'module__head_dropout_rate': [0.25, 0.5], 'lr': [0.0001, 0.0003], 'optimizer__weight_decay': [0.001, 0.01], 'batch_size': [32], 'max_epochs': [50]}, {'module__vit_model_variant': ['vit_b_16'], 'module__pretrained': [True], 'module__unfreeze_strategy': ['encoder_tail'], 'module__num_transformer_blocks_to_unfreeze': [2, 4], 'module__unfreeze_cls_token': [True], 'module__unfreeze_pos_embedding': [True], 'module__unfreeze_patch_embedding': [False], 'module__unfreeze_encoder_layernorm': [True], 'module__custom_head_hidden_dims': [None], 'module__head_dropout_rate': [0.0, 0.25], 'lr': [3e-05, 5e-05, 0.0001], 'optimizer__weight_decay': [0.01, 0.05], 'batch_size': [16], 'max_epochs': [70]}], 'cv': 2, 'method': 'random', 'n_iter': 2, 'internal_val_split_ratio': 0.2, 'scoring': 'accuracy', 'save_best_model': True, 'results_detail_level': 2}
2025-05-18 19:33:00 | INFO     | [pipeline  :non_nested_grid...: 562] | ℹ️ Performing non-nested RandomizedSearchCV with 2-fold CV.
2025-05-18 19:33:00 | INFO     | [pipeline  :non_nested_grid...: 563] | ℹ️ Parameter Grid/Dist:
[
  {
    "module__vit_model_variant": [
      "vit_b_16"
    ],
    "module__pretrained": [
      true
    ],
    "module__unfreeze_strategy": [
      "none"
    ],
    "module__unfreeze_cls_token": [
      true
    ],
    "module__unfreeze_pos_embedding": [
      true
    ],
    "module__unfreeze_patch_embedding": [
      false
    ],
    "module__unfreeze_encoder_layernorm": [
      true
    ],
    "module__custom_head_hidden_dims": [
      null,
      [
        512
      ]
    ],
    "module__head_dropout_rate": [
      0.25,
      0.5
    ],
    "lr": [
      0.0001,
      0.0003
    ],
    "optimizer__weight_decay": [
      0.001,
      0.01
    ],
    "batch_size": [
      32
    ],
    "max_epochs": [
      50
    ]
  },
  {
    "module__vit_model_variant": [
      "vit_b_16"
    ],
    "module__pretrained": [
      true
    ],
    "module__unfreeze_strategy": [
      "encoder_tail"
    ],
    "module__num_transformer_blocks_to_unfreeze": [
      2,
      4
    ],
    "module__unfreeze_cls_token": [
      true
    ],
    "module__unfreeze_pos_embedding": [
      true
    ],
    "module__unfreeze_patch_embedding": [
      false
    ],
    "module__unfreeze_encoder_layernorm": [
      true
    ],
    "module__custom_head_hidden_dims": [
      null
    ],
    "module__head_dropout_rate": [
      0.0,
      0.25
    ],
    "lr": [
      3e-05,
      5e-05,
      0.0001
    ],
    "optimizer__weight_decay": [
      0.01,
      0.05
    ],
    "batch_size": [
      16
    ],
    "max_epochs": [
      70
    ]
  }
]
2025-05-18 19:33:00 | INFO     | [pipeline  :non_nested_grid...: 564] | ℹ️ Scoring Metric: accuracy
2025-05-18 19:33:00 | INFO     | [pipeline  :non_nested_grid...: 573] | ℹ️ Using 2034 samples for Train+Validation in GridSearchCV.
2025-05-18 19:33:00 | INFO     | [pipeline  :non_nested_grid...: 581] | ℹ️ Skorch internal validation split configured: 20.0% of each CV fold's training data.
2025-05-18 19:33:00 | INFO     | [pipeline  :non_nested_grid...: 615] | ℹ️ Fitting RandomizedSearchCV on train+validation data (search verbose=3)...
2025-05-18 19:33:00 | INFO     | [pipeline  :non_nested_grid...: 633] | ℹ️ Target number of iterations (RandomizedSearchCV): 2
2025-05-18 19:33:02 | DEBUG    | [adapter   :get_split_datasets: 124] | 🐞 Split created: 813 train, 204 validation.
2025-05-18 19:33:02 | DEBUG    | [adapter   :get_iterator      : 181] | 🐞 Creating DataLoader: size=813, batch_size=16, shuffle=True, collate_fn=Assigned, other_kwargs={}
2025-05-18 19:33:02 | DEBUG    | [adapter   :get_iterator      : 181] | 🐞 Creating DataLoader: size=204, batch_size=16, shuffle=False, collate_fn=Assigned, other_kwargs={}
2025-05-18 19:33:30 | INFO     | [callbacks :on_epoch_end      : 147] | ℹ️   epoch    train_acc    train_loss    valid_acc    valid_loss   cp      lr     dur
2025-05-18 19:33:30 | INFO     | [callbacks :on_epoch_end      : 147] | ℹ️ -------  -----------  ------------  -----------  ------------  ----  -----  ------
2025-05-18 19:33:30 | INFO     | [callbacks :on_epoch_end      : 147] | ℹ️       1     ▲ 0.2546      ▼ 2.1467     ▲ 0.4069      ▼ 1.8575        3e-05  28.154
2025-05-18 19:33:57 | INFO     | [callbacks :on_epoch_end      : 147] | ℹ️       2     ▲ 0.4760      ▼ 1.5896     ▲ 0.4510      ▼ 1.6749        3e-05  27.276
2025-05-18 19:34:26 | INFO     | [callbacks :on_epoch_end      : 147] | ℹ️       3     ▲ 0.5695      ▼ 1.3271     ▲ 0.4755      ▼ 1.5540        3e-05  28.2999
2025-05-18 19:34:58 | INFO     | [callbacks :on_epoch_end      : 147] | ℹ️       4     ▲ 0.6175      ▼ 1.1566       0.4608      ▼ 1.5160        3e-05  32.4194
2025-05-18 19:35:26 | INFO     | [callbacks :on_epoch_end      : 147] | ℹ️       5     ▲ 0.6814      ▼ 0.9753       0.4608      ▼ 1.5136        3e-05  27.6559
2025-05-18 19:35:53 | INFO     | [callbacks :on_epoch_end      : 147] | ℹ️       6     ▲ 0.7245      ▼ 0.8351       0.4559      ▼ 1.5135        3e-05  27.5819
2025-05-18 19:36:21 | INFO     | [callbacks :on_epoch_end      : 147] | ℹ️       7     ▲ 0.8093      ▼ 0.7001     ▲ 0.5000        1.5507        3e-05  27.5853
2025-05-18 19:36:50 | INFO     | [callbacks :on_epoch_end      : 147] | ℹ️       8     ▲ 0.8216      ▼ 0.6046       0.4608        1.6006        3e-05  28.867
2025-05-18 19:37:18 | INFO     | [callbacks :on_epoch_end      : 147] | ℹ️       9     ▲ 0.8585      ▼ 0.5016       0.4755        1.6692        3e-05  28.4853
2025-05-18 19:37:46 | INFO     | [callbacks :on_epoch_end      : 147] | ℹ️      10     ▲ 0.8795      ▼ 0.4506       0.4706        1.6935        3e-05  27.6068
2025-05-18 19:38:13 | INFO     | [callbacks :on_epoch_end      : 147] | ℹ️      11     ▲ 0.8795      ▼ 0.4184       0.4951         1.656        3e-06  27.5434
2025-05-18 19:38:42 | INFO     | [callbacks :on_epoch_end      : 147] | ℹ️      12     ▲ 0.9336      ▼ 0.2857       0.4902        1.6704        3e-06  28.3755
2025-05-18 19:39:10 | INFO     | [callbacks :on_epoch_end      : 147] | ℹ️      13     ▲ 0.9446      ▼ 0.2521     ▲ 0.5049        1.6697        3e-06  28.0493
2025-05-18 19:39:37 | INFO     | [callbacks :on_epoch_end      : 147] | ℹ️      14     ▲ 0.9533      ▼ 0.2273          0.5        1.6969        3e-06  27.4581
2025-05-18 19:40:05 | DEBUG    | [adapter   :get_iterator      : 154] | 🐞 get_iterator creating PathImageDataset for evaluation/prediction.
2025-05-18 19:40:05 | DEBUG    | [adapter   :get_iterator      : 181] | 🐞 Creating DataLoader: size=1017, batch_size=16, shuffle=False, collate_fn=Assigned, other_kwargs={}
2025-05-18 19:40:15 | DEBUG    | [adapter   :get_iterator      : 154] | 🐞 get_iterator creating PathImageDataset for evaluation/prediction.
2025-05-18 19:40:15 | DEBUG    | [adapter   :get_iterator      : 181] | 🐞 Creating DataLoader: size=1017, batch_size=16, shuffle=False, collate_fn=Assigned, other_kwargs={}
2025-05-18 19:40:26 | DEBUG    | [adapter   :get_split_datasets: 124] | 🐞 Split created: 813 train, 204 validation.
2025-05-18 19:40:26 | DEBUG    | [adapter   :get_iterator      : 181] | 🐞 Creating DataLoader: size=813, batch_size=16, shuffle=True, collate_fn=Assigned, other_kwargs={}
2025-05-18 19:40:26 | DEBUG    | [adapter   :get_iterator      : 181] | 🐞 Creating DataLoader: size=204, batch_size=16, shuffle=False, collate_fn=Assigned, other_kwargs={}
2025-05-18 19:40:53 | INFO     | [callbacks :on_epoch_end      : 147] | ℹ️   epoch    train_acc    train_loss    valid_acc    valid_loss   cp      lr      dur
2025-05-18 19:40:53 | INFO     | [callbacks :on_epoch_end      : 147] | ℹ️ -------  -----------  ------------  -----------  ------------  ----  -----  -------
2025-05-18 19:40:53 | INFO     | [callbacks :on_epoch_end      : 147] | ℹ️       1     ▲ 0.2608      ▼ 2.1618     ▲ 0.4069      ▼ 1.8627        3e-05  27.4699
2025-05-18 19:41:21 | INFO     | [callbacks :on_epoch_end      : 147] | ℹ️       2     ▲ 0.4834      ▼ 1.6274     ▲ 0.4461      ▼ 1.6212        3e-05  27.6146
2025-05-18 19:41:48 | INFO     | [callbacks :on_epoch_end      : 147] | ℹ️       3     ▲ 0.5449      ▼ 1.3526     ▲ 0.4951      ▼ 1.5004        3e-05  27.3491
2025-05-18 19:42:16 | INFO     | [callbacks :on_epoch_end      : 147] | ℹ️       4     ▲ 0.6175      ▼ 1.1562     ▲ 0.5098      ▼ 1.4997        3e-05  27.6283
2025-05-18 19:42:44 | INFO     | [callbacks :on_epoch_end      : 147] | ℹ️       5     ▲ 0.6913      ▼ 0.9840       0.4951         1.521        3e-05  27.8933
2025-05-18 19:43:13 | INFO     | [callbacks :on_epoch_end      : 147] | ℹ️       6     ▲ 0.7269      ▼ 0.8640       0.5049      ▼ 1.4069        3e-05  29.0433
2025-05-18 19:43:41 | INFO     | [callbacks :on_epoch_end      : 147] | ℹ️       7     ▲ 0.7860      ▼ 0.7087       0.5049        1.5009        3e-05  28.5323
2025-05-18 19:44:10 | INFO     | [callbacks :on_epoch_end      : 147] | ℹ️       8     ▲ 0.8069      ▼ 0.6141       0.4755        1.5092        3e-05  28.7943
2025-05-18 19:44:38 | INFO     | [callbacks :on_epoch_end      : 147] | ℹ️       9     ▲ 0.8708      ▼ 0.4830       0.4706        1.7212        3e-05  28.4016
2025-05-18 19:45:06 | INFO     | [callbacks :on_epoch_end      : 147] | ℹ️      10     ▲ 0.8893      ▼ 0.4058     ▲ 0.5196        1.5224        3e-05  27.89
2025-05-18 19:45:34 | INFO     | [callbacks :on_epoch_end      : 147] | ℹ️      11     ▲ 0.9028      ▼ 0.3543     ▲ 0.5294        1.5603        3e-05  27.4241
2025-05-18 19:46:01 | INFO     | [callbacks :on_epoch_end      : 147] | ℹ️      12     ▲ 0.9250      ▼ 0.3018       0.4853        1.6509        3e-06  27.4705
2025-05-18 19:46:29 | INFO     | [callbacks :on_epoch_end      : 147] | ℹ️      13     ▲ 0.9311      ▼ 0.2356       0.4902        1.5979        3e-06  28.1071
2025-05-18 19:46:57 | INFO     | [callbacks :on_epoch_end      : 147] | ℹ️      14     ▲ 0.9680      ▼ 0.1955       0.4951        1.6144        3e-06  28.0265
2025-05-18 19:47:26 | INFO     | [callbacks :on_epoch_end      : 147] | ℹ️      15       0.9606      ▼ 0.1855       0.5049        1.6551        3e-06  28.0591
2025-05-18 19:47:54 | DEBUG    | [adapter   :get_iterator      : 154] | 🐞 get_iterator creating PathImageDataset for evaluation/prediction.
2025-05-18 19:47:54 | DEBUG    | [adapter   :get_iterator      : 181] | 🐞 Creating DataLoader: size=1017, batch_size=16, shuffle=False, collate_fn=Assigned, other_kwargs={}
2025-05-18 19:48:04 | DEBUG    | [adapter   :get_iterator      : 154] | 🐞 get_iterator creating PathImageDataset for evaluation/prediction.
2025-05-18 19:48:04 | DEBUG    | [adapter   :get_iterator      : 181] | 🐞 Creating DataLoader: size=1017, batch_size=16, shuffle=False, collate_fn=Assigned, other_kwargs={}
2025-05-18 19:48:15 | DEBUG    | [adapter   :get_split_datasets: 124] | 🐞 Split created: 813 train, 204 validation.
2025-05-18 19:48:15 | DEBUG    | [adapter   :get_iterator      : 181] | 🐞 Creating DataLoader: size=813, batch_size=16, shuffle=True, collate_fn=Assigned, other_kwargs={}
2025-05-18 19:48:15 | DEBUG    | [adapter   :get_iterator      : 181] | 🐞 Creating DataLoader: size=204, batch_size=16, shuffle=False, collate_fn=Assigned, other_kwargs={}
2025-05-18 19:48:45 | INFO     | [callbacks :on_epoch_end      : 147] | ℹ️   epoch    train_acc    train_loss    valid_acc    valid_loss   cp      lr      dur
2025-05-18 19:48:45 | INFO     | [callbacks :on_epoch_end      : 147] | ℹ️ -------  -----------  ------------  -----------  ------------  ----  -----  -------
2025-05-18 19:48:45 | INFO     | [callbacks :on_epoch_end      : 147] | ℹ️       1     ▲ 0.2128      ▼ 2.2399     ▲ 0.3578      ▼ 2.0171        3e-05  29.5845
2025-05-18 19:49:14 | INFO     | [callbacks :on_epoch_end      : 147] | ℹ️       2     ▲ 0.4293      ▼ 1.7952     ▲ 0.4265      ▼ 1.7434        3e-05  29.4275
2025-05-18 19:49:43 | INFO     | [callbacks :on_epoch_end      : 147] | ℹ️       3     ▲ 0.4883      ▼ 1.5559     ▲ 0.4559      ▼ 1.6216        3e-05  28.9355
2025-05-18 19:50:11 | INFO     | [callbacks :on_epoch_end      : 147] | ℹ️       4     ▲ 0.5449      ▼ 1.3753     ▲ 0.4755      ▼ 1.5882        3e-05  28.1967
2025-05-18 19:50:40 | INFO     | [callbacks :on_epoch_end      : 147] | ℹ️       5     ▲ 0.5953      ▼ 1.2620       0.4706      ▼ 1.5470        3e-05  28.2329
2025-05-18 19:51:08 | INFO     | [callbacks :on_epoch_end      : 147] | ℹ️       6     ▲ 0.6421      ▼ 1.1246       0.4706      ▼ 1.5316        3e-05  28.3591
2025-05-18 19:51:36 | INFO     | [callbacks :on_epoch_end      : 147] | ℹ️       7     ▲ 0.6654      ▼ 1.0239       0.4608        1.5617        3e-05  28.3188
2025-05-18 19:52:05 | INFO     | [callbacks :on_epoch_end      : 147] | ℹ️       8     ▲ 0.7109      ▼ 0.9466       0.4412        1.5711        3e-05  28.7448
2025-05-18 19:52:34 | INFO     | [callbacks :on_epoch_end      : 147] | ℹ️       9     ▲ 0.7429      ▼ 0.8408     ▲ 0.4804      ▼ 1.5084        3e-05  29.2127
2025-05-18 19:53:04 | INFO     | [callbacks :on_epoch_end      : 147] | ℹ️      10       0.7392      ▼ 0.8088     ▲ 0.4853         1.525        3e-05  29.1511
2025-05-18 19:53:33 | INFO     | [callbacks :on_epoch_end      : 147] | ℹ️      11     ▲ 0.7909      ▼ 0.7087        0.451        1.5771        3e-05  29.7118
2025-05-18 19:54:03 | INFO     | [callbacks :on_epoch_end      : 147] | ℹ️      12     ▲ 0.8130      ▼ 0.6684       0.4608        1.6062        3e-05  29.2668
2025-05-18 19:54:31 | INFO     | [callbacks :on_epoch_end      : 147] | ℹ️      13     ▲ 0.8524      ▼ 0.5698       0.4608        1.5943        3e-05  28.4092
2025-05-18 19:55:00 | INFO     | [callbacks :on_epoch_end      : 147] | ℹ️      14     ▲ 0.8782      ▼ 0.4883       0.4559        1.6993        3e-05  28.4891
2025-05-18 19:55:28 | INFO     | [callbacks :on_epoch_end      : 147] | ℹ️      15        0.877      ▼ 0.4592       0.4755        1.6457        3e-06  28.5201
2025-05-18 19:55:57 | INFO     | [callbacks :on_epoch_end      : 147] | ℹ️      16     ▲ 0.9053      ▼ 0.3962       0.4755        1.6627        3e-06  28.5311
2025-05-18 19:56:25 | INFO     | [callbacks :on_epoch_end      : 147] | ℹ️      17     ▲ 0.9090      ▼ 0.3717       0.4706        1.6512        3e-06  28.7361
2025-05-18 19:56:54 | INFO     | [callbacks :on_epoch_end      : 147] | ℹ️      18     ▲ 0.9213      ▼ 0.3659       0.4608        1.6489        3e-06  28.9345
2025-05-18 19:57:24 | DEBUG    | [adapter   :get_iterator      : 154] | 🐞 get_iterator creating PathImageDataset for evaluation/prediction.
2025-05-18 19:57:24 | DEBUG    | [adapter   :get_iterator      : 181] | 🐞 Creating DataLoader: size=1017, batch_size=16, shuffle=False, collate_fn=Assigned, other_kwargs={}
2025-05-18 19:57:34 | DEBUG    | [adapter   :get_iterator      : 154] | 🐞 get_iterator creating PathImageDataset for evaluation/prediction.
2025-05-18 19:57:34 | DEBUG    | [adapter   :get_iterator      : 181] | 🐞 Creating DataLoader: size=1017, batch_size=16, shuffle=False, collate_fn=Assigned, other_kwargs={}
2025-05-18 19:57:46 | DEBUG    | [adapter   :get_split_datasets: 124] | 🐞 Split created: 813 train, 204 validation.
2025-05-18 19:57:46 | DEBUG    | [adapter   :get_iterator      : 181] | 🐞 Creating DataLoader: size=813, batch_size=16, shuffle=True, collate_fn=Assigned, other_kwargs={}
2025-05-18 19:57:46 | DEBUG    | [adapter   :get_iterator      : 181] | 🐞 Creating DataLoader: size=204, batch_size=16, shuffle=False, collate_fn=Assigned, other_kwargs={}
2025-05-18 19:58:16 | INFO     | [callbacks :on_epoch_end      : 147] | ℹ️   epoch    train_acc    train_loss    valid_acc    valid_loss   cp      lr     dur
2025-05-18 19:58:16 | INFO     | [callbacks :on_epoch_end      : 147] | ℹ️ -------  -----------  ------------  -----------  ------------  ----  -----  ------
2025-05-18 19:58:16 | INFO     | [callbacks :on_epoch_end      : 147] | ℹ️       1     ▲ 0.1550      ▼ 2.3328     ▲ 0.2500      ▼ 2.1301        3e-05  29.596
2025-05-18 19:58:44 | INFO     | [callbacks :on_epoch_end      : 147] | ℹ️       2     ▲ 0.3825      ▼ 1.9373     ▲ 0.3971      ▼ 1.8309        3e-05  28.4772
2025-05-18 19:59:12 | INFO     | [callbacks :on_epoch_end      : 147] | ℹ️       3     ▲ 0.4637      ▼ 1.6246     ▲ 0.4118      ▼ 1.7046        3e-05  28.1907
2025-05-18 19:59:41 | INFO     | [callbacks :on_epoch_end      : 147] | ℹ️       4     ▲ 0.5154      ▼ 1.4551     ▲ 0.4216      ▼ 1.6097        3e-05  28.3018
2025-05-18 20:00:09 | INFO     | [callbacks :on_epoch_end      : 147] | ℹ️       5     ▲ 0.5658      ▼ 1.3192     ▲ 0.4314      ▼ 1.5615        3e-05  28.2645
2025-05-18 20:00:37 | INFO     | [callbacks :on_epoch_end      : 147] | ℹ️       6     ▲ 0.6162      ▼ 1.1790     ▲ 0.4559      ▼ 1.5170        3e-05  28.1623
2025-05-18 20:01:06 | INFO     | [callbacks :on_epoch_end      : 147] | ℹ️       7     ▲ 0.6519      ▼ 1.0897     ▲ 0.4657      ▼ 1.5093        3e-05  28.186
2025-05-18 20:01:34 | INFO     | [callbacks :on_epoch_end      : 147] | ℹ️       8     ▲ 0.6913      ▼ 1.0086        0.451      ▼ 1.4983        3e-05  28.1894
2025-05-18 20:02:02 | INFO     | [callbacks :on_epoch_end      : 147] | ℹ️       9     ▲ 0.7134      ▼ 0.8891     ▲ 0.4951      ▼ 1.4357        3e-05  28.2747
2025-05-18 20:02:30 | INFO     | [callbacks :on_epoch_end      : 147] | ℹ️      10     ▲ 0.7454      ▼ 0.8005       0.4853        1.5283        3e-05  28.1689
2025-05-18 20:03:00 | INFO     | [callbacks :on_epoch_end      : 147] | ℹ️      11     ▲ 0.7970      ▼ 0.7164       0.4804        1.4958        3e-05  29.6795
2025-05-18 20:03:31 | INFO     | [callbacks :on_epoch_end      : 147] | ℹ️      12     ▲ 0.8155      ▼ 0.6616     ▲ 0.5000        1.5621        3e-05  30.9498
2025-05-18 20:04:00 | INFO     | [callbacks :on_epoch_end      : 147] | ℹ️      13     ▲ 0.8462      ▼ 0.5622       0.4902        1.5472        3e-05  28.6619
2025-05-18 20:04:28 | INFO     | [callbacks :on_epoch_end      : 147] | ℹ️      14     ▲ 0.8733      ▼ 0.4953       0.4363        1.6587        3e-05  28.2628
2025-05-18 20:04:56 | INFO     | [callbacks :on_epoch_end      : 147] | ℹ️      15     ▲ 0.8831      ▼ 0.4557       0.4706        1.6187        3e-06  28.4717
2025-05-18 20:05:25 | INFO     | [callbacks :on_epoch_end      : 147] | ℹ️      16     ▲ 0.9102      ▼ 0.3628       0.4559        1.6042        3e-06  28.3699
2025-05-18 20:05:53 | INFO     | [callbacks :on_epoch_end      : 147] | ℹ️      17     ▲ 0.9151      ▼ 0.3620       0.4804        1.5734        3e-06  28.0251
2025-05-18 20:06:21 | INFO     | [callbacks :on_epoch_end      : 147] | ℹ️      18     ▲ 0.9299      ▼ 0.3379       0.4706        1.5933        3e-06  28.2288
2025-05-18 20:06:50 | DEBUG    | [adapter   :get_iterator      : 154] | 🐞 get_iterator creating PathImageDataset for evaluation/prediction.
2025-05-18 20:06:50 | DEBUG    | [adapter   :get_iterator      : 181] | 🐞 Creating DataLoader: size=1017, batch_size=16, shuffle=False, collate_fn=Assigned, other_kwargs={}
2025-05-18 20:07:00 | DEBUG    | [adapter   :get_iterator      : 154] | 🐞 get_iterator creating PathImageDataset for evaluation/prediction.
2025-05-18 20:07:00 | DEBUG    | [adapter   :get_iterator      : 181] | 🐞 Creating DataLoader: size=1017, batch_size=16, shuffle=False, collate_fn=Assigned, other_kwargs={}
2025-05-18 20:07:12 | DEBUG    | [adapter   :get_split_datasets: 124] | 🐞 Split created: 1627 train, 407 validation.
2025-05-18 20:07:12 | DEBUG    | [adapter   :get_iterator      : 181] | 🐞 Creating DataLoader: size=1627, batch_size=16, shuffle=True, collate_fn=Assigned, other_kwargs={}
2025-05-18 20:07:12 | DEBUG    | [adapter   :get_iterator      : 181] | 🐞 Creating DataLoader: size=407, batch_size=16, shuffle=False, collate_fn=Assigned, other_kwargs={}
2025-05-18 20:08:09 | INFO     | [callbacks :on_epoch_end      : 147] | ℹ️   epoch    train_acc    train_loss    valid_acc    valid_loss   cp      lr      dur
2025-05-18 20:08:09 | INFO     | [callbacks :on_epoch_end      : 147] | ℹ️ -------  -----------  ------------  -----------  ------------  ----  -----  -------
2025-05-18 20:08:09 | INFO     | [callbacks :on_epoch_end      : 147] | ℹ️       1     ▲ 0.3577      ▼ 1.9174     ▲ 0.4177      ▼ 1.6510        3e-05  57.5873
2025-05-18 20:09:06 | INFO     | [callbacks :on_epoch_end      : 147] | ℹ️       2     ▲ 0.5169      ▼ 1.4177     ▲ 0.4619      ▼ 1.5366        3e-05  56.9275
2025-05-18 20:10:04 | INFO     | [callbacks :on_epoch_end      : 147] | ℹ️       3     ▲ 0.5900      ▼ 1.2011     ▲ 0.4619      ▼ 1.5104        3e-05  57.8497
2025-05-18 20:11:03 | INFO     | [callbacks :on_epoch_end      : 147] | ℹ️       4     ▲ 0.6577      ▼ 1.0453       0.4595        1.5365        3e-05  58.5852
2025-05-18 20:12:01 | INFO     | [callbacks :on_epoch_end      : 147] | ℹ️       5     ▲ 0.6933      ▼ 0.9107     ▲ 0.4865      ▼ 1.4817        3e-05  57.9775
2025-05-18 20:12:59 | INFO     | [callbacks :on_epoch_end      : 147] | ℹ️       6     ▲ 0.7351      ▼ 0.8079       0.4423        1.6544        3e-05  58.654
2025-05-18 20:13:57 | INFO     | [callbacks :on_epoch_end      : 147] | ℹ️       7     ▲ 0.7683      ▼ 0.6977       0.4816        1.6019        3e-05  58.127
2025-05-18 20:14:54 | INFO     | [callbacks :on_epoch_end      : 147] | ℹ️       8     ▲ 0.8113      ▼ 0.5812       0.4767        1.5782        3e-05  56.1681
2025-05-18 20:15:50 | INFO     | [callbacks :on_epoch_end      : 147] | ℹ️       9     ▲ 0.8347      ▼ 0.5117     ▲ 0.5012        1.6699        3e-05  56.6959
2025-05-18 20:16:47 | INFO     | [callbacks :on_epoch_end      : 147] | ℹ️      10     ▲ 0.8666      ▼ 0.4156     ▲ 0.5111        1.6317        3e-05  56.2214
2025-05-18 20:17:46 | INFO     | [callbacks :on_epoch_end      : 147] | ℹ️      11     ▲ 0.8783      ▼ 0.3945       0.4472        1.8939        3e-06  59.1312
2025-05-18 20:18:44 | INFO     | [callbacks :on_epoch_end      : 147] | ℹ️      12     ▲ 0.9146      ▼ 0.2854       0.5061        1.7138        3e-06  57.9964
2025-05-18 20:19:42 | INFO     | [callbacks :on_epoch_end      : 147] | ℹ️      13     ▲ 0.9342      ▼ 0.2508       0.5086        1.6985        3e-06  58.4626
2025-05-18 20:20:39 | INFO     | [callbacks :on_epoch_end      : 147] | ℹ️      14     ▲ 0.9373      ▼ 0.2309       0.5061         1.712        3e-06  56.5922
2025-05-18 20:21:35 | INFO     | [pipeline  :non_nested_grid...: 655] | ℹ️ Search completed.
2025-05-18 20:21:35 | INFO     | [pipeline  :non_nested_grid...: 659] | ℹ️ --- GridSearchCV Internal CV Progress (Captured) ---
2025-05-18 20:21:35 | INFO     | [pipeline  :non_nested_grid...: 661] | ℹ️ [SKL_CV] Fitting 2 folds for each of 2 candidates, totalling 4 fits
2025-05-18 20:21:35 | INFO     | [pipeline  :non_nested_grid...: 661] | ℹ️ [SKL_CV] [CV 1/2] END batch_size=16, lr=3e-05, max_epochs=70, module__custom_head_hidden_dims=None, module__head_dropout_rate=0.0, module__num_transformer_blocks_to_unfreeze=4, module__pretrained=True, module__unfreeze_cls_token=True, module__unfreeze_encoder_layernorm=True, module__unfreeze_patch_embedding=False, module__unfreeze_pos_embedding=True, module__unfreeze_strategy=encoder_tail, module__vit_model_variant=vit_b_16, optimizer__weight_decay=0.05;, score=(train=0.697, test=0.468) total time= 7.2min
2025-05-18 20:21:35 | INFO     | [pipeline  :non_nested_grid...: 661] | ℹ️ [SKL_CV] [CV 2/2] END batch_size=16, lr=3e-05, max_epochs=70, module__custom_head_hidden_dims=None, module__head_dropout_rate=0.0, module__num_transformer_blocks_to_unfreeze=4, module__pretrained=True, module__unfreeze_cls_token=True, module__unfreeze_encoder_layernorm=True, module__unfreeze_patch_embedding=False, module__unfreeze_pos_embedding=True, module__unfreeze_strategy=encoder_tail, module__vit_model_variant=vit_b_16, optimizer__weight_decay=0.05;, score=(train=0.747, test=0.466) total time= 7.7min
2025-05-18 20:21:35 | INFO     | [pipeline  :non_nested_grid...: 661] | ℹ️ [SKL_CV] [CV 1/2] END batch_size=16, lr=3e-05, max_epochs=70, module__custom_head_hidden_dims=None, module__head_dropout_rate=0.0, module__num_transformer_blocks_to_unfreeze=2, module__pretrained=True, module__unfreeze_cls_token=True, module__unfreeze_encoder_layernorm=True, module__unfreeze_patch_embedding=False, module__unfreeze_pos_embedding=True, module__unfreeze_strategy=encoder_tail, module__vit_model_variant=vit_b_16, optimizer__weight_decay=0.01;, score=(train=0.735, test=0.477) total time= 9.3min
2025-05-18 20:21:35 | INFO     | [pipeline  :non_nested_grid...: 661] | ℹ️ [SKL_CV] [CV 2/2] END batch_size=16, lr=3e-05, max_epochs=70, module__custom_head_hidden_dims=None, module__head_dropout_rate=0.0, module__num_transformer_blocks_to_unfreeze=2, module__pretrained=True, module__unfreeze_cls_token=True, module__unfreeze_encoder_layernorm=True, module__unfreeze_patch_embedding=False, module__unfreeze_pos_embedding=True, module__unfreeze_strategy=encoder_tail, module__vit_model_variant=vit_b_16, optimizer__weight_decay=0.01;, score=(train=0.735, test=0.447) total time= 9.3min
2025-05-18 20:21:35 | INFO     | [pipeline  :non_nested_grid...: 662] | ℹ️ --- End GridSearchCV Internal CV Progress ---
2025-05-18 20:21:35 | INFO     | [pipeline  :non_nested_grid...: 696] | ℹ️ Updating main pipeline_v1 adapter with the best model found and refit by GridSearchCV.
2025-05-18 20:21:35 | INFO     | [pipeline  :non_nested_grid...: 721] | ℹ️ Best refit model (on full train-val) converged at epoch: 5
2025-05-18 20:21:35 | INFO     | [pipeline  :non_nested_grid...: 754] | ℹ️ Best refit model state_dict saved via repository to: C:\Users\Stefan\Documents\GitHub\UBB-Y3-AI-Research\model_src\experiments\CCSN\pvit\20250518_193300_seed42\non_nested_random_193300\pvit_best_batch_size=16_lr=3e-05_max_epochs=70_custom_head_h_cv_score0p4671.pt
2025-05-18 20:21:35 | DEBUG    | [pipeline  :_save_results     : 416] | 🐞 Results detail level overridden for this run to: 2
2025-05-18 20:21:35 | DEBUG    | [pipeline  :_save_results     : 424] | 🐞 Saving results for non_nested_random_193300 (detail level: 2)
2025-05-18 20:21:35 | INFO     | [pipeline  :_save_results     : 533] | ℹ️ Results JSON saved via repository to: experiments/CCSN/pvit/20250518_193300_seed42/non_nested_random_193300/non_nested_random_search_results.json
2025-05-18 20:21:35 | INFO     | [pipeline  :non_nested_grid...: 801] | ℹ️ Plotting non_nested_cv results for non_nested_random_193300 (plot level 2).
2025-05-18 20:21:35 | INFO     | [plotter   :plot_non_nested...: 604] | ℹ️ Plotting non_nested_cv results for: non_nested_random_193300
2025-05-18 20:21:37 | INFO     | [plotter   :_generate_grid_...: 390] | ℹ️ Grid search summary table saved via repository to: experiments/CCSN/pvit/20250518_193300_seed42/non_nested_random_193300/non_nested_random_search_plots/grid_search_summary.txt
2025-05-18 20:21:37 | INFO     | [plotter   :plot_non_nested...: 625] | ℹ️ Finished plotting for non_nested_cv: non_nested_random_193300
2025-05-18 20:21:37 | INFO     | [pipeline  :non_nested_grid...: 816] | ℹ️ Non-nested random search finished. Best CV score (accuracy): 0.4671
2025-05-18 20:21:37 | INFO     | [pipeline  :non_nested_grid...: 817] | ℹ️ Best parameters found: {'optimizer__weight_decay': 0.05, 'module__vit_model_variant': 'vit_b_16', 'module__unfreeze_strategy': 'encoder_tail', 'module__unfreeze_pos_embedding': True, 'module__unfreeze_patch_embedding': False, 'module__unfreeze_encoder_layernorm': True, 'module__unfreeze_cls_token': True, 'module__pretrained': True, 'module__num_transformer_blocks_to_unfreeze': 4, 'module__head_dropout_rate': 0.0, 'module__custom_head_hidden_dims': None, 'max_epochs': 70, 'lr': 3e-05, 'batch_size': 16}
2025-05-18 20:21:37 | INFO     | [pipeline  :non_nested_grid...: 818] | ℹ️ Pipeline adapter has been updated with the best model refit on train+validation data.
2025-05-18 20:21:37 | INFO     | [executor  :run               : 202] | ℹ️ --- Method non_nested_grid_search (non_nested_grid_search_0) completed successfully in 2916.66s ---
2025-05-18 20:21:37 | INFO     | [executor  :run               : 170] | ℹ️ --- Running Method 2/2: single_eval (single_eval_1) ---
2025-05-18 20:21:37 | DEBUG    | [executor  :run               : 195] | 🐞 Running with effective parameters: {}
2025-05-18 20:21:37 | INFO     | [pipeline  :single_eval       :1675] | ℹ️ Starting model evaluation on the test set...
2025-05-18 20:21:37 | INFO     | [pipeline  :single_eval       :1689] | ℹ️ Evaluating on 509 test samples...
2025-05-18 20:21:37 | DEBUG    | [adapter   :get_iterator      : 154] | 🐞 get_iterator creating PathImageDataset for evaluation/prediction.
2025-05-18 20:21:37 | DEBUG    | [adapter   :get_iterator      : 181] | 🐞 Creating DataLoader: size=509, batch_size=16, shuffle=False, collate_fn=Assigned, other_kwargs={}
2025-05-18 20:21:42 | DEBUG    | [adapter   :get_iterator      : 154] | 🐞 get_iterator creating PathImageDataset for evaluation/prediction.
2025-05-18 20:21:42 | DEBUG    | [adapter   :get_iterator      : 181] | 🐞 Creating DataLoader: size=509, batch_size=16, shuffle=False, collate_fn=Assigned, other_kwargs={}
2025-05-18 20:21:47 | DEBUG    | [pipeline  :_compute_metrics  : 396] | 🐞 Computed Metrics: Acc=0.5246, Macro F1=0.5070
2025-05-18 20:21:47 | DEBUG    | [pipeline  :_save_results     : 418] | 🐞 Using pipeline results detail level for this run: 3
2025-05-18 20:21:47 | DEBUG    | [pipeline  :_save_results     : 424] | 🐞 Saving results for single_eval_202137 (detail level: 3)
2025-05-18 20:21:47 | INFO     | [pipeline  :_save_results     : 533] | ℹ️ Results JSON saved via repository to: experiments/CCSN/pvit/20250518_193300_seed42/single_eval_202137/single_eval_results.json
2025-05-18 20:21:47 | INFO     | [pipeline  :single_eval       :1749] | ℹ️ Plotting single_eval results for single_eval_202137 (plot level 2).
2025-05-18 20:21:47 | INFO     | [plotter   :plot_single_eva...: 540] | ℹ️ Plotting single_eval results for: single_eval_202137
2025-05-18 20:21:50 | INFO     | [plotter   :plot_single_eva...: 588] | ℹ️ Finished plotting for single_eval: single_eval_202137
2025-05-18 20:21:50 | INFO     | [executor  :run               : 202] | ℹ️ --- Method single_eval (single_eval_1) completed successfully in 13.37s ---
2025-05-18 20:21:50 | INFO     | [executor  :run               : 216] | ℹ️ Pipeline execution finished in 2930.03s.
2025-05-18 20:21:50 | INFO     | [main      :<module>          : 251] | ℹ️ --- Final Execution Results Summary ---
2025-05-18 20:21:50 | INFO     | [main      :<module>          : 260] | ℹ️ Method non_nested_grid_search_0: Completed. (Acc: nan, F1: nan, BestScore: 0.4671)
2025-05-18 20:21:50 | INFO     | [main      :<module>          : 260] | ℹ️ Method single_eval_1: Completed. (Acc: nan, F1: 0.5070, BestScore: nan)
