Timestamp           | Level    | Location                             | Message
--------------------+----------+--------------------------------------+---------------------------------------------------
2025-06-06 02:14:10 | INFO     | [logger_...:setup_logger      : 153] | ℹ️ Logger 'ImgClassPipe' initialized. Log file: logs\pipeline_main.log
2025-06-06 03:05:01 | ERROR    | [minio_repo:download_file_t...: 125] | ❌ File not found in MinIO: s3://clouds/images/m1/123.png
2025-06-06 03:05:14 | ERROR    | [minio_repo:download_file_t...: 125] | ❌ File not found in MinIO: s3://clouds/images/m1/123.png
2025-06-06 03:05:48 | ERROR    | [minio_repo:download_file_t...: 125] | ❌ File not found in MinIO: s3://clouds/images/m1/123.png
2025-06-06 03:05:53 | ERROR    | [minio_repo:download_file_t...: 125] | ❌ File not found in MinIO: s3://clouds/images/m1/123.png
2025-06-06 03:05:54 | ERROR    | [minio_repo:download_file_t...: 125] | ❌ File not found in MinIO: s3://clouds/images/m1/123.png
2025-06-06 03:06:00 | ERROR    | [minio_repo:download_file_t...: 125] | ❌ File not found in MinIO: s3://clouds/images/m1/123.png
2025-06-06 03:07:32 | ERROR    | [minio_repo:download_file_t...: 125] | ❌ File not found in MinIO: s3://clouds/images/m1/234.png
2025-06-06 03:08:44 | ERROR    | [minio_repo:download_file_t...: 125] | ❌ File not found in MinIO: s3://clouds/images/m1/234.png
2025-06-06 03:08:55 | ERROR    | [minio_repo:download_file_t...: 125] | ❌ File not found in MinIO: s3://clouds/images/m1/234.png
2025-06-06 03:09:12 | ERROR    | [minio_repo:download_file_t...: 125] | ❌ File not found in MinIO: s3://clouds/images/m1/234.png
2025-06-06 03:09:17 | ERROR    | [minio_repo:download_file_t...: 125] | ❌ File not found in MinIO: s3://clouds/images/m1/234.png
2025-06-06 03:09:21 | ERROR    | [minio_repo:download_file_t...: 125] | ❌ File not found in MinIO: s3://clouds/images/m1/234.png
2025-06-06 03:09:52 | ERROR    | [minio_repo:download_file_t...: 125] | ❌ File not found in MinIO: s3://clouds/images/m1/234.png
2025-06-06 03:09:56 | ERROR    | [minio_repo:download_file_t...: 125] | ❌ File not found in MinIO: s3://clouds/images/m1/234.png
2025-06-06 03:10:29 | ERROR    | [minio_repo:download_file_t...: 125] | ❌ File not found in MinIO: s3://clouds/images/m1/234.png
2025-06-06 03:10:33 | ERROR    | [minio_repo:download_file_t...: 125] | ❌ File not found in MinIO: s3://clouds/images/m1/2345.png
2025-06-06 03:11:22 | ERROR    | [minio_repo:download_file_t...: 125] | ❌ File not found in MinIO: s3://clouds/images/m1/2345.png
2025-06-06 03:11:51 | ERROR    | [minio_repo:download_file_t...: 125] | ❌ File not found in MinIO: s3://clouds/images/m1/2345.png
2025-06-06 03:13:08 | ERROR    | [minio_repo:download_file_t...: 125] | ❌ File not found in MinIO: s3://clouds/images/m1/2345.png
2025-06-06 03:13:10 | ERROR    | [minio_repo:download_file_t...: 125] | ❌ File not found in MinIO: s3://clouds/images/m1/2345.png
2025-06-06 03:13:12 | ERROR    | [minio_repo:download_file_t...: 125] | ❌ File not found in MinIO: s3://clouds/images/m1/2345.png
2025-06-06 03:13:17 | ERROR    | [minio_repo:download_file_t...: 125] | ❌ File not found in MinIO: s3://clouds/images/2/2345.png
2025-06-06 03:13:23 | ERROR    | [minio_repo:download_file_t...: 125] | ❌ File not found in MinIO: s3://clouds/images/a/a
2025-06-06 03:14:10 | ERROR    | [minio_repo:download_file_t...: 125] | ❌ File not found in MinIO: s3://clouds/images/a/a
2025-06-06 03:14:11 | ERROR    | [minio_repo:download_file_t...: 125] | ❌ File not found in MinIO: s3://clouds/images/a/a
2025-06-06 03:14:13 | ERROR    | [minio_repo:download_file_t...: 125] | ❌ File not found in MinIO: s3://clouds/images/a/a
2025-06-06 03:14:13 | ERROR    | [minio_repo:download_file_t...: 125] | ❌ File not found in MinIO: s3://clouds/images/a/a
2025-06-06 03:14:15 | ERROR    | [minio_repo:download_file_t...: 125] | ❌ File not found in MinIO: s3://clouds/images/a/a
2025-06-06 03:14:15 | ERROR    | [minio_repo:download_file_t...: 125] | ❌ File not found in MinIO: s3://clouds/images/a/a
2025-06-06 03:14:16 | ERROR    | [minio_repo:download_file_t...: 125] | ❌ File not found in MinIO: s3://clouds/images/a/a
2025-06-06 03:15:23 | ERROR    | [minio_repo:download_file_t...: 125] | ❌ File not found in MinIO: s3://clouds/images/a/a
2025-06-06 03:15:43 | ERROR    | [minio_repo:download_file_t...: 125] | ❌ File not found in MinIO: s3://clouds/images/a/a
2025-06-06 03:15:44 | ERROR    | [minio_repo:download_file_t...: 125] | ❌ File not found in MinIO: s3://clouds/images/a/a
2025-06-06 03:15:44 | ERROR    | [minio_repo:download_file_t...: 125] | ❌ File not found in MinIO: s3://clouds/images/a/a
2025-06-06 03:15:45 | ERROR    | [minio_repo:download_file_t...: 125] | ❌ File not found in MinIO: s3://clouds/images/a/a
2025-06-06 03:15:46 | ERROR    | [minio_repo:download_file_t...: 125] | ❌ File not found in MinIO: s3://clouds/images/a/a
2025-06-06 03:15:49 | ERROR    | [minio_repo:download_file_t...: 125] | ❌ File not found in MinIO: s3://clouds/images/a/a
2025-06-06 03:19:08 | ERROR    | [minio_repo:download_file_t...: 125] | ❌ File not found in MinIO: s3://clouds/images/m1/2345.png
2025-06-06 03:23:25 | ERROR    | [minio_repo:download_file_t...: 125] | ❌ File not found in MinIO: s3://clouds/images/m1/2345.png
2025-06-06 03:23:26 | ERROR    | [minio_repo:download_file_t...: 125] | ❌ File not found in MinIO: s3://clouds/images/m1/2345.png
2025-06-06 03:23:39 | ERROR    | [minio_repo:download_file_t...: 125] | ❌ File not found in MinIO: s3://clouds/images/m1/2345.png
2025-06-06 03:23:40 | ERROR    | [minio_repo:download_file_t...: 125] | ❌ File not found in MinIO: s3://clouds/images/m1/2345.png
2025-06-06 03:23:41 | ERROR    | [minio_repo:download_file_t...: 125] | ❌ File not found in MinIO: s3://clouds/images/m1/2345.png
2025-06-06 03:23:45 | ERROR    | [minio_repo:download_file_t...: 125] | ❌ File not found in MinIO: s3://clouds/images/m1/2345.png
2025-06-06 03:23:46 | ERROR    | [minio_repo:download_file_t...: 125] | ❌ File not found in MinIO: s3://clouds/images/m1/2345.png
2025-06-06 03:26:17 | ERROR    | [minio_repo:download_file_t...: 125] | ❌ File not found in MinIO: s3://clouds/images/m1/2345.png
2025-06-06 03:28:02 | ERROR    | [minio_repo:download_file_t...: 125] | ❌ File not found in MinIO: s3://clouds/images/m1/2345.png
2025-06-06 03:28:04 | ERROR    | [minio_repo:download_file_t...: 125] | ❌ File not found in MinIO: s3://clouds/images/m1/2345.png
2025-06-06 03:28:24 | ERROR    | [minio_repo:download_file_t...: 125] | ❌ File not found in MinIO: s3://clouds/images/m1/2345.png
2025-06-06 03:33:17 | ERROR    | [minio_repo:download_file_t...: 125] | ❌ File not found in MinIO: s3://clouds/images/m1/2345.png
2025-06-06 03:33:53 | ERROR    | [minio_repo:download_file_t...: 125] | ❌ File not found in MinIO: s3://clouds/images/m1/2345.png
2025-06-06 03:51:03 | ERROR    | [minio_repo:download_file_t...: 125] | ❌ File not found in MinIO: s3://clouds/images/m1/2345.png
2025-06-06 03:59:26 | ERROR    | [minio_repo:download_file_t...: 125] | ❌ File not found in MinIO: s3://clouds/images/m1/2345.png
2025-06-06 04:35:46 | INFO     | [minio_repo:save_image_object : 181] | ℹ️ Image object saved to S3: s3://clouds/images/m1/17.jpg
2025-06-06 20:42:54 | INFO     | [main      :test_log          : 106] | ℹ️ This is a test message from the pipeline logger via an endpoint.
2025-06-06 22:09:02 | INFO     | [minio_repo:save_image_object : 181] | ℹ️ Image object saved to S3: s3://clouds/images/m1/18.jpg
2025-06-07 02:44:51 | INFO     | [experim...:_execute_pipeli...:  63] | ℹ️ Background task started for experiment: 793395ca-272e-4ac0-b130-ef2cc8ae8040
2025-06-07 02:45:06 | ERROR    | [experim...:update_experime...:  52] | ❌ RequestException updating Java status for 793395ca-272e-4ac0-b130-ef2cc8ae8040 to RUNNING: HTTPConnectionPool(host='localhost', port=8080): Read timed out. (read timeout=15). Payload: {'status': 'RUNNING'}
2025-06-07 02:59:30 | INFO     | [experim...:_execute_pipeli...:  63] | ℹ️ Background task started for experiment: 5559ab1e-ea77-4455-ba22-556d71a4e1b3
2025-06-07 02:59:45 | ERROR    | [experim...:update_experime...:  52] | ❌ RequestException updating Java status for 5559ab1e-ea77-4455-ba22-556d71a4e1b3 to RUNNING: HTTPConnectionPool(host='localhost', port=8080): Read timed out. (read timeout=15). Payload: {'status': 'RUNNING'}
2025-06-07 03:02:53 | INFO     | [experim...:_execute_pipeli...:  63] | ℹ️ Background task started for experiment: 8978de25-e2b5-4ea9-b312-89b7012eb507
2025-06-07 03:03:08 | INFO     | [experim...:update_experime...:  48] | ℹ️ Successfully updated experiment 8978de25-e2b5-4ea9-b312-89b7012eb507 to RUNNING in Java. Payload: {'status': 'RUNNING'}
2025-06-07 03:05:54 | INFO     | [experim...:_execute_pipeli...:  63] | ℹ️ Background task started for experiment: ac88916a-7506-4c9b-a2e6-2f4d56ce4eec
2025-06-07 03:05:58 | ERROR    | [experim...:update_experime...:  50] | ❌ HTTP error updating Java status for ac88916a-7506-4c9b-a2e6-2f4d56ce4eec to RUNNING: 404 - . Payload: {'status': 'RUNNING'}
2025-06-07 03:11:00 | INFO     | [experim...:_execute_pipeli...:  63] | ℹ️ Background task started for experiment: cac28d5c-d357-4471-b92d-ebcd0369c340
2025-06-07 03:11:24 | INFO     | [experim...:update_experime...:  48] | ℹ️ Successfully updated experiment cac28d5c-d357-4471-b92d-ebcd0369c340 to RUNNING in Java. Payload: {'status': 'RUNNING'}
2025-06-07 19:50:47 | INFO     | [experim...:_execute_pipeli...:  63] | ℹ️ Background task started for experiment: c591f506-15a9-4136-9dd0-f3a68986e5b7
2025-06-07 19:50:53 | ERROR    | [experim...:update_experime...:  50] | ❌ HTTP error updating Java status for c591f506-15a9-4136-9dd0-f3a68986e5b7 to RUNNING: 404 - . Payload: {'status': 'RUNNING'}
2025-06-07 20:31:15 | INFO     | [experim...:_execute_pipeli...:  63] | ℹ️ Background task started for experiment: 9c00c305-242f-4b4a-b8da-df109c446faf
2025-06-07 20:31:16 | INFO     | [experim...:update_experime...:  48] | ℹ️ Successfully updated experiment 9c00c305-242f-4b4a-b8da-df109c446faf to RUNNING in Java. Payload: {'status': 'RUNNING'}
2025-06-07 20:48:19 | INFO     | [experim...:_execute_pipeli...:  63] | ℹ️ Background task started for experiment: 00161571-f5c6-4516-9288-2a3ebdc2cbed
2025-06-07 20:48:19 | INFO     | [experim...:update_experime...:  49] | ℹ️ Successfully updated experiment 00161571-f5c6-4516-9288-2a3ebdc2cbed to RUNNING in Java. Payload: {'status': 'RUNNING'}
2025-06-07 21:44:49 | INFO     | [experim...:_execute_pipeli...:  63] | ℹ️ Background task started for experiment: c780c3fd-5302-4733-9ca8-1122ee64870e
2025-06-07 21:44:49 | ERROR    | [experim...:update_experime...:  51] | ❌ HTTP error updating Java status for c780c3fd-5302-4733-9ca8-1122ee64870e to RUNNING: 404 - . Payload: {'status': 'RUNNING'}
2025-06-07 21:46:37 | INFO     | [experim...:_execute_pipeli...:  63] | ℹ️ Background task started for experiment: a019acdd-7cfc-4df5-a289-47458dcd4725
2025-06-07 21:46:37 | INFO     | [experim...:update_experime...:  49] | ℹ️ Successfully updated experiment a019acdd-7cfc-4df5-a289-47458dcd4725 to RUNNING in Java. Payload: {'status': 'RUNNING'}
2025-06-07 21:50:17 | INFO     | [experim...:_execute_pipeli...:  63] | ℹ️ Background task started for experiment: e71f38d3-36f0-4406-a6ec-aea0cf2d0f50
2025-06-07 21:50:17 | INFO     | [experim...:update_experime...:  49] | ℹ️ Successfully updated experiment e71f38d3-36f0-4406-a6ec-aea0cf2d0f50 to RUNNING in Java. Payload: {'status': 'RUNNING'}
2025-06-08 01:14:35 | INFO     | [minio_repo:list_objects_in...: 226] | ℹ️ Listed contents for prefix 's3://clouds/experiments\mGCDf\cnn\e71f38d3-36f0-4406-a6ec-aea0cf2d0f50/': 0 objects, 0 subfolders.
2025-06-08 01:14:35 | INFO     | [minio_repo:list_objects_in...: 226] | ℹ️ Listed contents for prefix 's3://clouds/experiments\mGCDf\cnn\e71f38d3-36f0-4406-a6ec-aea0cf2d0f50/': 0 objects, 0 subfolders.
2025-06-08 01:14:39 | INFO     | [minio_repo:list_objects_in...: 226] | ℹ️ Listed contents for prefix 's3://clouds/experiments\mGCDf\cnn\e71f38d3-36f0-4406-a6ec-aea0cf2d0f50/': 0 objects, 0 subfolders.
2025-06-08 01:14:39 | INFO     | [minio_repo:list_objects_in...: 226] | ℹ️ Listed contents for prefix 's3://clouds/experiments\mGCDf\cnn\e71f38d3-36f0-4406-a6ec-aea0cf2d0f50/': 0 objects, 0 subfolders.
2025-06-08 01:14:40 | INFO     | [minio_repo:list_objects_in...: 226] | ℹ️ Listed contents for prefix 's3://clouds/experiments\mGCDf\cnn\e71f38d3-36f0-4406-a6ec-aea0cf2d0f50/': 0 objects, 0 subfolders.
2025-06-08 01:14:41 | ERROR    | [minio_repo:download_file_t...: 125] | ❌ File not found in MinIO: s3://clouds/experiments\mGCDf\cnn\e71f38d3-36f0-4406-a6ec-aea0cf2d0f50\executor_run_e71f38d3-36f0-4406-a6ec-aea0cf2d0f50.log
2025-06-08 01:15:21 | INFO     | [minio_repo:list_objects_in...: 226] | ℹ️ Listed contents for prefix 's3://clouds/experiments\mGCDf\cnn\e71f38d3-36f0-4406-a6ec-aea0cf2d0f50/': 0 objects, 0 subfolders.
2025-06-08 01:15:23 | ERROR    | [minio_repo:download_file_t...: 125] | ❌ File not found in MinIO: s3://clouds/experiments\mGCDf\cnn\e71f38d3-36f0-4406-a6ec-aea0cf2d0f50\executor_run_e71f38d3-36f0-4406-a6ec-aea0cf2d0f50.log
2025-06-08 01:15:25 | INFO     | [minio_repo:list_objects_in...: 226] | ℹ️ Listed contents for prefix 's3://clouds/experiments\mGCDf\cnn\e71f38d3-36f0-4406-a6ec-aea0cf2d0f50/': 0 objects, 0 subfolders.
2025-06-08 01:15:27 | INFO     | [minio_repo:list_objects_in...: 226] | ℹ️ Listed contents for prefix 's3://clouds/experiments\mGCDf\cnn\e71f38d3-36f0-4406-a6ec-aea0cf2d0f50/': 0 objects, 0 subfolders.
2025-06-08 01:15:27 | INFO     | [minio_repo:list_objects_in...: 226] | ℹ️ Listed contents for prefix 's3://clouds/experiments\mGCDf\cnn\e71f38d3-36f0-4406-a6ec-aea0cf2d0f50/': 0 objects, 0 subfolders.
2025-06-08 01:15:31 | INFO     | [minio_repo:list_objects_in...: 226] | ℹ️ Listed contents for prefix 's3://clouds/experiments\mGCDf\cnn\e71f38d3-36f0-4406-a6ec-aea0cf2d0f50/': 0 objects, 0 subfolders.
2025-06-08 01:15:33 | ERROR    | [minio_repo:download_file_t...: 125] | ❌ File not found in MinIO: s3://clouds/experiments\mGCDf\cnn\e71f38d3-36f0-4406-a6ec-aea0cf2d0f50\executor_run_e71f38d3-36f0-4406-a6ec-aea0cf2d0f50.log
2025-06-08 01:15:34 | INFO     | [minio_repo:list_objects_in...: 226] | ℹ️ Listed contents for prefix 's3://clouds/experiments\mGCDf\cnn\e71f38d3-36f0-4406-a6ec-aea0cf2d0f50/': 0 objects, 0 subfolders.
2025-06-08 01:15:39 | ERROR    | [minio_repo:download_file_t...: 125] | ❌ File not found in MinIO: s3://clouds/experiments\mGCDf\cnn\e71f38d3-36f0-4406-a6ec-aea0cf2d0f50\executor_run_e71f38d3-36f0-4406-a6ec-aea0cf2d0f50.log
2025-06-08 01:15:40 | INFO     | [minio_repo:list_objects_in...: 226] | ℹ️ Listed contents for prefix 's3://clouds/experiments\mGCDf\cnn\e71f38d3-36f0-4406-a6ec-aea0cf2d0f50/': 0 objects, 0 subfolders.
2025-06-08 01:18:28 | INFO     | [minio_repo:list_objects_in...: 226] | ℹ️ Listed contents for prefix 's3://clouds/experiments/mGCDf/cnn/e71f38d3-36f0-4406-a6ec-aea0cf2d0f50/': 0 objects, 0 subfolders.
2025-06-08 01:18:28 | INFO     | [minio_repo:list_objects_in...: 226] | ℹ️ Listed contents for prefix 's3://clouds/experiments/mGCDf/cnn/e71f38d3-36f0-4406-a6ec-aea0cf2d0f50/': 0 objects, 0 subfolders.
2025-06-08 01:19:58 | INFO     | [minio_repo:list_objects_in...: 226] | ℹ️ Listed contents for prefix 's3://clouds/experiments/mini-GCD-flat/cnn/e71f38d3-36f0-4406-a6ec-aea0cf2d0f50/': 1 objects, 2 subfolders.
2025-06-08 01:19:58 | INFO     | [minio_repo:list_objects_in...: 226] | ℹ️ Listed contents for prefix 's3://clouds/experiments/mini-GCD-flat/cnn/e71f38d3-36f0-4406-a6ec-aea0cf2d0f50/': 1 objects, 2 subfolders.
2025-06-08 01:20:11 | INFO     | [minio_repo:list_objects_in...: 226] | ℹ️ Listed contents for prefix 's3://clouds/experiments/mini-GCD-flat/cnn/e71f38d3-36f0-4406-a6ec-aea0cf2d0f50/': 1 objects, 2 subfolders.
2025-06-08 01:20:12 | INFO     | [minio_repo:list_objects_in...: 226] | ℹ️ Listed contents for prefix 's3://clouds/experiments/mini-GCD-flat/cnn/e71f38d3-36f0-4406-a6ec-aea0cf2d0f50/single_train_215017/': 3 objects, 1 subfolders.
2025-06-08 01:20:34 | INFO     | [minio_repo:list_objects_in...: 226] | ℹ️ Listed contents for prefix 's3://clouds/experiments/mini-GCD-flat/cnn/e71f38d3-36f0-4406-a6ec-aea0cf2d0f50/single_train_215017/single_train_plots/': 1 objects, 0 subfolders.
2025-06-08 01:22:48 | INFO     | [minio_repo:list_objects_in...: 226] | ℹ️ Listed contents for prefix 's3://clouds/experiments/mini-GCD-flat/cnn/e71f38d3-36f0-4406-a6ec-aea0cf2d0f50/single_train_215017/single_train_plots/': 1 objects, 0 subfolders.
2025-06-08 01:22:57 | INFO     | [minio_repo:list_objects_in...: 226] | ℹ️ Listed contents for prefix 's3://clouds/experiments/mini-GCD-flat/cnn/e71f38d3-36f0-4406-a6ec-aea0cf2d0f50/single_train_215017/': 3 objects, 1 subfolders.
2025-06-08 01:22:58 | INFO     | [minio_repo:list_objects_in...: 226] | ℹ️ Listed contents for prefix 's3://clouds/experiments/mini-GCD-flat/cnn/e71f38d3-36f0-4406-a6ec-aea0cf2d0f50/': 1 objects, 2 subfolders.
2025-06-08 01:23:00 | INFO     | [minio_repo:list_objects_in...: 226] | ℹ️ Listed contents for prefix 's3://clouds/experiments/mini-GCD-flat/cnn/e71f38d3-36f0-4406-a6ec-aea0cf2d0f50/single_eval_215027/': 1 objects, 1 subfolders.
2025-06-08 01:23:01 | INFO     | [minio_repo:list_objects_in...: 226] | ℹ️ Listed contents for prefix 's3://clouds/experiments/mini-GCD-flat/cnn/e71f38d3-36f0-4406-a6ec-aea0cf2d0f50/single_eval_215027/single_eval_plots/': 5 objects, 0 subfolders.
2025-06-08 01:23:22 | INFO     | [minio_repo:list_objects_in...: 226] | ℹ️ Listed contents for prefix 's3://clouds/experiments/mini-GCD-flat/cnn/e71f38d3-36f0-4406-a6ec-aea0cf2d0f50/': 1 objects, 2 subfolders.
2025-06-08 01:23:24 | INFO     | [minio_repo:list_objects_in...: 226] | ℹ️ Listed contents for prefix 's3://clouds/experiments/mini-GCD-flat/cnn/e71f38d3-36f0-4406-a6ec-aea0cf2d0f50/single_train_215017/': 3 objects, 1 subfolders.
2025-06-08 01:23:45 | INFO     | [minio_repo:list_objects_in...: 226] | ℹ️ Listed contents for prefix 's3://clouds/experiments/mini-GCD-flat/cnn/e71f38d3-36f0-4406-a6ec-aea0cf2d0f50/single_train_215017/single_train_plots/': 1 objects, 0 subfolders.
2025-06-08 01:23:48 | INFO     | [minio_repo:list_objects_in...: 226] | ℹ️ Listed contents for prefix 's3://clouds/experiments/mini-GCD-flat/cnn/e71f38d3-36f0-4406-a6ec-aea0cf2d0f50/single_train_215017/': 3 objects, 1 subfolders.
2025-06-08 01:24:37 | INFO     | [minio_repo:list_objects_in...: 226] | ℹ️ Listed contents for prefix 's3://clouds/experiments/mini-GCD-flat/cnn/e71f38d3-36f0-4406-a6ec-aea0cf2d0f50/single_train_215017/single_train_plots/': 1 objects, 0 subfolders.
2025-06-08 01:24:43 | INFO     | [minio_repo:list_objects_in...: 226] | ℹ️ Listed contents for prefix 's3://clouds/experiments/mini-GCD-flat/cnn/e71f38d3-36f0-4406-a6ec-aea0cf2d0f50/single_train_215017/': 3 objects, 1 subfolders.
2025-06-08 01:27:13 | INFO     | [minio_repo:list_objects_in...: 226] | ℹ️ Listed contents for prefix 's3://clouds/experiments/mini-GCD-flat/cnn/e71f38d3-36f0-4406-a6ec-aea0cf2d0f50/': 1 objects, 2 subfolders.
2025-06-08 01:27:20 | INFO     | [minio_repo:list_objects_in...: 226] | ℹ️ Listed contents for prefix 's3://clouds/experiments/mini-GCD-flat/cnn/e71f38d3-36f0-4406-a6ec-aea0cf2d0f50/single_eval_215027/': 1 objects, 1 subfolders.
2025-06-08 01:27:21 | INFO     | [minio_repo:list_objects_in...: 226] | ℹ️ Listed contents for prefix 's3://clouds/experiments/mini-GCD-flat/cnn/e71f38d3-36f0-4406-a6ec-aea0cf2d0f50/single_eval_215027/single_eval_plots/': 5 objects, 0 subfolders.
2025-06-08 01:30:24 | INFO     | [minio_repo:list_objects_in...: 226] | ℹ️ Listed contents for prefix 's3://clouds/experiments/mini-GCD-flat/cnn/e71f38d3-36f0-4406-a6ec-aea0cf2d0f50/single_eval_215027/single_eval_plots/': 5 objects, 0 subfolders.
2025-06-08 01:30:26 | INFO     | [minio_repo:list_objects_in...: 226] | ℹ️ Listed contents for prefix 's3://clouds/experiments/mini-GCD-flat/cnn/a019acdd-7cfc-4df5-a289-47458dcd4725/': 0 objects, 1 subfolders.
2025-06-08 01:30:26 | INFO     | [minio_repo:list_objects_in...: 226] | ℹ️ Listed contents for prefix 's3://clouds/experiments/mini-GCD-flat/cnn/a019acdd-7cfc-4df5-a289-47458dcd4725/': 0 objects, 1 subfolders.
2025-06-08 01:30:27 | INFO     | [minio_repo:list_objects_in...: 226] | ℹ️ Listed contents for prefix 's3://clouds/experiments/mini-GCD-flat/cnn/a019acdd-7cfc-4df5-a289-47458dcd4725/single_train_214637/': 3 objects, 1 subfolders.
2025-06-08 01:30:38 | ERROR    | [minio_repo:download_file_t...: 125] | ❌ File not found in MinIO: s3://clouds/experiments/mini-GCD-flat/cnn/a019acdd-7cfc-4df5-a289-47458dcd4725/executor_run_a019acdd-7cfc-4df5-a289-47458dcd4725.log
2025-06-08 01:30:39 | INFO     | [minio_repo:list_objects_in...: 226] | ℹ️ Listed contents for prefix 's3://clouds/experiments/mini-GCD-flat/cnn/a019acdd-7cfc-4df5-a289-47458dcd4725/single_train_214637/': 3 objects, 1 subfolders.
2025-06-08 01:30:41 | ERROR    | [minio_repo:download_file_t...: 125] | ❌ File not found in MinIO: s3://clouds/experiments/mini-GCD-flat/cnn/a019acdd-7cfc-4df5-a289-47458dcd4725/executor_run_a019acdd-7cfc-4df5-a289-47458dcd4725.log
2025-06-08 01:36:55 | INFO     | [minio_repo:list_objects_in...: 226] | ℹ️ Listed contents for prefix 's3://clouds/experiments/mini-GCD-flat/cnn/a019acdd-7cfc-4df5-a289-47458dcd4725/single_train_214637/': 3 objects, 1 subfolders.
2025-06-08 01:36:56 | INFO     | [minio_repo:list_objects_in...: 226] | ℹ️ Listed contents for prefix 's3://clouds/experiments/mini-GCD-flat/cnn/a019acdd-7cfc-4df5-a289-47458dcd4725/': 0 objects, 1 subfolders.
2025-06-08 01:36:59 | INFO     | [minio_repo:list_objects_in...: 226] | ℹ️ Listed contents for prefix 's3://clouds/experiments/mini-GCD-flat/cnn/a019acdd-7cfc-4df5-a289-47458dcd4725/single_train_214637/': 3 objects, 1 subfolders.
2025-06-08 01:37:00 | ERROR    | [minio_repo:download_file_t...: 125] | ❌ File not found in MinIO: s3://clouds/experiments/mini-GCD-flat/cnn/a019acdd-7cfc-4df5-a289-47458dcd4725/executor_run_a019acdd-7cfc-4df5-a289-47458dcd4725.log
2025-06-08 01:37:04 | INFO     | [minio_repo:list_objects_in...: 226] | ℹ️ Listed contents for prefix 's3://clouds/experiments/mini-GCD-flat/cnn/a019acdd-7cfc-4df5-a289-47458dcd4725/single_train_214637/': 3 objects, 1 subfolders.
2025-06-08 01:37:20 | ERROR    | [minio_repo:download_file_t...: 125] | ❌ File not found in MinIO: s3://clouds/experiments/mini-GCD-flat/cnn/a019acdd-7cfc-4df5-a289-47458dcd4725/executor_run_a019acdd-7cfc-4df5-a289-47458dcd4725.log
2025-06-08 01:37:22 | INFO     | [minio_repo:list_objects_in...: 226] | ℹ️ Listed contents for prefix 's3://clouds/experiments/mini-GCD-flat/cnn/a019acdd-7cfc-4df5-a289-47458dcd4725/single_train_214637/': 3 objects, 1 subfolders.
2025-06-08 01:37:28 | INFO     | [minio_repo:list_objects_in...: 226] | ℹ️ Listed contents for prefix 's3://clouds/experiments/mini-GCD-flat/cnn/a019acdd-7cfc-4df5-a289-47458dcd4725/single_train_214637/single_train_plots/': 1 objects, 0 subfolders.
2025-06-08 01:40:33 | INFO     | [minio_repo:list_objects_in...: 226] | ℹ️ Listed contents for prefix 's3://clouds/experiments/mini-GCD-flat/cnn/a019acdd-7cfc-4df5-a289-47458dcd4725/': 0 objects, 1 subfolders.
2025-06-08 01:40:33 | INFO     | [minio_repo:list_objects_in...: 226] | ℹ️ Listed contents for prefix 's3://clouds/experiments/mini-GCD-flat/cnn/a019acdd-7cfc-4df5-a289-47458dcd4725/': 0 objects, 1 subfolders.
2025-06-08 01:40:34 | INFO     | [minio_repo:list_objects_in...: 226] | ℹ️ Listed contents for prefix 's3://clouds/experiments/mini-GCD-flat/cnn/a019acdd-7cfc-4df5-a289-47458dcd4725/single_train_214637/': 3 objects, 1 subfolders.
2025-06-08 01:40:41 | INFO     | [minio_repo:list_objects_in...: 226] | ℹ️ Listed contents for prefix 's3://clouds/experiments/mini-GCD-flat/cnn/a019acdd-7cfc-4df5-a289-47458dcd4725/single_train_214637/single_train_plots/': 1 objects, 0 subfolders.
2025-06-08 01:41:15 | INFO     | [minio_repo:list_objects_in...: 226] | ℹ️ Listed contents for prefix 's3://clouds/experiments/mini-GCD-flat/cnn/a019acdd-7cfc-4df5-a289-47458dcd4725/single_train_214637/': 3 objects, 1 subfolders.
2025-06-08 01:41:23 | INFO     | [minio_repo:list_objects_in...: 226] | ℹ️ Listed contents for prefix 's3://clouds/experiments/mini-GCD-flat/cnn/a019acdd-7cfc-4df5-a289-47458dcd4725/single_train_214637/single_train_plots/': 1 objects, 0 subfolders.
2025-06-08 01:41:24 | INFO     | [minio_repo:list_objects_in...: 226] | ℹ️ Listed contents for prefix 's3://clouds/experiments/mini-GCD-flat/cnn/a019acdd-7cfc-4df5-a289-47458dcd4725/single_train_214637/': 3 objects, 1 subfolders.
2025-06-08 01:41:54 | INFO     | [minio_repo:list_objects_in...: 226] | ℹ️ Listed contents for prefix 's3://clouds/experiments/mini-GCD-flat/cnn/a019acdd-7cfc-4df5-a289-47458dcd4725/': 0 objects, 1 subfolders.
2025-06-08 01:41:54 | INFO     | [minio_repo:list_objects_in...: 226] | ℹ️ Listed contents for prefix 's3://clouds/experiments/mini-GCD-flat/cnn/a019acdd-7cfc-4df5-a289-47458dcd4725/': 0 objects, 1 subfolders.
2025-06-08 01:41:55 | INFO     | [minio_repo:list_objects_in...: 226] | ℹ️ Listed contents for prefix 's3://clouds/experiments/mini-GCD-flat/cnn/a019acdd-7cfc-4df5-a289-47458dcd4725/single_train_214637/': 3 objects, 1 subfolders.
2025-06-08 01:42:25 | INFO     | [minio_repo:list_objects_in...: 226] | ℹ️ Listed contents for prefix 's3://clouds/experiments/mini-GCD-flat/cnn/a019acdd-7cfc-4df5-a289-47458dcd4725/single_train_214637/single_train_plots/': 1 objects, 0 subfolders.
2025-06-08 01:42:29 | INFO     | [minio_repo:list_objects_in...: 226] | ℹ️ Listed contents for prefix 's3://clouds/experiments/mini-GCD-flat/cnn/e71f38d3-36f0-4406-a6ec-aea0cf2d0f50/': 1 objects, 2 subfolders.
2025-06-08 01:42:29 | INFO     | [minio_repo:list_objects_in...: 226] | ℹ️ Listed contents for prefix 's3://clouds/experiments/mini-GCD-flat/cnn/e71f38d3-36f0-4406-a6ec-aea0cf2d0f50/': 1 objects, 2 subfolders.
2025-06-08 01:42:31 | INFO     | [minio_repo:list_objects_in...: 226] | ℹ️ Listed contents for prefix 's3://clouds/experiments/mini-GCD-flat/cnn/e71f38d3-36f0-4406-a6ec-aea0cf2d0f50/single_train_215017/': 3 objects, 1 subfolders.
2025-06-08 01:42:32 | INFO     | [minio_repo:list_objects_in...: 226] | ℹ️ Listed contents for prefix 's3://clouds/experiments/mini-GCD-flat/cnn/e71f38d3-36f0-4406-a6ec-aea0cf2d0f50/': 1 objects, 2 subfolders.
2025-06-08 01:42:36 | INFO     | [minio_repo:list_objects_in...: 226] | ℹ️ Listed contents for prefix 's3://clouds/experiments/mini-GCD-flat/cnn/e71f38d3-36f0-4406-a6ec-aea0cf2d0f50/': 1 objects, 2 subfolders.
2025-06-08 01:42:39 | INFO     | [minio_repo:list_objects_in...: 226] | ℹ️ Listed contents for prefix 's3://clouds/experiments/mini-GCD-flat/cnn/e71f38d3-36f0-4406-a6ec-aea0cf2d0f50/single_train_215017/': 3 objects, 1 subfolders.
2025-06-08 01:42:49 | INFO     | [minio_repo:list_objects_in...: 226] | ℹ️ Listed contents for prefix 's3://clouds/experiments/mini-GCD-flat/cnn/e71f38d3-36f0-4406-a6ec-aea0cf2d0f50/single_train_215017/single_train_plots/': 1 objects, 0 subfolders.
2025-06-08 01:43:07 | INFO     | [minio_repo:list_objects_in...: 226] | ℹ️ Listed contents for prefix 's3://clouds/experiments/mini-GCD-flat/cnn/e71f38d3-36f0-4406-a6ec-aea0cf2d0f50/': 1 objects, 2 subfolders.
2025-06-08 01:43:07 | INFO     | [minio_repo:list_objects_in...: 226] | ℹ️ Listed contents for prefix 's3://clouds/experiments/mini-GCD-flat/cnn/e71f38d3-36f0-4406-a6ec-aea0cf2d0f50/': 1 objects, 2 subfolders.
2025-06-08 01:43:09 | INFO     | [minio_repo:list_objects_in...: 226] | ℹ️ Listed contents for prefix 's3://clouds/experiments/mini-GCD-flat/cnn/e71f38d3-36f0-4406-a6ec-aea0cf2d0f50/single_train_215017/': 3 objects, 1 subfolders.
2025-06-08 01:45:12 | INFO     | [minio_repo:list_objects_in...: 226] | ℹ️ Listed contents for prefix 's3://clouds/experiments/mini-GCD-flat/cnn/e71f38d3-36f0-4406-a6ec-aea0cf2d0f50/': 1 objects, 2 subfolders.
2025-06-08 01:46:31 | INFO     | [minio_repo:list_objects_in...: 226] | ℹ️ Listed contents for prefix 's3://clouds/experiments/mini-GCD-flat/cnn/e71f38d3-36f0-4406-a6ec-aea0cf2d0f50/single_train_215017/': 3 objects, 1 subfolders.
2025-06-08 01:46:31 | INFO     | [minio_repo:list_objects_in...: 226] | ℹ️ Listed contents for prefix 's3://clouds/experiments/mini-GCD-flat/cnn/e71f38d3-36f0-4406-a6ec-aea0cf2d0f50/single_train_215017/single_train_plots/': 1 objects, 0 subfolders.
2025-06-08 01:46:36 | INFO     | [minio_repo:list_objects_in...: 226] | ℹ️ Listed contents for prefix 's3://clouds/experiments/mini-GCD-flat/cnn/e71f38d3-36f0-4406-a6ec-aea0cf2d0f50/single_train_215017/': 3 objects, 1 subfolders.
2025-06-08 01:46:38 | INFO     | [minio_repo:list_objects_in...: 226] | ℹ️ Listed contents for prefix 's3://clouds/experiments/mini-GCD-flat/cnn/e71f38d3-36f0-4406-a6ec-aea0cf2d0f50/': 1 objects, 2 subfolders.
2025-06-08 01:46:39 | INFO     | [minio_repo:list_objects_in...: 226] | ℹ️ Listed contents for prefix 's3://clouds/experiments/mini-GCD-flat/cnn/e71f38d3-36f0-4406-a6ec-aea0cf2d0f50/single_eval_215027/': 1 objects, 1 subfolders.
2025-06-08 01:46:40 | INFO     | [minio_repo:list_objects_in...: 226] | ℹ️ Listed contents for prefix 's3://clouds/experiments/mini-GCD-flat/cnn/e71f38d3-36f0-4406-a6ec-aea0cf2d0f50/single_eval_215027/single_eval_plots/': 5 objects, 0 subfolders.
2025-06-08 01:58:03 | INFO     | [minio_repo:list_objects_in...: 226] | ℹ️ Listed contents for prefix 's3://clouds/experiments/mini-GCD-flat/cnn/e71f38d3-36f0-4406-a6ec-aea0cf2d0f50/': 1 objects, 2 subfolders.
2025-06-08 01:58:07 | INFO     | [minio_repo:list_objects_in...: 226] | ℹ️ Listed contents for prefix 's3://clouds/experiments/mini-GCD-flat/cnn/e71f38d3-36f0-4406-a6ec-aea0cf2d0f50/': 1 objects, 2 subfolders.
2025-06-08 01:58:07 | INFO     | [minio_repo:list_objects_in...: 226] | ℹ️ Listed contents for prefix 's3://clouds/experiments/mini-GCD-flat/cnn/e71f38d3-36f0-4406-a6ec-aea0cf2d0f50/': 1 objects, 2 subfolders.
2025-06-08 01:58:08 | INFO     | [minio_repo:list_objects_in...: 226] | ℹ️ Listed contents for prefix 's3://clouds/experiments/mini-GCD-flat/cnn/e71f38d3-36f0-4406-a6ec-aea0cf2d0f50/single_eval_215027/': 1 objects, 1 subfolders.
2025-06-08 01:58:17 | INFO     | [minio_repo:list_objects_in...: 226] | ℹ️ Listed contents for prefix 's3://clouds/experiments/mini-GCD-flat/cnn/e71f38d3-36f0-4406-a6ec-aea0cf2d0f50/single_eval_215027/single_eval_plots/': 5 objects, 0 subfolders.
2025-06-08 01:58:24 | INFO     | [minio_repo:list_objects_in...: 226] | ℹ️ Listed contents for prefix 's3://clouds/experiments/mini-GCD-flat/cnn/e71f38d3-36f0-4406-a6ec-aea0cf2d0f50/': 1 objects, 2 subfolders.
2025-06-08 01:58:24 | INFO     | [minio_repo:list_objects_in...: 226] | ℹ️ Listed contents for prefix 's3://clouds/experiments/mini-GCD-flat/cnn/e71f38d3-36f0-4406-a6ec-aea0cf2d0f50/single_eval_215027/': 1 objects, 1 subfolders.
2025-06-08 01:58:29 | INFO     | [minio_repo:list_objects_in...: 226] | ℹ️ Listed contents for prefix 's3://clouds/experiments/mini-GCD-flat/cnn/e71f38d3-36f0-4406-a6ec-aea0cf2d0f50/single_eval_215027/single_eval_plots/': 5 objects, 0 subfolders.
2025-06-08 01:58:30 | INFO     | [minio_repo:list_objects_in...: 226] | ℹ️ Listed contents for prefix 's3://clouds/experiments/mini-GCD-flat/cnn/e71f38d3-36f0-4406-a6ec-aea0cf2d0f50/': 1 objects, 2 subfolders.
2025-06-08 01:58:31 | INFO     | [minio_repo:list_objects_in...: 226] | ℹ️ Listed contents for prefix 's3://clouds/experiments/mini-GCD-flat/cnn/e71f38d3-36f0-4406-a6ec-aea0cf2d0f50/single_train_215017/': 3 objects, 1 subfolders.
2025-06-08 01:58:31 | INFO     | [minio_repo:list_objects_in...: 226] | ℹ️ Listed contents for prefix 's3://clouds/experiments/mini-GCD-flat/cnn/e71f38d3-36f0-4406-a6ec-aea0cf2d0f50/single_train_215017/single_train_plots/': 1 objects, 0 subfolders.
2025-06-08 01:58:42 | INFO     | [minio_repo:list_objects_in...: 226] | ℹ️ Listed contents for prefix 's3://clouds/experiments/mini-GCD-flat/cnn/e71f38d3-36f0-4406-a6ec-aea0cf2d0f50/single_train_215017/': 3 objects, 1 subfolders.
2025-06-08 01:58:43 | INFO     | [minio_repo:list_objects_in...: 226] | ℹ️ Listed contents for prefix 's3://clouds/experiments/mini-GCD-flat/cnn/e71f38d3-36f0-4406-a6ec-aea0cf2d0f50/single_train_215017/single_train_plots/': 1 objects, 0 subfolders.
2025-06-08 01:59:10 | INFO     | [minio_repo:list_objects_in...: 226] | ℹ️ Listed contents for prefix 's3://clouds/experiments/mini-GCD-flat/cnn/e71f38d3-36f0-4406-a6ec-aea0cf2d0f50/': 1 objects, 2 subfolders.
2025-06-08 01:59:11 | INFO     | [minio_repo:list_objects_in...: 226] | ℹ️ Listed contents for prefix 's3://clouds/experiments/mini-GCD-flat/cnn/e71f38d3-36f0-4406-a6ec-aea0cf2d0f50/single_eval_215027/': 1 objects, 1 subfolders.
2025-06-08 01:59:34 | INFO     | [minio_repo:list_objects_in...: 226] | ℹ️ Listed contents for prefix 's3://clouds/experiments/mini-GCD-flat/cnn/e71f38d3-36f0-4406-a6ec-aea0cf2d0f50/single_eval_215027/single_eval_plots/': 5 objects, 0 subfolders.
2025-06-08 01:59:35 | INFO     | [minio_repo:list_objects_in...: 226] | ℹ️ Listed contents for prefix 's3://clouds/experiments/mini-GCD-flat/cnn/e71f38d3-36f0-4406-a6ec-aea0cf2d0f50/': 1 objects, 2 subfolders.
2025-06-08 01:59:37 | INFO     | [minio_repo:list_objects_in...: 226] | ℹ️ Listed contents for prefix 's3://clouds/experiments/mini-GCD-flat/cnn/e71f38d3-36f0-4406-a6ec-aea0cf2d0f50/single_train_215017/': 3 objects, 1 subfolders.
2025-06-08 01:59:45 | INFO     | [minio_repo:list_objects_in...: 226] | ℹ️ Listed contents for prefix 's3://clouds/experiments/mini-GCD-flat/cnn/e71f38d3-36f0-4406-a6ec-aea0cf2d0f50/single_train_215017/single_train_plots/': 1 objects, 0 subfolders.
2025-06-08 01:59:46 | INFO     | [minio_repo:list_objects_in...: 226] | ℹ️ Listed contents for prefix 's3://clouds/experiments/mini-GCD-flat/cnn/e71f38d3-36f0-4406-a6ec-aea0cf2d0f50/': 1 objects, 2 subfolders.
2025-06-08 01:59:47 | INFO     | [minio_repo:list_objects_in...: 226] | ℹ️ Listed contents for prefix 's3://clouds/experiments/mini-GCD-flat/cnn/e71f38d3-36f0-4406-a6ec-aea0cf2d0f50/single_eval_215027/': 1 objects, 1 subfolders.
2025-06-08 01:59:50 | INFO     | [minio_repo:list_objects_in...: 226] | ℹ️ Listed contents for prefix 's3://clouds/experiments/mini-GCD-flat/cnn/e71f38d3-36f0-4406-a6ec-aea0cf2d0f50/single_eval_215027/single_eval_plots/': 5 objects, 0 subfolders.
2025-06-08 02:00:17 | INFO     | [minio_repo:list_objects_in...: 226] | ℹ️ Listed contents for prefix 's3://clouds/experiments/mini-GCD-flat/cnn/e71f38d3-36f0-4406-a6ec-aea0cf2d0f50/': 1 objects, 2 subfolders.
2025-06-08 02:00:19 | INFO     | [minio_repo:list_objects_in...: 226] | ℹ️ Listed contents for prefix 's3://clouds/experiments/mini-GCD-flat/cnn/e71f38d3-36f0-4406-a6ec-aea0cf2d0f50/single_eval_215027/': 1 objects, 1 subfolders.
2025-06-08 02:00:23 | INFO     | [minio_repo:list_objects_in...: 226] | ℹ️ Listed contents for prefix 's3://clouds/experiments/mini-GCD-flat/cnn/e71f38d3-36f0-4406-a6ec-aea0cf2d0f50/': 1 objects, 2 subfolders.
2025-06-08 02:01:36 | INFO     | [minio_repo:list_objects_in...: 226] | ℹ️ Listed contents for prefix 's3://clouds/experiments/mini-GCD-flat/cnn/e71f38d3-36f0-4406-a6ec-aea0cf2d0f50/': 1 objects, 2 subfolders.
2025-06-08 02:01:39 | INFO     | [minio_repo:list_objects_in...: 226] | ℹ️ Listed contents for prefix 's3://clouds/experiments/mini-GCD-flat/cnn/e71f38d3-36f0-4406-a6ec-aea0cf2d0f50/single_eval_215027/': 1 objects, 1 subfolders.
2025-06-08 02:01:40 | INFO     | [minio_repo:list_objects_in...: 226] | ℹ️ Listed contents for prefix 's3://clouds/experiments/mini-GCD-flat/cnn/e71f38d3-36f0-4406-a6ec-aea0cf2d0f50/single_eval_215027/single_eval_plots/': 5 objects, 0 subfolders.
2025-06-08 02:01:57 | INFO     | [minio_repo:list_objects_in...: 226] | ℹ️ Listed contents for prefix 's3://clouds/experiments/mini-GCD-flat/cnn/e71f38d3-36f0-4406-a6ec-aea0cf2d0f50/single_eval_215027/': 1 objects, 1 subfolders.
2025-06-08 02:01:58 | INFO     | [minio_repo:list_objects_in...: 226] | ℹ️ Listed contents for prefix 's3://clouds/experiments/mini-GCD-flat/cnn/e71f38d3-36f0-4406-a6ec-aea0cf2d0f50/': 1 objects, 2 subfolders.
2025-06-08 02:01:58 | INFO     | [minio_repo:list_objects_in...: 226] | ℹ️ Listed contents for prefix 's3://clouds/experiments/mini-GCD-flat/cnn/e71f38d3-36f0-4406-a6ec-aea0cf2d0f50/single_train_215017/': 3 objects, 1 subfolders.
2025-06-08 02:13:06 | ERROR    | [minio_repo:download_file_t...: 125] | ❌ File not found in MinIO: s3://clouds/experiments/mini-GCD-flat/cnn/e71f38d3-36f0-4406-a6ec-aea0cf2d0f50/images/anonymous/D_img29.png
2025-06-08 02:16:44 | ERROR    | [minio_repo:download_file_t...: 125] | ❌ File not found in MinIO: s3://clouds/experiments/mini-GCD-flat/cnn/e71f38d3-36f0-4406-a6ec-aea0cf2d0f50/images/anonymous/D_img29.png
2025-06-08 02:17:03 | INFO     | [minio_repo:list_objects_in...: 226] | ℹ️ Listed contents for prefix 's3://clouds/experiments/mini-GCD-flat/cnn/e71f38d3-36f0-4406-a6ec-aea0cf2d0f50/single_train_215017/single_train_plots/': 1 objects, 0 subfolders.
2025-06-08 02:19:40 | ERROR    | [minio_repo:download_file_t...: 125] | ❌ File not found in MinIO: s3://clouds/experiments/mini-GCD-flat/cnn/e71f38d3-36f0-4406-a6ec-aea0cf2d0f50/2/images/anonymous/D_img29.png
2025-06-08 02:19:48 | ERROR    | [minio_repo:download_file_t...: 125] | ❌ File not found in MinIO: s3://clouds/experiments/mini-GCD-flat/cnn/e71f38d3-36f0-4406-a6ec-aea0cf2d0f50/2E/images/anonymous/D_img29.png
2025-06-08 02:28:41 | INFO     | [minio_repo:list_objects_in...: 226] | ℹ️ Listed contents for prefix 's3://clouds/experiments/mini-GCD-flat/cnn/e71f38d3-36f0-4406-a6ec-aea0cf2d0f50/single_train_215017/': 3 objects, 1 subfolders.
2025-06-08 02:28:45 | INFO     | [minio_repo:list_objects_in...: 226] | ℹ️ Listed contents for prefix 's3://clouds/experiments/mini-GCD-flat/cnn/e71f38d3-36f0-4406-a6ec-aea0cf2d0f50/single_train_215017/single_train_plots/': 1 objects, 0 subfolders.
2025-06-08 02:28:46 | INFO     | [minio_repo:list_objects_in...: 226] | ℹ️ Listed contents for prefix 's3://clouds/experiments/mini-GCD-flat/cnn/e71f38d3-36f0-4406-a6ec-aea0cf2d0f50/single_train_215017/': 3 objects, 1 subfolders.
2025-06-08 02:28:47 | INFO     | [minio_repo:list_objects_in...: 226] | ℹ️ Listed contents for prefix 's3://clouds/experiments/mini-GCD-flat/cnn/e71f38d3-36f0-4406-a6ec-aea0cf2d0f50/': 1 objects, 2 subfolders.
2025-06-08 02:28:48 | INFO     | [minio_repo:list_objects_in...: 226] | ℹ️ Listed contents for prefix 's3://clouds/experiments/mini-GCD-flat/cnn/e71f38d3-36f0-4406-a6ec-aea0cf2d0f50/single_eval_215027/': 1 objects, 1 subfolders.
2025-06-08 02:31:42 | INFO     | [minio_repo:list_objects_in...: 226] | ℹ️ Listed contents for prefix 's3://clouds/experiments/mini-GCD-flat/cnn/e71f38d3-36f0-4406-a6ec-aea0cf2d0f50/': 1 objects, 2 subfolders.
2025-06-08 02:31:43 | INFO     | [minio_repo:list_objects_in...: 226] | ℹ️ Listed contents for prefix 's3://clouds/experiments/mini-GCD-flat/cnn/e71f38d3-36f0-4406-a6ec-aea0cf2d0f50/single_train_215017/': 3 objects, 1 subfolders.
2025-06-08 02:31:44 | INFO     | [minio_repo:list_objects_in...: 226] | ℹ️ Listed contents for prefix 's3://clouds/experiments/mini-GCD-flat/cnn/e71f38d3-36f0-4406-a6ec-aea0cf2d0f50/': 1 objects, 2 subfolders.
2025-06-08 02:31:45 | INFO     | [minio_repo:list_objects_in...: 226] | ℹ️ Listed contents for prefix 's3://clouds/experiments/mini-GCD-flat/cnn/e71f38d3-36f0-4406-a6ec-aea0cf2d0f50/single_eval_215027/': 1 objects, 1 subfolders.
2025-06-08 02:31:46 | INFO     | [minio_repo:list_objects_in...: 226] | ℹ️ Listed contents for prefix 's3://clouds/experiments/mini-GCD-flat/cnn/e71f38d3-36f0-4406-a6ec-aea0cf2d0f50/': 1 objects, 2 subfolders.
2025-06-08 02:31:47 | INFO     | [minio_repo:list_objects_in...: 226] | ℹ️ Listed contents for prefix 's3://clouds/experiments/mini-GCD-flat/cnn/e71f38d3-36f0-4406-a6ec-aea0cf2d0f50/single_train_215017/': 3 objects, 1 subfolders.
2025-06-08 02:31:48 | INFO     | [minio_repo:list_objects_in...: 226] | ℹ️ Listed contents for prefix 's3://clouds/experiments/mini-GCD-flat/cnn/e71f38d3-36f0-4406-a6ec-aea0cf2d0f50/single_train_215017/single_train_plots/': 1 objects, 0 subfolders.
2025-06-08 02:34:05 | INFO     | [minio_repo:list_objects_in...: 226] | ℹ️ Listed contents for prefix 's3://clouds/experiments/mini-GCD-flat/cnn/e71f38d3-36f0-4406-a6ec-aea0cf2d0f50/single_train_215017/': 3 objects, 1 subfolders.
2025-06-08 02:34:05 | INFO     | [minio_repo:list_objects_in...: 226] | ℹ️ Listed contents for prefix 's3://clouds/experiments/mini-GCD-flat/cnn/e71f38d3-36f0-4406-a6ec-aea0cf2d0f50/': 1 objects, 2 subfolders.
2025-06-08 02:34:07 | INFO     | [minio_repo:list_objects_in...: 226] | ℹ️ Listed contents for prefix 's3://clouds/experiments/mini-GCD-flat/cnn/e71f38d3-36f0-4406-a6ec-aea0cf2d0f50/single_train_215017/': 3 objects, 1 subfolders.
2025-06-08 02:34:18 | INFO     | [minio_repo:list_objects_in...: 226] | ℹ️ Listed contents for prefix 's3://clouds/experiments/mini-GCD-flat/cnn/e71f38d3-36f0-4406-a6ec-aea0cf2d0f50/': 1 objects, 2 subfolders.
2025-06-08 02:34:19 | INFO     | [minio_repo:list_objects_in...: 226] | ℹ️ Listed contents for prefix 's3://clouds/experiments/mini-GCD-flat/cnn/e71f38d3-36f0-4406-a6ec-aea0cf2d0f50/single_eval_215027/': 1 objects, 1 subfolders.
2025-06-08 02:34:20 | INFO     | [minio_repo:list_objects_in...: 226] | ℹ️ Listed contents for prefix 's3://clouds/experiments/mini-GCD-flat/cnn/e71f38d3-36f0-4406-a6ec-aea0cf2d0f50/single_eval_215027/single_eval_plots/': 5 objects, 0 subfolders.
2025-06-08 02:34:58 | INFO     | [minio_repo:list_objects_in...: 226] | ℹ️ Listed contents for prefix 's3://clouds/experiments/mini-GCD-flat/cnn/e71f38d3-36f0-4406-a6ec-aea0cf2d0f50/': 1 objects, 2 subfolders.
2025-06-08 02:34:59 | INFO     | [minio_repo:list_objects_in...: 226] | ℹ️ Listed contents for prefix 's3://clouds/experiments/mini-GCD-flat/cnn/e71f38d3-36f0-4406-a6ec-aea0cf2d0f50/single_eval_215027/': 1 objects, 1 subfolders.
2025-06-08 02:35:00 | INFO     | [minio_repo:list_objects_in...: 226] | ℹ️ Listed contents for prefix 's3://clouds/experiments/mini-GCD-flat/cnn/e71f38d3-36f0-4406-a6ec-aea0cf2d0f50/': 1 objects, 2 subfolders.
2025-06-08 02:35:01 | INFO     | [minio_repo:list_objects_in...: 226] | ℹ️ Listed contents for prefix 's3://clouds/experiments/mini-GCD-flat/cnn/e71f38d3-36f0-4406-a6ec-aea0cf2d0f50/single_train_215017/': 3 objects, 1 subfolders.
2025-06-08 02:35:02 | INFO     | [minio_repo:list_objects_in...: 226] | ℹ️ Listed contents for prefix 's3://clouds/experiments/mini-GCD-flat/cnn/e71f38d3-36f0-4406-a6ec-aea0cf2d0f50/single_train_215017/single_train_plots/': 1 objects, 0 subfolders.
2025-06-08 02:35:08 | INFO     | [minio_repo:list_objects_in...: 226] | ℹ️ Listed contents for prefix 's3://clouds/experiments/mini-GCD-flat/cnn/e71f38d3-36f0-4406-a6ec-aea0cf2d0f50/single_train_215017/': 3 objects, 1 subfolders.
2025-06-08 02:36:58 | INFO     | [minio_repo:list_objects_in...: 226] | ℹ️ Listed contents for prefix 's3://clouds/experiments/mini-GCD-flat/cnn/e71f38d3-36f0-4406-a6ec-aea0cf2d0f50/': 1 objects, 2 subfolders.
2025-06-08 02:37:06 | INFO     | [minio_repo:list_objects_in...: 226] | ℹ️ Listed contents for prefix 's3://clouds/experiments/mini-GCD-flat/cnn/e71f38d3-36f0-4406-a6ec-aea0cf2d0f50/': 1 objects, 2 subfolders.
2025-06-08 02:37:06 | INFO     | [minio_repo:list_objects_in...: 226] | ℹ️ Listed contents for prefix 's3://clouds/experiments/mini-GCD-flat/cnn/e71f38d3-36f0-4406-a6ec-aea0cf2d0f50/': 1 objects, 2 subfolders.
2025-06-08 02:37:40 | INFO     | [minio_repo:list_objects_in...: 226] | ℹ️ Listed contents for prefix 's3://clouds/experiments/mini-GCD-flat/cnn/e71f38d3-36f0-4406-a6ec-aea0cf2d0f50/': 1 objects, 2 subfolders.
2025-06-08 02:37:55 | INFO     | [minio_repo:list_objects_in...: 226] | ℹ️ Listed contents for prefix 's3://clouds/experiments/mini-GCD-flat/cnn/e71f38d3-36f0-4406-a6ec-aea0cf2d0f50/': 1 objects, 2 subfolders.
2025-06-08 02:38:20 | INFO     | [minio_repo:list_objects_in...: 226] | ℹ️ Listed contents for prefix 's3://clouds/experiments/mini-GCD-flat/cnn/e71f38d3-36f0-4406-a6ec-aea0cf2d0f50/': 1 objects, 2 subfolders.
2025-06-08 02:38:20 | INFO     | [minio_repo:list_objects_in...: 226] | ℹ️ Listed contents for prefix 's3://clouds/experiments/mini-GCD-flat/cnn/e71f38d3-36f0-4406-a6ec-aea0cf2d0f50/': 1 objects, 2 subfolders.
2025-06-08 02:40:33 | INFO     | [minio_repo:list_objects_in...: 226] | ℹ️ Listed contents for prefix 's3://clouds/experiments/mini-GCD-flat/cnn/e71f38d3-36f0-4406-a6ec-aea0cf2d0f50/': 1 objects, 2 subfolders.
2025-06-08 02:40:33 | INFO     | [minio_repo:list_objects_in...: 226] | ℹ️ Listed contents for prefix 's3://clouds/experiments/mini-GCD-flat/cnn/e71f38d3-36f0-4406-a6ec-aea0cf2d0f50/': 1 objects, 2 subfolders.
2025-06-08 02:41:47 | INFO     | [minio_repo:list_objects_in...: 226] | ℹ️ Listed contents for prefix 's3://clouds/experiments/mini-GCD-flat/cnn/e71f38d3-36f0-4406-a6ec-aea0cf2d0f50/': 1 objects, 2 subfolders.
2025-06-08 02:41:47 | INFO     | [minio_repo:list_objects_in...: 226] | ℹ️ Listed contents for prefix 's3://clouds/experiments/mini-GCD-flat/cnn/e71f38d3-36f0-4406-a6ec-aea0cf2d0f50/': 1 objects, 2 subfolders.
2025-06-08 02:41:48 | INFO     | [minio_repo:list_objects_in...: 226] | ℹ️ Listed contents for prefix 's3://clouds/experiments/mini-GCD-flat/cnn/e71f38d3-36f0-4406-a6ec-aea0cf2d0f50/single_eval_215027/': 1 objects, 1 subfolders.
2025-06-08 02:43:17 | INFO     | [minio_repo:list_objects_in...: 226] | ℹ️ Listed contents for prefix 's3://clouds/experiments/mini-GCD-flat/cnn/e71f38d3-36f0-4406-a6ec-aea0cf2d0f50/single_eval_215027/': 1 objects, 1 subfolders.
2025-06-08 02:43:42 | INFO     | [minio_repo:list_objects_in...: 226] | ℹ️ Listed contents for prefix 's3://clouds/experiments/mini-GCD-flat/cnn/e71f38d3-36f0-4406-a6ec-aea0cf2d0f50/': 1 objects, 2 subfolders.
2025-06-08 02:43:42 | INFO     | [minio_repo:list_objects_in...: 226] | ℹ️ Listed contents for prefix 's3://clouds/experiments/mini-GCD-flat/cnn/e71f38d3-36f0-4406-a6ec-aea0cf2d0f50/': 1 objects, 2 subfolders.
2025-06-08 02:43:47 | INFO     | [minio_repo:list_objects_in...: 226] | ℹ️ Listed contents for prefix 's3://clouds/experiments/mini-GCD-flat/cnn/e71f38d3-36f0-4406-a6ec-aea0cf2d0f50/': 1 objects, 2 subfolders.
2025-06-08 02:43:47 | INFO     | [minio_repo:list_objects_in...: 226] | ℹ️ Listed contents for prefix 's3://clouds/experiments/mini-GCD-flat/cnn/e71f38d3-36f0-4406-a6ec-aea0cf2d0f50/': 1 objects, 2 subfolders.
2025-06-08 02:44:42 | INFO     | [minio_repo:list_objects_in...: 226] | ℹ️ Listed contents for prefix 's3://clouds/experiments/mini-GCD-flat/cnn/e71f38d3-36f0-4406-a6ec-aea0cf2d0f50/': 1 objects, 2 subfolders.
2025-06-08 02:44:42 | INFO     | [minio_repo:list_objects_in...: 226] | ℹ️ Listed contents for prefix 's3://clouds/experiments/mini-GCD-flat/cnn/e71f38d3-36f0-4406-a6ec-aea0cf2d0f50/': 1 objects, 2 subfolders.
2025-06-08 02:47:33 | INFO     | [experim...:_execute_pipeli...:  64] | ℹ️ Background task started for experiment: a97a974d-3224-4a13-9d27-d217873c9abe
2025-06-08 02:47:33 | ERROR    | [experim...:update_experime...:  52] | ❌ HTTP error updating Java status for a97a974d-3224-4a13-9d27-d217873c9abe to RUNNING: 404 - . Payload: {'status': 'RUNNING'}
2025-06-08 20:42:00 | INFO     | [experim...:_execute_pipeli...:  64] | ℹ️ Background task started for experiment: 0a971c1d-5be5-4f01-a4ac-eab51a343e46
2025-06-08 20:42:00 | INFO     | [experim...:update_experime...:  50] | ℹ️ Successfully updated experiment 0a971c1d-5be5-4f01-a4ac-eab51a343e46 to RUNNING in Java. Payload: {'status': 'RUNNING'}
2025-06-08 23:33:00 | INFO     | [minio_repo:list_objects_in...: 226] | ℹ️ Listed contents for prefix 's3://clouds/experiments/mini-GCD-flat/cnn/0a971c1d-5be5-4f01-a4ac-eab51a343e46/': 1 objects, 3 subfolders.
2025-06-08 23:33:46 | INFO     | [minio_repo:list_objects_in...: 226] | ℹ️ Listed contents for prefix 's3://clouds/experiments/mini-GCD-flat/cnn/0a971c1d-5be5-4f01-a4ac-eab51a343e46/': 1 objects, 3 subfolders.
2025-06-08 23:33:46 | INFO     | [minio_repo:list_objects_in...: 226] | ℹ️ Listed contents for prefix 's3://clouds/experiments/mini-GCD-flat/cnn/0a971c1d-5be5-4f01-a4ac-eab51a343e46/': 1 objects, 3 subfolders.
2025-06-09 01:26:06 | INFO     | [minio_repo:list_objects_in...: 226] | ℹ️ Listed contents for prefix 's3://clouds/experiments/mini-GCD-flat/cnn/0a971c1d-5be5-4f01-a4ac-eab51a343e46/': 1 objects, 3 subfolders.
2025-06-09 01:26:07 | INFO     | [minio_repo:list_objects_in...: 226] | ℹ️ Listed contents for prefix 's3://clouds/experiments/mini-GCD-flat/cnn/0a971c1d-5be5-4f01-a4ac-eab51a343e46/': 1 objects, 3 subfolders.
2025-06-09 01:42:19 | INFO     | [experim...:_execute_pipeli...:  64] | ℹ️ Background task started for experiment: 308b2a4a-84cf-4f38-b604-936c49c5b6c3
2025-06-09 01:42:19 | INFO     | [experim...:update_experime...:  50] | ℹ️ Successfully updated experiment 308b2a4a-84cf-4f38-b604-936c49c5b6c3 to RUNNING in Java. Payload: {'status': 'RUNNING'}
2025-06-09 01:47:41 | INFO     | [experim...:_execute_pipeli...:  64] | ℹ️ Background task started for experiment: 6ed9c216-c7e2-4d75-843d-1bfbe49554f3
2025-06-09 01:47:41 | INFO     | [experim...:update_experime...:  50] | ℹ️ Successfully updated experiment 6ed9c216-c7e2-4d75-843d-1bfbe49554f3 to RUNNING in Java. Payload: {'status': 'RUNNING'}
2025-06-09 02:42:28 | INFO     | [experim...:_execute_pipeli...:  65] | ℹ️ Background task started for experiment: 568f96f6-2bd0-4e2f-89f8-4099f39414ec
2025-06-09 02:42:28 | INFO     | [experim...:update_experime...:  51] | ℹ️ Successfully updated experiment 568f96f6-2bd0-4e2f-89f8-4099f39414ec to RUNNING in Java. Payload: {'status': 'RUNNING'}
2025-06-09 02:42:29 | INFO     | [executor  :__init__          :  65] | ℹ️ PipelineExecutor initialized with effective random seed: 42
2025-06-09 04:00:42 | INFO     | [pipeline  :__init__          : 175] | ℹ️ Initializing Classification Pipeline:
2025-06-09 04:00:42 | INFO     | [pipeline  :__init__          : 176] | ℹ️   Dataset Path: C:\Users\Stefan\Documents\GitHub\UBB-Y3-AI-Research\model_src\data\mini-GCD-flat
2025-06-09 04:00:42 | INFO     | [pipeline  :__init__          : 177] | ℹ️   Model Type: cnn
2025-06-09 04:00:42 | INFO     | [pipeline  :__init__          : 182] | ℹ️   Artifact repository not configured or base prefix missing. File outputs might be limited.
2025-06-09 04:00:42 | INFO     | [pipeline  :__init__          : 184] | ℹ️   Default Augmentation Strategy: AugmentationStrategy.DEFAULT_STANDARD
2025-06-09 04:00:42 | INFO     | [pipeline  :__init__          : 185] | ℹ️   Default Show First Batch Aug: False
2025-06-09 04:00:42 | INFO     | [dataset...:__init__          : 271] | ℹ️ Using augmentation strategy: AugmentationStrategy.DEFAULT_STANDARD
2025-06-09 04:00:42 | INFO     | [dataset...:__init__          : 296] | ℹ️ Detected dataset structure: flat
2025-06-09 04:00:42 | INFO     | [dataset...:_load_paths_and...: 424] | ℹ️ Scanning FLAT dataset from C:\Users\Stefan\Documents\GitHub\UBB-Y3-AI-Research\model_src\data\mini-GCD-flat...
2025-06-09 04:00:42 | INFO     | [dataset...:_load_paths_and...: 518] | ℹ️ Final Original Dataset sizes: 347 original train+val, 87 original test. Offline augmented samples loaded: 0.
2025-06-09 04:00:42 | INFO     | [dataset...:__init__          : 319] | ℹ️ Found 7 classes: 1_cumulus, 2_altocumulus, 3_cirrus, 4_clearsky, 5_stratocumulus, 6_cumulonimbus, 7_mixed
2025-06-09 04:00:42 | INFO     | [dataset...:__init__          : 322] | ℹ️ Dataset sizes: 347 train+val, 87 test. Total: 434
2025-06-09 04:00:42 | WARNING  | [pipeline  :__init__          : 198] | ⚠️   Artifact repository configured, but no experiment_base_key_prefix provided from executor. Specific run outputs might not be grouped correctly.
2025-06-09 04:00:42 | INFO     | [pipeline  :__init__          : 226] | ℹ️   Using Optimizer: AdamW
2025-06-09 04:00:42 | INFO     | [pipeline  :__init__          : 271] | ℹ️   Model Adapter: Initialized with SimpleCNN
2025-06-09 04:00:42 | INFO     | [pipeline  :load_model        :2234] | ℹ️ Operation load_model_op_040042: Attempting to load model from: experiments\mGCDf\cnn\0a971c1d-5be5-4f01-a4ac-eab51a343e46\cnn_sngl_ep1_val_loss2p62_204211.pt
2025-06-09 04:00:42 | ERROR    | [minio_repo:download_file_t...: 125] | ❌ File not found in MinIO: s3://clouds/experiments/experiments/mGCDf/cnn/0a971c1d-5be5-4f01-a4ac-eab51a343e46/cnn_sngl_ep1_val_loss2p62_204211_arch_config.json
2025-06-09 04:00:42 | ERROR    | [pipeline  :load_model        :2273] | ❌ Op load_model_op_040042: CRITICAL: Architecture config not found. Attempting load with current pipeline defaults.
2025-06-09 04:00:42 | ERROR    | [minio_repo:download_file_t...: 125] | ❌ File not found in MinIO: s3://clouds/experiments/experiments/mGCDf/cnn/0a971c1d-5be5-4f01-a4ac-eab51a343e46/cnn_sngl_ep1_val_loss2p62_204211.pt
2025-06-09 04:02:27 | INFO     | [experim...:_execute_pipeli...:  65] | ℹ️ Background task started for experiment: f25edb66-4240-49d6-9a8e-0f549297f86f
2025-06-09 04:02:27 | ERROR    | [experim...:update_experime...:  53] | ❌ HTTP error updating Java status for f25edb66-4240-49d6-9a8e-0f549297f86f to RUNNING: 404 - . Payload: {'status': 'RUNNING'}
2025-06-09 04:02:27 | INFO     | [executor  :__init__          :  65] | ℹ️ PipelineExecutor initialized with effective random seed: 42
2025-06-09 04:07:15 | INFO     | [experim...:_execute_pipeli...:  65] | ℹ️ Background task started for experiment: 2227fef2-77e3-46c6-b903-1b8ab33250de
2025-06-09 04:07:15 | INFO     | [experim...:update_experime...:  51] | ℹ️ Successfully updated experiment 2227fef2-77e3-46c6-b903-1b8ab33250de to RUNNING in Java. Payload: {'status': 'RUNNING'}
2025-06-09 04:07:15 | INFO     | [executor  :__init__          :  65] | ℹ️ PipelineExecutor initialized with effective random seed: 42
2025-06-09 04:10:59 | INFO     | [pipeline  :__init__          : 175] | ℹ️ Initializing Classification Pipeline:
2025-06-09 04:10:59 | INFO     | [pipeline  :__init__          : 176] | ℹ️   Dataset Path: C:\Users\Stefan\Documents\GitHub\UBB-Y3-AI-Research\model_src\data\mini-GCD-flat
2025-06-09 04:10:59 | INFO     | [pipeline  :__init__          : 177] | ℹ️   Model Type: cnn
2025-06-09 04:10:59 | INFO     | [pipeline  :__init__          : 182] | ℹ️   Artifact repository not configured or base prefix missing. File outputs might be limited.
2025-06-09 04:10:59 | INFO     | [pipeline  :__init__          : 184] | ℹ️   Default Augmentation Strategy: AugmentationStrategy.DEFAULT_STANDARD
2025-06-09 04:10:59 | INFO     | [pipeline  :__init__          : 185] | ℹ️   Default Show First Batch Aug: False
2025-06-09 04:10:59 | INFO     | [dataset...:__init__          : 271] | ℹ️ Using augmentation strategy: AugmentationStrategy.DEFAULT_STANDARD
2025-06-09 04:10:59 | INFO     | [dataset...:__init__          : 296] | ℹ️ Detected dataset structure: flat
2025-06-09 04:10:59 | INFO     | [dataset...:_load_paths_and...: 424] | ℹ️ Scanning FLAT dataset from C:\Users\Stefan\Documents\GitHub\UBB-Y3-AI-Research\model_src\data\mini-GCD-flat...
2025-06-09 04:10:59 | INFO     | [dataset...:_load_paths_and...: 518] | ℹ️ Final Original Dataset sizes: 347 original train+val, 87 original test. Offline augmented samples loaded: 0.
2025-06-09 04:10:59 | INFO     | [dataset...:__init__          : 319] | ℹ️ Found 7 classes: 1_cumulus, 2_altocumulus, 3_cirrus, 4_clearsky, 5_stratocumulus, 6_cumulonimbus, 7_mixed
2025-06-09 04:10:59 | INFO     | [dataset...:__init__          : 322] | ℹ️ Dataset sizes: 347 train+val, 87 test. Total: 434
2025-06-09 04:10:59 | WARNING  | [pipeline  :__init__          : 198] | ⚠️   Artifact repository configured, but no experiment_base_key_prefix provided from executor. Specific run outputs might not be grouped correctly.
2025-06-09 04:10:59 | INFO     | [pipeline  :__init__          : 226] | ℹ️   Using Optimizer: AdamW
2025-06-09 04:10:59 | INFO     | [pipeline  :__init__          : 271] | ℹ️   Model Adapter: Initialized with SimpleCNN
2025-06-09 04:10:59 | INFO     | [pipeline  :load_model        :2234] | ℹ️ Operation load_model_op_041059: Attempting to load model from: mGCDf\cnn\2227fef2-77e3-46c6-b903-1b8ab33250de\single_train_040715\cnn_sngl_ep1_val_loss2p68_040715.pt
2025-06-09 04:10:59 | ERROR    | [minio_repo:download_file_t...: 125] | ❌ File not found in MinIO: s3://clouds/experiments/mGCDf/cnn/2227fef2-77e3-46c6-b903-1b8ab33250de/single_train_040715/cnn_sngl_ep1_val_loss2p68_040715_arch_config.json
2025-06-09 04:10:59 | ERROR    | [pipeline  :load_model        :2273] | ❌ Op load_model_op_041059: CRITICAL: Architecture config not found. Attempting load with current pipeline defaults.
2025-06-09 04:10:59 | ERROR    | [minio_repo:download_file_t...: 125] | ❌ File not found in MinIO: s3://clouds/experiments/mGCDf/cnn/2227fef2-77e3-46c6-b903-1b8ab33250de/single_train_040715/cnn_sngl_ep1_val_loss2p68_040715.pt
2025-06-09 04:11:53 | INFO     | [pipeline  :__init__          : 175] | ℹ️ Initializing Classification Pipeline:
2025-06-09 04:11:53 | INFO     | [pipeline  :__init__          : 176] | ℹ️   Dataset Path: C:\Users\Stefan\Documents\GitHub\UBB-Y3-AI-Research\model_src\data\mini-GCD-flat
2025-06-09 04:11:53 | INFO     | [pipeline  :__init__          : 177] | ℹ️   Model Type: cnn
2025-06-09 04:11:53 | INFO     | [pipeline  :__init__          : 182] | ℹ️   Artifact repository not configured or base prefix missing. File outputs might be limited.
2025-06-09 04:11:53 | INFO     | [pipeline  :__init__          : 184] | ℹ️   Default Augmentation Strategy: AugmentationStrategy.DEFAULT_STANDARD
2025-06-09 04:11:53 | INFO     | [pipeline  :__init__          : 185] | ℹ️   Default Show First Batch Aug: False
2025-06-09 04:11:53 | INFO     | [dataset...:__init__          : 271] | ℹ️ Using augmentation strategy: AugmentationStrategy.DEFAULT_STANDARD
2025-06-09 04:11:53 | INFO     | [dataset...:__init__          : 296] | ℹ️ Detected dataset structure: flat
2025-06-09 04:11:53 | INFO     | [dataset...:_load_paths_and...: 424] | ℹ️ Scanning FLAT dataset from C:\Users\Stefan\Documents\GitHub\UBB-Y3-AI-Research\model_src\data\mini-GCD-flat...
2025-06-09 04:11:53 | INFO     | [dataset...:_load_paths_and...: 518] | ℹ️ Final Original Dataset sizes: 347 original train+val, 87 original test. Offline augmented samples loaded: 0.
2025-06-09 04:11:53 | INFO     | [dataset...:__init__          : 319] | ℹ️ Found 7 classes: 1_cumulus, 2_altocumulus, 3_cirrus, 4_clearsky, 5_stratocumulus, 6_cumulonimbus, 7_mixed
2025-06-09 04:11:53 | INFO     | [dataset...:__init__          : 322] | ℹ️ Dataset sizes: 347 train+val, 87 test. Total: 434
2025-06-09 04:11:53 | WARNING  | [pipeline  :__init__          : 198] | ⚠️   Artifact repository configured, but no experiment_base_key_prefix provided from executor. Specific run outputs might not be grouped correctly.
2025-06-09 04:11:53 | INFO     | [pipeline  :__init__          : 226] | ℹ️   Using Optimizer: AdamW
2025-06-09 04:11:53 | INFO     | [pipeline  :__init__          : 271] | ℹ️   Model Adapter: Initialized with SimpleCNN
2025-06-09 04:11:53 | INFO     | [pipeline  :load_model        :2234] | ℹ️ Operation load_model_op_041153: Attempting to load model from: mini-GCD-flat\cnn\2227fef2-77e3-46c6-b903-1b8ab33250de\single_train_040715\cnn_sngl_ep1_val_loss2p68_040715.pt
2025-06-09 04:11:53 | INFO     | [minio_repo:load_json         : 135] | ℹ️ JSON loaded from S3: s3://clouds/experiments/mini-GCD-flat/cnn/2227fef2-77e3-46c6-b903-1b8ab33250de/single_train_040715/cnn_sngl_ep1_val_loss2p68_040715_arch_config.json
2025-06-09 04:11:53 | INFO     | [pipeline  :load_model        :2282] | ℹ️ Op load_model_op_041153: Loaded architecture config from: experiments/mini-GCD-flat/cnn/2227fef2-77e3-46c6-b903-1b8ab33250de/single_train_040715/cnn_sngl_ep1_val_loss2p68_040715_arch_config.json
2025-06-09 04:11:53 | INFO     | [pipeline  :load_model        :2331] | ℹ️ Loaded model's image size (224, 224) matches current pipeline config.
2025-06-09 04:11:53 | INFO     | [pipeline  :load_model        :2336] | ℹ️ Op load_model_op_041153: Re-initializing SkorchModelAdapter for SimpleCNN with 7 classes.
2025-06-09 04:11:54 | INFO     | [minio_repo:load_model_stat...: 146] | ℹ️ Model state_dict loaded from S3: s3://clouds/experiments/mini-GCD-flat/cnn/2227fef2-77e3-46c6-b903-1b8ab33250de/single_train_040715/cnn_sngl_ep1_val_loss2p68_040715.pt
2025-06-09 04:11:54 | INFO     | [pipeline  :load_model        :2355] | ℹ️ Op load_model_op_041153: Model state_dict loaded via repo from: experiments/mini-GCD-flat/cnn/2227fef2-77e3-46c6-b903-1b8ab33250de/single_train_040715/cnn_sngl_ep1_val_loss2p68_040715.pt
2025-06-09 04:11:54 | INFO     | [pipeline  :load_model        :2384] | ℹ️ Op load_model_op_041153: Model state_dict applied successfully from: mini-GCD-flat\cnn\2227fef2-77e3-46c6-b903-1b8ab33250de\single_train_040715\cnn_sngl_ep1_val_loss2p68_040715.pt. Model image size context: (224, 224)
2025-06-09 04:11:54 | INFO     | [pipeline  :predict_images    :2006] | ℹ️ Op predict_op_20250609_041154_217434: Starting prediction for 1 images by user 'm1', using model from experiment '2227fef2-77e3-46c6-b903-1b8ab33250de'.
2025-06-09 04:11:54 | INFO     | [pipeline  :predict_images    :2068] | ℹ️ Op predict_op_20250609_041154_217434: Loaded 1 images.
2025-06-09 04:12:17 | INFO     | [minio_repo:save_json         :  82] | ℹ️ JSON saved to S3: s3://clouds/predictions/m1/3/2227fef2-77e3-46c6-b903-1b8ab33250de/prediction_details.json
2025-06-09 04:12:17 | INFO     | [pipeline  :predict_images    :2193] | ℹ️ Op predict_op_20250609_041154_217434: Prediction JSON for image 3 saved to: predictions/m1/3/2227fef2-77e3-46c6-b903-1b8ab33250de/prediction_details.json
2025-06-09 04:12:19 | INFO     | [minio_repo:save_plot_figure  : 103] | ℹ️ Plot saved to S3: s3://clouds/predictions/m1/3/2227fef2-77e3-46c6-b903-1b8ab33250de/plots/lime_explanation.png
2025-06-09 04:12:20 | INFO     | [minio_repo:save_plot_figure  : 103] | ℹ️ Plot saved to S3: s3://clouds/predictions/m1/3/2227fef2-77e3-46c6-b903-1b8ab33250de/plots/probability_distribution.png
2025-06-09 04:12:20 | INFO     | [pipeline  :predict_images    :2223] | ℹ️ Op predict_op_20250609_041154_217434: Finished predictions for 1 images.
