Timestamp           | Level    | Location                             | Message
--------------------+----------+--------------------------------------+---------------------------------------------------
2025-12-02 11:56:25 | INFO     | [logger_...:setup_logger      : 130] | ℹ️ Logger 'ImgClassPipe' initialized. Log file: C:\Users\Stefan Alexandrescu\Documents\GitHub\UBB-Y3-AI-Research\model_src\experiments\CCSN\pvit\20251202_115625_seed42\executor_run_20251202_115625_seed42.log
2025-12-02 11:56:25 | INFO     | [executor  :__init__          : 121] | ℹ️ Local main executor log file for this run (may be temporary): C:\Users\Stefan Alexandrescu\Documents\GitHub\UBB-Y3-AI-Research\model_src\experiments\CCSN\pvit\20251202_115625_seed42\executor_run_20251202_115625_seed42.log
2025-12-02 11:56:25 | INFO     | [executor  :__init__          : 126] | ℹ️ --- Starting Executor Run (ID: 20251202_115625_seed42) ---
2025-12-02 11:56:25 | INFO     | [executor  :__init__          : 127] | ℹ️ Executor initialized for model 'pvit' on dataset 'CCSN'
2025-12-02 11:56:25 | INFO     | [executor  :__init__          : 130] | ℹ️ Local artifact storage base: C:\Users\Stefan Alexandrescu\Documents\GitHub\UBB-Y3-AI-Research\model_src
2025-12-02 11:56:25 | INFO     | [executor  :__init__          : 134] | ℹ️ Base key/prefix for this executor run's artifacts: experiments/CCSN/pvit/20251202_115625_seed42
2025-12-02 11:56:25 | INFO     | [pipeline  :__init__          : 165] | ℹ️ Initializing Classification Pipeline:
2025-12-02 11:56:25 | INFO     | [pipeline  :__init__          : 166] | ℹ️   Dataset Path: C:\Users\Stefan Alexandrescu\Documents\GitHub\UBB-Y3-AI-Research\model_src\data\CCSN
2025-12-02 11:56:25 | INFO     | [pipeline  :__init__          : 167] | ℹ️   Model Type: pvit
2025-12-02 11:56:25 | INFO     | [pipeline  :__init__          : 170] | ℹ️   Artifact base key prefix for this run: experiments/CCSN/pvit/20251202_115625_seed42 (using LocalFileSystemRepository)
2025-12-02 11:56:25 | INFO     | [pipeline  :__init__          : 174] | ℹ️   Default Augmentation Strategy: AugmentationStrategy.CCSN_MODERATE
2025-12-02 11:56:25 | INFO     | [pipeline  :__init__          : 175] | ℹ️   Default Show First Batch Aug: True
2025-12-02 11:56:25 | INFO     | [dataset...:__init__          : 529] | ℹ️ Using augmentation strategy: AugmentationStrategy.CCSN_MODERATE
2025-12-02 11:56:25 | INFO     | [dataset...:__init__          : 560] | ℹ️ Detected dataset structure: flat
2025-12-02 11:56:25 | INFO     | [dataset...:_load_paths_and...: 787] | ℹ️ Scanning FLAT dataset from C:\Users\Stefan Alexandrescu\Documents\GitHub\UBB-Y3-AI-Research\model_src\data\CCSN...
2025-12-02 11:56:25 | INFO     | [dataset...:_load_paths_and...: 874] | ℹ️ Final Original Dataset sizes: 2288 original train+val, 255 original test. Offline augmented samples loaded: 0.
2025-12-02 11:56:25 | INFO     | [dataset...:__init__          : 586] | ℹ️ Found 11 classes: Ac, As, Cb, Cc, Ci, Cs, Ct, Cu, Ns, Sc, St
2025-12-02 11:56:25 | INFO     | [dataset...:_calculate_clas...: 676] | ℹ️ Calculating class weights for the training set...
2025-12-02 11:56:25 | INFO     | [dataset...:_calculate_clas...: 690] | ℹ️ Calculated class weights (for classes 0 to 10):
2025-12-02 11:56:25 | INFO     | [dataset...:_calculate_clas...: 692] | ℹ️   - Ac (Class 0): 1.0452
2025-12-02 11:56:25 | INFO     | [dataset...:_calculate_clas...: 692] | ℹ️   - As (Class 1): 1.2308
2025-12-02 11:56:25 | INFO     | [dataset...:_calculate_clas...: 692] | ℹ️   - Cb (Class 2): 0.9541
2025-12-02 11:56:25 | INFO     | [dataset...:_calculate_clas...: 692] | ℹ️   - Cc (Class 3): 0.8631
2025-12-02 11:56:25 | INFO     | [dataset...:_calculate_clas...: 692] | ℹ️   - Ci (Class 4): 1.6640
2025-12-02 11:56:25 | INFO     | [dataset...:_calculate_clas...: 692] | ℹ️   - Cs (Class 5): 0.8062
2025-12-02 11:56:25 | INFO     | [dataset...:_calculate_clas...: 692] | ℹ️   - Ct (Class 6): 1.1556
2025-12-02 11:56:25 | INFO     | [dataset...:_calculate_clas...: 692] | ℹ️   - Cu (Class 7): 1.2683
2025-12-02 11:56:25 | INFO     | [dataset...:_calculate_clas...: 692] | ℹ️   - Ns (Class 8): 0.8455
2025-12-02 11:56:25 | INFO     | [dataset...:_calculate_clas...: 692] | ℹ️   - Sc (Class 9): 0.6797
2025-12-02 11:56:25 | INFO     | [dataset...:_calculate_clas...: 692] | ℹ️   - St (Class 10): 1.1429
2025-12-02 11:56:25 | INFO     | [dataset...:__init__          : 592] | ℹ️ Dataset sizes: 2288 train+val, 255 test. Total: 2543
2025-12-02 11:56:25 | INFO     | [pipeline  :__init__          : 185] | ℹ️   Artifact base key prefix for this run: experiments/CCSN/pvit/20251202_115625_seed42 (using LocalFileSystemRepository)
2025-12-02 11:56:25 | INFO     | [pipeline  :__init__          : 212] | ℹ️   Using Optimizer: AdamW
2025-12-02 11:56:25 | DEBUG    | [callbacks :get_default_cal...: 172] | 🐞 Default LRScheduler callback instance created with policy: ReduceLROnPlateau, kwargs: {'patience': 2, 'mode': 'min', 'factor': 0.1, 'min_lr': 1e-06, 'verbose': False}, monitor: valid_loss
2025-12-02 11:56:25 | INFO     | [pipeline  :__init__          : 269] | ℹ️   Model Adapter: Initialized with PretrainedViT
2025-12-02 11:56:25 | DEBUG    | [executor  :_validate_methods : 189] | 🐞 Basic method validation successful.
2025-12-02 11:56:25 | INFO     | [executor  :__init__          : 168] | ℹ️ Executor configured to run methods: cv_model_evaluation
2025-12-02 11:56:25 | INFO     | [executor  :run               : 237] | ℹ️ Starting execution of methods for Executor Run ID: 20251202_115625_seed42
2025-12-02 11:56:25 | INFO     | [executor  :run               : 246] | ℹ️ --- Running Method 1/1: cv_model_evaluation (Op ID: cv_model_evaluation_0) ---
2025-12-02 11:56:25 | DEBUG    | [executor  :run               : 291] | 🐞 Running method 'cv_model_evaluation' with effective parameters: {'params': {'max_epochs': 70, 'lr': 5e-05, 'batch_size': 16, 'optimizer': 'AdamW', 'optimizer__weight_decay': 0.2, 'callbacks__default_lr_scheduler__policy': 'CosineAnnealingLR', 'callbacks__default_lr_scheduler__T_max': 70, 'callbacks__default_lr_scheduler__eta_min': 1e-06, 'callbacks__default_early_stopping__patience': 15, 'cutmix_alpha': 1.0, 'cutmix_probability': 0.9, 'module__vit_model_variant': 'vit_b_16', 'module__pretrained': True, 'module__unfreeze_strategy': 'encoder_tail', 'module__num_transformer_blocks_to_unfreeze': 7, 'module__unfreeze_cls_token': True, 'module__unfreeze_pos_embedding': True, 'module__unfreeze_patch_embedding': False, 'module__unfreeze_encoder_layernorm': True, 'module__custom_head_hidden_dims': None, 'module__head_dropout_rate': 0.5, 'iterator_train__shuffle': True}, 'val_split_ratio': 0.11111111111111112, 'cv': 10, 'evaluate_on': 'full', 'results_detail_level': 2}
2025-12-02 11:56:25 | INFO     | [pipeline  :cv_model_evalua...:1354] | ℹ️ Performing 10-fold CV for evaluation with fixed parameters.
2025-12-02 11:56:25 | INFO     | [pipeline  :cv_model_evalua...:1373] | ℹ️ Using full dataset (2543 samples) for CV evaluation.
2025-12-02 11:56:25 | INFO     | [pipeline  :cv_model_evalua...:1397] | ℹ️ Using provided parameters for CV evaluation: {'max_epochs': 70, 'lr': 5e-05, 'batch_size': 16, 'optimizer': 'AdamW', 'optimizer__weight_decay': 0.2, 'callbacks__default_lr_scheduler__policy': 'CosineAnnealingLR', 'callbacks__default_lr_scheduler__T_max': 70, 'callbacks__default_lr_scheduler__eta_min': 1e-06, 'callbacks__default_early_stopping__patience': 15, 'cutmix_alpha': 1.0, 'cutmix_probability': 0.9, 'module__vit_model_variant': 'vit_b_16', 'module__pretrained': True, 'module__unfreeze_strategy': 'encoder_tail', 'module__num_transformer_blocks_to_unfreeze': 7, 'module__unfreeze_cls_token': True, 'module__unfreeze_pos_embedding': True, 'module__unfreeze_patch_embedding': False, 'module__unfreeze_encoder_layernorm': True, 'module__custom_head_hidden_dims': None, 'module__head_dropout_rate': 0.5, 'iterator_train__shuffle': True}
2025-12-02 11:56:25 | DEBUG    | [param_g...:parse_fixed_hyp...: 163] | 🐞 Created LRScheduler instance: policy=CosineAnnealingLR, direct_args={}, constructor_kwargs={'T_max': 70, 'eta_min': 1e-06}
2025-12-02 11:56:25 | INFO     | [pipeline  :cv_model_evalua...:1418] | ℹ️ Skorch internal validation split configured: 11.1% of each CV fold's training data.
2025-12-02 11:56:25 | DEBUG    | [pipeline  :cv_model_evalua...:1445] | 🐞 Will compute detailed metrics (detail_level=2, plot_level=2)
2025-12-02 11:56:25 | INFO     | [pipeline  :cv_model_evalua...:1451] | ℹ️ --- Starting CV Evaluation Fold 1/10 ---
2025-12-02 11:56:25 | DEBUG    | [pipeline  :cv_model_evalua...:1457] | 🐞 Outer split (full set): 2288 train / 255 test samples.
2025-12-02 11:56:25 | DEBUG    | [pipeline  :cv_model_evalua...:1476] | 🐞 Fold 1: Internal split: ~2034 train / ~254 valid.
2025-12-02 11:56:25 | INFO     | [pipeline  :cv_model_evalua...:1486] | ℹ️ Fitting model for fold 1...
2025-12-02 11:56:25 | DEBUG    | [pretrai...:__init__          :  75] | 🐞 Initializing PretrainedViT:
2025-12-02 11:56:25 | DEBUG    | [pretrai...:__init__          :  76] | 🐞   Model Variant: vit_b_16, Pretrained: True
2025-12-02 11:56:25 | DEBUG    | [pretrai...:__init__          :  77] | 🐞   Is Hybrid Input: False
2025-12-02 11:56:25 | DEBUG    | [pretrai...:__init__          :  80] | 🐞   Unfreeze Strategy (Encoder Blocks): encoder_tail
2025-12-02 11:56:25 | DEBUG    | [pretrai...:__init__          :  82] | 🐞   Num Transformer Blocks to Unfreeze: 7
2025-12-02 11:56:25 | DEBUG    | [pretrai...:__init__          :  83] | 🐞   Unfreeze CLS: True, PosEmb: True, PatchEmb: False, EncoderLN: True
2025-12-02 11:56:25 | DEBUG    | [pretrai...:__init__          :  85] | 🐞   Custom Head Hidden Dims: None, Head Dropout: 0.5
2025-12-02 11:56:26 | DEBUG    | [pretrai...:__init__          : 106] | 🐞 Loaded vit_b_16 from torchvision.
2025-12-02 11:56:26 | DEBUG    | [pretrai...:__init__          : 283] | 🐞 Created simple linear head (dropout: 0.5), in_feat=768.
2025-12-02 11:56:26 | INFO     | [pretrai...:__init__          : 293] | ℹ️ PretrainedViT (standard) - Trainable: CLS Token, Positional Embeddings, 7 Encoder Blocks, Encoder LayerNorm, Classification Head.
2025-12-02 11:56:26 | INFO     | [pretrai...:__init__          : 313] | ℹ️ PretrainedViT (standard): Trainable params: 49.78M / Total params: 85.81M (58.01%)
2025-12-02 11:56:26 | DEBUG    | [adapter   :get_split_datasets: 205] | 🐞 Validation split for fold created with 255 original samples.
2025-12-02 11:56:26 | DEBUG    | [adapter   :get_split_datasets: 245] | 🐞 No offline augmentations will be applied.
2025-12-02 11:56:26 | DEBUG    | [adapter   :get_split_datasets: 252] | 🐞 Total training split for fold created with 2033 samples.
2025-12-02 11:56:26 | DEBUG    | [adapter   :get_iterator      : 373] | 🐞 Creating DataLoader for training: dataset_len=2033, batch_size=16, shuffle=True, drop_last=False, collate_fn_type='function', loader_kwargs={'num_workers': 0, 'pin_memory': False}
2025-12-02 11:56:26 | DEBUG    | [adapter   :get_iterator      : 373] | 🐞 Creating DataLoader for validation/evaluation: dataset_len=255, batch_size=16, shuffle=False, drop_last=False, collate_fn_type='function', loader_kwargs={'num_workers': 0, 'pin_memory': False}
2025-12-02 11:56:56 | INFO     | [callbacks :on_epoch_end      : 131] | ℹ️   epoch    train_acc    train_loss    valid_acc    valid_loss   cp           lr      dur
2025-12-02 11:56:56 | INFO     | [callbacks :on_epoch_end      : 131] | ℹ️ -------  -----------  ------------  -----------  ------------  ----  ----------  -------
2025-12-02 11:56:56 | INFO     | [callbacks :on_epoch_end      : 131] | ℹ️       1     ▲ 0.2774      ▼ 2.1148     ▲ 0.4745      ▼ 1.5318        4.9975e-05  29.6209
2025-12-02 11:57:23 | INFO     | [callbacks :on_epoch_end      : 131] | ℹ️       2     ▲ 0.4112      ▼ 1.8121     ▲ 0.5255      ▼ 1.3982        4.9901e-05  27.2455
2025-12-02 11:57:50 | INFO     | [callbacks :on_epoch_end      : 131] | ℹ️       3     ▲ 0.4579      ▼ 1.6873       0.5059      ▼ 1.3516        4.9778e-05  27.1653
2025-12-02 11:58:18 | INFO     | [callbacks :on_epoch_end      : 131] | ℹ️       4     ▲ 0.5002      ▼ 1.5773     ▲ 0.5765      ▼ 1.1791        4.9606e-05  27.6489
2025-12-02 11:58:46 | INFO     | [callbacks :on_epoch_end      : 131] | ℹ️       5     ▲ 0.5293      ▼ 1.5066     ▲ 0.5765        1.2255        4.9386e-05  28.2341
2025-12-02 11:59:12 | INFO     | [callbacks :on_epoch_end      : 131] | ℹ️       6     ▲ 0.5573      ▼ 1.3989       0.5686        1.2055        4.9117e-05  26.4685
2025-12-02 11:59:40 | INFO     | [callbacks :on_epoch_end      : 131] | ℹ️       7     ▲ 0.5898      ▼ 1.3326       0.5725        1.2211        4.8801e-05  27.3015
2025-12-02 12:00:08 | INFO     | [callbacks :on_epoch_end      : 131] | ℹ️       8     ▲ 0.6370      ▼ 1.2369     ▲ 0.6314      ▼ 1.1651        4.8438e-05  28.4041
2025-12-02 12:00:36 | INFO     | [callbacks :on_epoch_end      : 131] | ℹ️       9     ▲ 0.6704      ▼ 1.2036       0.6039        1.2459        4.8028e-05  27.5082
2025-12-02 12:01:04 | INFO     | [callbacks :on_epoch_end      : 131] | ℹ️      10     ▲ 0.6950      ▼ 1.1453       0.5804        1.2933        4.7574e-05  28.1616
2025-12-02 12:01:31 | INFO     | [callbacks :on_epoch_end      : 131] | ℹ️      11       0.6473      ▼ 1.0502       0.5804        1.2739        4.7075e-05  26.8519
2025-12-02 12:01:58 | INFO     | [callbacks :on_epoch_end      : 131] | ℹ️      12     ▲ 0.7063      ▼ 1.0444       0.5686         1.411        4.6532e-05  26.8029
2025-12-02 12:02:24 | INFO     | [callbacks :on_epoch_end      : 131] | ℹ️      13     ▲ 0.7304      ▼ 1.0403       0.5882        1.4255        4.5947e-05  26.6941
2025-12-02 12:02:51 | INFO     | [callbacks :on_epoch_end      : 131] | ℹ️      14     ▲ 0.7491      ▼ 0.9929       0.6157        1.2843        4.5321e-05  26.6455
2025-12-02 12:03:18 | INFO     | [callbacks :on_epoch_end      : 131] | ℹ️      15       0.7388      ▼ 0.9300       0.6157         1.389        4.4655e-05  27.4271
2025-12-02 12:03:45 | INFO     | [callbacks :on_epoch_end      : 131] | ℹ️      16       0.7182        0.9645       0.6157        1.3257        4.395e-05  26.9086
2025-12-02 12:04:14 | INFO     | [callbacks :on_epoch_end      : 131] | ℹ️      17     ▲ 0.7659      ▼ 0.9281          0.6        1.4506        4.3208e-05  28.1495
2025-12-02 12:04:42 | INFO     | [callbacks :on_epoch_end      : 131] | ℹ️      18       0.7452      ▼ 0.8769       0.6118        1.4478        4.2431e-05  28.1988
2025-12-02 12:05:09 | INFO     | [callbacks :on_epoch_end      : 131] | ℹ️      19       0.7536      ▼ 0.8685       0.5882        1.4233        4.1619e-05  27.0393
2025-12-02 12:05:36 | INFO     | [callbacks :on_epoch_end      : 131] | ℹ️      20       0.7644        0.8809       0.6118        1.4019        4.0776e-05  27.474
2025-12-02 12:06:04 | INFO     | [callbacks :on_epoch_end      : 131] | ℹ️      21     ▲ 0.7703      ▼ 0.8378     ▲ 0.6353        1.3823        3.9901e-05  27.7127
2025-12-02 12:06:32 | INFO     | [callbacks :on_epoch_end      : 131] | ℹ️      22     ▲ 0.7919      ▼ 0.8226       0.6275        1.4296        3.8997e-05  28.0907
2025-12-02 12:07:00 | INFO     | [pipeline  :cv_model_evalua...:1500] | ℹ️ Using best model from epoch 23
2025-12-02 12:07:00 | INFO     | [pipeline  :cv_model_evalua...:1503] | ℹ️ Evaluating model on outer test set for fold 1...
2025-12-02 12:07:00 | DEBUG    | [adapter   :get_iterator      : 373] | 🐞 Creating DataLoader for validation/evaluation: dataset_len=255, batch_size=16, shuffle=False, drop_last=False, collate_fn_type='function', loader_kwargs={'num_workers': 0, 'pin_memory': False}
2025-12-02 12:07:01 | DEBUG    | [adapter   :get_iterator      : 373] | 🐞 Creating DataLoader for validation/evaluation: dataset_len=255, batch_size=16, shuffle=False, drop_last=False, collate_fn_type='function', loader_kwargs={'num_workers': 0, 'pin_memory': False}
2025-12-02 12:07:02 | DEBUG    | [pipeline  :_compute_metrics  : 479] | 🐞 Computed Metrics: Acc=0.5922, Macro F1=0.5655
2025-12-02 12:07:02 | INFO     | [pipeline  :cv_model_evalua...:1522] | ℹ️ Fold 1 Test Scores: Acc=0.5922, F1=0.5655
2025-12-02 12:07:02 | INFO     | [pipeline  :cv_model_evalua...:1451] | ℹ️ --- Starting CV Evaluation Fold 2/10 ---
2025-12-02 12:07:02 | DEBUG    | [pipeline  :cv_model_evalua...:1457] | 🐞 Outer split (full set): 2288 train / 255 test samples.
2025-12-02 12:07:02 | DEBUG    | [pipeline  :cv_model_evalua...:1476] | 🐞 Fold 2: Internal split: ~2034 train / ~254 valid.
2025-12-02 12:07:02 | INFO     | [pipeline  :cv_model_evalua...:1486] | ℹ️ Fitting model for fold 2...
2025-12-02 12:07:02 | DEBUG    | [pretrai...:__init__          :  75] | 🐞 Initializing PretrainedViT:
2025-12-02 12:07:02 | DEBUG    | [pretrai...:__init__          :  76] | 🐞   Model Variant: vit_b_16, Pretrained: True
2025-12-02 12:07:02 | DEBUG    | [pretrai...:__init__          :  77] | 🐞   Is Hybrid Input: False
2025-12-02 12:07:02 | DEBUG    | [pretrai...:__init__          :  80] | 🐞   Unfreeze Strategy (Encoder Blocks): encoder_tail
2025-12-02 12:07:02 | DEBUG    | [pretrai...:__init__          :  82] | 🐞   Num Transformer Blocks to Unfreeze: 7
2025-12-02 12:07:02 | DEBUG    | [pretrai...:__init__          :  83] | 🐞   Unfreeze CLS: True, PosEmb: True, PatchEmb: False, EncoderLN: True
2025-12-02 12:07:02 | DEBUG    | [pretrai...:__init__          :  85] | 🐞   Custom Head Hidden Dims: None, Head Dropout: 0.5
2025-12-02 12:07:03 | DEBUG    | [pretrai...:__init__          : 106] | 🐞 Loaded vit_b_16 from torchvision.
2025-12-02 12:07:03 | DEBUG    | [pretrai...:__init__          : 283] | 🐞 Created simple linear head (dropout: 0.5), in_feat=768.
2025-12-02 12:07:03 | INFO     | [pretrai...:__init__          : 293] | ℹ️ PretrainedViT (standard) - Trainable: CLS Token, Positional Embeddings, 7 Encoder Blocks, Encoder LayerNorm, Classification Head.
2025-12-02 12:07:03 | INFO     | [pretrai...:__init__          : 313] | ℹ️ PretrainedViT (standard): Trainable params: 49.78M / Total params: 85.81M (58.01%)
2025-12-02 12:07:03 | DEBUG    | [adapter   :get_split_datasets: 205] | 🐞 Validation split for fold created with 255 original samples.
2025-12-02 12:07:03 | DEBUG    | [adapter   :get_split_datasets: 245] | 🐞 No offline augmentations will be applied.
2025-12-02 12:07:03 | DEBUG    | [adapter   :get_split_datasets: 252] | 🐞 Total training split for fold created with 2033 samples.
2025-12-02 12:07:03 | DEBUG    | [adapter   :get_iterator      : 373] | 🐞 Creating DataLoader for training: dataset_len=2033, batch_size=16, shuffle=True, drop_last=False, collate_fn_type='function', loader_kwargs={'num_workers': 0, 'pin_memory': False}
2025-12-02 12:07:03 | DEBUG    | [adapter   :get_iterator      : 373] | 🐞 Creating DataLoader for validation/evaluation: dataset_len=255, batch_size=16, shuffle=False, drop_last=False, collate_fn_type='function', loader_kwargs={'num_workers': 0, 'pin_memory': False}
2025-12-02 12:07:32 | INFO     | [callbacks :on_epoch_end      : 131] | ℹ️   epoch    train_acc    train_loss    valid_acc    valid_loss   cp           lr      dur
2025-12-02 12:07:32 | INFO     | [callbacks :on_epoch_end      : 131] | ℹ️ -------  -----------  ------------  -----------  ------------  ----  ----------  -------
2025-12-02 12:07:32 | INFO     | [callbacks :on_epoch_end      : 131] | ℹ️       1     ▲ 0.2966      ▼ 2.0951     ▲ 0.4157      ▼ 1.6555        4.9975e-05  28.8355
2025-12-02 12:07:59 | INFO     | [callbacks :on_epoch_end      : 131] | ℹ️       2     ▲ 0.4166      ▼ 1.7866     ▲ 0.4706      ▼ 1.5073        4.9901e-05  26.8976
2025-12-02 12:08:26 | INFO     | [callbacks :on_epoch_end      : 131] | ℹ️       3     ▲ 0.4594      ▼ 1.6885     ▲ 0.5333      ▼ 1.4290        4.9778e-05  26.8164
2025-12-02 12:08:52 | INFO     | [callbacks :on_epoch_end      : 131] | ℹ️       4     ▲ 0.5007      ▼ 1.5531     ▲ 0.5529        1.4456        4.9606e-05  26.6033
2025-12-02 12:09:20 | INFO     | [callbacks :on_epoch_end      : 131] | ℹ️       5     ▲ 0.5548      ▼ 1.4652       0.5294      ▼ 1.3894        4.9386e-05  27.4168
2025-12-02 12:09:46 | INFO     | [callbacks :on_epoch_end      : 131] | ℹ️       6     ▲ 0.5735      ▼ 1.3885     ▲ 0.5765      ▼ 1.2728        4.9117e-05  26.734
2025-12-02 12:10:14 | INFO     | [callbacks :on_epoch_end      : 131] | ℹ️       7     ▲ 0.6026      ▼ 1.3241     ▲ 0.5765        1.3002        4.8801e-05  27.8617
2025-12-02 12:10:42 | INFO     | [callbacks :on_epoch_end      : 131] | ℹ️       8     ▲ 0.6188      ▼ 1.2450       0.5608        1.3884        4.8438e-05  28.0196
2025-12-02 12:11:09 | INFO     | [callbacks :on_epoch_end      : 131] | ℹ️       9     ▲ 0.6621      ▼ 1.2073     ▲ 0.5804      ▼ 1.2486        4.8028e-05  26.987
2025-12-02 12:11:37 | INFO     | [callbacks :on_epoch_end      : 131] | ℹ️      10        0.638      ▼ 1.1549     ▲ 0.5882        1.3352        4.7574e-05  27.7611
2025-12-02 12:12:05 | INFO     | [callbacks :on_epoch_end      : 131] | ℹ️      11     ▲ 0.6818      ▼ 1.1217     ▲ 0.6118        1.3306        4.7075e-05  28.0956
2025-12-02 12:12:33 | INFO     | [callbacks :on_epoch_end      : 131] | ℹ️      12     ▲ 0.7250      ▼ 1.0420          0.6        1.3719        4.6532e-05  27.8163
2025-12-02 12:13:01 | INFO     | [callbacks :on_epoch_end      : 131] | ℹ️      13        0.695      ▼ 1.0030       0.6078        1.3136        4.5947e-05  27.481
2025-12-02 12:13:28 | INFO     | [callbacks :on_epoch_end      : 131] | ℹ️      14       0.7142      ▼ 0.9561          0.6        1.4022        4.5321e-05  27.5204
2025-12-02 12:13:55 | INFO     | [callbacks :on_epoch_end      : 131] | ℹ️      15       0.7245        0.9738       0.5804        1.3475        4.4655e-05  26.8461
2025-12-02 12:14:22 | INFO     | [callbacks :on_epoch_end      : 131] | ℹ️      16     ▲ 0.7545      ▼ 0.8934       0.5961        1.4321        4.395e-05  26.767
2025-12-02 12:14:48 | INFO     | [callbacks :on_epoch_end      : 131] | ℹ️      17       0.7113        0.9201       0.5922        1.4661        4.3208e-05  26.3828
2025-12-02 12:15:16 | INFO     | [callbacks :on_epoch_end      : 131] | ℹ️      18       0.7437        0.9162       0.5765        1.5278        4.2431e-05  27.3055
2025-12-02 12:15:43 | INFO     | [callbacks :on_epoch_end      : 131] | ℹ️      19       0.7516      ▼ 0.8582       0.5765         1.385        4.1619e-05  27.1099
2025-12-02 12:16:11 | INFO     | [callbacks :on_epoch_end      : 131] | ℹ️      20       0.7482      ▼ 0.8468       0.6039        1.4655        4.0776e-05  27.9738
2025-12-02 12:16:39 | INFO     | [callbacks :on_epoch_end      : 131] | ℹ️      21     ▲ 0.7890      ▼ 0.8438       0.6039        1.4384        3.9901e-05  28.2717
2025-12-02 12:17:06 | INFO     | [callbacks :on_epoch_end      : 131] | ℹ️      22       0.7501      ▼ 0.8370     ▲ 0.6118        1.5117        3.8997e-05  27.0709
2025-12-02 12:17:33 | INFO     | [callbacks :on_epoch_end      : 131] | ℹ️      23       0.7811      ▼ 0.7874          0.6        1.4819        3.8066e-05  27.2664
2025-12-02 12:18:01 | INFO     | [pipeline  :cv_model_evalua...:1500] | ℹ️ Using best model from epoch 24
2025-12-02 12:18:01 | INFO     | [pipeline  :cv_model_evalua...:1503] | ℹ️ Evaluating model on outer test set for fold 2...
2025-12-02 12:18:01 | DEBUG    | [adapter   :get_iterator      : 373] | 🐞 Creating DataLoader for validation/evaluation: dataset_len=255, batch_size=16, shuffle=False, drop_last=False, collate_fn_type='function', loader_kwargs={'num_workers': 0, 'pin_memory': False}
2025-12-02 12:18:03 | DEBUG    | [adapter   :get_iterator      : 373] | 🐞 Creating DataLoader for validation/evaluation: dataset_len=255, batch_size=16, shuffle=False, drop_last=False, collate_fn_type='function', loader_kwargs={'num_workers': 0, 'pin_memory': False}
2025-12-02 12:18:04 | DEBUG    | [pipeline  :_compute_metrics  : 479] | 🐞 Computed Metrics: Acc=0.5529, Macro F1=0.5392
2025-12-02 12:18:04 | INFO     | [pipeline  :cv_model_evalua...:1522] | ℹ️ Fold 2 Test Scores: Acc=0.5529, F1=0.5392
2025-12-02 12:18:04 | INFO     | [pipeline  :cv_model_evalua...:1451] | ℹ️ --- Starting CV Evaluation Fold 3/10 ---
2025-12-02 12:18:04 | DEBUG    | [pipeline  :cv_model_evalua...:1457] | 🐞 Outer split (full set): 2288 train / 255 test samples.
2025-12-02 12:18:04 | DEBUG    | [pipeline  :cv_model_evalua...:1476] | 🐞 Fold 3: Internal split: ~2034 train / ~254 valid.
2025-12-02 12:18:04 | INFO     | [pipeline  :cv_model_evalua...:1486] | ℹ️ Fitting model for fold 3...
2025-12-02 12:18:04 | DEBUG    | [pretrai...:__init__          :  75] | 🐞 Initializing PretrainedViT:
2025-12-02 12:18:04 | DEBUG    | [pretrai...:__init__          :  76] | 🐞   Model Variant: vit_b_16, Pretrained: True
2025-12-02 12:18:04 | DEBUG    | [pretrai...:__init__          :  77] | 🐞   Is Hybrid Input: False
2025-12-02 12:18:04 | DEBUG    | [pretrai...:__init__          :  80] | 🐞   Unfreeze Strategy (Encoder Blocks): encoder_tail
2025-12-02 12:18:04 | DEBUG    | [pretrai...:__init__          :  82] | 🐞   Num Transformer Blocks to Unfreeze: 7
2025-12-02 12:18:04 | DEBUG    | [pretrai...:__init__          :  83] | 🐞   Unfreeze CLS: True, PosEmb: True, PatchEmb: False, EncoderLN: True
2025-12-02 12:18:04 | DEBUG    | [pretrai...:__init__          :  85] | 🐞   Custom Head Hidden Dims: None, Head Dropout: 0.5
2025-12-02 12:18:04 | DEBUG    | [pretrai...:__init__          : 106] | 🐞 Loaded vit_b_16 from torchvision.
2025-12-02 12:18:04 | DEBUG    | [pretrai...:__init__          : 283] | 🐞 Created simple linear head (dropout: 0.5), in_feat=768.
2025-12-02 12:18:04 | INFO     | [pretrai...:__init__          : 293] | ℹ️ PretrainedViT (standard) - Trainable: CLS Token, Positional Embeddings, 7 Encoder Blocks, Encoder LayerNorm, Classification Head.
2025-12-02 12:18:04 | INFO     | [pretrai...:__init__          : 313] | ℹ️ PretrainedViT (standard): Trainable params: 49.78M / Total params: 85.81M (58.01%)
2025-12-02 12:18:05 | DEBUG    | [adapter   :get_split_datasets: 205] | 🐞 Validation split for fold created with 255 original samples.
2025-12-02 12:18:05 | DEBUG    | [adapter   :get_split_datasets: 245] | 🐞 No offline augmentations will be applied.
2025-12-02 12:18:05 | DEBUG    | [adapter   :get_split_datasets: 252] | 🐞 Total training split for fold created with 2033 samples.
2025-12-02 12:18:05 | DEBUG    | [adapter   :get_iterator      : 373] | 🐞 Creating DataLoader for training: dataset_len=2033, batch_size=16, shuffle=True, drop_last=False, collate_fn_type='function', loader_kwargs={'num_workers': 0, 'pin_memory': False}
2025-12-02 12:18:05 | DEBUG    | [adapter   :get_iterator      : 373] | 🐞 Creating DataLoader for validation/evaluation: dataset_len=255, batch_size=16, shuffle=False, drop_last=False, collate_fn_type='function', loader_kwargs={'num_workers': 0, 'pin_memory': False}
2025-12-02 12:18:34 | INFO     | [callbacks :on_epoch_end      : 131] | ℹ️   epoch    train_acc    train_loss    valid_acc    valid_loss   cp           lr      dur
2025-12-02 12:18:34 | INFO     | [callbacks :on_epoch_end      : 131] | ℹ️ -------  -----------  ------------  -----------  ------------  ----  ----------  -------
2025-12-02 12:18:34 | INFO     | [callbacks :on_epoch_end      : 131] | ℹ️       1     ▲ 0.3104      ▼ 2.0675     ▲ 0.4549      ▼ 1.5530        4.9975e-05  29.7305
2025-12-02 12:19:03 | INFO     | [callbacks :on_epoch_end      : 131] | ℹ️       2     ▲ 0.4181      ▼ 1.7772     ▲ 0.5176      ▼ 1.4236        4.9901e-05  28.3622
2025-12-02 12:19:30 | INFO     | [callbacks :on_epoch_end      : 131] | ℹ️       3     ▲ 0.4565      ▼ 1.6709     ▲ 0.5608      ▼ 1.2947        4.9778e-05  27.4694
2025-12-02 12:19:57 | INFO     | [callbacks :on_epoch_end      : 131] | ℹ️       4     ▲ 0.4988      ▼ 1.5571        0.549        1.3973        4.9606e-05  26.4218
2025-12-02 12:20:24 | INFO     | [callbacks :on_epoch_end      : 131] | ℹ️       5     ▲ 0.5204      ▼ 1.5058        0.502        1.3912        4.9386e-05  27.0616
2025-12-02 12:20:51 | INFO     | [callbacks :on_epoch_end      : 131] | ℹ️       6     ▲ 0.5455      ▼ 1.4101       0.5451        1.3541        4.9117e-05  27.1332
2025-12-02 12:21:19 | INFO     | [callbacks :on_epoch_end      : 131] | ℹ️       7     ▲ 0.5760      ▼ 1.3620       0.5333        1.3121        4.8801e-05  27.777
2025-12-02 12:21:45 | INFO     | [callbacks :on_epoch_end      : 131] | ℹ️       8     ▲ 0.6360      ▼ 1.2106        0.549        1.4399        4.8438e-05  26.5429
2025-12-02 12:22:13 | INFO     | [callbacks :on_epoch_end      : 131] | ℹ️       9       0.6257        1.2347     ▲ 0.5765        1.4218        4.8028e-05  27.7558
2025-12-02 12:22:41 | INFO     | [callbacks :on_epoch_end      : 131] | ℹ️      10     ▲ 0.6581      ▼ 1.1778       0.5686      ▼ 1.2724        4.7574e-05  28.124
2025-12-02 12:23:08 | INFO     | [callbacks :on_epoch_end      : 131] | ℹ️      11       0.6262      ▼ 1.1559       0.5608        1.3363        4.7075e-05  27.1628
2025-12-02 12:23:35 | INFO     | [callbacks :on_epoch_end      : 131] | ℹ️      12     ▲ 0.7098      ▼ 1.0147        0.549        1.3702        4.6532e-05  26.6068
2025-12-02 12:24:03 | INFO     | [callbacks :on_epoch_end      : 131] | ℹ️      13     ▲ 0.7113        1.0576       0.5412        1.4134        4.5947e-05  28.4186
2025-12-02 12:24:32 | INFO     | [callbacks :on_epoch_end      : 131] | ℹ️      14       0.6945      ▼ 0.9995       0.5725        1.4088        4.5321e-05  28.1631
2025-12-02 12:24:59 | INFO     | [callbacks :on_epoch_end      : 131] | ℹ️      15       0.6837         1.004        0.549        1.5079        4.4655e-05  27.5544
2025-12-02 12:25:27 | INFO     | [callbacks :on_epoch_end      : 131] | ℹ️      16     ▲ 0.7870      ▼ 0.9084       0.5647        1.5075        4.395e-05  27.9464
2025-12-02 12:25:54 | INFO     | [callbacks :on_epoch_end      : 131] | ℹ️      17       0.7496      ▼ 0.8517       0.5686        1.5501        4.3208e-05  26.8329
2025-12-02 12:26:21 | INFO     | [callbacks :on_epoch_end      : 131] | ℹ️      18       0.7742        0.8709       0.5608        1.5411        4.2431e-05  26.6364
2025-12-02 12:26:47 | INFO     | [callbacks :on_epoch_end      : 131] | ℹ️      19       0.7629      ▼ 0.8373       0.5412        1.6237        4.1619e-05  26.6361
2025-12-02 12:27:14 | INFO     | [callbacks :on_epoch_end      : 131] | ℹ️      20        0.755        0.8409       0.5529        1.5424        4.0776e-05  27.1271
2025-12-02 12:27:42 | INFO     | [callbacks :on_epoch_end      : 131] | ℹ️      21       0.7762      ▼ 0.8237     ▲ 0.5804        1.4521        3.9901e-05  27.1016
2025-12-02 12:28:09 | INFO     | [callbacks :on_epoch_end      : 131] | ℹ️      22       0.7668        0.8488       0.5529        1.5495        3.8997e-05  27.7123
2025-12-02 12:28:38 | INFO     | [callbacks :on_epoch_end      : 131] | ℹ️      23         0.76        0.8481       0.5647        1.5537        3.8066e-05  28.6861
2025-12-02 12:29:06 | INFO     | [callbacks :on_epoch_end      : 131] | ℹ️      24     ▲ 0.8175      ▼ 0.7852       0.5765        1.5329        3.711e-05  27.6284
2025-12-02 12:29:33 | INFO     | [pipeline  :cv_model_evalua...:1500] | ℹ️ Using best model from epoch 25
2025-12-02 12:29:33 | INFO     | [pipeline  :cv_model_evalua...:1503] | ℹ️ Evaluating model on outer test set for fold 3...
2025-12-02 12:29:33 | DEBUG    | [adapter   :get_iterator      : 373] | 🐞 Creating DataLoader for validation/evaluation: dataset_len=255, batch_size=16, shuffle=False, drop_last=False, collate_fn_type='function', loader_kwargs={'num_workers': 0, 'pin_memory': False}
2025-12-02 12:29:34 | DEBUG    | [adapter   :get_iterator      : 373] | 🐞 Creating DataLoader for validation/evaluation: dataset_len=255, batch_size=16, shuffle=False, drop_last=False, collate_fn_type='function', loader_kwargs={'num_workers': 0, 'pin_memory': False}
2025-12-02 12:29:36 | DEBUG    | [pipeline  :_compute_metrics  : 479] | 🐞 Computed Metrics: Acc=0.6118, Macro F1=0.5937
2025-12-02 12:29:36 | INFO     | [pipeline  :cv_model_evalua...:1522] | ℹ️ Fold 3 Test Scores: Acc=0.6118, F1=0.5937
2025-12-02 12:29:36 | INFO     | [pipeline  :cv_model_evalua...:1451] | ℹ️ --- Starting CV Evaluation Fold 4/10 ---
2025-12-02 12:29:36 | DEBUG    | [pipeline  :cv_model_evalua...:1457] | 🐞 Outer split (full set): 2289 train / 254 test samples.
2025-12-02 12:29:36 | DEBUG    | [pipeline  :cv_model_evalua...:1476] | 🐞 Fold 4: Internal split: ~2035 train / ~254 valid.
2025-12-02 12:29:36 | INFO     | [pipeline  :cv_model_evalua...:1486] | ℹ️ Fitting model for fold 4...
2025-12-02 12:29:36 | DEBUG    | [pretrai...:__init__          :  75] | 🐞 Initializing PretrainedViT:
2025-12-02 12:29:36 | DEBUG    | [pretrai...:__init__          :  76] | 🐞   Model Variant: vit_b_16, Pretrained: True
2025-12-02 12:29:36 | DEBUG    | [pretrai...:__init__          :  77] | 🐞   Is Hybrid Input: False
2025-12-02 12:29:36 | DEBUG    | [pretrai...:__init__          :  80] | 🐞   Unfreeze Strategy (Encoder Blocks): encoder_tail
2025-12-02 12:29:36 | DEBUG    | [pretrai...:__init__          :  82] | 🐞   Num Transformer Blocks to Unfreeze: 7
2025-12-02 12:29:36 | DEBUG    | [pretrai...:__init__          :  83] | 🐞   Unfreeze CLS: True, PosEmb: True, PatchEmb: False, EncoderLN: True
2025-12-02 12:29:36 | DEBUG    | [pretrai...:__init__          :  85] | 🐞   Custom Head Hidden Dims: None, Head Dropout: 0.5
2025-12-02 12:29:36 | DEBUG    | [pretrai...:__init__          : 106] | 🐞 Loaded vit_b_16 from torchvision.
2025-12-02 12:29:36 | DEBUG    | [pretrai...:__init__          : 283] | 🐞 Created simple linear head (dropout: 0.5), in_feat=768.
2025-12-02 12:29:36 | INFO     | [pretrai...:__init__          : 293] | ℹ️ PretrainedViT (standard) - Trainable: CLS Token, Positional Embeddings, 7 Encoder Blocks, Encoder LayerNorm, Classification Head.
2025-12-02 12:29:36 | INFO     | [pretrai...:__init__          : 313] | ℹ️ PretrainedViT (standard): Trainable params: 49.78M / Total params: 85.81M (58.01%)
2025-12-02 12:29:36 | DEBUG    | [adapter   :get_split_datasets: 205] | 🐞 Validation split for fold created with 255 original samples.
2025-12-02 12:29:36 | DEBUG    | [adapter   :get_split_datasets: 245] | 🐞 No offline augmentations will be applied.
2025-12-02 12:29:36 | DEBUG    | [adapter   :get_split_datasets: 252] | 🐞 Total training split for fold created with 2034 samples.
2025-12-02 12:29:36 | DEBUG    | [adapter   :get_iterator      : 373] | 🐞 Creating DataLoader for training: dataset_len=2034, batch_size=16, shuffle=True, drop_last=False, collate_fn_type='function', loader_kwargs={'num_workers': 0, 'pin_memory': False}
2025-12-02 12:29:36 | DEBUG    | [adapter   :get_iterator      : 373] | 🐞 Creating DataLoader for validation/evaluation: dataset_len=255, batch_size=16, shuffle=False, drop_last=False, collate_fn_type='function', loader_kwargs={'num_workers': 0, 'pin_memory': False}
2025-12-02 12:30:07 | INFO     | [callbacks :on_epoch_end      : 131] | ℹ️   epoch    train_acc    train_loss    valid_acc    valid_loss   cp           lr      dur
2025-12-02 12:30:07 | INFO     | [callbacks :on_epoch_end      : 131] | ℹ️ -------  -----------  ------------  -----------  ------------  ----  ----------  -------
2025-12-02 12:30:07 | INFO     | [callbacks :on_epoch_end      : 131] | ℹ️       1     ▲ 0.2945      ▼ 2.1077     ▲ 0.4314      ▼ 1.6510        4.9975e-05  30.1106
2025-12-02 12:30:34 | INFO     | [callbacks :on_epoch_end      : 131] | ℹ️       2     ▲ 0.3972      ▼ 1.8211     ▲ 0.5137      ▼ 1.4161        4.9901e-05  27.8364
2025-12-02 12:31:02 | INFO     | [callbacks :on_epoch_end      : 131] | ℹ️       3     ▲ 0.4356      ▼ 1.7240        0.498      ▼ 1.3692        4.9778e-05  27.5876
2025-12-02 12:31:30 | INFO     | [callbacks :on_epoch_end      : 131] | ℹ️       4     ▲ 0.4661      ▼ 1.6286       0.4902      ▼ 1.3601        4.9606e-05  27.613
2025-12-02 12:31:57 | INFO     | [callbacks :on_epoch_end      : 131] | ℹ️       5     ▲ 0.5521      ▼ 1.5019     ▲ 0.5961      ▼ 1.2722        4.9386e-05  27.0864
2025-12-02 12:32:24 | INFO     | [callbacks :on_epoch_end      : 131] | ℹ️       6     ▲ 0.5880      ▼ 1.3443       0.5569        1.2838        4.9117e-05  27.0128
2025-12-02 12:32:51 | INFO     | [callbacks :on_epoch_end      : 131] | ℹ️       7     ▲ 0.6087      ▼ 1.2889       0.5725        1.3155        4.8801e-05  26.887
2025-12-02 12:33:18 | INFO     | [callbacks :on_epoch_end      : 131] | ℹ️       8     ▲ 0.6470      ▼ 1.1903       0.5804         1.316        4.8438e-05  26.8916
2025-12-02 12:33:44 | INFO     | [callbacks :on_epoch_end      : 131] | ℹ️       9     ▲ 0.6632      ▼ 1.1731        0.549        1.3548        4.8028e-05  26.6913
2025-12-02 12:34:12 | INFO     | [callbacks :on_epoch_end      : 131] | ℹ️      10     ▲ 0.6814      ▼ 1.1481       0.5843        1.3744        4.7574e-05  28.05
2025-12-02 12:34:41 | INFO     | [callbacks :on_epoch_end      : 131] | ℹ️      11     ▲ 0.7158      ▼ 1.0495       0.5569        1.4188        4.7075e-05  28.1734
2025-12-02 12:35:08 | INFO     | [callbacks :on_epoch_end      : 131] | ℹ️      12       0.7001      ▼ 1.0282       0.5765        1.4406        4.6532e-05  27.2227
2025-12-02 12:35:35 | INFO     | [callbacks :on_epoch_end      : 131] | ℹ️      13        0.708      ▼ 1.0140        0.549        1.5283        4.5947e-05  27.6002
2025-12-02 12:36:03 | INFO     | [callbacks :on_epoch_end      : 131] | ℹ️      14     ▲ 0.7286      ▼ 0.9921       0.5765        1.5376        4.5321e-05  27.7849
2025-12-02 12:36:32 | INFO     | [callbacks :on_epoch_end      : 131] | ℹ️      15       0.7237      ▼ 0.9702       0.5765        1.5492        4.4655e-05  28.2959
2025-12-02 12:37:00 | INFO     | [callbacks :on_epoch_end      : 131] | ℹ️      16     ▲ 0.7655      ▼ 0.8918       0.5412        1.6066        4.395e-05  28.2753
2025-12-02 12:37:27 | INFO     | [callbacks :on_epoch_end      : 131] | ℹ️      17     ▲ 0.7670      ▼ 0.8579     ▲ 0.6196        1.4676        4.3208e-05  27.1246
2025-12-02 12:37:54 | INFO     | [callbacks :on_epoch_end      : 131] | ℹ️      18       0.7473        0.9224       0.5529        1.6155        4.2431e-05  26.8561
2025-12-02 12:38:21 | INFO     | [callbacks :on_epoch_end      : 131] | ℹ️      19     ▲ 0.7753      ▼ 0.8527       0.5882        1.6376        4.1619e-05  26.8643
2025-12-02 12:38:48 | INFO     | [pipeline  :cv_model_evalua...:1500] | ℹ️ Using best model from epoch 20
2025-12-02 12:38:48 | INFO     | [pipeline  :cv_model_evalua...:1503] | ℹ️ Evaluating model on outer test set for fold 4...
2025-12-02 12:38:48 | DEBUG    | [adapter   :get_iterator      : 373] | 🐞 Creating DataLoader for validation/evaluation: dataset_len=254, batch_size=16, shuffle=False, drop_last=False, collate_fn_type='function', loader_kwargs={'num_workers': 0, 'pin_memory': False}
2025-12-02 12:38:49 | DEBUG    | [adapter   :get_iterator      : 373] | 🐞 Creating DataLoader for validation/evaluation: dataset_len=254, batch_size=16, shuffle=False, drop_last=False, collate_fn_type='function', loader_kwargs={'num_workers': 0, 'pin_memory': False}
2025-12-02 12:38:50 | DEBUG    | [pipeline  :_compute_metrics  : 479] | 🐞 Computed Metrics: Acc=0.5709, Macro F1=0.5408
2025-12-02 12:38:50 | INFO     | [pipeline  :cv_model_evalua...:1522] | ℹ️ Fold 4 Test Scores: Acc=0.5709, F1=0.5408
2025-12-02 12:38:50 | INFO     | [pipeline  :cv_model_evalua...:1451] | ℹ️ --- Starting CV Evaluation Fold 5/10 ---
2025-12-02 12:38:50 | DEBUG    | [pipeline  :cv_model_evalua...:1457] | 🐞 Outer split (full set): 2289 train / 254 test samples.
2025-12-02 12:38:50 | DEBUG    | [pipeline  :cv_model_evalua...:1476] | 🐞 Fold 5: Internal split: ~2035 train / ~254 valid.
2025-12-02 12:38:50 | INFO     | [pipeline  :cv_model_evalua...:1486] | ℹ️ Fitting model for fold 5...
2025-12-02 12:38:50 | DEBUG    | [pretrai...:__init__          :  75] | 🐞 Initializing PretrainedViT:
2025-12-02 12:38:50 | DEBUG    | [pretrai...:__init__          :  76] | 🐞   Model Variant: vit_b_16, Pretrained: True
2025-12-02 12:38:50 | DEBUG    | [pretrai...:__init__          :  77] | 🐞   Is Hybrid Input: False
2025-12-02 12:38:50 | DEBUG    | [pretrai...:__init__          :  80] | 🐞   Unfreeze Strategy (Encoder Blocks): encoder_tail
2025-12-02 12:38:50 | DEBUG    | [pretrai...:__init__          :  82] | 🐞   Num Transformer Blocks to Unfreeze: 7
2025-12-02 12:38:50 | DEBUG    | [pretrai...:__init__          :  83] | 🐞   Unfreeze CLS: True, PosEmb: True, PatchEmb: False, EncoderLN: True
2025-12-02 12:38:50 | DEBUG    | [pretrai...:__init__          :  85] | 🐞   Custom Head Hidden Dims: None, Head Dropout: 0.5
2025-12-02 12:38:51 | DEBUG    | [pretrai...:__init__          : 106] | 🐞 Loaded vit_b_16 from torchvision.
2025-12-02 12:38:51 | DEBUG    | [pretrai...:__init__          : 283] | 🐞 Created simple linear head (dropout: 0.5), in_feat=768.
2025-12-02 12:38:51 | INFO     | [pretrai...:__init__          : 293] | ℹ️ PretrainedViT (standard) - Trainable: CLS Token, Positional Embeddings, 7 Encoder Blocks, Encoder LayerNorm, Classification Head.
2025-12-02 12:38:51 | INFO     | [pretrai...:__init__          : 313] | ℹ️ PretrainedViT (standard): Trainable params: 49.78M / Total params: 85.81M (58.01%)
2025-12-02 12:38:51 | DEBUG    | [adapter   :get_split_datasets: 205] | 🐞 Validation split for fold created with 255 original samples.
2025-12-02 12:38:51 | DEBUG    | [adapter   :get_split_datasets: 245] | 🐞 No offline augmentations will be applied.
2025-12-02 12:38:51 | DEBUG    | [adapter   :get_split_datasets: 252] | 🐞 Total training split for fold created with 2034 samples.
2025-12-02 12:38:51 | DEBUG    | [adapter   :get_iterator      : 373] | 🐞 Creating DataLoader for training: dataset_len=2034, batch_size=16, shuffle=True, drop_last=False, collate_fn_type='function', loader_kwargs={'num_workers': 0, 'pin_memory': False}
2025-12-02 12:38:51 | DEBUG    | [adapter   :get_iterator      : 373] | 🐞 Creating DataLoader for validation/evaluation: dataset_len=255, batch_size=16, shuffle=False, drop_last=False, collate_fn_type='function', loader_kwargs={'num_workers': 0, 'pin_memory': False}
2025-12-02 12:39:20 | INFO     | [callbacks :on_epoch_end      : 131] | ℹ️   epoch    train_acc    train_loss    valid_acc    valid_loss   cp           lr      dur
2025-12-02 12:39:20 | INFO     | [callbacks :on_epoch_end      : 131] | ℹ️ -------  -----------  ------------  -----------  ------------  ----  ----------  -------
2025-12-02 12:39:20 | INFO     | [callbacks :on_epoch_end      : 131] | ℹ️       1     ▲ 0.2778      ▼ 2.1317     ▲ 0.4941      ▼ 1.6033        4.9975e-05  29.4133
2025-12-02 12:39:47 | INFO     | [callbacks :on_epoch_end      : 131] | ℹ️       2     ▲ 0.4022      ▼ 1.7905     ▲ 0.5569      ▼ 1.3561        4.9901e-05  27.0403
2025-12-02 12:40:15 | INFO     | [callbacks :on_epoch_end      : 131] | ℹ️       3     ▲ 0.4676      ▼ 1.6427     ▲ 0.5725      ▼ 1.2835        4.9778e-05  28.1506
2025-12-02 12:40:44 | INFO     | [callbacks :on_epoch_end      : 131] | ℹ️       4     ▲ 0.4985      ▼ 1.5369     ▲ 0.5843      ▼ 1.2283        4.9606e-05  28.4421
2025-12-02 12:41:11 | INFO     | [callbacks :on_epoch_end      : 131] | ℹ️       5     ▲ 0.5536      ▼ 1.4553     ▲ 0.6157        1.2531        4.9386e-05  26.856
2025-12-02 12:41:38 | INFO     | [callbacks :on_epoch_end      : 131] | ℹ️       6     ▲ 0.5703      ▼ 1.3811       0.6078        1.2469        4.9117e-05  26.8697
2025-12-02 12:42:07 | INFO     | [callbacks :on_epoch_end      : 131] | ℹ️       7     ▲ 0.6131      ▼ 1.3234       0.5686        1.2861        4.8801e-05  28.9317
2025-12-02 12:42:35 | INFO     | [callbacks :on_epoch_end      : 131] | ℹ️       8     ▲ 0.6323      ▼ 1.2357       0.5961        1.2547        4.8438e-05  28.4239
2025-12-02 12:43:03 | INFO     | [callbacks :on_epoch_end      : 131] | ℹ️       9     ▲ 0.6372      ▼ 1.2254       0.5961        1.2902        4.8028e-05  28.0096
2025-12-02 12:43:30 | INFO     | [callbacks :on_epoch_end      : 131] | ℹ️      10     ▲ 0.6893      ▼ 1.0981       0.5922        1.2834        4.7574e-05  26.8761
2025-12-02 12:43:57 | INFO     | [callbacks :on_epoch_end      : 131] | ℹ️      11       0.6696      ▼ 1.0452       0.5922          1.26        4.7075e-05  26.8799
2025-12-02 12:44:23 | INFO     | [callbacks :on_epoch_end      : 131] | ℹ️      12     ▲ 0.7099      ▼ 1.0188       0.6118        1.3538        4.6532e-05  26.5964
2025-12-02 12:44:50 | INFO     | [callbacks :on_epoch_end      : 131] | ℹ️      13     ▲ 0.7370      ▼ 0.9611       0.5961        1.3045        4.5947e-05  26.9245
2025-12-02 12:45:18 | INFO     | [callbacks :on_epoch_end      : 131] | ℹ️      14       0.7153        0.9823       0.5961        1.3816        4.5321e-05  27.637
2025-12-02 12:45:45 | INFO     | [callbacks :on_epoch_end      : 131] | ℹ️      15     ▲ 0.7370      ▼ 0.9151       0.5804        1.3975        4.4655e-05  26.5852
2025-12-02 12:46:12 | INFO     | [callbacks :on_epoch_end      : 131] | ℹ️      16       0.7148      ▼ 0.9054       0.6078        1.3894        4.395e-05  27.4556
2025-12-02 12:46:41 | INFO     | [callbacks :on_epoch_end      : 131] | ℹ️      17     ▲ 0.7448        0.9116          0.6        1.3241        4.3208e-05  28.5807
2025-12-02 12:47:07 | INFO     | [callbacks :on_epoch_end      : 131] | ℹ️      18     ▲ 0.7901      ▼ 0.7861       0.5686        1.4591        4.2431e-05  26.7757
2025-12-02 12:47:35 | INFO     | [pipeline  :cv_model_evalua...:1500] | ℹ️ Using best model from epoch 19
2025-12-02 12:47:35 | INFO     | [pipeline  :cv_model_evalua...:1503] | ℹ️ Evaluating model on outer test set for fold 5...
2025-12-02 12:47:35 | DEBUG    | [adapter   :get_iterator      : 373] | 🐞 Creating DataLoader for validation/evaluation: dataset_len=254, batch_size=16, shuffle=False, drop_last=False, collate_fn_type='function', loader_kwargs={'num_workers': 0, 'pin_memory': False}
2025-12-02 12:47:36 | DEBUG    | [adapter   :get_iterator      : 373] | 🐞 Creating DataLoader for validation/evaluation: dataset_len=254, batch_size=16, shuffle=False, drop_last=False, collate_fn_type='function', loader_kwargs={'num_workers': 0, 'pin_memory': False}
2025-12-02 12:47:37 | DEBUG    | [pipeline  :_compute_metrics  : 479] | 🐞 Computed Metrics: Acc=0.5276, Macro F1=0.4971
2025-12-02 12:47:37 | INFO     | [pipeline  :cv_model_evalua...:1522] | ℹ️ Fold 5 Test Scores: Acc=0.5276, F1=0.4971
2025-12-02 12:47:37 | INFO     | [pipeline  :cv_model_evalua...:1451] | ℹ️ --- Starting CV Evaluation Fold 6/10 ---
2025-12-02 12:47:37 | DEBUG    | [pipeline  :cv_model_evalua...:1457] | 🐞 Outer split (full set): 2289 train / 254 test samples.
2025-12-02 12:47:37 | DEBUG    | [pipeline  :cv_model_evalua...:1476] | 🐞 Fold 6: Internal split: ~2035 train / ~254 valid.
2025-12-02 12:47:37 | INFO     | [pipeline  :cv_model_evalua...:1486] | ℹ️ Fitting model for fold 6...
2025-12-02 12:47:37 | DEBUG    | [pretrai...:__init__          :  75] | 🐞 Initializing PretrainedViT:
2025-12-02 12:47:37 | DEBUG    | [pretrai...:__init__          :  76] | 🐞   Model Variant: vit_b_16, Pretrained: True
2025-12-02 12:47:37 | DEBUG    | [pretrai...:__init__          :  77] | 🐞   Is Hybrid Input: False
2025-12-02 12:47:37 | DEBUG    | [pretrai...:__init__          :  80] | 🐞   Unfreeze Strategy (Encoder Blocks): encoder_tail
2025-12-02 12:47:37 | DEBUG    | [pretrai...:__init__          :  82] | 🐞   Num Transformer Blocks to Unfreeze: 7
2025-12-02 12:47:37 | DEBUG    | [pretrai...:__init__          :  83] | 🐞   Unfreeze CLS: True, PosEmb: True, PatchEmb: False, EncoderLN: True
2025-12-02 12:47:37 | DEBUG    | [pretrai...:__init__          :  85] | 🐞   Custom Head Hidden Dims: None, Head Dropout: 0.5
2025-12-02 12:47:38 | DEBUG    | [pretrai...:__init__          : 106] | 🐞 Loaded vit_b_16 from torchvision.
2025-12-02 12:47:38 | DEBUG    | [pretrai...:__init__          : 283] | 🐞 Created simple linear head (dropout: 0.5), in_feat=768.
2025-12-02 12:47:38 | INFO     | [pretrai...:__init__          : 293] | ℹ️ PretrainedViT (standard) - Trainable: CLS Token, Positional Embeddings, 7 Encoder Blocks, Encoder LayerNorm, Classification Head.
2025-12-02 12:47:38 | INFO     | [pretrai...:__init__          : 313] | ℹ️ PretrainedViT (standard): Trainable params: 49.78M / Total params: 85.81M (58.01%)
2025-12-02 12:47:38 | DEBUG    | [adapter   :get_split_datasets: 205] | 🐞 Validation split for fold created with 255 original samples.
2025-12-02 12:47:38 | DEBUG    | [adapter   :get_split_datasets: 245] | 🐞 No offline augmentations will be applied.
2025-12-02 12:47:38 | DEBUG    | [adapter   :get_split_datasets: 252] | 🐞 Total training split for fold created with 2034 samples.
2025-12-02 12:47:38 | DEBUG    | [adapter   :get_iterator      : 373] | 🐞 Creating DataLoader for training: dataset_len=2034, batch_size=16, shuffle=True, drop_last=False, collate_fn_type='function', loader_kwargs={'num_workers': 0, 'pin_memory': False}
2025-12-02 12:47:38 | DEBUG    | [adapter   :get_iterator      : 373] | 🐞 Creating DataLoader for validation/evaluation: dataset_len=255, batch_size=16, shuffle=False, drop_last=False, collate_fn_type='function', loader_kwargs={'num_workers': 0, 'pin_memory': False}
2025-12-02 12:48:08 | INFO     | [callbacks :on_epoch_end      : 131] | ℹ️   epoch    train_acc    train_loss    valid_acc    valid_loss   cp           lr      dur
2025-12-02 12:48:08 | INFO     | [callbacks :on_epoch_end      : 131] | ℹ️ -------  -----------  ------------  -----------  ------------  ----  ----------  -------
2025-12-02 12:48:08 | INFO     | [callbacks :on_epoch_end      : 131] | ℹ️       1     ▲ 0.2896      ▼ 2.0999     ▲ 0.4471      ▼ 1.6783        4.9975e-05  30.5154
2025-12-02 12:48:36 | INFO     | [callbacks :on_epoch_end      : 131] | ℹ️       2     ▲ 0.4041      ▼ 1.7851     ▲ 0.5137      ▼ 1.5210        4.9901e-05  28.0434
2025-12-02 12:49:05 | INFO     | [callbacks :on_epoch_end      : 131] | ℹ️       3     ▲ 0.4582      ▼ 1.6737     ▲ 0.5216      ▼ 1.4468        4.9778e-05  28.4928
2025-12-02 12:49:32 | INFO     | [callbacks :on_epoch_end      : 131] | ℹ️       4     ▲ 0.4931      ▼ 1.5552     ▲ 0.5529      ▼ 1.3533        4.9606e-05  27.4094
2025-12-02 12:49:59 | INFO     | [callbacks :on_epoch_end      : 131] | ℹ️       5     ▲ 0.5531      ▼ 1.4643       0.5373        1.3806        4.9386e-05  26.8767
2025-12-02 12:50:26 | INFO     | [callbacks :on_epoch_end      : 131] | ℹ️       6       0.5472      ▼ 1.4334       0.5255        1.4402        4.9117e-05  26.6354
2025-12-02 12:50:53 | INFO     | [callbacks :on_epoch_end      : 131] | ℹ️       7     ▲ 0.6367      ▼ 1.2859       0.5373        1.4612        4.8801e-05  26.9572
2025-12-02 12:51:20 | INFO     | [callbacks :on_epoch_end      : 131] | ℹ️       8       0.6062      ▼ 1.2373       0.5412        1.4637        4.8438e-05  27.5379
2025-12-02 12:51:48 | INFO     | [callbacks :on_epoch_end      : 131] | ℹ️       9     ▲ 0.6490      ▼ 1.1836       0.5294          1.44        4.8028e-05  27.2322
2025-12-02 12:52:16 | INFO     | [callbacks :on_epoch_end      : 131] | ℹ️      10     ▲ 0.6790      ▼ 1.1575       0.5333        1.5279        4.7574e-05  28.2017
2025-12-02 12:52:44 | INFO     | [callbacks :on_epoch_end      : 131] | ℹ️      11     ▲ 0.6853      ▼ 1.1076     ▲ 0.5569        1.4838        4.7075e-05  28.5839
2025-12-02 12:53:11 | INFO     | [callbacks :on_epoch_end      : 131] | ℹ️      12     ▲ 0.7198      ▼ 1.0171       0.5373        1.5125        4.6532e-05  26.6235
2025-12-02 12:53:39 | INFO     | [callbacks :on_epoch_end      : 131] | ℹ️      13       0.7183        1.0514       0.5333        1.5719        4.5947e-05  27.5393
2025-12-02 12:54:07 | INFO     | [callbacks :on_epoch_end      : 131] | ℹ️      14       0.7109      ▼ 0.9941       0.5294        1.6708        4.5321e-05  27.8711
2025-12-02 12:54:35 | INFO     | [callbacks :on_epoch_end      : 131] | ℹ️      15     ▲ 0.7380      ▼ 0.9072       0.5333        1.5815        4.4655e-05  28.0134
2025-12-02 12:55:03 | INFO     | [callbacks :on_epoch_end      : 131] | ℹ️      16     ▲ 0.8063      ▼ 0.8868       0.5412        1.5959        4.395e-05  28.2746
2025-12-02 12:55:31 | INFO     | [callbacks :on_epoch_end      : 131] | ℹ️      17       0.7257        0.9345        0.549        1.7124        4.3208e-05  28.4135
2025-12-02 12:55:58 | INFO     | [callbacks :on_epoch_end      : 131] | ℹ️      18       0.7532        0.8947       0.5412        1.6986        4.2431e-05  26.705
2025-12-02 12:56:25 | INFO     | [pipeline  :cv_model_evalua...:1500] | ℹ️ Using best model from epoch 19
2025-12-02 12:56:25 | INFO     | [pipeline  :cv_model_evalua...:1503] | ℹ️ Evaluating model on outer test set for fold 6...
2025-12-02 12:56:25 | DEBUG    | [adapter   :get_iterator      : 373] | 🐞 Creating DataLoader for validation/evaluation: dataset_len=254, batch_size=16, shuffle=False, drop_last=False, collate_fn_type='function', loader_kwargs={'num_workers': 0, 'pin_memory': False}
2025-12-02 12:56:26 | DEBUG    | [adapter   :get_iterator      : 373] | 🐞 Creating DataLoader for validation/evaluation: dataset_len=254, batch_size=16, shuffle=False, drop_last=False, collate_fn_type='function', loader_kwargs={'num_workers': 0, 'pin_memory': False}
2025-12-02 12:56:27 | DEBUG    | [pipeline  :_compute_metrics  : 479] | 🐞 Computed Metrics: Acc=0.5630, Macro F1=0.4999
2025-12-02 12:56:27 | INFO     | [pipeline  :cv_model_evalua...:1522] | ℹ️ Fold 6 Test Scores: Acc=0.5630, F1=0.4999
2025-12-02 12:56:27 | INFO     | [pipeline  :cv_model_evalua...:1451] | ℹ️ --- Starting CV Evaluation Fold 7/10 ---
2025-12-02 12:56:27 | DEBUG    | [pipeline  :cv_model_evalua...:1457] | 🐞 Outer split (full set): 2289 train / 254 test samples.
2025-12-02 12:56:27 | DEBUG    | [pipeline  :cv_model_evalua...:1476] | 🐞 Fold 7: Internal split: ~2035 train / ~254 valid.
2025-12-02 12:56:27 | INFO     | [pipeline  :cv_model_evalua...:1486] | ℹ️ Fitting model for fold 7...
2025-12-02 12:56:27 | DEBUG    | [pretrai...:__init__          :  75] | 🐞 Initializing PretrainedViT:
2025-12-02 12:56:27 | DEBUG    | [pretrai...:__init__          :  76] | 🐞   Model Variant: vit_b_16, Pretrained: True
2025-12-02 12:56:27 | DEBUG    | [pretrai...:__init__          :  77] | 🐞   Is Hybrid Input: False
2025-12-02 12:56:27 | DEBUG    | [pretrai...:__init__          :  80] | 🐞   Unfreeze Strategy (Encoder Blocks): encoder_tail
2025-12-02 12:56:27 | DEBUG    | [pretrai...:__init__          :  82] | 🐞   Num Transformer Blocks to Unfreeze: 7
2025-12-02 12:56:27 | DEBUG    | [pretrai...:__init__          :  83] | 🐞   Unfreeze CLS: True, PosEmb: True, PatchEmb: False, EncoderLN: True
2025-12-02 12:56:27 | DEBUG    | [pretrai...:__init__          :  85] | 🐞   Custom Head Hidden Dims: None, Head Dropout: 0.5
2025-12-02 12:56:28 | DEBUG    | [pretrai...:__init__          : 106] | 🐞 Loaded vit_b_16 from torchvision.
2025-12-02 12:56:28 | DEBUG    | [pretrai...:__init__          : 283] | 🐞 Created simple linear head (dropout: 0.5), in_feat=768.
2025-12-02 12:56:28 | INFO     | [pretrai...:__init__          : 293] | ℹ️ PretrainedViT (standard) - Trainable: CLS Token, Positional Embeddings, 7 Encoder Blocks, Encoder LayerNorm, Classification Head.
2025-12-02 12:56:28 | INFO     | [pretrai...:__init__          : 313] | ℹ️ PretrainedViT (standard): Trainable params: 49.78M / Total params: 85.81M (58.01%)
2025-12-02 12:56:28 | DEBUG    | [adapter   :get_split_datasets: 205] | 🐞 Validation split for fold created with 255 original samples.
2025-12-02 12:56:28 | DEBUG    | [adapter   :get_split_datasets: 245] | 🐞 No offline augmentations will be applied.
2025-12-02 12:56:28 | DEBUG    | [adapter   :get_split_datasets: 252] | 🐞 Total training split for fold created with 2034 samples.
2025-12-02 12:56:28 | DEBUG    | [adapter   :get_iterator      : 373] | 🐞 Creating DataLoader for training: dataset_len=2034, batch_size=16, shuffle=True, drop_last=False, collate_fn_type='function', loader_kwargs={'num_workers': 0, 'pin_memory': False}
2025-12-02 12:56:28 | DEBUG    | [adapter   :get_iterator      : 373] | 🐞 Creating DataLoader for validation/evaluation: dataset_len=255, batch_size=16, shuffle=False, drop_last=False, collate_fn_type='function', loader_kwargs={'num_workers': 0, 'pin_memory': False}
2025-12-02 12:56:57 | INFO     | [callbacks :on_epoch_end      : 131] | ℹ️   epoch    train_acc    train_loss    valid_acc    valid_loss   cp           lr      dur
2025-12-02 12:56:57 | INFO     | [callbacks :on_epoch_end      : 131] | ℹ️ -------  -----------  ------------  -----------  ------------  ----  ----------  -------
2025-12-02 12:56:57 | INFO     | [callbacks :on_epoch_end      : 131] | ℹ️       1     ▲ 0.2842      ▼ 2.1099     ▲ 0.5098      ▼ 1.4732        4.9975e-05  29.3141
2025-12-02 12:57:25 | INFO     | [callbacks :on_epoch_end      : 131] | ℹ️       2     ▲ 0.4071      ▼ 1.8013     ▲ 0.5569      ▼ 1.3636        4.9901e-05  27.657
2025-12-02 12:57:52 | INFO     | [callbacks :on_epoch_end      : 131] | ℹ️       3     ▲ 0.4523      ▼ 1.6896       0.5333      ▼ 1.3602        4.9778e-05  27.6459
2025-12-02 12:58:20 | INFO     | [callbacks :on_epoch_end      : 131] | ℹ️       4     ▲ 0.4828      ▼ 1.5842     ▲ 0.5882      ▼ 1.3026        4.9606e-05  28.101
2025-12-02 12:58:49 | INFO     | [callbacks :on_epoch_end      : 131] | ℹ️       5     ▲ 0.5413      ▼ 1.4643       0.5373        1.4158        4.9386e-05  28.7234
2025-12-02 12:59:16 | INFO     | [callbacks :on_epoch_end      : 131] | ℹ️       6     ▲ 0.5693      ▼ 1.4178       0.5529         1.325        4.9117e-05  26.652
2025-12-02 12:59:44 | INFO     | [callbacks :on_epoch_end      : 131] | ℹ️       7     ▲ 0.6190      ▼ 1.2804       0.5529        1.4142        4.8801e-05  27.8326
2025-12-02 13:00:12 | INFO     | [callbacks :on_epoch_end      : 131] | ℹ️       8     ▲ 0.6298      ▼ 1.2303       0.5529        1.4958        4.8438e-05  28.552
2025-12-02 13:00:40 | INFO     | [callbacks :on_epoch_end      : 131] | ℹ️       9     ▲ 0.6745      ▼ 1.1903        0.549        1.5849        4.8028e-05  27.3886
2025-12-02 13:01:07 | INFO     | [callbacks :on_epoch_end      : 131] | ℹ️      10       0.6465      ▼ 1.1647       0.5451        1.6194        4.7574e-05  27.4808
2025-12-02 13:01:35 | INFO     | [callbacks :on_epoch_end      : 131] | ℹ️      11        0.674      ▼ 1.0878       0.5608        1.5546        4.7075e-05  27.3102
2025-12-02 13:02:01 | INFO     | [callbacks :on_epoch_end      : 131] | ℹ️      12     ▲ 0.7021      ▼ 1.0137       0.5647        1.6919        4.6532e-05  26.7791
2025-12-02 13:02:28 | INFO     | [callbacks :on_epoch_end      : 131] | ℹ️      13     ▲ 0.7306      ▼ 0.9616       0.5412        1.6789        4.5947e-05  26.7026
2025-12-02 13:02:55 | INFO     | [callbacks :on_epoch_end      : 131] | ℹ️      14     ▲ 0.7350        0.9783       0.5608        1.6603        4.5321e-05  27.0493
2025-12-02 13:03:22 | INFO     | [callbacks :on_epoch_end      : 131] | ℹ️      15       0.7296      ▼ 0.9083       0.5765        1.6666        4.4655e-05  26.8806
2025-12-02 13:03:49 | INFO     | [callbacks :on_epoch_end      : 131] | ℹ️      16     ▲ 0.7743      ▼ 0.8368       0.5647        1.7268        4.395e-05  26.8915
2025-12-02 13:04:17 | INFO     | [callbacks :on_epoch_end      : 131] | ℹ️      17     ▲ 0.7891        0.8528       0.5804        1.7601        4.3208e-05  28.4547
2025-12-02 13:04:47 | INFO     | [callbacks :on_epoch_end      : 131] | ℹ️      18        0.762        0.8908       0.5294        1.7763        4.2431e-05  29.1587
2025-12-02 13:05:14 | INFO     | [pipeline  :cv_model_evalua...:1500] | ℹ️ Using best model from epoch 19
2025-12-02 13:05:14 | INFO     | [pipeline  :cv_model_evalua...:1503] | ℹ️ Evaluating model on outer test set for fold 7...
2025-12-02 13:05:14 | DEBUG    | [adapter   :get_iterator      : 373] | 🐞 Creating DataLoader for validation/evaluation: dataset_len=254, batch_size=16, shuffle=False, drop_last=False, collate_fn_type='function', loader_kwargs={'num_workers': 0, 'pin_memory': False}
2025-12-02 13:05:15 | DEBUG    | [adapter   :get_iterator      : 373] | 🐞 Creating DataLoader for validation/evaluation: dataset_len=254, batch_size=16, shuffle=False, drop_last=False, collate_fn_type='function', loader_kwargs={'num_workers': 0, 'pin_memory': False}
2025-12-02 13:05:16 | DEBUG    | [pipeline  :_compute_metrics  : 479] | 🐞 Computed Metrics: Acc=0.5433, Macro F1=0.5104
2025-12-02 13:05:16 | INFO     | [pipeline  :cv_model_evalua...:1522] | ℹ️ Fold 7 Test Scores: Acc=0.5433, F1=0.5104
2025-12-02 13:05:16 | INFO     | [pipeline  :cv_model_evalua...:1451] | ℹ️ --- Starting CV Evaluation Fold 8/10 ---
2025-12-02 13:05:16 | DEBUG    | [pipeline  :cv_model_evalua...:1457] | 🐞 Outer split (full set): 2289 train / 254 test samples.
2025-12-02 13:05:16 | DEBUG    | [pipeline  :cv_model_evalua...:1476] | 🐞 Fold 8: Internal split: ~2035 train / ~254 valid.
2025-12-02 13:05:16 | INFO     | [pipeline  :cv_model_evalua...:1486] | ℹ️ Fitting model for fold 8...
2025-12-02 13:05:16 | DEBUG    | [pretrai...:__init__          :  75] | 🐞 Initializing PretrainedViT:
2025-12-02 13:05:16 | DEBUG    | [pretrai...:__init__          :  76] | 🐞   Model Variant: vit_b_16, Pretrained: True
2025-12-02 13:05:16 | DEBUG    | [pretrai...:__init__          :  77] | 🐞   Is Hybrid Input: False
2025-12-02 13:05:16 | DEBUG    | [pretrai...:__init__          :  80] | 🐞   Unfreeze Strategy (Encoder Blocks): encoder_tail
2025-12-02 13:05:16 | DEBUG    | [pretrai...:__init__          :  82] | 🐞   Num Transformer Blocks to Unfreeze: 7
2025-12-02 13:05:16 | DEBUG    | [pretrai...:__init__          :  83] | 🐞   Unfreeze CLS: True, PosEmb: True, PatchEmb: False, EncoderLN: True
2025-12-02 13:05:16 | DEBUG    | [pretrai...:__init__          :  85] | 🐞   Custom Head Hidden Dims: None, Head Dropout: 0.5
2025-12-02 13:05:16 | DEBUG    | [pretrai...:__init__          : 106] | 🐞 Loaded vit_b_16 from torchvision.
2025-12-02 13:05:16 | DEBUG    | [pretrai...:__init__          : 283] | 🐞 Created simple linear head (dropout: 0.5), in_feat=768.
2025-12-02 13:05:16 | INFO     | [pretrai...:__init__          : 293] | ℹ️ PretrainedViT (standard) - Trainable: CLS Token, Positional Embeddings, 7 Encoder Blocks, Encoder LayerNorm, Classification Head.
2025-12-02 13:05:16 | INFO     | [pretrai...:__init__          : 313] | ℹ️ PretrainedViT (standard): Trainable params: 49.78M / Total params: 85.81M (58.01%)
2025-12-02 13:05:16 | DEBUG    | [adapter   :get_split_datasets: 205] | 🐞 Validation split for fold created with 255 original samples.
2025-12-02 13:05:16 | DEBUG    | [adapter   :get_split_datasets: 245] | 🐞 No offline augmentations will be applied.
2025-12-02 13:05:16 | DEBUG    | [adapter   :get_split_datasets: 252] | 🐞 Total training split for fold created with 2034 samples.
2025-12-02 13:05:16 | DEBUG    | [adapter   :get_iterator      : 373] | 🐞 Creating DataLoader for training: dataset_len=2034, batch_size=16, shuffle=True, drop_last=False, collate_fn_type='function', loader_kwargs={'num_workers': 0, 'pin_memory': False}
2025-12-02 13:05:16 | DEBUG    | [adapter   :get_iterator      : 373] | 🐞 Creating DataLoader for validation/evaluation: dataset_len=255, batch_size=16, shuffle=False, drop_last=False, collate_fn_type='function', loader_kwargs={'num_workers': 0, 'pin_memory': False}
2025-12-02 13:05:45 | INFO     | [callbacks :on_epoch_end      : 131] | ℹ️   epoch    train_acc    train_loss    valid_acc    valid_loss   cp           lr      dur
2025-12-02 13:05:45 | INFO     | [callbacks :on_epoch_end      : 131] | ℹ️ -------  -----------  ------------  -----------  ------------  ----  ----------  -------
2025-12-02 13:05:45 | INFO     | [callbacks :on_epoch_end      : 131] | ℹ️       1     ▲ 0.2999      ▼ 2.0710     ▲ 0.4667      ▼ 1.5752        4.9975e-05  28.8691
2025-12-02 13:06:14 | INFO     | [callbacks :on_epoch_end      : 131] | ℹ️       2     ▲ 0.4282      ▼ 1.7715     ▲ 0.4667      ▼ 1.4432        4.9901e-05  28.8696
2025-12-02 13:06:42 | INFO     | [callbacks :on_epoch_end      : 131] | ℹ️       3     ▲ 0.4607      ▼ 1.6520     ▲ 0.5098      ▼ 1.3842        4.9778e-05  28.0466
2025-12-02 13:07:10 | INFO     | [callbacks :on_epoch_end      : 131] | ℹ️       4     ▲ 0.5088      ▼ 1.5825     ▲ 0.5529      ▼ 1.3362        4.9606e-05  27.709
2025-12-02 13:07:37 | INFO     | [callbacks :on_epoch_end      : 131] | ℹ️       5     ▲ 0.5457      ▼ 1.4587       0.5333         1.367        4.9386e-05  27.0204
2025-12-02 13:08:04 | INFO     | [callbacks :on_epoch_end      : 131] | ℹ️       6     ▲ 0.5949      ▼ 1.3706       0.5373        1.3494        4.9117e-05  26.7966
2025-12-02 13:08:31 | INFO     | [callbacks :on_epoch_end      : 131] | ℹ️       7       0.5821      ▼ 1.3090       0.4941        1.4274        4.8801e-05  26.9764
2025-12-02 13:08:57 | INFO     | [callbacks :on_epoch_end      : 131] | ℹ️       8     ▲ 0.6239      ▼ 1.2284       0.5216        1.3558        4.8438e-05  26.402
2025-12-02 13:09:25 | INFO     | [callbacks :on_epoch_end      : 131] | ℹ️       9       0.6131      ▼ 1.2100     ▲ 0.5529      ▼ 1.3149        4.8028e-05  27.5684
2025-12-02 13:09:52 | INFO     | [callbacks :on_epoch_end      : 131] | ℹ️      10     ▲ 0.6578      ▼ 1.1399     ▲ 0.5569         1.418        4.7574e-05  27.6001
2025-12-02 13:10:21 | INFO     | [callbacks :on_epoch_end      : 131] | ℹ️      11     ▲ 0.7212      ▼ 1.0805        0.549        1.3851        4.7075e-05  28.2505
2025-12-02 13:10:49 | INFO     | [callbacks :on_epoch_end      : 131] | ℹ️      12       0.6858      ▼ 1.0587     ▲ 0.5686        1.4502        4.6532e-05  28.1755
2025-12-02 13:11:16 | INFO     | [callbacks :on_epoch_end      : 131] | ℹ️      13     ▲ 0.7330      ▼ 1.0361        0.498        1.5284        4.5947e-05  26.7475
2025-12-02 13:11:43 | INFO     | [callbacks :on_epoch_end      : 131] | ℹ️      14     ▲ 0.7547      ▼ 0.9547       0.5647        1.5225        4.5321e-05  27.4151
2025-12-02 13:12:12 | INFO     | [callbacks :on_epoch_end      : 131] | ℹ️      15     ▲ 0.7576      ▼ 0.8951       0.5451        1.5082        4.4655e-05  28.5929
2025-12-02 13:12:40 | INFO     | [callbacks :on_epoch_end      : 131] | ℹ️      16       0.7365        0.9401     ▲ 0.5765        1.5216        4.395e-05  28.4385
2025-12-02 13:13:08 | INFO     | [callbacks :on_epoch_end      : 131] | ℹ️      17       0.7203        0.9508     ▲ 0.5765        1.5425        4.3208e-05  28.2275
2025-12-02 13:13:35 | INFO     | [callbacks :on_epoch_end      : 131] | ℹ️      18       0.7488      ▼ 0.8940     ▲ 0.5843         1.567        4.2431e-05  26.8478
2025-12-02 13:14:02 | INFO     | [callbacks :on_epoch_end      : 131] | ℹ️      19       0.7394      ▼ 0.8284       0.5804        1.4842        4.1619e-05  26.8891
2025-12-02 13:14:29 | INFO     | [callbacks :on_epoch_end      : 131] | ℹ️      20       0.7384         0.861       0.5608        1.6092        4.0776e-05  26.7864
2025-12-02 13:14:56 | INFO     | [callbacks :on_epoch_end      : 131] | ℹ️      21     ▲ 0.7630      ▼ 0.8244       0.5725         1.564        3.9901e-05  27.256
2025-12-02 13:15:24 | INFO     | [callbacks :on_epoch_end      : 131] | ℹ️      22       0.7512        0.8506       0.5412        1.6835        3.8997e-05  27.4985
2025-12-02 13:15:52 | INFO     | [callbacks :on_epoch_end      : 131] | ℹ️      23     ▲ 0.7684      ▼ 0.8092       0.5569        1.6013        3.8066e-05  27.881
2025-12-02 13:16:20 | INFO     | [pipeline  :cv_model_evalua...:1500] | ℹ️ Using best model from epoch 24
2025-12-02 13:16:20 | INFO     | [pipeline  :cv_model_evalua...:1503] | ℹ️ Evaluating model on outer test set for fold 8...
2025-12-02 13:16:20 | DEBUG    | [adapter   :get_iterator      : 373] | 🐞 Creating DataLoader for validation/evaluation: dataset_len=254, batch_size=16, shuffle=False, drop_last=False, collate_fn_type='function', loader_kwargs={'num_workers': 0, 'pin_memory': False}
2025-12-02 13:16:21 | DEBUG    | [adapter   :get_iterator      : 373] | 🐞 Creating DataLoader for validation/evaluation: dataset_len=254, batch_size=16, shuffle=False, drop_last=False, collate_fn_type='function', loader_kwargs={'num_workers': 0, 'pin_memory': False}
2025-12-02 13:16:23 | DEBUG    | [pipeline  :_compute_metrics  : 479] | 🐞 Computed Metrics: Acc=0.5630, Macro F1=0.5385
2025-12-02 13:16:23 | INFO     | [pipeline  :cv_model_evalua...:1522] | ℹ️ Fold 8 Test Scores: Acc=0.5630, F1=0.5385
2025-12-02 13:16:23 | INFO     | [pipeline  :cv_model_evalua...:1451] | ℹ️ --- Starting CV Evaluation Fold 9/10 ---
2025-12-02 13:16:23 | DEBUG    | [pipeline  :cv_model_evalua...:1457] | 🐞 Outer split (full set): 2289 train / 254 test samples.
2025-12-02 13:16:23 | DEBUG    | [pipeline  :cv_model_evalua...:1476] | 🐞 Fold 9: Internal split: ~2035 train / ~254 valid.
2025-12-02 13:16:23 | INFO     | [pipeline  :cv_model_evalua...:1486] | ℹ️ Fitting model for fold 9...
2025-12-02 13:16:23 | DEBUG    | [pretrai...:__init__          :  75] | 🐞 Initializing PretrainedViT:
2025-12-02 13:16:23 | DEBUG    | [pretrai...:__init__          :  76] | 🐞   Model Variant: vit_b_16, Pretrained: True
2025-12-02 13:16:23 | DEBUG    | [pretrai...:__init__          :  77] | 🐞   Is Hybrid Input: False
2025-12-02 13:16:23 | DEBUG    | [pretrai...:__init__          :  80] | 🐞   Unfreeze Strategy (Encoder Blocks): encoder_tail
2025-12-02 13:16:23 | DEBUG    | [pretrai...:__init__          :  82] | 🐞   Num Transformer Blocks to Unfreeze: 7
2025-12-02 13:16:23 | DEBUG    | [pretrai...:__init__          :  83] | 🐞   Unfreeze CLS: True, PosEmb: True, PatchEmb: False, EncoderLN: True
2025-12-02 13:16:23 | DEBUG    | [pretrai...:__init__          :  85] | 🐞   Custom Head Hidden Dims: None, Head Dropout: 0.5
2025-12-02 13:16:23 | DEBUG    | [pretrai...:__init__          : 106] | 🐞 Loaded vit_b_16 from torchvision.
2025-12-02 13:16:23 | DEBUG    | [pretrai...:__init__          : 283] | 🐞 Created simple linear head (dropout: 0.5), in_feat=768.
2025-12-02 13:16:23 | INFO     | [pretrai...:__init__          : 293] | ℹ️ PretrainedViT (standard) - Trainable: CLS Token, Positional Embeddings, 7 Encoder Blocks, Encoder LayerNorm, Classification Head.
2025-12-02 13:16:23 | INFO     | [pretrai...:__init__          : 313] | ℹ️ PretrainedViT (standard): Trainable params: 49.78M / Total params: 85.81M (58.01%)
2025-12-02 13:16:23 | DEBUG    | [adapter   :get_split_datasets: 205] | 🐞 Validation split for fold created with 255 original samples.
2025-12-02 13:16:23 | DEBUG    | [adapter   :get_split_datasets: 245] | 🐞 No offline augmentations will be applied.
2025-12-02 13:16:23 | DEBUG    | [adapter   :get_split_datasets: 252] | 🐞 Total training split for fold created with 2034 samples.
2025-12-02 13:16:23 | DEBUG    | [adapter   :get_iterator      : 373] | 🐞 Creating DataLoader for training: dataset_len=2034, batch_size=16, shuffle=True, drop_last=False, collate_fn_type='function', loader_kwargs={'num_workers': 0, 'pin_memory': False}
2025-12-02 13:16:23 | DEBUG    | [adapter   :get_iterator      : 373] | 🐞 Creating DataLoader for validation/evaluation: dataset_len=255, batch_size=16, shuffle=False, drop_last=False, collate_fn_type='function', loader_kwargs={'num_workers': 0, 'pin_memory': False}
2025-12-02 13:16:53 | INFO     | [callbacks :on_epoch_end      : 131] | ℹ️   epoch    train_acc    train_loss    valid_acc    valid_loss   cp           lr      dur
2025-12-02 13:16:53 | INFO     | [callbacks :on_epoch_end      : 131] | ℹ️ -------  -----------  ------------  -----------  ------------  ----  ----------  -------
2025-12-02 13:16:53 | INFO     | [callbacks :on_epoch_end      : 131] | ℹ️       1     ▲ 0.2940      ▼ 2.0620     ▲ 0.4824      ▼ 1.5793        4.9975e-05  29.8688
2025-12-02 13:17:20 | INFO     | [callbacks :on_epoch_end      : 131] | ℹ️       2     ▲ 0.4454      ▼ 1.7613     ▲ 0.4941      ▼ 1.4044        4.9901e-05  26.906
2025-12-02 13:17:48 | INFO     | [callbacks :on_epoch_end      : 131] | ℹ️       3     ▲ 0.4735      ▼ 1.6318     ▲ 0.5804      ▼ 1.3100        4.9778e-05  27.8617
2025-12-02 13:18:16 | INFO     | [callbacks :on_epoch_end      : 131] | ℹ️       4     ▲ 0.5118      ▼ 1.5404       0.5608      ▼ 1.2521        4.9606e-05  28.1226
2025-12-02 13:18:44 | INFO     | [callbacks :on_epoch_end      : 131] | ℹ️       5     ▲ 0.5728      ▼ 1.4475       0.5451        1.2784        4.9386e-05  27.7832
2025-12-02 13:19:12 | INFO     | [callbacks :on_epoch_end      : 131] | ℹ️       6     ▲ 0.5978      ▼ 1.3687       0.5647      ▼ 1.2474        4.9117e-05  27.8678
2025-12-02 13:19:39 | INFO     | [callbacks :on_epoch_end      : 131] | ℹ️       7     ▲ 0.6337      ▼ 1.2752       0.5529        1.3206        4.8801e-05  27.2379
2025-12-02 13:20:06 | INFO     | [callbacks :on_epoch_end      : 131] | ℹ️       8     ▲ 0.6539      ▼ 1.2279     ▲ 0.6039      ▼ 1.2396        4.8438e-05  26.9719
2025-12-02 13:20:33 | INFO     | [callbacks :on_epoch_end      : 131] | ℹ️       9     ▲ 0.6770      ▼ 1.1241       0.5961         1.345        4.8028e-05  26.9106
2025-12-02 13:21:01 | INFO     | [callbacks :on_epoch_end      : 131] | ℹ️      10     ▲ 0.6834      ▼ 1.1070       0.5725         1.345        4.7574e-05  27.612
2025-12-02 13:21:28 | INFO     | [callbacks :on_epoch_end      : 131] | ℹ️      11     ▲ 0.7075      ▼ 1.0442        0.549        1.3815        4.7075e-05  26.8844
2025-12-02 13:21:55 | INFO     | [callbacks :on_epoch_end      : 131] | ℹ️      12     ▲ 0.7286      ▼ 1.0173       0.5647        1.4115        4.6532e-05  27.1957
2025-12-02 13:22:22 | INFO     | [callbacks :on_epoch_end      : 131] | ℹ️      13       0.7252      ▼ 0.9532       0.5725        1.3898        4.5947e-05  27.6632
2025-12-02 13:22:50 | INFO     | [callbacks :on_epoch_end      : 131] | ℹ️      14     ▲ 0.7340      ▼ 0.9465       0.5725        1.4796        4.5321e-05  27.751
2025-12-02 13:23:16 | INFO     | [callbacks :on_epoch_end      : 131] | ℹ️      15       0.7271      ▼ 0.9278       0.5569        1.5321        4.4655e-05  26.2009
2025-12-02 13:23:44 | INFO     | [callbacks :on_epoch_end      : 131] | ℹ️      16     ▲ 0.7655        0.9303       0.5765          1.54        4.395e-05  27.5735
2025-12-02 13:24:13 | INFO     | [callbacks :on_epoch_end      : 131] | ℹ️      17     ▲ 0.7901      ▼ 0.8402       0.5961        1.5462        4.3208e-05  29.0781
2025-12-02 13:24:41 | INFO     | [callbacks :on_epoch_end      : 131] | ℹ️      18       0.7468        0.8834       0.5882        1.5592        4.2431e-05  27.4004
2025-12-02 13:25:09 | INFO     | [callbacks :on_epoch_end      : 131] | ℹ️      19       0.7552        0.9066       0.5647        1.5962        4.1619e-05  28.2628
2025-12-02 13:25:36 | INFO     | [callbacks :on_epoch_end      : 131] | ℹ️      20       0.7709      ▼ 0.8148       0.5843        1.5836        4.0776e-05  26.8685
2025-12-02 13:26:02 | INFO     | [callbacks :on_epoch_end      : 131] | ℹ️      21       0.7655        0.8245       0.5569        1.6188        3.9901e-05  26.4767
2025-12-02 13:26:29 | INFO     | [callbacks :on_epoch_end      : 131] | ℹ️      22       0.7788      ▼ 0.7695       0.5686        1.6107        3.8997e-05  26.8042
2025-12-02 13:26:56 | INFO     | [pipeline  :cv_model_evalua...:1500] | ℹ️ Using best model from epoch 23
2025-12-02 13:26:56 | INFO     | [pipeline  :cv_model_evalua...:1503] | ℹ️ Evaluating model on outer test set for fold 9...
2025-12-02 13:26:56 | DEBUG    | [adapter   :get_iterator      : 373] | 🐞 Creating DataLoader for validation/evaluation: dataset_len=254, batch_size=16, shuffle=False, drop_last=False, collate_fn_type='function', loader_kwargs={'num_workers': 0, 'pin_memory': False}
2025-12-02 13:26:57 | DEBUG    | [adapter   :get_iterator      : 373] | 🐞 Creating DataLoader for validation/evaluation: dataset_len=254, batch_size=16, shuffle=False, drop_last=False, collate_fn_type='function', loader_kwargs={'num_workers': 0, 'pin_memory': False}
2025-12-02 13:26:58 | DEBUG    | [pipeline  :_compute_metrics  : 479] | 🐞 Computed Metrics: Acc=0.4843, Macro F1=0.4559
2025-12-02 13:26:58 | INFO     | [pipeline  :cv_model_evalua...:1522] | ℹ️ Fold 9 Test Scores: Acc=0.4843, F1=0.4559
2025-12-02 13:26:58 | INFO     | [pipeline  :cv_model_evalua...:1451] | ℹ️ --- Starting CV Evaluation Fold 10/10 ---
2025-12-02 13:26:58 | DEBUG    | [pipeline  :cv_model_evalua...:1457] | 🐞 Outer split (full set): 2289 train / 254 test samples.
2025-12-02 13:26:58 | DEBUG    | [pipeline  :cv_model_evalua...:1476] | 🐞 Fold 10: Internal split: ~2035 train / ~254 valid.
2025-12-02 13:26:58 | INFO     | [pipeline  :cv_model_evalua...:1486] | ℹ️ Fitting model for fold 10...
2025-12-02 13:26:58 | DEBUG    | [pretrai...:__init__          :  75] | 🐞 Initializing PretrainedViT:
2025-12-02 13:26:58 | DEBUG    | [pretrai...:__init__          :  76] | 🐞   Model Variant: vit_b_16, Pretrained: True
2025-12-02 13:26:58 | DEBUG    | [pretrai...:__init__          :  77] | 🐞   Is Hybrid Input: False
2025-12-02 13:26:58 | DEBUG    | [pretrai...:__init__          :  80] | 🐞   Unfreeze Strategy (Encoder Blocks): encoder_tail
2025-12-02 13:26:58 | DEBUG    | [pretrai...:__init__          :  82] | 🐞   Num Transformer Blocks to Unfreeze: 7
2025-12-02 13:26:58 | DEBUG    | [pretrai...:__init__          :  83] | 🐞   Unfreeze CLS: True, PosEmb: True, PatchEmb: False, EncoderLN: True
2025-12-02 13:26:58 | DEBUG    | [pretrai...:__init__          :  85] | 🐞   Custom Head Hidden Dims: None, Head Dropout: 0.5
2025-12-02 13:26:59 | DEBUG    | [pretrai...:__init__          : 106] | 🐞 Loaded vit_b_16 from torchvision.
2025-12-02 13:26:59 | DEBUG    | [pretrai...:__init__          : 283] | 🐞 Created simple linear head (dropout: 0.5), in_feat=768.
2025-12-02 13:26:59 | INFO     | [pretrai...:__init__          : 293] | ℹ️ PretrainedViT (standard) - Trainable: CLS Token, Positional Embeddings, 7 Encoder Blocks, Encoder LayerNorm, Classification Head.
2025-12-02 13:26:59 | INFO     | [pretrai...:__init__          : 313] | ℹ️ PretrainedViT (standard): Trainable params: 49.78M / Total params: 85.81M (58.01%)
2025-12-02 13:26:59 | DEBUG    | [adapter   :get_split_datasets: 205] | 🐞 Validation split for fold created with 255 original samples.
2025-12-02 13:26:59 | DEBUG    | [adapter   :get_split_datasets: 245] | 🐞 No offline augmentations will be applied.
2025-12-02 13:26:59 | DEBUG    | [adapter   :get_split_datasets: 252] | 🐞 Total training split for fold created with 2034 samples.
2025-12-02 13:26:59 | DEBUG    | [adapter   :get_iterator      : 373] | 🐞 Creating DataLoader for training: dataset_len=2034, batch_size=16, shuffle=True, drop_last=False, collate_fn_type='function', loader_kwargs={'num_workers': 0, 'pin_memory': False}
2025-12-02 13:26:59 | DEBUG    | [adapter   :get_iterator      : 373] | 🐞 Creating DataLoader for validation/evaluation: dataset_len=255, batch_size=16, shuffle=False, drop_last=False, collate_fn_type='function', loader_kwargs={'num_workers': 0, 'pin_memory': False}
2025-12-02 13:27:28 | INFO     | [callbacks :on_epoch_end      : 131] | ℹ️   epoch    train_acc    train_loss    valid_acc    valid_loss   cp           lr      dur
2025-12-02 13:27:28 | INFO     | [callbacks :on_epoch_end      : 131] | ℹ️ -------  -----------  ------------  -----------  ------------  ----  ----------  -------
2025-12-02 13:27:28 | INFO     | [callbacks :on_epoch_end      : 131] | ℹ️       1     ▲ 0.3166      ▼ 2.0553     ▲ 0.4431      ▼ 1.5865        4.9975e-05  29.5543
2025-12-02 13:27:55 | INFO     | [callbacks :on_epoch_end      : 131] | ℹ️       2     ▲ 0.4287      ▼ 1.7975     ▲ 0.5333      ▼ 1.3492        4.9901e-05  26.7607
2025-12-02 13:28:23 | INFO     | [callbacks :on_epoch_end      : 131] | ℹ️       3     ▲ 0.4798      ▼ 1.6142     ▲ 0.5569      ▼ 1.2546        4.9778e-05  28.1289
2025-12-02 13:28:52 | INFO     | [callbacks :on_epoch_end      : 131] | ℹ️       4     ▲ 0.4798      ▼ 1.5521       0.5137        1.2555        4.9606e-05  28.3199
2025-12-02 13:29:18 | INFO     | [callbacks :on_epoch_end      : 131] | ℹ️       5     ▲ 0.5187      ▼ 1.4899        0.502        1.3038        4.9386e-05  26.5115
2025-12-02 13:29:46 | INFO     | [callbacks :on_epoch_end      : 131] | ℹ️       6     ▲ 0.5792      ▼ 1.3878     ▲ 0.6039      ▼ 1.2325        4.9117e-05  27.6128
2025-12-02 13:30:14 | INFO     | [callbacks :on_epoch_end      : 131] | ℹ️       7     ▲ 0.6101      ▼ 1.3023        0.549        1.3242        4.8801e-05  28.2416
2025-12-02 13:30:42 | INFO     | [callbacks :on_epoch_end      : 131] | ℹ️       8     ▲ 0.6347      ▼ 1.2474       0.5882         1.307        4.8438e-05  27.7274
2025-12-02 13:31:10 | INFO     | [callbacks :on_epoch_end      : 131] | ℹ️       9     ▲ 0.6726      ▼ 1.2105       0.5451        1.3241        4.8028e-05  27.6113
2025-12-02 13:31:37 | INFO     | [callbacks :on_epoch_end      : 131] | ℹ️      10     ▲ 0.6888      ▼ 1.1308       0.5804        1.3304        4.7574e-05  27.2035
2025-12-02 13:32:04 | INFO     | [callbacks :on_epoch_end      : 131] | ℹ️      11     ▲ 0.7148      ▼ 1.0334        0.549        1.3529        4.7075e-05  26.6883
2025-12-02 13:32:31 | INFO     | [callbacks :on_epoch_end      : 131] | ℹ️      12       0.6957        1.0367       0.5647        1.4613        4.6532e-05  27.0576
2025-12-02 13:32:57 | INFO     | [callbacks :on_epoch_end      : 131] | ℹ️      13     ▲ 0.7178        1.0379       0.5843        1.4064        4.5947e-05  26.7097
2025-12-02 13:33:24 | INFO     | [callbacks :on_epoch_end      : 131] | ℹ️      14       0.7153        1.0705       0.5216        1.4815        4.5321e-05  27.0572
2025-12-02 13:33:51 | INFO     | [callbacks :on_epoch_end      : 131] | ℹ️      15     ▲ 0.7561      ▼ 0.9726       0.5569        1.4721        4.4655e-05  26.5109
2025-12-02 13:34:19 | INFO     | [callbacks :on_epoch_end      : 131] | ℹ️      16       0.7355      ▼ 0.9409       0.5765        1.5318        4.395e-05  28.4914
2025-12-02 13:34:48 | INFO     | [callbacks :on_epoch_end      : 131] | ℹ️      17     ▲ 0.7675      ▼ 0.8980       0.5686        1.5469        4.3208e-05  28.9111
2025-12-02 13:35:15 | INFO     | [callbacks :on_epoch_end      : 131] | ℹ️      18       0.7507      ▼ 0.8936       0.5569        1.5714        4.2431e-05  26.7223
2025-12-02 13:35:43 | INFO     | [callbacks :on_epoch_end      : 131] | ℹ️      19     ▲ 0.7847      ▼ 0.8386       0.5765        1.5387        4.1619e-05  27.6747
2025-12-02 13:36:11 | INFO     | [callbacks :on_epoch_end      : 131] | ℹ️      20       0.7601        0.8782       0.5765        1.5365        4.0776e-05  28.1019
2025-12-02 13:36:39 | INFO     | [pipeline  :cv_model_evalua...:1500] | ℹ️ Using best model from epoch 21
2025-12-02 13:36:39 | INFO     | [pipeline  :cv_model_evalua...:1503] | ℹ️ Evaluating model on outer test set for fold 10...
2025-12-02 13:36:39 | DEBUG    | [adapter   :get_iterator      : 373] | 🐞 Creating DataLoader for validation/evaluation: dataset_len=254, batch_size=16, shuffle=False, drop_last=False, collate_fn_type='function', loader_kwargs={'num_workers': 0, 'pin_memory': False}
2025-12-02 13:36:40 | DEBUG    | [adapter   :get_iterator      : 373] | 🐞 Creating DataLoader for validation/evaluation: dataset_len=254, batch_size=16, shuffle=False, drop_last=False, collate_fn_type='function', loader_kwargs={'num_workers': 0, 'pin_memory': False}
2025-12-02 13:36:41 | DEBUG    | [pipeline  :_compute_metrics  : 479] | 🐞 Computed Metrics: Acc=0.5236, Macro F1=0.4814
2025-12-02 13:36:41 | INFO     | [pipeline  :cv_model_evalua...:1522] | ℹ️ Fold 10 Test Scores: Acc=0.5236, F1=0.4814
2025-12-02 13:36:41 | DEBUG    | [pipeline  :_save_results     : 527] | 🐞 Results detail level overridden for this run to: 2
2025-12-02 13:36:41 | DEBUG    | [pipeline  :_save_results     : 534] | 🐞 Saving results for cv_model_evaluation_full_115625 (detail level: 2)
2025-12-02 13:36:41 | INFO     | [pipeline  :_save_results     : 632] | ℹ️ Results JSON saved via repository to: experiments/CCSN/pvit/20251202_115625_seed42/cv_model_evaluation_full_115625/cv_model_evaluation_results.json
2025-12-02 13:36:41 | INFO     | [pipeline  :cv_model_evalua...:1632] | ℹ️ Plotting cv for eval results for cv_model_evaluation_full_115625 (plot level 2).
2025-12-02 13:36:41 | INFO     | [plotter   :plot_cv_model_e...: 834] | ℹ️ Plotting cv_model_evaluation results for: cv_model_evaluation_full_115625
2025-12-02 13:36:42 | INFO     | [plotter   :_generate_aggre...: 296] | ℹ️ Aggregated metrics CSV saved via repository to: experiments/CCSN/pvit/20251202_115625_seed42/cv_model_evaluation_full_115625/cv_model_evaluation_plots/aggregated_metrics_table.csv
2025-12-02 13:36:43 | INFO     | [plotter   :plot_cv_model_e...: 889] | ℹ️ Generating grouped plots per fold for 10 folds...
2025-12-02 13:36:56 | INFO     | [plotter   :_generate_metri...: 241] | ℹ️ Metrics CSV saved via repository to: experiments/CCSN/pvit/20251202_115625_seed42/cv_model_evaluation_full_115625/cv_model_evaluation_plots/fold_1_metrics_table.csv
2025-12-02 13:36:56 | INFO     | [plotter   :_generate_metri...: 241] | ℹ️ Metrics CSV saved via repository to: experiments/CCSN/pvit/20251202_115625_seed42/cv_model_evaluation_full_115625/cv_model_evaluation_plots/fold_2_metrics_table.csv
2025-12-02 13:36:56 | INFO     | [plotter   :_generate_metri...: 241] | ℹ️ Metrics CSV saved via repository to: experiments/CCSN/pvit/20251202_115625_seed42/cv_model_evaluation_full_115625/cv_model_evaluation_plots/fold_3_metrics_table.csv
2025-12-02 13:36:56 | INFO     | [plotter   :_generate_metri...: 241] | ℹ️ Metrics CSV saved via repository to: experiments/CCSN/pvit/20251202_115625_seed42/cv_model_evaluation_full_115625/cv_model_evaluation_plots/fold_4_metrics_table.csv
2025-12-02 13:36:56 | INFO     | [plotter   :_generate_metri...: 241] | ℹ️ Metrics CSV saved via repository to: experiments/CCSN/pvit/20251202_115625_seed42/cv_model_evaluation_full_115625/cv_model_evaluation_plots/fold_5_metrics_table.csv
2025-12-02 13:36:56 | INFO     | [plotter   :_generate_metri...: 241] | ℹ️ Metrics CSV saved via repository to: experiments/CCSN/pvit/20251202_115625_seed42/cv_model_evaluation_full_115625/cv_model_evaluation_plots/fold_6_metrics_table.csv
2025-12-02 13:36:56 | INFO     | [plotter   :_generate_metri...: 241] | ℹ️ Metrics CSV saved via repository to: experiments/CCSN/pvit/20251202_115625_seed42/cv_model_evaluation_full_115625/cv_model_evaluation_plots/fold_7_metrics_table.csv
2025-12-02 13:36:56 | INFO     | [plotter   :_generate_metri...: 241] | ℹ️ Metrics CSV saved via repository to: experiments/CCSN/pvit/20251202_115625_seed42/cv_model_evaluation_full_115625/cv_model_evaluation_plots/fold_8_metrics_table.csv
2025-12-02 13:36:56 | INFO     | [plotter   :_generate_metri...: 241] | ℹ️ Metrics CSV saved via repository to: experiments/CCSN/pvit/20251202_115625_seed42/cv_model_evaluation_full_115625/cv_model_evaluation_plots/fold_9_metrics_table.csv
2025-12-02 13:36:56 | INFO     | [plotter   :_generate_metri...: 241] | ℹ️ Metrics CSV saved via repository to: experiments/CCSN/pvit/20251202_115625_seed42/cv_model_evaluation_full_115625/cv_model_evaluation_plots/fold_10_metrics_table.csv
2025-12-02 13:36:56 | INFO     | [plotter   :plot_cv_model_e...:1038] | ℹ️ Finished plotting for cv_model_evaluation: cv_model_evaluation_full_115625
2025-12-02 13:36:56 | INFO     | [pipeline  :cv_model_evalua...:1648] | ℹ️ CV Evaluation Summary (on full data, 10 folds, 95% CI):
2025-12-02 13:36:56 | INFO     | [pipeline  :cv_model_evalua...:1654] | ℹ️   Accuracy            : 0.5532 +/- 0.0259
2025-12-02 13:36:56 | INFO     | [pipeline  :cv_model_evalua...:1654] | ℹ️   F1 Macro            : 0.5222 +/- 0.0294
2025-12-02 13:36:56 | INFO     | [pipeline  :cv_model_evalua...:1654] | ℹ️   Precision Macro     : 0.5454 +/- 0.0299
2025-12-02 13:36:56 | INFO     | [pipeline  :cv_model_evalua...:1654] | ℹ️   Recall Macro        : 0.5390 +/- 0.0265
2025-12-02 13:36:56 | INFO     | [pipeline  :cv_model_evalua...:1654] | ℹ️   Specificity Macro   : 0.9550 +/- 0.0026
2025-12-02 13:36:56 | INFO     | [pipeline  :cv_model_evalua...:1654] | ℹ️   Roc Auc Macro       : 0.9061 +/- 0.0112
2025-12-02 13:36:56 | INFO     | [pipeline  :cv_model_evalua...:1654] | ℹ️   Pr Auc Macro        : 0.5774 +/- 0.0236
2025-12-02 13:36:56 | INFO     | [executor  :run               : 298] | ℹ️ --- Method cv_model_evaluation (Op ID: cv_model_evaluation_0) completed successfully in 6030.38s ---
2025-12-02 13:36:56 | INFO     | [executor  :run               : 355] | ℹ️ Pipeline execution finished successfully in 6030.39s for Executor Run ID: 20251202_115625_seed42.
2025-12-02 13:36:56 | INFO     | [executor  :run               : 361] | ℹ️ Executor run for 20251202_115625_seed42 attempting final log operations.
2025-12-02 13:36:56 | DEBUG    | [executor  :_upload_and_cle...: 207] | 🐞 Flushing and closing log handler for: C:\Users\Stefan Alexandrescu\Documents\GitHub\UBB-Y3-AI-Research\model_src\experiments\CCSN\pvit\20251202_115625_seed42\executor_run_20251202_115625_seed42.log before upload/cleanup.
2025-12-02 13:36:56 | INFO     | [executor  :_upload_and_cle...: 233] | ℹ️ Main executor log file available at: C:\Users\Stefan Alexandrescu\Documents\GitHub\UBB-Y3-AI-Research\model_src\experiments\CCSN\pvit\20251202_115625_seed42\executor_run_20251202_115625_seed42.log
2025-12-02 13:36:56 | INFO     | [main      :<module>          : 345] | ℹ️ --- Final Execution Results Summary ---
2025-12-02 13:36:56 | INFO     | [main      :<module>          : 356] | ℹ️ Method executor_run_id: Completed. Result: 20251202_115625_seed42
2025-12-02 13:36:56 | INFO     | [main      :<module>          : 356] | ℹ️ Method seed_used: Completed. Result: 42
2025-12-02 13:36:56 | INFO     | [main      :<module>          : 353] | ℹ️ Method cv_model_evaluation_0: Completed. (Acc: 0.5532, F1: 0.5222, BestScore: nan)
