Timestamp           | Level    | Location                             | Message
--------------------+----------+--------------------------------------+---------------------------------------------------
2025-06-10 22:10:41 | INFO     | [logger_...:setup_logger      : 153] | ℹ️ Logger 'ImgClassPipe' initialized. Log file: C:\Users\Stefan Alexandrescu\Documents\GitHub\UBB-Y3-AI-Research\model_src\experiments\GCD\pvit\20250610_221041_seed42\executor_run_20250610_221041_seed42.log
2025-06-10 22:10:41 | INFO     | [executor  :__init__          : 132] | ℹ️ Local main executor log file for this run (may be temporary): C:\Users\Stefan Alexandrescu\Documents\GitHub\UBB-Y3-AI-Research\model_src\experiments\GCD\pvit\20250610_221041_seed42\executor_run_20250610_221041_seed42.log
2025-06-10 22:10:41 | INFO     | [executor  :__init__          : 137] | ℹ️ --- Starting Executor Run (ID: 20250610_221041_seed42) ---
2025-06-10 22:10:41 | INFO     | [executor  :__init__          : 138] | ℹ️ Executor initialized for model 'pvit' on dataset 'GCD'
2025-06-10 22:10:41 | INFO     | [executor  :__init__          : 141] | ℹ️ Local artifact storage base: C:\Users\Stefan Alexandrescu\Documents\GitHub\UBB-Y3-AI-Research\model_src
2025-06-10 22:10:41 | INFO     | [executor  :__init__          : 145] | ℹ️ Base key/prefix for this executor run's artifacts: experiments/GCD/pvit/20250610_221041_seed42
2025-06-10 22:10:41 | INFO     | [pipeline  :__init__          : 175] | ℹ️ Initializing Classification Pipeline:
2025-06-10 22:10:41 | INFO     | [pipeline  :__init__          : 176] | ℹ️   Dataset Path: C:\Users\Stefan Alexandrescu\Documents\GitHub\UBB-Y3-AI-Research\model_src\data\GCD
2025-06-10 22:10:41 | INFO     | [pipeline  :__init__          : 177] | ℹ️   Model Type: pvit
2025-06-10 22:10:41 | INFO     | [pipeline  :__init__          : 180] | ℹ️   Artifact base key prefix for this run: experiments/GCD/pvit/20250610_221041_seed42 (using LocalFileSystemRepository)
2025-06-10 22:10:41 | INFO     | [pipeline  :__init__          : 184] | ℹ️   Default Augmentation Strategy: AugmentationStrategy.SKY_ONLY_ROTATION
2025-06-10 22:10:41 | INFO     | [pipeline  :__init__          : 185] | ℹ️   Default Show First Batch Aug: True
2025-06-10 22:10:41 | INFO     | [dataset...:__init__          : 271] | ℹ️ Using augmentation strategy: AugmentationStrategy.SKY_ONLY_ROTATION
2025-06-10 22:10:41 | INFO     | [dataset...:__init__          : 296] | ℹ️ Detected dataset structure: fixed
2025-06-10 22:10:41 | WARNING  | [dataset...:__init__          : 298] | ⚠️ Dataset is FIXED, but force_flat_for_fixed_cv=True. CV methods will treat train+test as a single dataset. Results might not reflect standard fixed-test evaluation.
2025-06-10 22:10:41 | INFO     | [dataset...:_load_paths_and...: 459] | ℹ️ Scanning FIXED dataset from C:\Users\Stefan Alexandrescu\Documents\GitHub\UBB-Y3-AI-Research\model_src\data\GCD\train (train) and C:\Users\Stefan Alexandrescu\Documents\GitHub\UBB-Y3-AI-Research\model_src\data\GCD\test (test)...
2025-06-10 22:10:41 | INFO     | [dataset...:_load_paths_and...: 518] | ℹ️ Final Original Dataset sizes: 10000 original train+val, 9000 original test. Offline augmented samples loaded: 0.
2025-06-10 22:10:41 | INFO     | [dataset...:__init__          : 319] | ℹ️ Found 7 classes: 1_cumulus, 2_altocumulus, 3_cirrus, 4_clearsky, 5_stratocumulus, 6_cumulonimbus, 7_mixed
2025-06-10 22:10:41 | INFO     | [dataset...:__init__          : 322] | ℹ️ Dataset sizes: 10000 train+val, 9000 test. Total: 19000
2025-06-10 22:10:41 | INFO     | [dataset...:__init__          : 324] | ℹ️ Total combined size (for forced CV): 19000
2025-06-10 22:10:41 | INFO     | [pipeline  :__init__          : 195] | ℹ️   Artifact base key prefix for this run: experiments/GCD/pvit/20250610_221041_seed42 (using LocalFileSystemRepository)
2025-06-10 22:10:41 | INFO     | [pipeline  :__init__          : 226] | ℹ️   Using Optimizer: AdamW
2025-06-10 22:10:41 | DEBUG    | [callbacks :get_default_cal...: 194] | 🐞 Default LRScheduler callback instance created with policy: ReduceLROnPlateau, kwargs: {'patience': 2, 'mode': 'min', 'factor': 0.1, 'min_lr': 1e-06, 'verbose': False}, monitor: valid_loss
2025-06-10 22:10:41 | INFO     | [pipeline  :__init__          : 271] | ℹ️   Model Adapter: Initialized with PretrainedViT
2025-06-10 22:10:41 | DEBUG    | [executor  :_validate_methods : 201] | 🐞 Basic method validation successful.
2025-06-10 22:10:41 | INFO     | [executor  :__init__          : 180] | ℹ️ Executor configured to run methods: cv_model_evaluation
2025-06-10 22:10:41 | INFO     | [executor  :run               : 257] | ℹ️ Starting execution of methods for Executor Run ID: 20250610_221041_seed42
2025-06-10 22:10:41 | INFO     | [executor  :run               : 266] | ℹ️ --- Running Method 1/1: cv_model_evaluation (Op ID: cv_model_evaluation_0) ---
2025-06-10 22:10:41 | DEBUG    | [executor  :run               : 313] | 🐞 Running method 'cv_model_evaluation' with effective parameters: {'params': {'max_epochs': 70, 'lr': 5e-05, 'batch_size': 16, 'optimizer': 'AdamW', 'optimizer__weight_decay': 0.2, 'callbacks__default_lr_scheduler__policy': 'CosineAnnealingLR', 'callbacks__default_lr_scheduler__T_max': 70, 'callbacks__default_lr_scheduler__eta_min': 1e-06, 'callbacks__default_early_stopping__patience': 15, 'module__vit_model_variant': 'vit_b_16', 'module__pretrained': True, 'module__unfreeze_strategy': 'encoder_tail', 'module__num_transformer_blocks_to_unfreeze': 1, 'module__unfreeze_cls_token': True, 'module__unfreeze_pos_embedding': True, 'module__unfreeze_patch_embedding': False, 'module__unfreeze_encoder_layernorm': True, 'module__custom_head_hidden_dims': None, 'module__head_dropout_rate': 0.5, 'iterator_train__shuffle': True}, 'val_split_ratio': 0.1, 'cv': 5, 'evaluate_on': 'full', 'results_detail_level': 2}
2025-06-10 22:10:41 | INFO     | [pipeline  :cv_model_evalua...:1246] | ℹ️ Performing 5-fold CV for evaluation with fixed parameters.
2025-06-10 22:10:41 | DEBUG    | [dataset...:get_full_paths_...: 548] | 🐞 Providing combined train+test paths/labels for forced flat CV.
2025-06-10 22:10:41 | INFO     | [pipeline  :cv_model_evalua...:1266] | ℹ️ Using full dataset (19000 samples) for CV evaluation.
2025-06-10 22:10:41 | INFO     | [pipeline  :cv_model_evalua...:1292] | ℹ️ Using provided parameters for CV evaluation: {'max_epochs': 70, 'lr': 5e-05, 'batch_size': 16, 'optimizer': 'AdamW', 'optimizer__weight_decay': 0.2, 'callbacks__default_lr_scheduler__policy': 'CosineAnnealingLR', 'callbacks__default_lr_scheduler__T_max': 70, 'callbacks__default_lr_scheduler__eta_min': 1e-06, 'callbacks__default_early_stopping__patience': 15, 'module__vit_model_variant': 'vit_b_16', 'module__pretrained': True, 'module__unfreeze_strategy': 'encoder_tail', 'module__num_transformer_blocks_to_unfreeze': 1, 'module__unfreeze_cls_token': True, 'module__unfreeze_pos_embedding': True, 'module__unfreeze_patch_embedding': False, 'module__unfreeze_encoder_layernorm': True, 'module__custom_head_hidden_dims': None, 'module__head_dropout_rate': 0.5, 'iterator_train__shuffle': True}
2025-06-10 22:10:41 | DEBUG    | [param_g...:parse_fixed_hyp...: 151] | 🐞 Created LRScheduler instance: policy=CosineAnnealingLR, direct_args={}, constructor_kwargs={'T_max': 70, 'eta_min': 1e-06}
2025-06-10 22:10:41 | INFO     | [pipeline  :cv_model_evalua...:1315] | ℹ️ Skorch internal validation split configured: 10.0% of each CV fold's training data.
2025-06-10 22:10:41 | DEBUG    | [pipeline  :cv_model_evalua...:1345] | 🐞 Will compute detailed metrics (detail_level=2, plot_level=2)
2025-06-10 22:10:41 | INFO     | [pipeline  :cv_model_evalua...:1351] | ℹ️ --- Starting CV Evaluation Fold 1/5 ---
2025-06-10 22:10:41 | DEBUG    | [pipeline  :cv_model_evalua...:1358] | 🐞 Outer split (full set): 15200 train / 3800 test samples.
2025-06-10 22:10:41 | DEBUG    | [pipeline  :cv_model_evalua...:1378] | 🐞 Fold 1: Internal split: ~13680 train / ~1520 valid.
2025-06-10 22:10:41 | INFO     | [pipeline  :cv_model_evalua...:1388] | ℹ️ Fitting model for fold 1...
2025-06-10 22:10:41 | DEBUG    | [pretrai...:__init__          :  38] | 🐞 Initializing PretrainedViT:
2025-06-10 22:10:41 | DEBUG    | [pretrai...:__init__          :  39] | 🐞   Model Variant: vit_b_16, Pretrained: True
2025-06-10 22:10:41 | DEBUG    | [pretrai...:__init__          :  40] | 🐞   Is Hybrid Input: False
2025-06-10 22:10:41 | DEBUG    | [pretrai...:__init__          :  43] | 🐞   Unfreeze Strategy (Encoder Blocks): encoder_tail
2025-06-10 22:10:41 | DEBUG    | [pretrai...:__init__          :  45] | 🐞   Num Transformer Blocks to Unfreeze: 1
2025-06-10 22:10:41 | DEBUG    | [pretrai...:__init__          :  46] | 🐞   Unfreeze CLS: True, PosEmb: True, PatchEmb: False, EncoderLN: True
2025-06-10 22:10:41 | DEBUG    | [pretrai...:__init__          :  48] | 🐞   Custom Head Hidden Dims: None, Head Dropout: 0.5
2025-06-10 22:10:41 | DEBUG    | [pretrai...:__init__          :  69] | 🐞 Loaded vit_b_16 from torchvision.
2025-06-10 22:10:41 | DEBUG    | [pretrai...:__init__          : 313] | 🐞 Created simple linear head (dropout: 0.5), in_feat=768.
2025-06-10 22:10:41 | INFO     | [pretrai...:__init__          : 323] | ℹ️ PretrainedViT (standard) - Trainable: CLS Token, Positional Embeddings, 1 Encoder Blocks, Encoder LayerNorm, Classification Head.
2025-06-10 22:10:41 | INFO     | [pretrai...:__init__          : 348] | ℹ️ PretrainedViT (standard): Trainable params: 7.25M / Total params: 85.80M (8.45%)
2025-06-10 22:10:41 | DEBUG    | [adapter   :get_split_datasets: 133] | 🐞 Validation split for fold created with 1520 original samples.
2025-06-10 22:10:41 | DEBUG    | [adapter   :get_split_datasets: 176] | 🐞 No offline augmentations will be applied.
2025-06-10 22:10:41 | DEBUG    | [adapter   :get_split_datasets: 183] | 🐞 Total training split for fold created with 13680 samples.
2025-06-10 22:10:41 | DEBUG    | [adapter   :get_iterator      : 297] | 🐞 Creating DataLoader for training: dataset_len=13680, batch_size=16, shuffle=True, collate_fn_type='function', loader_kwargs={'num_workers': 0, 'pin_memory': False}
2025-06-10 22:10:41 | DEBUG    | [adapter   :get_iterator      : 297] | 🐞 Creating DataLoader for validation/evaluation: dataset_len=1520, batch_size=16, shuffle=False, collate_fn_type='function', loader_kwargs={'num_workers': 0, 'pin_memory': False}
2025-06-10 22:13:02 | INFO     | [callbacks :on_epoch_end      : 147] | ℹ️   epoch    train_acc    train_loss    valid_acc    valid_loss   cp           lr      dur
2025-06-10 22:13:02 | INFO     | [callbacks :on_epoch_end      : 147] | ℹ️ -------  -----------  ------------  -----------  ------------  ----  ----------  -------
2025-06-10 22:13:02 | INFO     | [callbacks :on_epoch_end      : 147] | ℹ️       1     ▲ 0.7323      ▼ 0.7070     ▲ 0.7842      ▼ 0.5407        4.9975e-05  140.866
2025-06-10 22:15:17 | INFO     | [callbacks :on_epoch_end      : 147] | ℹ️       2     ▲ 0.8050      ▼ 0.4905     ▲ 0.8158      ▼ 0.4527        4.9901e-05  134.939
2025-06-10 22:17:33 | INFO     | [callbacks :on_epoch_end      : 147] | ℹ️       3     ▲ 0.8246      ▼ 0.4445     ▲ 0.8276      ▼ 0.4256        4.9778e-05  135.607
2025-06-10 22:19:48 | INFO     | [callbacks :on_epoch_end      : 147] | ℹ️       4     ▲ 0.8333      ▼ 0.4190     ▲ 0.8362      ▼ 0.4085        4.9606e-05  134.609
2025-06-10 22:22:03 | INFO     | [callbacks :on_epoch_end      : 147] | ℹ️       5     ▲ 0.8392      ▼ 0.4023       0.8336        0.4145        4.9386e-05  134.901
2025-06-10 22:24:18 | INFO     | [callbacks :on_epoch_end      : 147] | ℹ️       6     ▲ 0.8458      ▼ 0.3828     ▲ 0.8395      ▼ 0.3868        4.9117e-05  135.686
2025-06-10 22:26:34 | INFO     | [callbacks :on_epoch_end      : 147] | ℹ️       7     ▲ 0.8519      ▼ 0.3704       0.8349      ▼ 0.3833        4.8801e-05  135.275
2025-06-10 22:28:49 | INFO     | [callbacks :on_epoch_end      : 147] | ℹ️       8     ▲ 0.8577      ▼ 0.3609       0.8329        0.4018        4.8438e-05  134.888
2025-06-10 22:31:05 | INFO     | [callbacks :on_epoch_end      : 147] | ℹ️       9     ▲ 0.8611      ▼ 0.3518     ▲ 0.8447        0.3962        4.8028e-05  135.976
2025-06-10 22:33:20 | INFO     | [callbacks :on_epoch_end      : 147] | ℹ️      10     ▲ 0.8633      ▼ 0.3436     ▲ 0.8487      ▼ 0.3646        4.7574e-05  135.073
2025-06-10 22:35:36 | INFO     | [callbacks :on_epoch_end      : 147] | ℹ️      11     ▲ 0.8664      ▼ 0.3393       0.8461        0.3672        4.7075e-05  135.976
2025-06-10 22:37:52 | INFO     | [callbacks :on_epoch_end      : 147] | ℹ️      12     ▲ 0.8693      ▼ 0.3368     ▲ 0.8546      ▼ 0.3625        4.6532e-05  135.745
2025-06-10 22:40:07 | INFO     | [callbacks :on_epoch_end      : 147] | ℹ️      13     ▲ 0.8700      ▼ 0.3277       0.8526         0.379        4.5947e-05  134.876
2025-06-10 22:42:22 | INFO     | [callbacks :on_epoch_end      : 147] | ℹ️      14     ▲ 0.8723      ▼ 0.3240       0.8526      ▼ 0.3582        4.5321e-05  135.107
2025-06-10 22:44:37 | INFO     | [callbacks :on_epoch_end      : 147] | ℹ️      15     ▲ 0.8761      ▼ 0.3160     ▲ 0.8572      ▼ 0.3503        4.4655e-05  134.786
2025-06-10 22:46:52 | INFO     | [callbacks :on_epoch_end      : 147] | ℹ️      16     ▲ 0.8786      ▼ 0.3105       0.8526      ▼ 0.3498        4.395e-05  134.936
2025-06-10 22:49:08 | INFO     | [callbacks :on_epoch_end      : 147] | ℹ️      17     ▲ 0.8797      ▼ 0.3060     ▲ 0.8632      ▼ 0.3411        4.3208e-05  135.984
2025-06-10 22:51:23 | INFO     | [callbacks :on_epoch_end      : 147] | ℹ️      18     ▲ 0.8807      ▼ 0.3024     ▲ 0.8697      ▼ 0.3353        4.2431e-05  135.488
2025-06-10 22:53:39 | INFO     | [callbacks :on_epoch_end      : 147] | ℹ️      19     ▲ 0.8822      ▼ 0.2944     ▲ 0.8724      ▼ 0.3274        4.1619e-05  136.041
2025-06-10 22:55:55 | INFO     | [callbacks :on_epoch_end      : 147] | ℹ️      20     ▲ 0.8859      ▼ 0.2898       0.8645      ▼ 0.3260        4.0776e-05  136.035
2025-06-10 22:58:11 | INFO     | [callbacks :on_epoch_end      : 147] | ℹ️      21       0.8837        0.2901       0.8612        0.3423        3.9901e-05  135.191
2025-06-10 23:00:25 | INFO     | [callbacks :on_epoch_end      : 147] | ℹ️      22     ▲ 0.8875      ▼ 0.2858       0.8579        0.3427        3.8997e-05  134.132
2025-06-10 23:02:40 | INFO     | [callbacks :on_epoch_end      : 147] | ℹ️      23     ▲ 0.8888      ▼ 0.2833       0.8605         0.331        3.8066e-05  135.003
2025-06-10 23:04:55 | INFO     | [callbacks :on_epoch_end      : 147] | ℹ️      24     ▲ 0.8947      ▼ 0.2776       0.8671        0.3348        3.711e-05  135.101
2025-06-10 23:07:11 | INFO     | [callbacks :on_epoch_end      : 147] | ℹ️      25       0.8929      ▼ 0.2745       0.8717          0.33        3.613e-05  135.68
2025-06-10 23:09:25 | INFO     | [callbacks :on_epoch_end      : 147] | ℹ️      26     ▲ 0.8978      ▼ 0.2685       0.8704      ▼ 0.3184        3.5129e-05  134.401
2025-06-10 23:11:39 | INFO     | [callbacks :on_epoch_end      : 147] | ℹ️      27       0.8925        0.2694     ▲ 0.8803        0.3252        3.4109e-05  134.404
2025-06-10 23:13:54 | INFO     | [callbacks :on_epoch_end      : 147] | ℹ️      28       0.8928        0.2708       0.8658        0.3297        3.3071e-05  134.347
2025-06-10 23:16:09 | INFO     | [callbacks :on_epoch_end      : 147] | ℹ️      29       0.8973      ▼ 0.2608        0.873      ▼ 0.3134        3.2018e-05  135.087
2025-06-10 23:18:23 | INFO     | [callbacks :on_epoch_end      : 147] | ℹ️      30       0.8972        0.2619        0.875        0.3233        3.0952e-05  134.366
2025-06-10 23:20:37 | INFO     | [callbacks :on_epoch_end      : 147] | ℹ️      31     ▲ 0.8995      ▼ 0.2565       0.8704        0.3223        2.9875e-05  133.98
2025-06-10 23:22:53 | INFO     | [callbacks :on_epoch_end      : 147] | ℹ️      32       0.8974      ▼ 0.2551       0.8737        0.3135        2.8789e-05  135.356
2025-06-10 23:25:08 | INFO     | [callbacks :on_epoch_end      : 147] | ℹ️      33     ▲ 0.9014        0.2561       0.8724      ▼ 0.3088        2.7696e-05  135.086
2025-06-10 23:27:23 | INFO     | [callbacks :on_epoch_end      : 147] | ℹ️      34       0.9007      ▼ 0.2495       0.8684        0.3272        2.6599e-05  135.067
2025-06-10 23:29:38 | INFO     | [callbacks :on_epoch_end      : 147] | ℹ️      35     ▲ 0.9048      ▼ 0.2474       0.8757        0.3287        2.55e-05  134.513
2025-06-10 23:31:52 | INFO     | [callbacks :on_epoch_end      : 147] | ℹ️      36       0.9039          0.25       0.8691        0.3216        2.4401e-05  133.954
2025-06-10 23:34:06 | INFO     | [callbacks :on_epoch_end      : 147] | ℹ️      37       0.9032      ▼ 0.2433       0.8678        0.3259        2.3304e-05  134.331
2025-06-10 23:36:21 | INFO     | [callbacks :on_epoch_end      : 147] | ℹ️      38     ▲ 0.9064      ▼ 0.2395       0.8711        0.3098        2.2211e-05  134.923
2025-06-10 23:38:36 | INFO     | [callbacks :on_epoch_end      : 147] | ℹ️      39     ▲ 0.9072      ▼ 0.2351       0.8737         0.314        2.1125e-05  134.821
2025-06-10 23:40:51 | INFO     | [callbacks :on_epoch_end      : 147] | ℹ️      40     ▲ 0.9072      ▼ 0.2329     ▲ 0.8803        0.3136        2.0048e-05  135.432
2025-06-10 23:43:06 | INFO     | [callbacks :on_epoch_end      : 147] | ℹ️      41     ▲ 0.9099      ▼ 0.2327       0.8678        0.3311        1.8982e-05  134.879
2025-06-10 23:45:21 | INFO     | [callbacks :on_epoch_end      : 147] | ℹ️      42     ▲ 0.9126      ▼ 0.2221        0.873        0.3124        1.7929e-05  135.062
2025-06-10 23:47:37 | INFO     | [callbacks :on_epoch_end      : 147] | ℹ️      43       0.9085        0.2282       0.8737        0.3229        1.6891e-05  135.216
2025-06-10 23:49:51 | INFO     | [callbacks :on_epoch_end      : 147] | ℹ️      44       0.9115        0.2268       0.8763        0.3201        1.5871e-05  134.085
2025-06-10 23:52:06 | INFO     | [callbacks :on_epoch_end      : 147] | ℹ️      45     ▲ 0.9145      ▼ 0.2218       0.8763        0.3154        1.487e-05  134.911
2025-06-10 23:54:21 | INFO     | [callbacks :on_epoch_end      : 147] | ℹ️      46       0.9087        0.2269       0.8717        0.3283        1.389e-05  134.838
2025-06-10 23:56:35 | INFO     | [callbacks :on_epoch_end      : 147] | ℹ️      47     ▲ 0.9152      ▼ 0.2181       0.8717        0.3227        1.2934e-05  133.94
2025-06-10 23:58:50 | INFO     | [pipeline  :cv_model_evalua...:1402] | ℹ️ Using best model from epoch 48
2025-06-10 23:58:50 | INFO     | [pipeline  :cv_model_evalua...:1405] | ℹ️ Evaluating model on outer test set for fold 1...
2025-06-10 23:58:50 | DEBUG    | [adapter   :get_iterator      : 297] | 🐞 Creating DataLoader for validation/evaluation: dataset_len=3800, batch_size=16, shuffle=False, collate_fn_type='function', loader_kwargs={'num_workers': 0, 'pin_memory': False}
2025-06-10 23:59:03 | DEBUG    | [adapter   :get_iterator      : 297] | 🐞 Creating DataLoader for validation/evaluation: dataset_len=3800, batch_size=16, shuffle=False, collate_fn_type='function', loader_kwargs={'num_workers': 0, 'pin_memory': False}
2025-06-10 23:59:16 | DEBUG    | [pipeline  :_compute_metrics  : 448] | 🐞 Computed Metrics: Acc=0.8847, Macro F1=0.8883
2025-06-10 23:59:16 | INFO     | [pipeline  :cv_model_evalua...:1425] | ℹ️ Fold 1 Test Scores: Acc=0.8847, F1=0.8883
2025-06-10 23:59:16 | INFO     | [pipeline  :cv_model_evalua...:1351] | ℹ️ --- Starting CV Evaluation Fold 2/5 ---
2025-06-10 23:59:16 | DEBUG    | [pipeline  :cv_model_evalua...:1358] | 🐞 Outer split (full set): 15200 train / 3800 test samples.
2025-06-10 23:59:16 | DEBUG    | [pipeline  :cv_model_evalua...:1378] | 🐞 Fold 2: Internal split: ~13680 train / ~1520 valid.
2025-06-10 23:59:16 | INFO     | [pipeline  :cv_model_evalua...:1388] | ℹ️ Fitting model for fold 2...
2025-06-10 23:59:16 | DEBUG    | [pretrai...:__init__          :  38] | 🐞 Initializing PretrainedViT:
2025-06-10 23:59:16 | DEBUG    | [pretrai...:__init__          :  39] | 🐞   Model Variant: vit_b_16, Pretrained: True
2025-06-10 23:59:16 | DEBUG    | [pretrai...:__init__          :  40] | 🐞   Is Hybrid Input: False
2025-06-10 23:59:16 | DEBUG    | [pretrai...:__init__          :  43] | 🐞   Unfreeze Strategy (Encoder Blocks): encoder_tail
2025-06-10 23:59:16 | DEBUG    | [pretrai...:__init__          :  45] | 🐞   Num Transformer Blocks to Unfreeze: 1
2025-06-10 23:59:16 | DEBUG    | [pretrai...:__init__          :  46] | 🐞   Unfreeze CLS: True, PosEmb: True, PatchEmb: False, EncoderLN: True
2025-06-10 23:59:16 | DEBUG    | [pretrai...:__init__          :  48] | 🐞   Custom Head Hidden Dims: None, Head Dropout: 0.5
2025-06-10 23:59:16 | DEBUG    | [pretrai...:__init__          :  69] | 🐞 Loaded vit_b_16 from torchvision.
2025-06-10 23:59:16 | DEBUG    | [pretrai...:__init__          : 313] | 🐞 Created simple linear head (dropout: 0.5), in_feat=768.
2025-06-10 23:59:16 | INFO     | [pretrai...:__init__          : 323] | ℹ️ PretrainedViT (standard) - Trainable: CLS Token, Positional Embeddings, 1 Encoder Blocks, Encoder LayerNorm, Classification Head.
2025-06-10 23:59:16 | INFO     | [pretrai...:__init__          : 348] | ℹ️ PretrainedViT (standard): Trainable params: 7.25M / Total params: 85.80M (8.45%)
2025-06-10 23:59:17 | DEBUG    | [adapter   :get_split_datasets: 133] | 🐞 Validation split for fold created with 1520 original samples.
2025-06-10 23:59:17 | DEBUG    | [adapter   :get_split_datasets: 176] | 🐞 No offline augmentations will be applied.
2025-06-10 23:59:17 | DEBUG    | [adapter   :get_split_datasets: 183] | 🐞 Total training split for fold created with 13680 samples.
2025-06-10 23:59:17 | DEBUG    | [adapter   :get_iterator      : 297] | 🐞 Creating DataLoader for training: dataset_len=13680, batch_size=16, shuffle=True, collate_fn_type='function', loader_kwargs={'num_workers': 0, 'pin_memory': False}
2025-06-10 23:59:17 | DEBUG    | [adapter   :get_iterator      : 297] | 🐞 Creating DataLoader for validation/evaluation: dataset_len=1520, batch_size=16, shuffle=False, collate_fn_type='function', loader_kwargs={'num_workers': 0, 'pin_memory': False}
2025-06-11 00:01:33 | INFO     | [callbacks :on_epoch_end      : 147] | ℹ️   epoch    train_acc    train_loss    valid_acc    valid_loss   cp           lr      dur
2025-06-11 00:01:33 | INFO     | [callbacks :on_epoch_end      : 147] | ℹ️ -------  -----------  ------------  -----------  ------------  ----  ----------  -------
2025-06-11 00:01:33 | INFO     | [callbacks :on_epoch_end      : 147] | ℹ️       1     ▲ 0.7203      ▼ 0.7215     ▲ 0.7980      ▼ 0.5132        4.9975e-05  135.769
2025-06-11 00:03:47 | INFO     | [callbacks :on_epoch_end      : 147] | ℹ️       2     ▲ 0.8053      ▼ 0.4986     ▲ 0.8270      ▼ 0.4397        4.9901e-05  134.004
2025-06-11 00:06:01 | INFO     | [callbacks :on_epoch_end      : 147] | ℹ️       3     ▲ 0.8203      ▼ 0.4509     ▲ 0.8342      ▼ 0.4058        4.9778e-05  134.684
2025-06-11 00:08:15 | INFO     | [callbacks :on_epoch_end      : 147] | ℹ️       4     ▲ 0.8281      ▼ 0.4306     ▲ 0.8428        0.4131        4.9606e-05  133.769
2025-06-11 00:10:30 | INFO     | [callbacks :on_epoch_end      : 147] | ℹ️       5     ▲ 0.8397      ▼ 0.4063     ▲ 0.8533      ▼ 0.3727        4.9386e-05  134.435
2025-06-11 00:12:43 | INFO     | [callbacks :on_epoch_end      : 147] | ℹ️       6     ▲ 0.8436      ▼ 0.3936       0.8454        0.3868        4.9117e-05  133.783
2025-06-11 00:14:59 | INFO     | [callbacks :on_epoch_end      : 147] | ℹ️       7     ▲ 0.8457      ▼ 0.3825        0.848        0.3873        4.8801e-05  135.095
2025-06-11 00:17:14 | INFO     | [callbacks :on_epoch_end      : 147] | ℹ️       8     ▲ 0.8526      ▼ 0.3690     ▲ 0.8664      ▼ 0.3430        4.8438e-05  135.129
2025-06-11 00:19:28 | INFO     | [callbacks :on_epoch_end      : 147] | ℹ️       9     ▲ 0.8567      ▼ 0.3607       0.8566        0.3615        4.8028e-05  134.362
2025-06-11 00:21:42 | INFO     | [callbacks :on_epoch_end      : 147] | ℹ️      10     ▲ 0.8574      ▼ 0.3541     ▲ 0.8697        0.3451        4.7574e-05  134.059
2025-06-11 00:23:57 | INFO     | [callbacks :on_epoch_end      : 147] | ℹ️      11     ▲ 0.8627      ▼ 0.3519       0.8586        0.3568        4.7075e-05  134.707
2025-06-11 00:26:11 | INFO     | [callbacks :on_epoch_end      : 147] | ℹ️      12       0.8609      ▼ 0.3467       0.8559        0.3547        4.6532e-05  133.963
2025-06-11 00:28:27 | INFO     | [callbacks :on_epoch_end      : 147] | ℹ️      13     ▲ 0.8665      ▼ 0.3369       0.8684      ▼ 0.3307        4.5947e-05  136.155
2025-06-11 00:30:41 | INFO     | [callbacks :on_epoch_end      : 147] | ℹ️      14     ▲ 0.8693      ▼ 0.3268       0.8691      ▼ 0.3207        4.5321e-05  133.797
2025-06-11 00:32:55 | INFO     | [callbacks :on_epoch_end      : 147] | ℹ️      15     ▲ 0.8731      ▼ 0.3215       0.8645         0.329        4.4655e-05  133.833
2025-06-11 00:35:10 | INFO     | [callbacks :on_epoch_end      : 147] | ℹ️      16     ▲ 0.8747      ▼ 0.3181     ▲ 0.8783      ▼ 0.3033        4.395e-05  135.063
2025-06-11 00:37:26 | INFO     | [callbacks :on_epoch_end      : 147] | ℹ️      17       0.8731      ▼ 0.3172       0.8711         0.324        4.3208e-05  135.362
2025-06-11 00:39:43 | INFO     | [callbacks :on_epoch_end      : 147] | ℹ️      18     ▲ 0.8781      ▼ 0.3113       0.8724        0.3189        4.2431e-05  137.287
2025-06-11 00:41:58 | INFO     | [callbacks :on_epoch_end      : 147] | ℹ️      19     ▲ 0.8784      ▼ 0.3071     ▲ 0.8816      ▼ 0.2988        4.1619e-05  135.263
2025-06-11 00:44:13 | INFO     | [callbacks :on_epoch_end      : 147] | ℹ️      20     ▲ 0.8808      ▼ 0.3033       0.8763        0.3085        4.0776e-05  134.304
2025-06-11 00:46:28 | INFO     | [callbacks :on_epoch_end      : 147] | ℹ️      21     ▲ 0.8834      ▼ 0.2962     ▲ 0.8855      ▼ 0.2853        3.9901e-05  135.042
2025-06-11 00:48:43 | INFO     | [callbacks :on_epoch_end      : 147] | ℹ️      22     ▲ 0.8862      ▼ 0.2931       0.8849        0.3029        3.8997e-05  135.074
2025-06-11 00:50:57 | INFO     | [callbacks :on_epoch_end      : 147] | ℹ️      23       0.8842      ▼ 0.2898     ▲ 0.8882        0.2979        3.8066e-05  134.376
2025-06-11 00:53:12 | INFO     | [callbacks :on_epoch_end      : 147] | ℹ️      24        0.884      ▼ 0.2888       0.8855        0.2863        3.711e-05  134.386
2025-06-11 00:55:26 | INFO     | [callbacks :on_epoch_end      : 147] | ℹ️      25     ▲ 0.8875      ▼ 0.2799       0.8855        0.2922        3.613e-05  134.543
2025-06-11 00:57:40 | INFO     | [callbacks :on_epoch_end      : 147] | ℹ️      26     ▲ 0.8893      ▼ 0.2787       0.8842        0.2993        3.5129e-05  134.053
2025-06-11 00:59:54 | INFO     | [callbacks :on_epoch_end      : 147] | ℹ️      27     ▲ 0.8914      ▼ 0.2736     ▲ 0.8882      ▼ 0.2848        3.4109e-05  133.951
2025-06-11 01:02:08 | INFO     | [callbacks :on_epoch_end      : 147] | ℹ️      28       0.8901        0.2807       0.8789        0.2965        3.3071e-05  133.944
2025-06-11 01:04:22 | INFO     | [callbacks :on_epoch_end      : 147] | ℹ️      29     ▲ 0.8954      ▼ 0.2670       0.8855        0.2881        3.2018e-05  134.11
2025-06-11 01:06:37 | INFO     | [callbacks :on_epoch_end      : 147] | ℹ️      30       0.8916        0.2694       0.8796        0.3011        3.0952e-05  134.039
2025-06-11 01:08:51 | INFO     | [callbacks :on_epoch_end      : 147] | ℹ️      31     ▲ 0.8958      ▼ 0.2665       0.8783        0.2879        2.9875e-05  134.767
2025-06-11 01:11:06 | INFO     | [callbacks :on_epoch_end      : 147] | ℹ️      32       0.8955      ▼ 0.2642       0.8842        0.2925        2.8789e-05  134.958
2025-06-11 01:13:21 | INFO     | [callbacks :on_epoch_end      : 147] | ℹ️      33       0.8957      ▼ 0.2579       0.8868      ▼ 0.2771        2.7696e-05  134.052
2025-06-11 01:15:35 | INFO     | [callbacks :on_epoch_end      : 147] | ℹ️      34     ▲ 0.8989      ▼ 0.2578     ▲ 0.8882        0.2913        2.6599e-05  134.671
2025-06-11 01:17:50 | INFO     | [callbacks :on_epoch_end      : 147] | ℹ️      35     ▲ 0.8993      ▼ 0.2552       0.8868      ▼ 0.2738        2.55e-05  134.801
2025-06-11 01:20:05 | INFO     | [callbacks :on_epoch_end      : 147] | ℹ️      36     ▲ 0.8996      ▼ 0.2545       0.8875        0.2839        2.4401e-05  134.768
2025-06-11 01:22:20 | INFO     | [callbacks :on_epoch_end      : 147] | ℹ️      37     ▲ 0.8999      ▼ 0.2527     ▲ 0.8928      ▼ 0.2720        2.3304e-05  135.372
2025-06-11 01:24:35 | INFO     | [callbacks :on_epoch_end      : 147] | ℹ️      38       0.8996      ▼ 0.2517       0.8914        0.2866        2.2211e-05  134.325
2025-06-11 01:26:48 | INFO     | [callbacks :on_epoch_end      : 147] | ℹ️      39     ▲ 0.9015      ▼ 0.2496     ▲ 0.8967        0.2723        2.1125e-05  133.758
2025-06-11 01:29:04 | INFO     | [callbacks :on_epoch_end      : 147] | ℹ️      40     ▲ 0.9042      ▼ 0.2447     ▲ 0.9066      ▼ 0.2597        2.0048e-05  135.161
2025-06-11 01:31:18 | INFO     | [callbacks :on_epoch_end      : 147] | ℹ️      41     ▲ 0.9042        0.2471        0.898        0.2675        1.8982e-05  134.002
2025-06-11 01:33:32 | INFO     | [callbacks :on_epoch_end      : 147] | ℹ️      42     ▲ 0.9061      ▼ 0.2393       0.8987        0.2808        1.7929e-05  134.14
2025-06-11 01:35:47 | INFO     | [callbacks :on_epoch_end      : 147] | ℹ️      43     ▲ 0.9083        0.2396       0.8934        0.2919        1.6891e-05  135.05
2025-06-11 01:38:02 | INFO     | [callbacks :on_epoch_end      : 147] | ℹ️      44       0.9074      ▼ 0.2339       0.8954        0.2741        1.5871e-05  134.698
2025-06-11 01:40:17 | INFO     | [callbacks :on_epoch_end      : 147] | ℹ️      45     ▲ 0.9104      ▼ 0.2325       0.8993        0.2785        1.487e-05  134.956
2025-06-11 01:42:32 | INFO     | [callbacks :on_epoch_end      : 147] | ℹ️      46       0.9099      ▼ 0.2270       0.8921        0.2782        1.389e-05  135.016
2025-06-11 01:44:47 | INFO     | [callbacks :on_epoch_end      : 147] | ℹ️      47     ▲ 0.9107        0.2302       0.9026        0.2796        1.2934e-05  134.548
2025-06-11 01:47:01 | INFO     | [callbacks :on_epoch_end      : 147] | ℹ️      48       0.9086        0.2271       0.8941        0.2756        1.2003e-05  134.136
2025-06-11 01:49:16 | INFO     | [callbacks :on_epoch_end      : 147] | ℹ️      49       0.9103        0.2272       0.8855        0.2799        1.1099e-05  134.897
2025-06-11 01:51:31 | INFO     | [callbacks :on_epoch_end      : 147] | ℹ️      50       0.9085      ▼ 0.2243       0.9013        0.2685        1.0224e-05  134.909
2025-06-11 01:53:44 | INFO     | [callbacks :on_epoch_end      : 147] | ℹ️      51     ▲ 0.9136      ▼ 0.2205       0.8987        0.2747        9.3805e-06  133.899
2025-06-11 01:55:59 | INFO     | [callbacks :on_epoch_end      : 147] | ℹ️      52        0.911        0.2213       0.8974        0.2671        8.569e-06  134.269
2025-06-11 01:58:13 | INFO     | [callbacks :on_epoch_end      : 147] | ℹ️      53       0.9135      ▼ 0.2178       0.8928         0.271        7.7915e-06  134.076
2025-06-11 02:00:28 | INFO     | [callbacks :on_epoch_end      : 147] | ℹ️      54     ▲ 0.9152      ▼ 0.2157       0.8947        0.2706        7.0497e-06  134.815
2025-06-11 02:02:42 | INFO     | [pipeline  :cv_model_evalua...:1402] | ℹ️ Using best model from epoch 55
2025-06-11 02:02:42 | INFO     | [pipeline  :cv_model_evalua...:1405] | ℹ️ Evaluating model on outer test set for fold 2...
2025-06-11 02:02:42 | DEBUG    | [adapter   :get_iterator      : 297] | 🐞 Creating DataLoader for validation/evaluation: dataset_len=3800, batch_size=16, shuffle=False, collate_fn_type='function', loader_kwargs={'num_workers': 0, 'pin_memory': False}
2025-06-11 02:02:55 | DEBUG    | [adapter   :get_iterator      : 297] | 🐞 Creating DataLoader for validation/evaluation: dataset_len=3800, batch_size=16, shuffle=False, collate_fn_type='function', loader_kwargs={'num_workers': 0, 'pin_memory': False}
2025-06-11 02:03:08 | DEBUG    | [pipeline  :_compute_metrics  : 448] | 🐞 Computed Metrics: Acc=0.8913, Macro F1=0.8904
2025-06-11 02:03:08 | INFO     | [pipeline  :cv_model_evalua...:1425] | ℹ️ Fold 2 Test Scores: Acc=0.8913, F1=0.8904
2025-06-11 02:03:08 | INFO     | [pipeline  :cv_model_evalua...:1351] | ℹ️ --- Starting CV Evaluation Fold 3/5 ---
2025-06-11 02:03:08 | DEBUG    | [pipeline  :cv_model_evalua...:1358] | 🐞 Outer split (full set): 15200 train / 3800 test samples.
2025-06-11 02:03:08 | DEBUG    | [pipeline  :cv_model_evalua...:1378] | 🐞 Fold 3: Internal split: ~13680 train / ~1520 valid.
2025-06-11 02:03:08 | INFO     | [pipeline  :cv_model_evalua...:1388] | ℹ️ Fitting model for fold 3...
2025-06-11 02:03:08 | DEBUG    | [pretrai...:__init__          :  38] | 🐞 Initializing PretrainedViT:
2025-06-11 02:03:08 | DEBUG    | [pretrai...:__init__          :  39] | 🐞   Model Variant: vit_b_16, Pretrained: True
2025-06-11 02:03:08 | DEBUG    | [pretrai...:__init__          :  40] | 🐞   Is Hybrid Input: False
2025-06-11 02:03:08 | DEBUG    | [pretrai...:__init__          :  43] | 🐞   Unfreeze Strategy (Encoder Blocks): encoder_tail
2025-06-11 02:03:08 | DEBUG    | [pretrai...:__init__          :  45] | 🐞   Num Transformer Blocks to Unfreeze: 1
2025-06-11 02:03:08 | DEBUG    | [pretrai...:__init__          :  46] | 🐞   Unfreeze CLS: True, PosEmb: True, PatchEmb: False, EncoderLN: True
2025-06-11 02:03:08 | DEBUG    | [pretrai...:__init__          :  48] | 🐞   Custom Head Hidden Dims: None, Head Dropout: 0.5
2025-06-11 02:03:08 | DEBUG    | [pretrai...:__init__          :  69] | 🐞 Loaded vit_b_16 from torchvision.
2025-06-11 02:03:08 | DEBUG    | [pretrai...:__init__          : 313] | 🐞 Created simple linear head (dropout: 0.5), in_feat=768.
2025-06-11 02:03:08 | INFO     | [pretrai...:__init__          : 323] | ℹ️ PretrainedViT (standard) - Trainable: CLS Token, Positional Embeddings, 1 Encoder Blocks, Encoder LayerNorm, Classification Head.
2025-06-11 02:03:08 | INFO     | [pretrai...:__init__          : 348] | ℹ️ PretrainedViT (standard): Trainable params: 7.25M / Total params: 85.80M (8.45%)
2025-06-11 02:03:08 | DEBUG    | [adapter   :get_split_datasets: 133] | 🐞 Validation split for fold created with 1520 original samples.
2025-06-11 02:03:08 | DEBUG    | [adapter   :get_split_datasets: 176] | 🐞 No offline augmentations will be applied.
2025-06-11 02:03:08 | DEBUG    | [adapter   :get_split_datasets: 183] | 🐞 Total training split for fold created with 13680 samples.
2025-06-11 02:03:08 | DEBUG    | [adapter   :get_iterator      : 297] | 🐞 Creating DataLoader for training: dataset_len=13680, batch_size=16, shuffle=True, collate_fn_type='function', loader_kwargs={'num_workers': 0, 'pin_memory': False}
2025-06-11 02:03:08 | DEBUG    | [adapter   :get_iterator      : 297] | 🐞 Creating DataLoader for validation/evaluation: dataset_len=1520, batch_size=16, shuffle=False, collate_fn_type='function', loader_kwargs={'num_workers': 0, 'pin_memory': False}
2025-06-11 02:05:24 | INFO     | [callbacks :on_epoch_end      : 147] | ℹ️   epoch    train_acc    train_loss    valid_acc    valid_loss   cp           lr      dur
2025-06-11 02:05:24 | INFO     | [callbacks :on_epoch_end      : 147] | ℹ️ -------  -----------  ------------  -----------  ------------  ----  ----------  -------
2025-06-11 02:05:24 | INFO     | [callbacks :on_epoch_end      : 147] | ℹ️       1     ▲ 0.7255      ▼ 0.7189     ▲ 0.8066      ▼ 0.4709        4.9975e-05  135.941
2025-06-11 02:07:39 | INFO     | [callbacks :on_epoch_end      : 147] | ℹ️       2     ▲ 0.8109      ▼ 0.4872     ▲ 0.8224      ▼ 0.4453        4.9901e-05  135.011
2025-06-11 02:09:55 | INFO     | [callbacks :on_epoch_end      : 147] | ℹ️       3     ▲ 0.8245      ▼ 0.4468     ▲ 0.8263        0.4637        4.9778e-05  135.269
2025-06-11 02:12:10 | INFO     | [callbacks :on_epoch_end      : 147] | ℹ️       4     ▲ 0.8368      ▼ 0.4229     ▲ 0.8493      ▼ 0.3807        4.9606e-05  135.268
2025-06-11 02:14:25 | INFO     | [callbacks :on_epoch_end      : 147] | ℹ️       5     ▲ 0.8420      ▼ 0.4012       0.8368        0.3937        4.9386e-05  134.74
2025-06-11 02:16:40 | INFO     | [callbacks :on_epoch_end      : 147] | ℹ️       6     ▲ 0.8423      ▼ 0.3918       0.8428        0.3997        4.9117e-05  134.727
2025-06-11 02:18:55 | INFO     | [callbacks :on_epoch_end      : 147] | ℹ️       7     ▲ 0.8513      ▼ 0.3752     ▲ 0.8625      ▼ 0.3524        4.8801e-05  135.22
2025-06-11 02:21:11 | INFO     | [callbacks :on_epoch_end      : 147] | ℹ️       8     ▲ 0.8526      ▼ 0.3692       0.8599        0.3561        4.8438e-05  135.734
2025-06-11 02:23:26 | INFO     | [callbacks :on_epoch_end      : 147] | ℹ️       9     ▲ 0.8594      ▼ 0.3606       0.8171        0.4702        4.8028e-05  135.53
2025-06-11 02:25:41 | INFO     | [callbacks :on_epoch_end      : 147] | ℹ️      10       0.8554      ▼ 0.3584     ▲ 0.8658      ▼ 0.3332        4.7574e-05  134.352
2025-06-11 02:27:56 | INFO     | [callbacks :on_epoch_end      : 147] | ℹ️      11     ▲ 0.8629      ▼ 0.3461     ▲ 0.8697        0.3372        4.7075e-05  135.294
2025-06-11 02:30:11 | INFO     | [callbacks :on_epoch_end      : 147] | ℹ️      12     ▲ 0.8647      ▼ 0.3415       0.8612        0.3629        4.6532e-05  135.502
2025-06-11 02:32:27 | INFO     | [callbacks :on_epoch_end      : 147] | ℹ️      13     ▲ 0.8707      ▼ 0.3313       0.8553        0.3631        4.5947e-05  135.241
2025-06-11 02:34:41 | INFO     | [callbacks :on_epoch_end      : 147] | ℹ️      14       0.8672        0.3375     ▲ 0.8711      ▼ 0.3241        4.5321e-05  134.541
2025-06-11 02:36:56 | INFO     | [callbacks :on_epoch_end      : 147] | ℹ️      15       0.8705      ▼ 0.3237       0.8691        0.3393        4.4655e-05  135.042
2025-06-11 02:39:11 | INFO     | [callbacks :on_epoch_end      : 147] | ℹ️      16     ▲ 0.8734      ▼ 0.3177     ▲ 0.8789      ▼ 0.3001        4.395e-05  134.911
2025-06-11 02:41:26 | INFO     | [callbacks :on_epoch_end      : 147] | ℹ️      17     ▲ 0.8787      ▼ 0.3115       0.8651        0.3386        4.3208e-05  134.813
2025-06-11 02:43:41 | INFO     | [callbacks :on_epoch_end      : 147] | ℹ️      18       0.8781      ▼ 0.3076     ▲ 0.8842        0.3003        4.2431e-05  134.651
2025-06-11 02:45:56 | INFO     | [callbacks :on_epoch_end      : 147] | ℹ️      19       0.8778        0.3093        0.877        0.3088        4.1619e-05  134.984
2025-06-11 02:48:10 | INFO     | [callbacks :on_epoch_end      : 147] | ℹ️      20     ▲ 0.8798      ▼ 0.3008       0.8757        0.3057        4.0776e-05  134.452
2025-06-11 02:50:25 | INFO     | [callbacks :on_epoch_end      : 147] | ℹ️      21     ▲ 0.8817      ▼ 0.2946     ▲ 0.8954      ▼ 0.2842        3.9901e-05  134.923
2025-06-11 02:52:41 | INFO     | [callbacks :on_epoch_end      : 147] | ℹ️      22     ▲ 0.8836      ▼ 0.2921       0.8882        0.2915        3.8997e-05  135.515
2025-06-11 02:54:58 | INFO     | [callbacks :on_epoch_end      : 147] | ℹ️      23     ▲ 0.8864      ▼ 0.2885     ▲ 0.8954      ▼ 0.2837        3.8066e-05  137.253
2025-06-11 02:57:14 | INFO     | [callbacks :on_epoch_end      : 147] | ℹ️      24       0.8841        0.2924       0.8882        0.2872        3.711e-05  135.42
2025-06-11 02:59:29 | INFO     | [callbacks :on_epoch_end      : 147] | ℹ️      25     ▲ 0.8892      ▼ 0.2838       0.8928      ▼ 0.2783        3.613e-05  134.968
2025-06-11 03:01:44 | INFO     | [callbacks :on_epoch_end      : 147] | ℹ️      26       0.8885      ▼ 0.2806       0.8776        0.3114        3.5129e-05  134.88
2025-06-11 03:03:59 | INFO     | [callbacks :on_epoch_end      : 147] | ℹ️      27       0.8891        0.2814       0.8914        0.2866        3.4109e-05  135.528
2025-06-11 03:06:15 | INFO     | [callbacks :on_epoch_end      : 147] | ℹ️      28     ▲ 0.8903      ▼ 0.2742       0.8928        0.2835        3.3071e-05  135.322
2025-06-11 03:08:29 | INFO     | [callbacks :on_epoch_end      : 147] | ℹ️      29     ▲ 0.8920      ▼ 0.2740       0.8829        0.2996        3.2018e-05  134.569
2025-06-11 03:10:44 | INFO     | [callbacks :on_epoch_end      : 147] | ℹ️      30     ▲ 0.8933      ▼ 0.2655       0.8868        0.3033        3.0952e-05  134.558
2025-06-11 03:12:59 | INFO     | [callbacks :on_epoch_end      : 147] | ℹ️      31     ▲ 0.8963        0.2659       0.8882        0.2997        2.9875e-05  135.151
2025-06-11 03:15:14 | INFO     | [callbacks :on_epoch_end      : 147] | ℹ️      32     ▲ 0.8967      ▼ 0.2584       0.8829        0.3043        2.8789e-05  134.727
2025-06-11 03:17:29 | INFO     | [callbacks :on_epoch_end      : 147] | ℹ️      33       0.8949        0.2618       0.8822        0.3019        2.7696e-05  134.781
2025-06-11 03:19:44 | INFO     | [callbacks :on_epoch_end      : 147] | ℹ️      34       0.8953        0.2585       0.8849        0.2992        2.6599e-05  135.369
2025-06-11 03:21:59 | INFO     | [callbacks :on_epoch_end      : 147] | ℹ️      35     ▲ 0.9007      ▼ 0.2536       0.8882        0.2871        2.55e-05  135.439
2025-06-11 03:24:15 | INFO     | [callbacks :on_epoch_end      : 147] | ℹ️      36     ▲ 0.9021      ▼ 0.2520     ▲ 0.9000      ▼ 0.2615        2.4401e-05  135.273
2025-06-11 03:26:30 | INFO     | [callbacks :on_epoch_end      : 147] | ℹ️      37       0.9013      ▼ 0.2485       0.8855         0.287        2.3304e-05  135.057
2025-06-11 03:28:45 | INFO     | [callbacks :on_epoch_end      : 147] | ℹ️      38       0.9018      ▼ 0.2462       0.8914        0.2787        2.2211e-05  135.347
2025-06-11 03:31:01 | INFO     | [callbacks :on_epoch_end      : 147] | ℹ️      39       0.9004         0.249       0.8882        0.2859        2.1125e-05  135.355
2025-06-11 03:33:16 | INFO     | [callbacks :on_epoch_end      : 147] | ℹ️      40     ▲ 0.9028      ▼ 0.2462       0.8941        0.2751        2.0048e-05  134.95
2025-06-11 03:35:30 | INFO     | [callbacks :on_epoch_end      : 147] | ℹ️      41     ▲ 0.9030      ▼ 0.2427       0.8928        0.2754        1.8982e-05  134.741
2025-06-11 03:37:45 | INFO     | [callbacks :on_epoch_end      : 147] | ℹ️      42     ▲ 0.9048      ▼ 0.2369       0.8875        0.2807        1.7929e-05  134.825
2025-06-11 03:40:00 | INFO     | [callbacks :on_epoch_end      : 147] | ℹ️      43     ▲ 0.9082      ▼ 0.2317       0.8914        0.2904        1.6891e-05  134.316
2025-06-11 03:42:15 | INFO     | [callbacks :on_epoch_end      : 147] | ℹ️      44       0.9049        0.2346       0.8875         0.287        1.5871e-05  134.849
2025-06-11 03:44:29 | INFO     | [callbacks :on_epoch_end      : 147] | ℹ️      45     ▲ 0.9092      ▼ 0.2301       0.8928        0.2729        1.487e-05  134.537
2025-06-11 03:46:44 | INFO     | [callbacks :on_epoch_end      : 147] | ℹ️      46     ▲ 0.9092        0.2319       0.8967        0.2681        1.389e-05  134.395
2025-06-11 03:48:59 | INFO     | [callbacks :on_epoch_end      : 147] | ℹ️      47     ▲ 0.9100      ▼ 0.2274        0.898        0.2739        1.2934e-05  135.239
2025-06-11 03:51:14 | INFO     | [callbacks :on_epoch_end      : 147] | ℹ️      48     ▲ 0.9121      ▼ 0.2249       0.8928         0.274        1.2003e-05  134.62
2025-06-11 03:53:28 | INFO     | [callbacks :on_epoch_end      : 147] | ℹ️      49     ▲ 0.9129        0.2259       0.8928        0.2796        1.1099e-05  134.695
2025-06-11 03:55:43 | INFO     | [callbacks :on_epoch_end      : 147] | ℹ️      50       0.9085         0.226       0.8954        0.2689        1.0224e-05  135.124
2025-06-11 03:57:59 | INFO     | [pipeline  :cv_model_evalua...:1402] | ℹ️ Using best model from epoch 51
2025-06-11 03:57:59 | INFO     | [pipeline  :cv_model_evalua...:1405] | ℹ️ Evaluating model on outer test set for fold 3...
2025-06-11 03:57:59 | DEBUG    | [adapter   :get_iterator      : 297] | 🐞 Creating DataLoader for validation/evaluation: dataset_len=3800, batch_size=16, shuffle=False, collate_fn_type='function', loader_kwargs={'num_workers': 0, 'pin_memory': False}
2025-06-11 03:58:12 | DEBUG    | [adapter   :get_iterator      : 297] | 🐞 Creating DataLoader for validation/evaluation: dataset_len=3800, batch_size=16, shuffle=False, collate_fn_type='function', loader_kwargs={'num_workers': 0, 'pin_memory': False}
2025-06-11 03:58:25 | DEBUG    | [pipeline  :_compute_metrics  : 448] | 🐞 Computed Metrics: Acc=0.8955, Macro F1=0.8979
2025-06-11 03:58:25 | INFO     | [pipeline  :cv_model_evalua...:1425] | ℹ️ Fold 3 Test Scores: Acc=0.8955, F1=0.8979
2025-06-11 03:58:25 | INFO     | [pipeline  :cv_model_evalua...:1351] | ℹ️ --- Starting CV Evaluation Fold 4/5 ---
2025-06-11 03:58:25 | DEBUG    | [pipeline  :cv_model_evalua...:1358] | 🐞 Outer split (full set): 15200 train / 3800 test samples.
2025-06-11 03:58:25 | DEBUG    | [pipeline  :cv_model_evalua...:1378] | 🐞 Fold 4: Internal split: ~13680 train / ~1520 valid.
2025-06-11 03:58:25 | INFO     | [pipeline  :cv_model_evalua...:1388] | ℹ️ Fitting model for fold 4...
2025-06-11 03:58:25 | DEBUG    | [pretrai...:__init__          :  38] | 🐞 Initializing PretrainedViT:
2025-06-11 03:58:25 | DEBUG    | [pretrai...:__init__          :  39] | 🐞   Model Variant: vit_b_16, Pretrained: True
2025-06-11 03:58:25 | DEBUG    | [pretrai...:__init__          :  40] | 🐞   Is Hybrid Input: False
2025-06-11 03:58:25 | DEBUG    | [pretrai...:__init__          :  43] | 🐞   Unfreeze Strategy (Encoder Blocks): encoder_tail
2025-06-11 03:58:25 | DEBUG    | [pretrai...:__init__          :  45] | 🐞   Num Transformer Blocks to Unfreeze: 1
2025-06-11 03:58:25 | DEBUG    | [pretrai...:__init__          :  46] | 🐞   Unfreeze CLS: True, PosEmb: True, PatchEmb: False, EncoderLN: True
2025-06-11 03:58:25 | DEBUG    | [pretrai...:__init__          :  48] | 🐞   Custom Head Hidden Dims: None, Head Dropout: 0.5
2025-06-11 03:58:25 | DEBUG    | [pretrai...:__init__          :  69] | 🐞 Loaded vit_b_16 from torchvision.
2025-06-11 03:58:25 | DEBUG    | [pretrai...:__init__          : 313] | 🐞 Created simple linear head (dropout: 0.5), in_feat=768.
2025-06-11 03:58:25 | INFO     | [pretrai...:__init__          : 323] | ℹ️ PretrainedViT (standard) - Trainable: CLS Token, Positional Embeddings, 1 Encoder Blocks, Encoder LayerNorm, Classification Head.
2025-06-11 03:58:25 | INFO     | [pretrai...:__init__          : 348] | ℹ️ PretrainedViT (standard): Trainable params: 7.25M / Total params: 85.80M (8.45%)
2025-06-11 03:58:25 | DEBUG    | [adapter   :get_split_datasets: 133] | 🐞 Validation split for fold created with 1520 original samples.
2025-06-11 03:58:25 | DEBUG    | [adapter   :get_split_datasets: 176] | 🐞 No offline augmentations will be applied.
2025-06-11 03:58:25 | DEBUG    | [adapter   :get_split_datasets: 183] | 🐞 Total training split for fold created with 13680 samples.
2025-06-11 03:58:25 | DEBUG    | [adapter   :get_iterator      : 297] | 🐞 Creating DataLoader for training: dataset_len=13680, batch_size=16, shuffle=True, collate_fn_type='function', loader_kwargs={'num_workers': 0, 'pin_memory': False}
2025-06-11 03:58:25 | DEBUG    | [adapter   :get_iterator      : 297] | 🐞 Creating DataLoader for validation/evaluation: dataset_len=1520, batch_size=16, shuffle=False, collate_fn_type='function', loader_kwargs={'num_workers': 0, 'pin_memory': False}
2025-06-11 04:00:41 | INFO     | [callbacks :on_epoch_end      : 147] | ℹ️   epoch    train_acc    train_loss    valid_acc    valid_loss   cp           lr      dur
2025-06-11 04:00:41 | INFO     | [callbacks :on_epoch_end      : 147] | ℹ️ -------  -----------  ------------  -----------  ------------  ----  ----------  -------
2025-06-11 04:00:41 | INFO     | [callbacks :on_epoch_end      : 147] | ℹ️       1     ▲ 0.7261      ▼ 0.7162     ▲ 0.8151      ▼ 0.5077        4.9975e-05  135.834
2025-06-11 04:02:55 | INFO     | [callbacks :on_epoch_end      : 147] | ℹ️       2     ▲ 0.8035      ▼ 0.4934     ▲ 0.8230      ▼ 0.4429        4.9901e-05  133.935
2025-06-11 04:05:11 | INFO     | [callbacks :on_epoch_end      : 147] | ℹ️       3     ▲ 0.8258      ▼ 0.4422     ▲ 0.8401      ▼ 0.4150        4.9778e-05  135.13
2025-06-11 04:07:24 | INFO     | [callbacks :on_epoch_end      : 147] | ℹ️       4     ▲ 0.8316      ▼ 0.4188       0.8276        0.4355        4.9606e-05  133.731
2025-06-11 04:09:39 | INFO     | [callbacks :on_epoch_end      : 147] | ℹ️       5     ▲ 0.8413      ▼ 0.4011       0.8362      ▼ 0.4085        4.9386e-05  134.279
2025-06-11 04:11:54 | INFO     | [callbacks :on_epoch_end      : 147] | ℹ️       6     ▲ 0.8474      ▼ 0.3829       0.8289        0.4285        4.9117e-05  134.94
2025-06-11 04:14:09 | INFO     | [callbacks :on_epoch_end      : 147] | ℹ️       7     ▲ 0.8496      ▼ 0.3740     ▲ 0.8461      ▼ 0.3763        4.8801e-05  134.94
2025-06-11 04:16:23 | INFO     | [callbacks :on_epoch_end      : 147] | ℹ️       8     ▲ 0.8588      ▼ 0.3614     ▲ 0.8526        0.3847        4.8438e-05  134.122
2025-06-11 04:18:38 | INFO     | [callbacks :on_epoch_end      : 147] | ℹ️       9     ▲ 0.8640      ▼ 0.3514       0.8513        0.3854        4.8028e-05  134.954
2025-06-11 04:20:52 | INFO     | [callbacks :on_epoch_end      : 147] | ℹ️      10       0.8609      ▼ 0.3439     ▲ 0.8553      ▼ 0.3588        4.7574e-05  133.71
2025-06-11 04:23:06 | INFO     | [callbacks :on_epoch_end      : 147] | ℹ️      11     ▲ 0.8666      ▼ 0.3414       0.8493        0.3795        4.7075e-05  134.306
2025-06-11 04:25:20 | INFO     | [callbacks :on_epoch_end      : 147] | ℹ️      12     ▲ 0.8701      ▼ 0.3292       0.8461        0.3787        4.6532e-05  134.504
2025-06-11 04:27:35 | INFO     | [callbacks :on_epoch_end      : 147] | ℹ️      13       0.8697      ▼ 0.3270     ▲ 0.8671      ▼ 0.3512        4.5947e-05  134.151
2025-06-11 04:29:49 | INFO     | [callbacks :on_epoch_end      : 147] | ℹ️      14     ▲ 0.8724      ▼ 0.3269       0.8618        0.3523        4.5321e-05  133.864
2025-06-11 04:32:03 | INFO     | [callbacks :on_epoch_end      : 147] | ℹ️      15     ▲ 0.8784      ▼ 0.3124       0.8651        0.3542        4.4655e-05  134.172
2025-06-11 04:34:17 | INFO     | [callbacks :on_epoch_end      : 147] | ℹ️      16       0.8768      ▼ 0.3112       0.8632      ▼ 0.3482        4.395e-05  134.099
2025-06-11 04:36:31 | INFO     | [callbacks :on_epoch_end      : 147] | ℹ️      17       0.8744        0.3157       0.8546        0.3665        4.3208e-05  133.804
2025-06-11 04:38:45 | INFO     | [callbacks :on_epoch_end      : 147] | ℹ️      18     ▲ 0.8844      ▼ 0.3006       0.8559        0.3678        4.2431e-05  133.712
2025-06-11 04:41:00 | INFO     | [callbacks :on_epoch_end      : 147] | ℹ️      19       0.8776        0.3047     ▲ 0.8750      ▼ 0.3280        4.1619e-05  135.189
2025-06-11 04:43:15 | INFO     | [callbacks :on_epoch_end      : 147] | ℹ️      20     ▲ 0.8856      ▼ 0.2930       0.8658        0.3406        4.0776e-05  134.886
2025-06-11 04:45:30 | INFO     | [callbacks :on_epoch_end      : 147] | ℹ️      21       0.8825      ▼ 0.2925     ▲ 0.8776        0.3288        3.9901e-05  135.303
2025-06-11 04:47:45 | INFO     | [callbacks :on_epoch_end      : 147] | ℹ️      22       0.8855      ▼ 0.2840       0.8645        0.3531        3.8997e-05  134.447
2025-06-11 04:49:59 | INFO     | [callbacks :on_epoch_end      : 147] | ℹ️      23       0.8846        0.2883       0.8691        0.3449        3.8066e-05  134.371
2025-06-11 04:52:14 | INFO     | [callbacks :on_epoch_end      : 147] | ℹ️      24       0.8849        0.2848     ▲ 0.8783        0.3404        3.711e-05  135.339
2025-06-11 04:54:29 | INFO     | [callbacks :on_epoch_end      : 147] | ℹ️      25     ▲ 0.8933      ▼ 0.2716       0.8711        0.3344        3.613e-05  135.061
2025-06-11 04:56:44 | INFO     | [callbacks :on_epoch_end      : 147] | ℹ️      26       0.8931        0.2746       0.8763        0.3292        3.5129e-05  134.729
2025-06-11 04:58:59 | INFO     | [callbacks :on_epoch_end      : 147] | ℹ️      27     ▲ 0.8949        0.2726       0.8638        0.3398        3.4109e-05  134.236
2025-06-11 05:01:14 | INFO     | [callbacks :on_epoch_end      : 147] | ℹ️      28       0.8938      ▼ 0.2715     ▲ 0.8783      ▼ 0.3219        3.3071e-05  135.007
2025-06-11 05:03:29 | INFO     | [callbacks :on_epoch_end      : 147] | ℹ️      29       0.8936      ▼ 0.2648     ▲ 0.8789        0.3226        3.2018e-05  134.968
2025-06-11 05:05:44 | INFO     | [callbacks :on_epoch_end      : 147] | ℹ️      30     ▲ 0.8965      ▼ 0.2589        0.875        0.3271        3.0952e-05  135.24
2025-06-11 05:07:59 | INFO     | [callbacks :on_epoch_end      : 147] | ℹ️      31       0.8951        0.2614       0.8763      ▼ 0.3154        2.9875e-05  135.111
2025-06-11 05:10:13 | INFO     | [callbacks :on_epoch_end      : 147] | ℹ️      32     ▲ 0.8968      ▼ 0.2573     ▲ 0.8849      ▼ 0.3046        2.8789e-05  134.286
2025-06-11 05:12:28 | INFO     | [callbacks :on_epoch_end      : 147] | ℹ️      33     ▲ 0.8984      ▼ 0.2559       0.8809        0.3094        2.7696e-05  134.776
2025-06-11 05:14:43 | INFO     | [callbacks :on_epoch_end      : 147] | ℹ️      34     ▲ 0.8990      ▼ 0.2524       0.8664          0.34        2.6599e-05  135.002
2025-06-11 05:16:58 | INFO     | [callbacks :on_epoch_end      : 147] | ℹ️      35     ▲ 0.9012        0.2528       0.8678        0.3384        2.55e-05  134.649
2025-06-11 05:19:12 | INFO     | [callbacks :on_epoch_end      : 147] | ℹ️      36     ▲ 0.9053      ▼ 0.2413       0.8743        0.3217        2.4401e-05  134.305
2025-06-11 05:21:27 | INFO     | [callbacks :on_epoch_end      : 147] | ℹ️      37     ▲ 0.9053        0.2424       0.8789        0.3079        2.3304e-05  135.133
2025-06-11 05:23:42 | INFO     | [callbacks :on_epoch_end      : 147] | ℹ️      38     ▲ 0.9069      ▼ 0.2389       0.8783        0.3158        2.2211e-05  134.356
2025-06-11 05:25:56 | INFO     | [callbacks :on_epoch_end      : 147] | ℹ️      39       0.9023        0.2444       0.8757        0.3231        2.1125e-05  134.402
2025-06-11 05:28:11 | INFO     | [callbacks :on_epoch_end      : 147] | ℹ️      40     ▲ 0.9077      ▼ 0.2386       0.8796        0.3182        2.0048e-05  134.507
2025-06-11 05:30:26 | INFO     | [callbacks :on_epoch_end      : 147] | ℹ️      41       0.9074      ▼ 0.2341       0.8809        0.3159        1.8982e-05  134.591
2025-06-11 05:32:40 | INFO     | [callbacks :on_epoch_end      : 147] | ℹ️      42     ▲ 0.9080      ▼ 0.2292        0.877        0.3271        1.7929e-05  134.478
2025-06-11 05:34:54 | INFO     | [callbacks :on_epoch_end      : 147] | ℹ️      43       0.9066        0.2337       0.8796        0.3203        1.6891e-05  134.238
2025-06-11 05:37:09 | INFO     | [callbacks :on_epoch_end      : 147] | ℹ️      44     ▲ 0.9098          0.23     ▲ 0.8862         0.311        1.5871e-05  134.697
2025-06-11 05:39:23 | INFO     | [callbacks :on_epoch_end      : 147] | ℹ️      45       0.9088        0.2301     ▲ 0.8868        0.3168        1.487e-05  134.181
2025-06-11 05:41:38 | INFO     | [callbacks :on_epoch_end      : 147] | ℹ️      46     ▲ 0.9124      ▼ 0.2206       0.8862        0.3151        1.389e-05  135.029
2025-06-11 05:43:53 | INFO     | [pipeline  :cv_model_evalua...:1402] | ℹ️ Using best model from epoch 47
2025-06-11 05:43:53 | INFO     | [pipeline  :cv_model_evalua...:1405] | ℹ️ Evaluating model on outer test set for fold 4...
2025-06-11 05:43:53 | DEBUG    | [adapter   :get_iterator      : 297] | 🐞 Creating DataLoader for validation/evaluation: dataset_len=3800, batch_size=16, shuffle=False, collate_fn_type='function', loader_kwargs={'num_workers': 0, 'pin_memory': False}
2025-06-11 05:44:06 | DEBUG    | [adapter   :get_iterator      : 297] | 🐞 Creating DataLoader for validation/evaluation: dataset_len=3800, batch_size=16, shuffle=False, collate_fn_type='function', loader_kwargs={'num_workers': 0, 'pin_memory': False}
2025-06-11 05:44:18 | DEBUG    | [pipeline  :_compute_metrics  : 448] | 🐞 Computed Metrics: Acc=0.8837, Macro F1=0.8850
2025-06-11 05:44:18 | INFO     | [pipeline  :cv_model_evalua...:1425] | ℹ️ Fold 4 Test Scores: Acc=0.8837, F1=0.8850
2025-06-11 05:44:18 | INFO     | [pipeline  :cv_model_evalua...:1351] | ℹ️ --- Starting CV Evaluation Fold 5/5 ---
2025-06-11 05:44:18 | DEBUG    | [pipeline  :cv_model_evalua...:1358] | 🐞 Outer split (full set): 15200 train / 3800 test samples.
2025-06-11 05:44:18 | DEBUG    | [pipeline  :cv_model_evalua...:1378] | 🐞 Fold 5: Internal split: ~13680 train / ~1520 valid.
2025-06-11 05:44:18 | INFO     | [pipeline  :cv_model_evalua...:1388] | ℹ️ Fitting model for fold 5...
2025-06-11 05:44:18 | DEBUG    | [pretrai...:__init__          :  38] | 🐞 Initializing PretrainedViT:
2025-06-11 05:44:18 | DEBUG    | [pretrai...:__init__          :  39] | 🐞   Model Variant: vit_b_16, Pretrained: True
2025-06-11 05:44:18 | DEBUG    | [pretrai...:__init__          :  40] | 🐞   Is Hybrid Input: False
2025-06-11 05:44:18 | DEBUG    | [pretrai...:__init__          :  43] | 🐞   Unfreeze Strategy (Encoder Blocks): encoder_tail
2025-06-11 05:44:18 | DEBUG    | [pretrai...:__init__          :  45] | 🐞   Num Transformer Blocks to Unfreeze: 1
2025-06-11 05:44:18 | DEBUG    | [pretrai...:__init__          :  46] | 🐞   Unfreeze CLS: True, PosEmb: True, PatchEmb: False, EncoderLN: True
2025-06-11 05:44:18 | DEBUG    | [pretrai...:__init__          :  48] | 🐞   Custom Head Hidden Dims: None, Head Dropout: 0.5
2025-06-11 05:44:19 | DEBUG    | [pretrai...:__init__          :  69] | 🐞 Loaded vit_b_16 from torchvision.
2025-06-11 05:44:19 | DEBUG    | [pretrai...:__init__          : 313] | 🐞 Created simple linear head (dropout: 0.5), in_feat=768.
2025-06-11 05:44:19 | INFO     | [pretrai...:__init__          : 323] | ℹ️ PretrainedViT (standard) - Trainable: CLS Token, Positional Embeddings, 1 Encoder Blocks, Encoder LayerNorm, Classification Head.
2025-06-11 05:44:19 | INFO     | [pretrai...:__init__          : 348] | ℹ️ PretrainedViT (standard): Trainable params: 7.25M / Total params: 85.80M (8.45%)
2025-06-11 05:44:19 | DEBUG    | [adapter   :get_split_datasets: 133] | 🐞 Validation split for fold created with 1520 original samples.
2025-06-11 05:44:19 | DEBUG    | [adapter   :get_split_datasets: 176] | 🐞 No offline augmentations will be applied.
2025-06-11 05:44:19 | DEBUG    | [adapter   :get_split_datasets: 183] | 🐞 Total training split for fold created with 13680 samples.
2025-06-11 05:44:19 | DEBUG    | [adapter   :get_iterator      : 297] | 🐞 Creating DataLoader for training: dataset_len=13680, batch_size=16, shuffle=True, collate_fn_type='function', loader_kwargs={'num_workers': 0, 'pin_memory': False}
2025-06-11 05:44:19 | DEBUG    | [adapter   :get_iterator      : 297] | 🐞 Creating DataLoader for validation/evaluation: dataset_len=1520, batch_size=16, shuffle=False, collate_fn_type='function', loader_kwargs={'num_workers': 0, 'pin_memory': False}
2025-06-11 05:46:34 | INFO     | [callbacks :on_epoch_end      : 147] | ℹ️   epoch    train_acc    train_loss    valid_acc    valid_loss   cp           lr      dur
2025-06-11 05:46:34 | INFO     | [callbacks :on_epoch_end      : 147] | ℹ️ -------  -----------  ------------  -----------  ------------  ----  ----------  -------
2025-06-11 05:46:34 | INFO     | [callbacks :on_epoch_end      : 147] | ℹ️       1     ▲ 0.7306      ▼ 0.7076     ▲ 0.7789      ▼ 0.5445        4.9975e-05  135.066
2025-06-11 05:48:48 | INFO     | [callbacks :on_epoch_end      : 147] | ℹ️       2     ▲ 0.8055      ▼ 0.4832     ▲ 0.8092      ▼ 0.4917        4.9901e-05  133.974
2025-06-11 05:51:02 | INFO     | [callbacks :on_epoch_end      : 147] | ℹ️       3     ▲ 0.8227      ▼ 0.4402     ▲ 0.8158      ▼ 0.4600        4.9778e-05  134.113
2025-06-11 05:53:17 | INFO     | [callbacks :on_epoch_end      : 147] | ℹ️       4     ▲ 0.8325      ▼ 0.4165     ▲ 0.8289      ▼ 0.4399        4.9606e-05  134.485
2025-06-11 05:55:31 | INFO     | [callbacks :on_epoch_end      : 147] | ℹ️       5     ▲ 0.8441      ▼ 0.3978       0.8151        0.4474        4.9386e-05  134.134
2025-06-11 05:57:46 | INFO     | [callbacks :on_epoch_end      : 147] | ℹ️       6     ▲ 0.8511      ▼ 0.3817     ▲ 0.8408      ▼ 0.3949        4.9117e-05  134.679
2025-06-11 06:00:00 | INFO     | [callbacks :on_epoch_end      : 147] | ℹ️       7     ▲ 0.8545      ▼ 0.3695       0.8243        0.4413        4.8801e-05  134.159
2025-06-11 06:02:14 | INFO     | [callbacks :on_epoch_end      : 147] | ℹ️       8     ▲ 0.8548      ▼ 0.3605       0.8401        0.4115        4.8438e-05  133.904
2025-06-11 06:04:28 | INFO     | [callbacks :on_epoch_end      : 147] | ℹ️       9     ▲ 0.8621      ▼ 0.3487     ▲ 0.8480      ▼ 0.3810        4.8028e-05  133.935
2025-06-11 06:06:43 | INFO     | [callbacks :on_epoch_end      : 147] | ℹ️      10       0.8586        0.3522       0.8401        0.4004        4.7574e-05  134.805
2025-06-11 06:08:57 | INFO     | [callbacks :on_epoch_end      : 147] | ℹ️      11     ▲ 0.8646      ▼ 0.3364       0.8408      ▼ 0.3788        4.7075e-05  134.474
2025-06-11 06:11:11 | INFO     | [callbacks :on_epoch_end      : 147] | ℹ️      12     ▲ 0.8727      ▼ 0.3272       0.8401        0.4004        4.6532e-05  134.236
2025-06-11 06:13:25 | INFO     | [callbacks :on_epoch_end      : 147] | ℹ️      13     ▲ 0.8740      ▼ 0.3270     ▲ 0.8520      ▼ 0.3681        4.5947e-05  133.961
2025-06-11 06:15:40 | INFO     | [callbacks :on_epoch_end      : 147] | ℹ️      14     ▲ 0.8762      ▼ 0.3198     ▲ 0.8605      ▼ 0.3597        4.5321e-05  134.293
2025-06-11 06:17:55 | INFO     | [callbacks :on_epoch_end      : 147] | ℹ️      15     ▲ 0.8788      ▼ 0.3077       0.8493         0.379        4.4655e-05  135.016
2025-06-11 06:20:10 | INFO     | [callbacks :on_epoch_end      : 147] | ℹ️      16     ▲ 0.8794      ▼ 0.3065       0.8375        0.3903        4.395e-05  134.695
2025-06-11 06:22:24 | INFO     | [callbacks :on_epoch_end      : 147] | ℹ️      17     ▲ 0.8806      ▼ 0.2984     ▲ 0.8638      ▼ 0.3521        4.3208e-05  134.186
2025-06-11 06:24:39 | INFO     | [callbacks :on_epoch_end      : 147] | ℹ️      18       0.8797        0.2987       0.8493        0.3624        4.2431e-05  134.772
2025-06-11 06:26:54 | INFO     | [callbacks :on_epoch_end      : 147] | ℹ️      19     ▲ 0.8862      ▼ 0.2935       0.8533        0.3596        4.1619e-05  134.843
2025-06-11 06:29:09 | INFO     | [callbacks :on_epoch_end      : 147] | ℹ️      20       0.8816        0.2987     ▲ 0.8651      ▼ 0.3338        4.0776e-05  135.04
2025-06-11 06:31:24 | INFO     | [callbacks :on_epoch_end      : 147] | ℹ️      21     ▲ 0.8880      ▼ 0.2918       0.8618        0.3418        3.9901e-05  135.087
2025-06-11 06:33:39 | INFO     | [callbacks :on_epoch_end      : 147] | ℹ️      22     ▲ 0.8894      ▼ 0.2835       0.8533        0.3637        3.8997e-05  134.896
2025-06-11 06:35:53 | INFO     | [callbacks :on_epoch_end      : 147] | ℹ️      23     ▲ 0.8901      ▼ 0.2807     ▲ 0.8678        0.3364        3.8066e-05  133.826
2025-06-11 06:38:07 | INFO     | [callbacks :on_epoch_end      : 147] | ℹ️      24     ▲ 0.8914      ▼ 0.2763       0.8638        0.3414        3.711e-05  134.482
2025-06-11 06:40:22 | INFO     | [callbacks :on_epoch_end      : 147] | ℹ️      25       0.8892        0.2795       0.8632          0.35        3.613e-05  135.158
2025-06-11 06:42:36 | INFO     | [callbacks :on_epoch_end      : 147] | ℹ️      26     ▲ 0.8933      ▼ 0.2736       0.8572         0.356        3.5129e-05  134.05
2025-06-11 06:44:51 | INFO     | [callbacks :on_epoch_end      : 147] | ℹ️      27     ▲ 0.8963      ▼ 0.2635       0.8638        0.3518        3.4109e-05  134.826
2025-06-11 06:47:07 | INFO     | [callbacks :on_epoch_end      : 147] | ℹ️      28       0.8956        0.2688     ▲ 0.8697        0.3384        3.3071e-05  135.291
2025-06-11 06:49:21 | INFO     | [callbacks :on_epoch_end      : 147] | ℹ️      29       0.8919        0.2697       0.8487        0.3529        3.2018e-05  134.841
2025-06-11 06:51:36 | INFO     | [callbacks :on_epoch_end      : 147] | ℹ️      30     ▲ 0.8971      ▼ 0.2617       0.8533        0.3569        3.0952e-05  134.522
2025-06-11 06:53:51 | INFO     | [callbacks :on_epoch_end      : 147] | ℹ️      31       0.8942        0.2638       0.8586         0.361        2.9875e-05  134.737
2025-06-11 06:56:06 | INFO     | [callbacks :on_epoch_end      : 147] | ℹ️      32     ▲ 0.9010      ▼ 0.2550       0.8572        0.3485        2.8789e-05  134.701
2025-06-11 06:58:20 | INFO     | [callbacks :on_epoch_end      : 147] | ℹ️      33       0.8992      ▼ 0.2524       0.8605        0.3463        2.7696e-05  134.294
2025-06-11 07:00:35 | INFO     | [callbacks :on_epoch_end      : 147] | ℹ️      34       0.8993      ▼ 0.2520       0.8691        0.3384        2.6599e-05  134.885
2025-06-11 07:02:50 | INFO     | [callbacks :on_epoch_end      : 147] | ℹ️      35     ▲ 0.9056      ▼ 0.2450     ▲ 0.8743      ▼ 0.3291        2.55e-05  134.888
2025-06-11 07:05:04 | INFO     | [callbacks :on_epoch_end      : 147] | ℹ️      36       0.9038        0.2458     ▲ 0.8750        0.3301        2.4401e-05  134.314
2025-06-11 07:07:19 | INFO     | [callbacks :on_epoch_end      : 147] | ℹ️      37       0.9012        0.2457     ▲ 0.8776      ▼ 0.3210        2.3304e-05  134.952
2025-06-11 07:09:33 | INFO     | [callbacks :on_epoch_end      : 147] | ℹ️      38       0.9034      ▼ 0.2449     ▲ 0.8803        0.3228        2.2211e-05  134.178
2025-06-11 07:11:48 | INFO     | [callbacks :on_epoch_end      : 147] | ℹ️      39     ▲ 0.9058      ▼ 0.2390       0.8724        0.3296        2.1125e-05  134.225
2025-06-11 07:14:01 | INFO     | [callbacks :on_epoch_end      : 147] | ℹ️      40       0.9041      ▼ 0.2369     ▲ 0.8809      ▼ 0.3166        2.0048e-05  133.755
2025-06-11 07:16:16 | INFO     | [callbacks :on_epoch_end      : 147] | ℹ️      41     ▲ 0.9060        0.2371        0.877        0.3198        1.8982e-05  134.805
2025-06-11 07:18:31 | INFO     | [callbacks :on_epoch_end      : 147] | ℹ️      42     ▲ 0.9108      ▼ 0.2271       0.8757         0.326        1.7929e-05  134.868
2025-06-11 07:20:46 | INFO     | [callbacks :on_epoch_end      : 147] | ℹ️      43       0.9085        0.2302        0.873        0.3272        1.6891e-05  134.449
2025-06-11 07:23:00 | INFO     | [callbacks :on_epoch_end      : 147] | ℹ️      44       0.9105        0.2278        0.875        0.3222        1.5871e-05  134.162
2025-06-11 07:25:15 | INFO     | [callbacks :on_epoch_end      : 147] | ℹ️      45     ▲ 0.9117        0.2277       0.8757         0.321        1.487e-05  134.688
2025-06-11 07:27:29 | INFO     | [callbacks :on_epoch_end      : 147] | ℹ️      46     ▲ 0.9132      ▼ 0.2233       0.8776        0.3334        1.389e-05  134.102
2025-06-11 07:29:43 | INFO     | [callbacks :on_epoch_end      : 147] | ℹ️      47        0.911      ▼ 0.2225       0.8678        0.3431        1.2934e-05  134.324
2025-06-11 07:31:58 | INFO     | [callbacks :on_epoch_end      : 147] | ℹ️      48     ▲ 0.9136      ▼ 0.2220       0.8743        0.3185        1.2003e-05  134.782
2025-06-11 07:34:12 | INFO     | [callbacks :on_epoch_end      : 147] | ℹ️      49     ▲ 0.9143      ▼ 0.2141       0.8711        0.3278        1.1099e-05  133.99
2025-06-11 07:36:27 | INFO     | [callbacks :on_epoch_end      : 147] | ℹ️      50     ▲ 0.9173      ▼ 0.2136     ▲ 0.8816      ▼ 0.3135        1.0224e-05  134.677
2025-06-11 07:38:41 | INFO     | [callbacks :on_epoch_end      : 147] | ℹ️      51       0.9145        0.2147       0.8763        0.3265        9.3805e-06  134.065
2025-06-11 07:40:56 | INFO     | [callbacks :on_epoch_end      : 147] | ℹ️      52     ▲ 0.9173      ▼ 0.2097        0.877        0.3235        8.569e-06  135.372
2025-06-11 07:43:11 | INFO     | [callbacks :on_epoch_end      : 147] | ℹ️      53       0.9139        0.2141     ▲ 0.8842        0.3209        7.7915e-06  135.018
2025-06-11 07:45:25 | INFO     | [callbacks :on_epoch_end      : 147] | ℹ️      54       0.9157        0.2107        0.875        0.3227        7.0497e-06  134.118
2025-06-11 07:47:41 | INFO     | [callbacks :on_epoch_end      : 147] | ℹ️      55     ▲ 0.9174      ▼ 0.2096       0.8803        0.3188        6.3451e-06  135.83
2025-06-11 07:49:56 | INFO     | [callbacks :on_epoch_end      : 147] | ℹ️      56     ▲ 0.9192      ▼ 0.2073       0.8717        0.3283        5.6791e-06  135.012
2025-06-11 07:52:11 | INFO     | [callbacks :on_epoch_end      : 147] | ℹ️      57       0.9156        0.2112       0.8776        0.3251        5.053e-06  134.446
2025-06-11 07:54:26 | INFO     | [callbacks :on_epoch_end      : 147] | ℹ️      58        0.919         0.209       0.8789        0.3223        4.468e-06  134.624
2025-06-11 07:56:40 | INFO     | [callbacks :on_epoch_end      : 147] | ℹ️      59       0.9189      ▼ 0.2053       0.8783        0.3227        3.9254e-06  134.42
2025-06-11 07:58:54 | INFO     | [callbacks :on_epoch_end      : 147] | ℹ️      60     ▲ 0.9213      ▼ 0.2023       0.8763        0.3212        3.4263e-06  134.11
2025-06-11 08:01:08 | INFO     | [callbacks :on_epoch_end      : 147] | ℹ️      61       0.9186        0.2051        0.873         0.326        2.9716e-06  133.98
2025-06-11 08:03:22 | INFO     | [callbacks :on_epoch_end      : 147] | ℹ️      62       0.9192        0.2043        0.877        0.3241        2.5622e-06  134.042
2025-06-11 08:05:38 | INFO     | [callbacks :on_epoch_end      : 147] | ℹ️      63     ▲ 0.9220      ▼ 0.2012       0.8789        0.3244        2.1991e-06  135.274
2025-06-11 08:07:53 | INFO     | [callbacks :on_epoch_end      : 147] | ℹ️      64       0.9213        0.2056       0.8757        0.3259        1.8829e-06  134.854
2025-06-11 08:10:07 | INFO     | [pipeline  :cv_model_evalua...:1402] | ℹ️ Using best model from epoch 65
2025-06-11 08:10:07 | INFO     | [pipeline  :cv_model_evalua...:1405] | ℹ️ Evaluating model on outer test set for fold 5...
2025-06-11 08:10:07 | DEBUG    | [adapter   :get_iterator      : 297] | 🐞 Creating DataLoader for validation/evaluation: dataset_len=3800, batch_size=16, shuffle=False, collate_fn_type='function', loader_kwargs={'num_workers': 0, 'pin_memory': False}
2025-06-11 08:10:20 | DEBUG    | [adapter   :get_iterator      : 297] | 🐞 Creating DataLoader for validation/evaluation: dataset_len=3800, batch_size=16, shuffle=False, collate_fn_type='function', loader_kwargs={'num_workers': 0, 'pin_memory': False}
2025-06-11 08:10:33 | DEBUG    | [pipeline  :_compute_metrics  : 448] | 🐞 Computed Metrics: Acc=0.8882, Macro F1=0.8904
2025-06-11 08:10:33 | INFO     | [pipeline  :cv_model_evalua...:1425] | ℹ️ Fold 5 Test Scores: Acc=0.8882, F1=0.8904
2025-06-11 08:10:33 | DEBUG    | [pipeline  :_save_results     : 468] | 🐞 Results detail level overridden for this run to: 2
2025-06-11 08:10:33 | DEBUG    | [pipeline  :_save_results     : 476] | 🐞 Saving results for cv_model_evaluation_full_221041 (detail level: 2)
2025-06-11 08:10:33 | INFO     | [pipeline  :_save_results     : 585] | ℹ️ Results JSON saved via repository to: experiments/GCD/pvit/20250610_221041_seed42/cv_model_evaluation_full_221041/cv_model_evaluation_results.json
2025-06-11 08:10:33 | INFO     | [pipeline  :cv_model_evalua...:1543] | ℹ️ Plotting cv for eval results for cv_model_evaluation_full_221041 (plot level 2).
2025-06-11 08:10:33 | INFO     | [plotter   :plot_cv_model_e...: 862] | ℹ️ Plotting cv_model_evaluation results for: cv_model_evaluation_full_221041
2025-06-11 08:10:33 | INFO     | [plotter   :_generate_aggre...: 309] | ℹ️ Aggregated metrics CSV saved via repository to: experiments/GCD/pvit/20250610_221041_seed42/cv_model_evaluation_full_221041/cv_model_evaluation_plots/aggregated_metrics_table.csv
2025-06-11 08:10:35 | INFO     | [plotter   :plot_cv_model_e...: 918] | ℹ️ Generating grouped plots per fold for 5 folds...
2025-06-11 08:10:41 | INFO     | [plotter   :_generate_metri...: 254] | ℹ️ Metrics CSV saved via repository to: experiments/GCD/pvit/20250610_221041_seed42/cv_model_evaluation_full_221041/cv_model_evaluation_plots/fold_1_metrics_table.csv
2025-06-11 08:10:41 | INFO     | [plotter   :_generate_metri...: 254] | ℹ️ Metrics CSV saved via repository to: experiments/GCD/pvit/20250610_221041_seed42/cv_model_evaluation_full_221041/cv_model_evaluation_plots/fold_2_metrics_table.csv
2025-06-11 08:10:41 | INFO     | [plotter   :_generate_metri...: 254] | ℹ️ Metrics CSV saved via repository to: experiments/GCD/pvit/20250610_221041_seed42/cv_model_evaluation_full_221041/cv_model_evaluation_plots/fold_3_metrics_table.csv
2025-06-11 08:10:41 | INFO     | [plotter   :_generate_metri...: 254] | ℹ️ Metrics CSV saved via repository to: experiments/GCD/pvit/20250610_221041_seed42/cv_model_evaluation_full_221041/cv_model_evaluation_plots/fold_4_metrics_table.csv
2025-06-11 08:10:41 | INFO     | [plotter   :_generate_metri...: 254] | ℹ️ Metrics CSV saved via repository to: experiments/GCD/pvit/20250610_221041_seed42/cv_model_evaluation_full_221041/cv_model_evaluation_plots/fold_5_metrics_table.csv
2025-06-11 08:10:41 | INFO     | [plotter   :plot_cv_model_e...:1069] | ℹ️ Finished plotting for cv_model_evaluation: cv_model_evaluation_full_221041
2025-06-11 08:10:41 | INFO     | [pipeline  :cv_model_evalua...:1559] | ℹ️ CV Evaluation Summary (on full data, 5 folds, 95% CI):
2025-06-11 08:10:41 | INFO     | [pipeline  :cv_model_evalua...:1565] | ℹ️   Accuracy            : 0.8887 +/- 0.0060
2025-06-11 08:10:41 | INFO     | [pipeline  :cv_model_evalua...:1565] | ℹ️   F1 Macro            : 0.8904 +/- 0.0059
2025-06-11 08:10:41 | INFO     | [pipeline  :cv_model_evalua...:1565] | ℹ️   Precision Macro     : 0.8914 +/- 0.0051
2025-06-11 08:10:41 | INFO     | [pipeline  :cv_model_evalua...:1565] | ℹ️   Recall Macro        : 0.8905 +/- 0.0075
2025-06-11 08:10:41 | INFO     | [pipeline  :cv_model_evalua...:1565] | ℹ️   Specificity Macro   : 0.9798 +/- 0.0011
2025-06-11 08:10:41 | INFO     | [pipeline  :cv_model_evalua...:1565] | ℹ️   Roc Auc Macro       : 0.9892 +/- 0.0008
2025-06-11 08:10:41 | INFO     | [pipeline  :cv_model_evalua...:1565] | ℹ️   Pr Auc Macro        : 0.9508 +/- 0.0056
2025-06-11 08:10:41 | INFO     | [executor  :run               : 320] | ℹ️ --- Method cv_model_evaluation (Op ID: cv_model_evaluation_0) completed successfully in 36000.03s ---
2025-06-11 08:10:41 | INFO     | [executor  :run               : 381] | ℹ️ Pipeline execution finished successfully in 36000.03s for Executor Run ID: 20250610_221041_seed42.
2025-06-11 08:10:41 | INFO     | [executor  :run               : 387] | ℹ️ Executor run for 20250610_221041_seed42 attempting final log operations.
2025-06-11 08:10:41 | DEBUG    | [executor  :_upload_and_cle...: 224] | 🐞 Flushing and closing log handler for: C:\Users\Stefan Alexandrescu\Documents\GitHub\UBB-Y3-AI-Research\model_src\experiments\GCD\pvit\20250610_221041_seed42\executor_run_20250610_221041_seed42.log before upload/cleanup.
2025-06-11 08:10:41 | INFO     | [executor  :_upload_and_cle...: 252] | ℹ️ Main executor log file available at: C:\Users\Stefan Alexandrescu\Documents\GitHub\UBB-Y3-AI-Research\model_src\experiments\GCD\pvit\20250610_221041_seed42\executor_run_20250610_221041_seed42.log
2025-06-11 08:10:41 | INFO     | [main      :<module>          : 345] | ℹ️ --- Final Execution Results Summary ---
2025-06-11 08:10:41 | INFO     | [main      :<module>          : 357] | ℹ️ Method executor_run_id: Completed. Result: 20250610_221041_seed42
2025-06-11 08:10:41 | INFO     | [main      :<module>          : 357] | ℹ️ Method seed_used: Completed. Result: 42
2025-06-11 08:10:41 | INFO     | [main      :<module>          : 354] | ℹ️ Method cv_model_evaluation_0: Completed. (Acc: 0.8887, F1: 0.8904, BestScore: nan)
