Timestamp           | Level    | Location                             | Message
--------------------+----------+--------------------------------------+---------------------------------------------------
2025-06-12 02:41:20 | INFO     | [logger_...:setup_logger      : 153] | ℹ️ Logger 'ImgClassPipe' initialized. Log file: C:\Users\Stefan Alexandrescu\Documents\GitHub\UBB-Y3-AI-Research\model_src\experiments\GCD\shufflenet\20250612_024120_seed42\executor_run_20250612_024120_seed42.log
2025-06-12 02:41:20 | INFO     | [executor  :__init__          : 132] | ℹ️ Local main executor log file for this run (may be temporary): C:\Users\Stefan Alexandrescu\Documents\GitHub\UBB-Y3-AI-Research\model_src\experiments\GCD\shufflenet\20250612_024120_seed42\executor_run_20250612_024120_seed42.log
2025-06-12 02:41:20 | INFO     | [executor  :__init__          : 137] | ℹ️ --- Starting Executor Run (ID: 20250612_024120_seed42) ---
2025-06-12 02:41:20 | INFO     | [executor  :__init__          : 138] | ℹ️ Executor initialized for model 'shufflenet' on dataset 'GCD'
2025-06-12 02:41:20 | INFO     | [executor  :__init__          : 141] | ℹ️ Local artifact storage base: C:\Users\Stefan Alexandrescu\Documents\GitHub\UBB-Y3-AI-Research\model_src
2025-06-12 02:41:20 | INFO     | [executor  :__init__          : 145] | ℹ️ Base key/prefix for this executor run's artifacts: experiments/GCD/shufflenet/20250612_024120_seed42
2025-06-12 02:41:20 | INFO     | [pipeline  :__init__          : 175] | ℹ️ Initializing Classification Pipeline:
2025-06-12 02:41:20 | INFO     | [pipeline  :__init__          : 176] | ℹ️   Dataset Path: C:\Users\Stefan Alexandrescu\Documents\GitHub\UBB-Y3-AI-Research\model_src\data\GCD
2025-06-12 02:41:20 | INFO     | [pipeline  :__init__          : 177] | ℹ️   Model Type: shufflenet
2025-06-12 02:41:20 | INFO     | [pipeline  :__init__          : 180] | ℹ️   Artifact base key prefix for this run: experiments/GCD/shufflenet/20250612_024120_seed42 (using LocalFileSystemRepository)
2025-06-12 02:41:20 | INFO     | [pipeline  :__init__          : 184] | ℹ️   Default Augmentation Strategy: AugmentationStrategy.SKY_ONLY_ROTATION
2025-06-12 02:41:20 | INFO     | [pipeline  :__init__          : 185] | ℹ️   Default Show First Batch Aug: True
2025-06-12 02:41:20 | INFO     | [dataset...:__init__          : 271] | ℹ️ Using augmentation strategy: AugmentationStrategy.SKY_ONLY_ROTATION
2025-06-12 02:41:20 | INFO     | [dataset...:__init__          : 296] | ℹ️ Detected dataset structure: fixed
2025-06-12 02:41:20 | INFO     | [dataset...:_load_paths_and...: 459] | ℹ️ Scanning FIXED dataset from C:\Users\Stefan Alexandrescu\Documents\GitHub\UBB-Y3-AI-Research\model_src\data\GCD\train (train) and C:\Users\Stefan Alexandrescu\Documents\GitHub\UBB-Y3-AI-Research\model_src\data\GCD\test (test)...
2025-06-12 02:41:20 | INFO     | [dataset...:_load_paths_and...: 518] | ℹ️ Final Original Dataset sizes: 10000 original train+val, 9000 original test. Offline augmented samples loaded: 0.
2025-06-12 02:41:20 | INFO     | [dataset...:__init__          : 319] | ℹ️ Found 7 classes: 1_cumulus, 2_altocumulus, 3_cirrus, 4_clearsky, 5_stratocumulus, 6_cumulonimbus, 7_mixed
2025-06-12 02:41:20 | INFO     | [dataset...:__init__          : 322] | ℹ️ Dataset sizes: 10000 train+val, 9000 test. Total: 0
2025-06-12 02:41:20 | INFO     | [pipeline  :__init__          : 195] | ℹ️   Artifact base key prefix for this run: experiments/GCD/shufflenet/20250612_024120_seed42 (using LocalFileSystemRepository)
2025-06-12 02:41:20 | INFO     | [pipeline  :__init__          : 226] | ℹ️   Using Optimizer: AdamW
2025-06-12 02:41:20 | DEBUG    | [callbacks :get_default_cal...: 194] | 🐞 Default LRScheduler callback instance created with policy: ReduceLROnPlateau, kwargs: {'patience': 2, 'mode': 'min', 'factor': 0.1, 'min_lr': 1e-06, 'verbose': False}, monitor: valid_loss
2025-06-12 02:41:20 | INFO     | [pipeline  :__init__          : 271] | ℹ️   Model Adapter: Initialized with ShuffleNetCloud
2025-06-12 02:41:20 | DEBUG    | [executor  :_validate_methods : 201] | 🐞 Basic method validation successful.
2025-06-12 02:41:20 | INFO     | [executor  :__init__          : 180] | ℹ️ Executor configured to run methods: single_train, single_eval
2025-06-12 02:41:20 | INFO     | [executor  :run               : 257] | ℹ️ Starting execution of methods for Executor Run ID: 20250612_024120_seed42
2025-06-12 02:41:20 | INFO     | [executor  :run               : 266] | ℹ️ --- Running Method 1/2: single_train (Op ID: single_train_0) ---
2025-06-12 02:41:20 | DEBUG    | [executor  :run               : 313] | 🐞 Running method 'single_train' with effective parameters: {'params': {'max_epochs': 50, 'lr': 0.0001, 'batch_size': 64, 'optimizer': 'AdamW', 'optimizer__weight_decay': 0.01, 'callbacks__default_lr_scheduler__policy': 'ReduceLROnPlateau', 'callbacks__default_lr_scheduler__monitor': 'valid_loss', 'callbacks__default_lr_scheduler__patience': 5, 'callbacks__default_lr_scheduler__factor': 0.2, 'callbacks__default_lr_scheduler__min_lr': 1e-07, 'callbacks__default_lr_scheduler__mode': 'min', 'callbacks__default_early_stopping__patience': 10, 'module__pretrained': True}, 'save_model': False, 'val_split_ratio': 0.1, 'results_detail_level': 2}
2025-06-12 02:41:20 | INFO     | [pipeline  :single_train      :1591] | ℹ️ Starting single training run...
2025-06-12 02:41:20 | INFO     | [pipeline  :single_train      :1644] | ℹ️ Using split: 9000 train / 1000 validation samples.
2025-06-12 02:41:20 | INFO     | [pipeline  :single_train      :1651] | ℹ️ Applying custom parameters for this single_train run: {'max_epochs': 50, 'lr': 0.0001, 'batch_size': 64, 'optimizer': 'AdamW', 'optimizer__weight_decay': 0.01, 'callbacks__default_lr_scheduler__policy': 'ReduceLROnPlateau', 'callbacks__default_lr_scheduler__monitor': 'valid_loss', 'callbacks__default_lr_scheduler__patience': 5, 'callbacks__default_lr_scheduler__factor': 0.2, 'callbacks__default_lr_scheduler__min_lr': 1e-07, 'callbacks__default_lr_scheduler__mode': 'min', 'callbacks__default_early_stopping__patience': 10, 'module__pretrained': True}
2025-06-12 02:41:20 | DEBUG    | [param_g...:parse_fixed_hyp...: 151] | 🐞 Created LRScheduler instance: policy=ReduceLROnPlateau, direct_args={'monitor': 'valid_loss'}, constructor_kwargs={'patience': 5, 'factor': 0.2, 'min_lr': 1e-07, 'mode': 'min'}
2025-06-12 02:41:20 | INFO     | [pipeline  :single_train      :1713] | ℹ️ Fitting model (run_id: single_train_024120)...
2025-06-12 02:41:20 | INFO     | [shufflenet:__init__          :  43] | ℹ️ ShuffleNetCloud (based on shufflenet_v2_x1_0) initialized. Pretrained: True. Classifier head: Linear(1024->7)
2025-06-12 02:41:20 | DEBUG    | [adapter   :get_split_datasets: 133] | 🐞 Validation split for fold created with 1000 original samples.
2025-06-12 02:41:20 | DEBUG    | [adapter   :get_split_datasets: 176] | 🐞 No offline augmentations will be applied.
2025-06-12 02:41:20 | DEBUG    | [adapter   :get_split_datasets: 183] | 🐞 Total training split for fold created with 9000 samples.
2025-06-12 02:41:20 | DEBUG    | [adapter   :get_iterator      : 297] | 🐞 Creating DataLoader for training: dataset_len=9000, batch_size=64, shuffle=True, collate_fn_type='function', loader_kwargs={'num_workers': 0, 'pin_memory': False}
2025-06-12 02:41:20 | DEBUG    | [adapter   :get_iterator      : 297] | 🐞 Creating DataLoader for validation/evaluation: dataset_len=1000, batch_size=64, shuffle=False, collate_fn_type='function', loader_kwargs={'num_workers': 0, 'pin_memory': False}
2025-06-12 02:42:24 | INFO     | [callbacks :on_epoch_end      : 147] | ℹ️   epoch    train_acc    train_loss    valid_acc    valid_loss   cp       lr      dur
2025-06-12 02:42:24 | INFO     | [callbacks :on_epoch_end      : 147] | ℹ️ -------  -----------  ------------  -----------  ------------  ----  ------  -------
2025-06-12 02:42:24 | INFO     | [callbacks :on_epoch_end      : 147] | ℹ️       1     ▲ 0.5861      ▼ 1.6588     ▲ 0.7000      ▼ 1.2926        0.0001  64.1542
2025-06-12 02:43:22 | INFO     | [callbacks :on_epoch_end      : 147] | ℹ️       2     ▲ 0.6948      ▼ 1.0406     ▲ 0.7350      ▼ 0.8757        0.0001  57.2142
2025-06-12 02:44:19 | INFO     | [callbacks :on_epoch_end      : 147] | ℹ️       3     ▲ 0.7308      ▼ 0.8302     ▲ 0.7650      ▼ 0.7070        0.0001  56.793
2025-06-12 02:45:15 | INFO     | [callbacks :on_epoch_end      : 147] | ℹ️       4     ▲ 0.7603      ▼ 0.7209     ▲ 0.7820      ▼ 0.6527        0.0001  56.8827
2025-06-12 02:46:11 | INFO     | [callbacks :on_epoch_end      : 147] | ℹ️       5     ▲ 0.7807      ▼ 0.6549     ▲ 0.7950      ▼ 0.5760        0.0001  55.7709
2025-06-12 02:47:06 | INFO     | [callbacks :on_epoch_end      : 147] | ℹ️       6     ▲ 0.8099      ▼ 0.5746     ▲ 0.8330      ▼ 0.4368        0.0001  54.6526
2025-06-12 02:48:01 | INFO     | [callbacks :on_epoch_end      : 147] | ℹ️       7     ▲ 0.8313      ▼ 0.4906     ▲ 0.8510      ▼ 0.4141        0.0001  54.7972
2025-06-12 02:48:58 | INFO     | [callbacks :on_epoch_end      : 147] | ℹ️       8     ▲ 0.8354      ▼ 0.4587        0.848      ▼ 0.3883        0.0001  56.7687
2025-06-12 02:49:54 | INFO     | [callbacks :on_epoch_end      : 147] | ℹ️       9     ▲ 0.8400      ▼ 0.4446        0.832         0.413        0.0001  56.9159
2025-06-12 02:50:51 | INFO     | [callbacks :on_epoch_end      : 147] | ℹ️      10     ▲ 0.8524      ▼ 0.4061        0.849      ▼ 0.3821        0.0001  56.404
2025-06-12 02:51:47 | INFO     | [callbacks :on_epoch_end      : 147] | ℹ️      11     ▲ 0.8567      ▼ 0.3926        0.828        0.4126        0.0001  56.032
2025-06-12 02:52:42 | INFO     | [callbacks :on_epoch_end      : 147] | ℹ️      12       0.8533        0.3936        0.843         0.387        0.0001  55.2971
2025-06-12 02:53:39 | INFO     | [callbacks :on_epoch_end      : 147] | ℹ️      13     ▲ 0.8639      ▼ 0.3677     ▲ 0.8750      ▼ 0.3337        0.0001  56.8523
2025-06-12 02:54:36 | INFO     | [callbacks :on_epoch_end      : 147] | ℹ️      14     ▲ 0.8649      ▼ 0.3636        0.872        0.3487        0.0001  57.0893
2025-06-12 02:55:32 | INFO     | [callbacks :on_epoch_end      : 147] | ℹ️      15     ▲ 0.8663      ▼ 0.3556        0.854        0.3632        0.0001  56.1681
2025-06-12 02:56:29 | INFO     | [callbacks :on_epoch_end      : 147] | ℹ️      16     ▲ 0.8752      ▼ 0.3372        0.868         0.336        0.0001  56.9549
2025-06-12 02:57:26 | INFO     | [callbacks :on_epoch_end      : 147] | ℹ️      17     ▲ 0.8782      ▼ 0.3255        0.854        0.4034        0.0001  56.1734
2025-06-12 02:58:21 | INFO     | [callbacks :on_epoch_end      : 147] | ℹ️      18       0.8758        0.3314     ▲ 0.8790      ▼ 0.3158        0.0001  55.1728
2025-06-12 02:59:17 | INFO     | [callbacks :on_epoch_end      : 147] | ℹ️      19       0.8742        0.3259        0.862        0.3382        0.0001  56.7732
2025-06-12 03:00:15 | INFO     | [callbacks :on_epoch_end      : 147] | ℹ️      20       0.8759      ▼ 0.3212     ▲ 0.8840      ▼ 0.3098        0.0001  57.2877
2025-06-12 03:01:14 | INFO     | [callbacks :on_epoch_end      : 147] | ℹ️      21     ▲ 0.8798      ▼ 0.3135        0.877        0.3178        0.0001  59.0645
2025-06-12 03:02:10 | INFO     | [callbacks :on_epoch_end      : 147] | ℹ️      22     ▲ 0.8869      ▼ 0.2996     ▲ 0.8930      ▼ 0.2881        0.0001  56.3497
2025-06-12 03:03:07 | INFO     | [callbacks :on_epoch_end      : 147] | ℹ️      23       0.8857      ▼ 0.2979         0.88        0.3157        0.0001  56.7366
2025-06-12 03:04:05 | INFO     | [callbacks :on_epoch_end      : 147] | ℹ️      24     ▲ 0.8872         0.298        0.885         0.296        0.0001  57.5759
2025-06-12 03:05:00 | INFO     | [callbacks :on_epoch_end      : 147] | ℹ️      25       0.8871        0.2985        0.885        0.2885        0.0001  55.761
2025-06-12 03:05:57 | INFO     | [callbacks :on_epoch_end      : 147] | ℹ️      26     ▲ 0.8872      ▼ 0.2843     ▲ 0.8990      ▼ 0.2660        0.0001  56.282
2025-06-12 03:06:54 | INFO     | [callbacks :on_epoch_end      : 147] | ℹ️      27     ▲ 0.8930      ▼ 0.2831        0.883        0.3059        0.0001  57.5531
2025-06-12 03:07:50 | INFO     | [callbacks :on_epoch_end      : 147] | ℹ️      28       0.8914      ▼ 0.2755        0.871        0.3172        0.0001  55.414
2025-06-12 03:08:47 | INFO     | [callbacks :on_epoch_end      : 147] | ℹ️      29     ▲ 0.8957      ▼ 0.2722        0.893        0.2864        0.0001  57.464
2025-06-12 03:09:44 | INFO     | [callbacks :on_epoch_end      : 147] | ℹ️      30       0.8921      ▼ 0.2692        0.896        0.2829        0.0001  56.3621
2025-06-12 03:10:41 | INFO     | [callbacks :on_epoch_end      : 147] | ℹ️      31     ▲ 0.8977      ▼ 0.2666        0.895        0.2829        0.0001  57.6503
2025-06-12 03:11:37 | INFO     | [callbacks :on_epoch_end      : 147] | ℹ️      32       0.8976      ▼ 0.2617        0.883        0.2974        2e-05  56.2882
2025-06-12 03:12:36 | INFO     | [callbacks :on_epoch_end      : 147] | ℹ️      33     ▲ 0.9011      ▼ 0.2513        0.886        0.2779        2e-05  58.3364
2025-06-12 03:13:33 | INFO     | [callbacks :on_epoch_end      : 147] | ℹ️      34     ▲ 0.9054      ▼ 0.2437        0.891        0.2762        2e-05  56.9647
2025-06-12 03:14:30 | INFO     | [callbacks :on_epoch_end      : 147] | ℹ️      35       0.9041        0.2448         0.89        0.2809        2e-05  56.7819
2025-06-12 03:15:29 | INFO     | [pipeline  :single_train      :1745] | ℹ️ Training finished. Best validation performance found at Epoch 26 (valid_loss=0.2660)
2025-06-12 03:15:29 | INFO     | [pipeline  :single_train      :1842] | ℹ️ Main pipeline model adapter updated from single_train run: single_train_024120
2025-06-12 03:15:29 | DEBUG    | [pipeline  :_save_results     : 468] | 🐞 Results detail level overridden for this run to: 2
2025-06-12 03:15:29 | DEBUG    | [pipeline  :_save_results     : 476] | 🐞 Saving results for single_train_024120 (detail level: 2)
2025-06-12 03:15:29 | INFO     | [pipeline  :_save_results     : 585] | ℹ️ Results JSON saved via repository to: experiments/GCD/shufflenet/20250612_024120_seed42/single_train_024120/single_train_results.json
2025-06-12 03:15:29 | INFO     | [pipeline  :single_train      :1879] | ℹ️ Plotting single_train results for single_train_024120 (plot level 2).
2025-06-12 03:15:29 | INFO     | [plotter   :plot_single_tra...: 670] | ℹ️ Plotting single_train results for: single_train_024120
2025-06-12 03:15:29 | INFO     | [plotter   :plot_single_tra...: 688] | ℹ️ Finished plotting for single_train: single_train_024120
2025-06-12 03:15:29 | INFO     | [executor  :run               : 320] | ℹ️ --- Method single_train (Op ID: single_train_0) completed successfully in 2049.27s ---
2025-06-12 03:15:29 | INFO     | [executor  :run               : 266] | ℹ️ --- Running Method 2/2: single_eval (Op ID: single_eval_1) ---
2025-06-12 03:15:29 | DEBUG    | [executor  :run               : 313] | 🐞 Running method 'single_eval' with effective parameters: {'plot_level': 2}
2025-06-12 03:15:29 | INFO     | [pipeline  :single_eval       :1900] | ℹ️ Starting model evaluation on the test set...
2025-06-12 03:15:29 | INFO     | [pipeline  :single_eval       :1914] | ℹ️ Evaluating on 9000 test samples...
2025-06-12 03:15:29 | DEBUG    | [adapter   :get_iterator      : 297] | 🐞 Creating DataLoader for validation/evaluation: dataset_len=9000, batch_size=64, shuffle=False, collate_fn_type='function', loader_kwargs={'num_workers': 0, 'pin_memory': False}
2025-06-12 03:16:00 | DEBUG    | [adapter   :get_iterator      : 297] | 🐞 Creating DataLoader for validation/evaluation: dataset_len=9000, batch_size=64, shuffle=False, collate_fn_type='function', loader_kwargs={'num_workers': 0, 'pin_memory': False}
2025-06-12 03:16:27 | DEBUG    | [pipeline  :single_eval       :1931] | 🐞 Plot level overridden for this run to: 2
2025-06-12 03:16:27 | DEBUG    | [pipeline  :_compute_metrics  : 448] | 🐞 Computed Metrics: Acc=0.7710, Macro F1=0.7471
2025-06-12 03:16:27 | DEBUG    | [pipeline  :_save_results     : 470] | 🐞 Using pipeline results detail level for this run: 3
2025-06-12 03:16:27 | DEBUG    | [pipeline  :_save_results     : 476] | 🐞 Saving results for single_eval_031529 (detail level: 3)
2025-06-12 03:16:27 | INFO     | [pipeline  :_save_results     : 585] | ℹ️ Results JSON saved via repository to: experiments/GCD/shufflenet/20250612_024120_seed42/single_eval_031529/single_eval_results.json
2025-06-12 03:16:27 | INFO     | [pipeline  :single_eval       :1974] | ℹ️ Plotting single_eval results for single_eval_031529 (plot level 2).
2025-06-12 03:16:27 | INFO     | [plotter   :plot_single_eva...: 705] | ℹ️ Plotting single_eval results for: single_eval_031529
2025-06-12 03:16:27 | INFO     | [plotter   :_generate_metri...: 254] | ℹ️ Metrics CSV saved via repository to: experiments/GCD/shufflenet/20250612_024120_seed42/single_eval_031529/single_eval_plots/metrics_table.csv
2025-06-12 03:16:28 | INFO     | [plotter   :plot_single_eva...: 753] | ℹ️ Finished plotting for single_eval: single_eval_031529
2025-06-12 03:16:28 | INFO     | [executor  :run               : 320] | ℹ️ --- Method single_eval (Op ID: single_eval_1) completed successfully in 58.74s ---
2025-06-12 03:16:28 | INFO     | [executor  :run               : 381] | ℹ️ Pipeline execution finished successfully in 2108.01s for Executor Run ID: 20250612_024120_seed42.
2025-06-12 03:16:28 | INFO     | [executor  :run               : 387] | ℹ️ Executor run for 20250612_024120_seed42 attempting final log operations.
2025-06-12 03:16:28 | DEBUG    | [executor  :_upload_and_cle...: 224] | 🐞 Flushing and closing log handler for: C:\Users\Stefan Alexandrescu\Documents\GitHub\UBB-Y3-AI-Research\model_src\experiments\GCD\shufflenet\20250612_024120_seed42\executor_run_20250612_024120_seed42.log before upload/cleanup.
2025-06-12 03:16:28 | INFO     | [executor  :_upload_and_cle...: 252] | ℹ️ Main executor log file available at: C:\Users\Stefan Alexandrescu\Documents\GitHub\UBB-Y3-AI-Research\model_src\experiments\GCD\shufflenet\20250612_024120_seed42\executor_run_20250612_024120_seed42.log
2025-06-12 03:16:28 | INFO     | [main      :<module>          : 336] | ℹ️ --- Final Execution Results Summary ---
2025-06-12 03:16:28 | INFO     | [main      :<module>          : 348] | ℹ️ Method executor_run_id: Completed. Result: 20250612_024120_seed42
2025-06-12 03:16:28 | INFO     | [main      :<module>          : 348] | ℹ️ Method seed_used: Completed. Result: 42
2025-06-12 03:16:28 | INFO     | [main      :<module>          : 345] | ℹ️ Method single_train_0: Completed. (Acc: 0.8990, F1: nan, BestScore: nan)
2025-06-12 03:16:28 | INFO     | [main      :<module>          : 345] | ℹ️ Method single_eval_1: Completed. (Acc: nan, F1: 0.7471, BestScore: nan)
