Timestamp           | Level    | Location                             | Message
--------------------+----------+--------------------------------------+---------------------------------------------------
2025-05-18 19:21:50 | INFO     | [logger_...:setup_logger      : 153] | ℹ️ Logger 'ImgClassPipe' initialized. Log file: C:\Users\Stefan\Documents\GitHub\UBB-Y3-AI-Research\model_src\experiments\CCSN\cnn\20250518_192150_seed42\experiment_run_20250518_192150_seed42.log
2025-05-18 19:21:50 | INFO     | [executor  :__init__          : 119] | ℹ️ --- Starting Experiment Run (ID: 20250518_192150_seed42) ---
2025-05-18 19:21:50 | INFO     | [executor  :__init__          : 120] | ℹ️ Executor initialized for model 'cnn' on dataset 'CCSN'
2025-05-18 19:21:50 | INFO     | [executor  :__init__          : 123] | ℹ️ Local artifact storage base: C:\Users\Stefan\Documents\GitHub\UBB-Y3-AI-Research\model_src
2025-05-18 19:21:50 | INFO     | [executor  :__init__          : 127] | ℹ️ Base key/prefix for this run's artifacts: experiments/CCSN/cnn/20250518_192150_seed42
2025-05-18 19:21:50 | DEBUG    | [executor  :_validate_methods : 156] | 🐞 Basic method validation successful.
2025-05-18 19:21:50 | INFO     | [executor  :__init__          : 137] | ℹ️ Executor configured to run methods: non_nested_grid_search, single_eval
2025-05-18 19:21:50 | INFO     | [executor  :run               : 166] | ℹ️ Starting execution of pipeline methods...
2025-05-18 19:21:50 | INFO     | [executor  :run               : 170] | ℹ️ --- Running Method 1/2: non_nested_grid_search (non_nested_grid_search_0) ---
2025-05-18 19:21:50 | DEBUG    | [executor  :run               : 195] | 🐞 Running with effective parameters: {'param_grid': {'max_epochs': [4], 'batch_size': [8], 'lr': [0.0001, 0.001], 'optimizer__weight_decay': [0.01]}, 'cv': 2, 'method': 'grid', 'internal_val_split_ratio': 0.2, 'scoring': 'accuracy', 'save_best_model': True, 'results_detail_level': 2}
2025-05-18 19:21:50 | INFO     | [pipeline  :non_nested_grid...: 562] | ℹ️ Performing non-nested GridSearchCV with 2-fold CV.
2025-05-18 19:21:50 | INFO     | [pipeline  :non_nested_grid...: 563] | ℹ️ Parameter Grid/Dist:
{
  "max_epochs": [
    4
  ],
  "batch_size": [
    8
  ],
  "lr": [
    0.0001,
    0.001
  ],
  "optimizer__weight_decay": [
    0.01
  ]
}
2025-05-18 19:21:50 | INFO     | [pipeline  :non_nested_grid...: 564] | ℹ️ Scoring Metric: accuracy
2025-05-18 19:21:50 | INFO     | [pipeline  :non_nested_grid...: 573] | ℹ️ Using 2034 samples for Train+Validation in GridSearchCV.
2025-05-18 19:21:50 | INFO     | [pipeline  :non_nested_grid...: 581] | ℹ️ Skorch internal validation split configured: 20.0% of each CV fold's training data.
2025-05-18 19:21:50 | INFO     | [pipeline  :non_nested_grid...: 615] | ℹ️ Fitting GridSearchCV on train+validation data (search verbose=3)...
2025-05-18 19:21:50 | INFO     | [pipeline  :non_nested_grid...: 626] | ℹ️ Total combinations to search (GridSearchCV): 2
2025-05-18 19:21:50 | DEBUG    | [adapter   :get_split_datasets: 124] | 🐞 Split created: 813 train, 204 validation.
2025-05-18 19:21:50 | DEBUG    | [adapter   :get_iterator      : 181] | 🐞 Creating DataLoader: size=813, batch_size=8, shuffle=True, collate_fn=Assigned, other_kwargs={}
2025-05-18 19:21:50 | DEBUG    | [adapter   :get_iterator      : 181] | 🐞 Creating DataLoader: size=204, batch_size=8, shuffle=False, collate_fn=Assigned, other_kwargs={}
2025-05-18 19:22:00 | INFO     | [callbacks :on_epoch_end      : 147] | ℹ️   epoch    train_acc    train_loss    valid_acc    valid_loss   cp       lr      dur
2025-05-18 19:22:00 | INFO     | [callbacks :on_epoch_end      : 147] | ℹ️ -------  -----------  ------------  -----------  ------------  ----  ------  -------
2025-05-18 19:22:00 | INFO     | [callbacks :on_epoch_end      : 147] | ℹ️       1     ▲ 0.2079      ▼ 2.5056     ▲ 0.2402      ▼ 2.2465        0.0001  10.5206
2025-05-18 19:22:10 | INFO     | [callbacks :on_epoch_end      : 147] | ℹ️       2     ▲ 0.2817      ▼ 2.1924     ▲ 0.3137      ▼ 2.0632        0.0001  9.5201
2025-05-18 19:22:20 | INFO     | [callbacks :on_epoch_end      : 147] | ℹ️       3     ▲ 0.2854      ▼ 2.0941       0.2696      ▼ 2.0630        0.0001  9.7211
2025-05-18 19:22:29 | INFO     | [callbacks :on_epoch_end      : 147] | ℹ️       4     ▲ 0.3149      ▼ 1.9899       0.3088        2.1144        0.0001  9.1117
2025-05-18 19:22:29 | DEBUG    | [adapter   :get_iterator      : 154] | 🐞 get_iterator creating PathImageDataset for evaluation/prediction.
2025-05-18 19:22:29 | DEBUG    | [adapter   :get_iterator      : 181] | 🐞 Creating DataLoader: size=1017, batch_size=8, shuffle=False, collate_fn=Assigned, other_kwargs={}
2025-05-18 19:22:34 | DEBUG    | [adapter   :get_iterator      : 154] | 🐞 get_iterator creating PathImageDataset for evaluation/prediction.
2025-05-18 19:22:34 | DEBUG    | [adapter   :get_iterator      : 181] | 🐞 Creating DataLoader: size=1017, batch_size=8, shuffle=False, collate_fn=Assigned, other_kwargs={}
2025-05-18 19:22:41 | DEBUG    | [adapter   :get_split_datasets: 124] | 🐞 Split created: 813 train, 204 validation.
2025-05-18 19:22:41 | DEBUG    | [adapter   :get_iterator      : 181] | 🐞 Creating DataLoader: size=813, batch_size=8, shuffle=True, collate_fn=Assigned, other_kwargs={}
2025-05-18 19:22:41 | DEBUG    | [adapter   :get_iterator      : 181] | 🐞 Creating DataLoader: size=204, batch_size=8, shuffle=False, collate_fn=Assigned, other_kwargs={}
2025-05-18 19:22:54 | INFO     | [callbacks :on_epoch_end      : 147] | ℹ️   epoch    train_acc    train_loss    valid_acc    valid_loss   cp       lr      dur
2025-05-18 19:22:54 | INFO     | [callbacks :on_epoch_end      : 147] | ℹ️ -------  -----------  ------------  -----------  ------------  ----  ------  -------
2025-05-18 19:22:54 | INFO     | [callbacks :on_epoch_end      : 147] | ℹ️       1     ▲ 0.1907      ▼ 2.5854     ▲ 0.1814      ▼ 2.3454        0.0001  13.6274
2025-05-18 19:23:03 | INFO     | [callbacks :on_epoch_end      : 147] | ℹ️       2     ▲ 0.2509      ▼ 2.2548     ▲ 0.2696      ▼ 2.1290        0.0001  8.8336
2025-05-18 19:23:12 | INFO     | [callbacks :on_epoch_end      : 147] | ℹ️       3     ▲ 0.2817      ▼ 2.1334     ▲ 0.3333      ▼ 2.0913        0.0001  8.9897
2025-05-18 19:23:21 | INFO     | [callbacks :on_epoch_end      : 147] | ℹ️       4     ▲ 0.3038      ▼ 2.0311       0.3088        2.1507        0.0001  8.8211
2025-05-18 19:23:21 | DEBUG    | [adapter   :get_iterator      : 154] | 🐞 get_iterator creating PathImageDataset for evaluation/prediction.
2025-05-18 19:23:21 | DEBUG    | [adapter   :get_iterator      : 181] | 🐞 Creating DataLoader: size=1017, batch_size=8, shuffle=False, collate_fn=Assigned, other_kwargs={}
2025-05-18 19:23:25 | DEBUG    | [adapter   :get_iterator      : 154] | 🐞 get_iterator creating PathImageDataset for evaluation/prediction.
2025-05-18 19:23:25 | DEBUG    | [adapter   :get_iterator      : 181] | 🐞 Creating DataLoader: size=1017, batch_size=8, shuffle=False, collate_fn=Assigned, other_kwargs={}
2025-05-18 19:23:30 | DEBUG    | [adapter   :get_split_datasets: 124] | 🐞 Split created: 813 train, 204 validation.
2025-05-18 19:23:30 | DEBUG    | [adapter   :get_iterator      : 181] | 🐞 Creating DataLoader: size=813, batch_size=8, shuffle=True, collate_fn=Assigned, other_kwargs={}
2025-05-18 19:23:30 | DEBUG    | [adapter   :get_iterator      : 181] | 🐞 Creating DataLoader: size=204, batch_size=8, shuffle=False, collate_fn=Assigned, other_kwargs={}
2025-05-18 19:23:41 | INFO     | [callbacks :on_epoch_end      : 147] | ℹ️   epoch    train_acc    train_loss    valid_acc    valid_loss   cp      lr      dur
2025-05-18 19:23:41 | INFO     | [callbacks :on_epoch_end      : 147] | ℹ️ -------  -----------  ------------  -----------  ------------  ----  -----  -------
2025-05-18 19:23:41 | INFO     | [callbacks :on_epoch_end      : 147] | ℹ️       1     ▲ 0.1661      ▼ 7.8321     ▲ 0.1716      ▼ 5.0760        0.001  10.7587
2025-05-18 19:23:50 | INFO     | [callbacks :on_epoch_end      : 147] | ℹ️       2       0.1574      ▼ 2.9648       0.1618      ▼ 3.9948        0.001  8.8009
2025-05-18 19:23:59 | INFO     | [callbacks :on_epoch_end      : 147] | ℹ️       3        0.155      ▼ 2.6784     ▲ 0.2255      ▼ 3.1741        0.001  8.8158
2025-05-18 19:24:08 | INFO     | [callbacks :on_epoch_end      : 147] | ℹ️       4     ▲ 0.1820      ▼ 2.4156       0.1863      ▼ 3.1133        0.001  9.267
2025-05-18 19:24:08 | DEBUG    | [adapter   :get_iterator      : 154] | 🐞 get_iterator creating PathImageDataset for evaluation/prediction.
2025-05-18 19:24:08 | DEBUG    | [adapter   :get_iterator      : 181] | 🐞 Creating DataLoader: size=1017, batch_size=8, shuffle=False, collate_fn=Assigned, other_kwargs={}
2025-05-18 19:24:13 | DEBUG    | [adapter   :get_iterator      : 154] | 🐞 get_iterator creating PathImageDataset for evaluation/prediction.
2025-05-18 19:24:13 | DEBUG    | [adapter   :get_iterator      : 181] | 🐞 Creating DataLoader: size=1017, batch_size=8, shuffle=False, collate_fn=Assigned, other_kwargs={}
2025-05-18 19:24:17 | DEBUG    | [adapter   :get_split_datasets: 124] | 🐞 Split created: 813 train, 204 validation.
2025-05-18 19:24:17 | DEBUG    | [adapter   :get_iterator      : 181] | 🐞 Creating DataLoader: size=813, batch_size=8, shuffle=True, collate_fn=Assigned, other_kwargs={}
2025-05-18 19:24:17 | DEBUG    | [adapter   :get_iterator      : 181] | 🐞 Creating DataLoader: size=204, batch_size=8, shuffle=False, collate_fn=Assigned, other_kwargs={}
2025-05-18 19:24:31 | INFO     | [callbacks :on_epoch_end      : 147] | ℹ️   epoch    train_acc    train_loss    valid_acc    valid_loss   cp      lr      dur
2025-05-18 19:24:31 | INFO     | [callbacks :on_epoch_end      : 147] | ℹ️ -------  -----------  ------------  -----------  ------------  ----  -----  -------
2025-05-18 19:24:31 | INFO     | [callbacks :on_epoch_end      : 147] | ℹ️       1     ▲ 0.1402      ▼ 7.3183     ▲ 0.1176      ▼ 6.9423        0.001  14.4528
2025-05-18 19:24:42 | INFO     | [callbacks :on_epoch_end      : 147] | ℹ️       2        0.123      ▼ 2.9082     ▲ 0.1422      ▼ 3.2793        0.001  10.4738
2025-05-18 19:24:52 | INFO     | [callbacks :on_epoch_end      : 147] | ℹ️       3     ▲ 0.1513      ▼ 2.6325     ▲ 0.1569        3.3441        0.001  10.2644
2025-05-18 19:25:01 | INFO     | [callbacks :on_epoch_end      : 147] | ℹ️       4     ▲ 0.1722      ▼ 2.4289     ▲ 0.2206      ▼ 2.7624        0.001  9.2518
2025-05-18 19:25:01 | DEBUG    | [adapter   :get_iterator      : 154] | 🐞 get_iterator creating PathImageDataset for evaluation/prediction.
2025-05-18 19:25:01 | DEBUG    | [adapter   :get_iterator      : 181] | 🐞 Creating DataLoader: size=1017, batch_size=8, shuffle=False, collate_fn=Assigned, other_kwargs={}
2025-05-18 19:25:05 | DEBUG    | [adapter   :get_iterator      : 154] | 🐞 get_iterator creating PathImageDataset for evaluation/prediction.
2025-05-18 19:25:05 | DEBUG    | [adapter   :get_iterator      : 181] | 🐞 Creating DataLoader: size=1017, batch_size=8, shuffle=False, collate_fn=Assigned, other_kwargs={}
2025-05-18 19:25:11 | DEBUG    | [adapter   :get_split_datasets: 124] | 🐞 Split created: 1627 train, 407 validation.
2025-05-18 19:25:11 | DEBUG    | [adapter   :get_iterator      : 181] | 🐞 Creating DataLoader: size=1627, batch_size=8, shuffle=True, collate_fn=Assigned, other_kwargs={}
2025-05-18 19:25:11 | DEBUG    | [adapter   :get_iterator      : 181] | 🐞 Creating DataLoader: size=407, batch_size=8, shuffle=False, collate_fn=Assigned, other_kwargs={}
2025-05-18 19:25:32 | INFO     | [callbacks :on_epoch_end      : 147] | ℹ️   epoch    train_acc    train_loss    valid_acc    valid_loss   cp       lr      dur
2025-05-18 19:25:32 | INFO     | [callbacks :on_epoch_end      : 147] | ℹ️ -------  -----------  ------------  -----------  ------------  ----  ------  -------
2025-05-18 19:25:32 | INFO     | [callbacks :on_epoch_end      : 147] | ℹ️       1     ▲ 0.2237      ▼ 2.4479     ▲ 0.2850      ▼ 2.3733        0.0001  21.1468
2025-05-18 19:25:58 | INFO     | [callbacks :on_epoch_end      : 147] | ℹ️       2     ▲ 0.2631      ▼ 2.1617     ▲ 0.2973      ▼ 2.0960        0.0001  25.4519
2025-05-18 19:26:18 | INFO     | [callbacks :on_epoch_end      : 147] | ℹ️       3     ▲ 0.2876      ▼ 2.0862     ▲ 0.3317        2.1553        0.0001  20.4807
2025-05-18 19:26:37 | INFO     | [callbacks :on_epoch_end      : 147] | ℹ️       4     ▲ 0.3061      ▼ 2.0356       0.3194        2.1646        0.0001  18.3029
2025-05-18 19:26:37 | INFO     | [pipeline  :non_nested_grid...: 655] | ℹ️ Search completed.
2025-05-18 19:26:37 | INFO     | [pipeline  :non_nested_grid...: 659] | ℹ️ --- GridSearchCV Internal CV Progress (Captured) ---
2025-05-18 19:26:37 | INFO     | [pipeline  :non_nested_grid...: 661] | ℹ️ [SKL_CV] Fitting 2 folds for each of 2 candidates, totalling 4 fits
2025-05-18 19:26:37 | INFO     | [pipeline  :non_nested_grid...: 661] | ℹ️ [SKL_CV] [CV 1/2] END batch_size=8, lr=0.0001, max_epochs=4, optimizer__weight_decay=0.01;, score=(train=0.406, test=0.296) total time=  44.7s
2025-05-18 19:26:37 | INFO     | [pipeline  :non_nested_grid...: 661] | ℹ️ [SKL_CV] [CV 2/2] END batch_size=8, lr=0.0001, max_epochs=4, optimizer__weight_decay=0.01;, score=(train=0.434, test=0.314) total time=  44.1s
2025-05-18 19:26:37 | INFO     | [pipeline  :non_nested_grid...: 661] | ℹ️ [SKL_CV] [CV 1/2] END batch_size=8, lr=0.001, max_epochs=4, optimizer__weight_decay=0.01;, score=(train=0.241, test=0.216) total time=  42.2s
2025-05-18 19:26:37 | INFO     | [pipeline  :non_nested_grid...: 661] | ℹ️ [SKL_CV] [CV 2/2] END batch_size=8, lr=0.001, max_epochs=4, optimizer__weight_decay=0.01;, score=(train=0.244, test=0.204) total time=  48.4s
2025-05-18 19:26:37 | INFO     | [pipeline  :non_nested_grid...: 662] | ℹ️ --- End GridSearchCV Internal CV Progress ---
2025-05-18 19:26:37 | INFO     | [pipeline  :non_nested_grid...: 696] | ℹ️ Updating main pipeline_v1 adapter with the best model found and refit by GridSearchCV.
2025-05-18 19:26:37 | INFO     | [pipeline  :non_nested_grid...: 721] | ℹ️ Best refit model (on full train-val) converged at epoch: 2
2025-05-18 19:26:37 | INFO     | [pipeline  :non_nested_grid...: 754] | ℹ️ Best refit model state_dict saved via repository to: C:\Users\Stefan\Documents\GitHub\UBB-Y3-AI-Research\model_src\experiments\CCSN\cnn\20250518_192150_seed42\non_nested_grid_192150\cnn_best_batch_size=8_lr=0.0001_max_epochs=4_weight_decay=0_cv_score0p3048.pt
2025-05-18 19:26:37 | DEBUG    | [pipeline  :_save_results     : 416] | 🐞 Results detail level overridden for this run to: 2
2025-05-18 19:26:37 | DEBUG    | [pipeline  :_save_results     : 424] | 🐞 Saving results for non_nested_grid_192150 (detail level: 2)
2025-05-18 19:26:37 | INFO     | [pipeline  :_save_results     : 533] | ℹ️ Results JSON saved via repository to: experiments/CCSN/cnn/20250518_192150_seed42/non_nested_grid_192150/non_nested_grid_search_results.json
2025-05-18 19:26:37 | INFO     | [pipeline  :non_nested_grid...: 801] | ℹ️ Plotting non_nested_cv results for non_nested_grid_192150 (plot level 2).
2025-05-18 19:26:38 | INFO     | [plotter   :plot_non_nested...: 604] | ℹ️ Plotting non_nested_cv results for: non_nested_grid_192150
2025-05-18 19:26:39 | INFO     | [plotter   :_generate_grid_...: 390] | ℹ️ Grid search summary table saved via repository to: experiments/CCSN/cnn/20250518_192150_seed42/non_nested_grid_192150/non_nested_grid_search_plots/grid_search_summary.txt
2025-05-18 19:26:39 | INFO     | [plotter   :plot_non_nested...: 625] | ℹ️ Finished plotting for non_nested_cv: non_nested_grid_192150
2025-05-18 19:26:39 | INFO     | [pipeline  :non_nested_grid...: 816] | ℹ️ Non-nested grid search finished. Best CV score (accuracy): 0.3048
2025-05-18 19:26:39 | INFO     | [pipeline  :non_nested_grid...: 817] | ℹ️ Best parameters found: {'batch_size': 8, 'lr': 0.0001, 'max_epochs': 4, 'optimizer__weight_decay': 0.01}
2025-05-18 19:26:39 | INFO     | [pipeline  :non_nested_grid...: 818] | ℹ️ Pipeline adapter has been updated with the best model refit on train+validation data.
2025-05-18 19:26:39 | INFO     | [executor  :run               : 202] | ℹ️ --- Method non_nested_grid_search (non_nested_grid_search_0) completed successfully in 289.56s ---
2025-05-18 19:26:39 | INFO     | [executor  :run               : 170] | ℹ️ --- Running Method 2/2: single_eval (single_eval_1) ---
2025-05-18 19:26:39 | DEBUG    | [executor  :run               : 195] | 🐞 Running with effective parameters: {}
2025-05-18 19:26:39 | INFO     | [pipeline  :single_eval       :1675] | ℹ️ Starting model evaluation on the test set...
2025-05-18 19:26:39 | INFO     | [pipeline  :single_eval       :1689] | ℹ️ Evaluating on 509 test samples...
2025-05-18 19:26:39 | DEBUG    | [adapter   :get_iterator      : 154] | 🐞 get_iterator creating PathImageDataset for evaluation/prediction.
2025-05-18 19:26:39 | DEBUG    | [adapter   :get_iterator      : 181] | 🐞 Creating DataLoader: size=509, batch_size=8, shuffle=False, collate_fn=Assigned, other_kwargs={}
2025-05-18 19:26:43 | DEBUG    | [adapter   :get_iterator      : 154] | 🐞 get_iterator creating PathImageDataset for evaluation/prediction.
2025-05-18 19:26:43 | DEBUG    | [adapter   :get_iterator      : 181] | 🐞 Creating DataLoader: size=509, batch_size=8, shuffle=False, collate_fn=Assigned, other_kwargs={}
2025-05-18 19:26:50 | DEBUG    | [pipeline  :_compute_metrics  : 396] | 🐞 Computed Metrics: Acc=0.3242, Macro F1=0.2885
2025-05-18 19:26:50 | DEBUG    | [pipeline  :_save_results     : 418] | 🐞 Using pipeline results detail level for this run: 3
2025-05-18 19:26:50 | DEBUG    | [pipeline  :_save_results     : 424] | 🐞 Saving results for single_eval_192639 (detail level: 3)
2025-05-18 19:26:50 | INFO     | [pipeline  :_save_results     : 533] | ℹ️ Results JSON saved via repository to: experiments/CCSN/cnn/20250518_192150_seed42/single_eval_192639/single_eval_results.json
2025-05-18 19:26:50 | INFO     | [pipeline  :single_eval       :1745] | ℹ️ Plotting single_eval results for single_eval_192639 (plot level 2).
2025-05-18 19:26:50 | INFO     | [plotter   :plot_single_eva...: 540] | ℹ️ Plotting single_eval results for: unknown_run
2025-05-18 19:26:57 | INFO     | [plotter   :plot_single_eva...: 588] | ℹ️ Finished plotting for single_eval: unknown_run
2025-05-18 19:26:57 | INFO     | [executor  :run               : 202] | ℹ️ --- Method single_eval (single_eval_1) completed successfully in 17.49s ---
2025-05-18 19:26:57 | INFO     | [executor  :run               : 216] | ℹ️ Pipeline execution finished in 307.05s.
2025-05-18 19:26:57 | INFO     | [main      :<module>          : 250] | ℹ️ --- Final Execution Results Summary ---
2025-05-18 19:26:57 | INFO     | [main      :<module>          : 259] | ℹ️ Method non_nested_grid_search_0: Completed. (Acc: nan, F1: nan, BestScore: 0.3048)
2025-05-18 19:26:57 | INFO     | [main      :<module>          : 259] | ℹ️ Method single_eval_1: Completed. (Acc: nan, F1: 0.2885, BestScore: nan)
