Timestamp           | Level    | Location                             | Message
--------------------+----------+--------------------------------------+---------------------------------------------------
2025-05-17 12:52:09 | INFO     | [logger_...:setup_logger      : 153] | ℹ️ Logger 'ImgClassPipe' initialized. Log file: C:\Users\Stefan Alexandrescu\Documents\GitHub\UBB-Y3-AI-Research\model_src\experiments\CCSN\svit\20250517_125209_seed42\experiment_run_20250517_125209_seed42.log
2025-05-17 12:52:09 | INFO     | [executor  :__init__          : 119] | ℹ️ --- Starting Experiment Run (ID: 20250517_125209_seed42) ---
2025-05-17 12:52:09 | INFO     | [executor  :__init__          : 120] | ℹ️ Executor initialized for model 'svit' on dataset 'CCSN'
2025-05-17 12:52:09 | INFO     | [executor  :__init__          : 123] | ℹ️ Local artifact storage base: C:\Users\Stefan Alexandrescu\Documents\GitHub\UBB-Y3-AI-Research\model_src
2025-05-17 12:52:09 | INFO     | [executor  :__init__          : 127] | ℹ️ Base key/prefix for this run's artifacts: experiments/CCSN/svit/20250517_125209_seed42
2025-05-17 12:52:09 | DEBUG    | [executor  :_validate_methods : 156] | 🐞 Basic method validation successful.
2025-05-17 12:52:09 | INFO     | [executor  :__init__          : 137] | ℹ️ Executor configured to run methods: non_nested_grid_search, single_eval
2025-05-17 12:52:09 | INFO     | [executor  :run               : 166] | ℹ️ Starting execution of pipeline methods...
2025-05-17 12:52:09 | INFO     | [executor  :run               : 170] | ℹ️ --- Running Method 1/2: non_nested_grid_search (non_nested_grid_search_0) ---
2025-05-17 12:52:09 | DEBUG    | [executor  :run               : 195] | 🐞 Running with effective parameters: {'param_grid': {'lr': [0.0001, 0.0003, 0.001], 'batch_size': [32, 64], 'optimizer__weight_decay': [0.01, 0.05, 0.1], 'max_epochs': [50, 100, 150], 'module__embed_dim': [512, 768], 'module__depth': [6, 8, 12], 'module__num_heads': [8, 12], 'module__mlp_ratio': [3.0, 4.0], 'module__projection_dropout': [0.0, 0.1], 'module__attention_dropout': [0.0, 0.1], 'module__mlp_dropout': [0.0, 0.1], 'module__head_hidden_dims': [None, [256], [512, 256]], 'module__head_dropout_rate': [0.0, 0.2, 0.5], 'module__img_size': [224], 'module__patch_size': [16], 'module__pos_embedding_type': ['learnable']}, 'cv': 5, 'method': 'random', 'n_iter': 10, 'internal_val_split_ratio': 0.2, 'scoring': 'accuracy', 'save_best_model': True}
2025-05-17 12:52:09 | INFO     | [pipeline  :non_nested_grid...: 562] | ℹ️ Performing non-nested RandomizedSearchCV with 5-fold CV.
2025-05-17 12:52:09 | INFO     | [pipeline  :non_nested_grid...: 563] | ℹ️ Parameter Grid/Dist:
{
  "lr": [
    0.0001,
    0.0003,
    0.001
  ],
  "batch_size": [
    32,
    64
  ],
  "optimizer__weight_decay": [
    0.01,
    0.05,
    0.1
  ],
  "max_epochs": [
    50,
    100,
    150
  ],
  "module__embed_dim": [
    512,
    768
  ],
  "module__depth": [
    6,
    8,
    12
  ],
  "module__num_heads": [
    8,
    12
  ],
  "module__mlp_ratio": [
    3.0,
    4.0
  ],
  "module__projection_dropout": [
    0.0,
    0.1
  ],
  "module__attention_dropout": [
    0.0,
    0.1
  ],
  "module__mlp_dropout": [
    0.0,
    0.1
  ],
  "module__head_hidden_dims": [
    null,
    [
      256
    ],
    [
      512,
      256
    ]
  ],
  "module__head_dropout_rate": [
    0.0,
    0.2,
    0.5
  ],
  "module__img_size": [
    224
  ],
  "module__patch_size": [
    16
  ],
  "module__pos_embedding_type": [
    "learnable"
  ]
}
2025-05-17 12:52:09 | INFO     | [pipeline  :non_nested_grid...: 564] | ℹ️ Scoring Metric: accuracy
2025-05-17 12:52:09 | INFO     | [pipeline  :non_nested_grid...: 573] | ℹ️ Using 2034 samples for Train+Validation in GridSearchCV.
2025-05-17 12:52:09 | INFO     | [pipeline  :non_nested_grid...: 581] | ℹ️ Skorch internal validation split configured: 20.0% of each CV fold's training data.
2025-05-17 12:52:09 | INFO     | [pipeline  :non_nested_grid...: 615] | ℹ️ Fitting RandomizedSearchCV on train+validation data (search verbose=3)...
2025-05-17 12:52:09 | INFO     | [pipeline  :non_nested_grid...: 633] | ℹ️ Target number of iterations (RandomizedSearchCV): 10
2025-05-17 12:52:09 | DEBUG    | [adapter   :get_split_datasets: 124] | 🐞 Split created: 1301 train, 326 validation.
2025-05-17 12:52:09 | DEBUG    | [adapter   :get_iterator      : 181] | 🐞 Creating DataLoader: size=1301, batch_size=32, shuffle=True, collate_fn=Assigned, other_kwargs={}
2025-05-17 12:52:09 | DEBUG    | [adapter   :get_iterator      : 181] | 🐞 Creating DataLoader: size=326, batch_size=32, shuffle=False, collate_fn=Assigned, other_kwargs={}
2025-05-17 12:52:16 | INFO     | [callbacks :on_epoch_end      : 147] | ℹ️   epoch    train_acc    train_loss    valid_acc    valid_loss   cp       lr     dur
2025-05-17 12:52:16 | INFO     | [callbacks :on_epoch_end      : 147] | ℹ️ -------  -----------  ------------  -----------  ------------  ----  ------  ------
2025-05-17 12:52:16 | INFO     | [callbacks :on_epoch_end      : 147] | ℹ️       1     ▲ 0.1445      ▼ 2.4341     ▲ 0.2147      ▼ 2.2494        0.0003  7.2102
2025-05-17 12:52:25 | INFO     | [callbacks :on_epoch_end      : 147] | ℹ️       2     ▲ 0.2075      ▼ 2.2563       0.1933        2.2974        0.0003  8.5011
2025-05-17 12:52:34 | INFO     | [callbacks :on_epoch_end      : 147] | ℹ️       3       0.2052      ▼ 2.2530     ▲ 0.2239      ▼ 2.1765        0.0003  8.9636
2025-05-17 12:52:43 | INFO     | [callbacks :on_epoch_end      : 147] | ℹ️       4     ▲ 0.2137      ▼ 2.2020       0.2086      ▼ 2.1681        0.0003  9.5082
2025-05-17 12:52:52 | INFO     | [callbacks :on_epoch_end      : 147] | ℹ️       5     ▲ 0.2244      ▼ 2.1807     ▲ 0.2423      ▼ 2.1473        0.0003  9.0384
2025-05-17 12:53:01 | INFO     | [callbacks :on_epoch_end      : 147] | ℹ️       6     ▲ 0.2306      ▼ 2.1649     ▲ 0.2761      ▼ 2.0865        0.0003  9.102
2025-05-17 12:53:10 | INFO     | [callbacks :on_epoch_end      : 147] | ℹ️       7     ▲ 0.2352      ▼ 2.1476       0.2301         2.146        0.0003  9.0283
2025-05-17 12:53:19 | INFO     | [callbacks :on_epoch_end      : 147] | ℹ️       8     ▲ 0.2367        2.1506       0.2423        2.1396        0.0003  9.1387
2025-05-17 12:53:28 | INFO     | [callbacks :on_epoch_end      : 147] | ℹ️       9     ▲ 0.2490      ▼ 2.1180        0.273        2.0954        0.0003  8.8377
2025-05-17 12:53:37 | INFO     | [callbacks :on_epoch_end      : 147] | ℹ️      10       0.2429      ▼ 2.1149     ▲ 0.2822      ▼ 2.0564        0.0003  8.8653
2025-05-17 12:53:46 | INFO     | [callbacks :on_epoch_end      : 147] | ℹ️      11     ▲ 0.2667      ▼ 2.0990       0.2669        2.0664        0.0003  8.9965
2025-05-17 12:53:55 | INFO     | [callbacks :on_epoch_end      : 147] | ℹ️      12       0.2629      ▼ 2.0830       0.2546        2.0956        0.0003  9.0259
2025-05-17 12:54:04 | INFO     | [callbacks :on_epoch_end      : 147] | ℹ️      13     ▲ 0.2698      ▼ 2.0597     ▲ 0.2945        2.0765        0.0003  9.0065
2025-05-17 12:54:13 | INFO     | [callbacks :on_epoch_end      : 147] | ℹ️      14       0.2659        2.0844       0.2822        2.1004        0.0003  9.0082
2025-05-17 12:54:22 | INFO     | [callbacks :on_epoch_end      : 147] | ℹ️      15     ▲ 0.2913      ▼ 2.0548       0.2853        2.0599        0.0003  9.0029
2025-05-17 12:54:31 | INFO     | [callbacks :on_epoch_end      : 147] | ℹ️      16       0.2798        2.0659       0.2791        2.0657        3e-05  8.981
2025-05-17 12:54:40 | INFO     | [callbacks :on_epoch_end      : 147] | ℹ️      17     ▲ 0.3067      ▼ 1.9914       0.2914      ▼ 2.0090        3e-05  8.9673
2025-05-17 12:54:49 | INFO     | [callbacks :on_epoch_end      : 147] | ℹ️      18     ▲ 0.3367      ▼ 1.9309     ▲ 0.3129      ▼ 1.9775        3e-05  9.0267
2025-05-17 12:54:58 | INFO     | [callbacks :on_epoch_end      : 147] | ℹ️      19       0.3205      ▼ 1.9196     ▲ 0.3129      ▼ 1.9763        3e-05  9.0091
2025-05-17 12:55:07 | INFO     | [callbacks :on_epoch_end      : 147] | ℹ️      20       0.3251      ▼ 1.9126     ▲ 0.3252      ▼ 1.9705        3e-05  8.9406
2025-05-17 12:55:16 | INFO     | [callbacks :on_epoch_end      : 147] | ℹ️      21     ▲ 0.3490      ▼ 1.9063     ▲ 0.3313      ▼ 1.9414        3e-05  9.2362
2025-05-17 12:55:26 | INFO     | [callbacks :on_epoch_end      : 147] | ℹ️      22     ▲ 0.3582      ▼ 1.9015     ▲ 0.3313        1.9514        3e-05  9.1985
2025-05-17 12:55:35 | INFO     | [callbacks :on_epoch_end      : 147] | ℹ️      23       0.3397      ▼ 1.8808       0.3252        1.9442        3e-05  9.1227
2025-05-17 12:55:44 | INFO     | [callbacks :on_epoch_end      : 147] | ℹ️      24       0.3497      ▼ 1.8498       0.3067        1.9458        3e-05  9.0468
2025-05-17 12:55:53 | INFO     | [callbacks :on_epoch_end      : 147] | ℹ️      25     ▲ 0.3582        1.8658     ▲ 0.3405      ▼ 1.9322        3e-05  8.9685
2025-05-17 12:56:02 | INFO     | [callbacks :on_epoch_end      : 147] | ℹ️      26       0.3513        1.8565       0.3344          1.95        3e-05  8.9111
2025-05-17 12:56:11 | INFO     | [callbacks :on_epoch_end      : 147] | ℹ️      27     ▲ 0.3620      ▼ 1.8434       0.3374        1.9418        3e-05  9.0133
2025-05-17 12:56:20 | INFO     | [callbacks :on_epoch_end      : 147] | ℹ️      28     ▲ 0.3682         1.845       0.3374        1.9513        3e-05  9.0089
2025-05-17 12:56:29 | INFO     | [callbacks :on_epoch_end      : 147] | ℹ️      29       0.3651        1.8441       0.3282         1.965        3e-05  9.0343
2025-05-17 12:56:38 | INFO     | [callbacks :on_epoch_end      : 147] | ℹ️      30     ▲ 0.3866      ▼ 1.8211     ▲ 0.3436        1.9598        3e-05  9.0315
2025-05-17 12:56:46 | INFO     | [callbacks :on_epoch_end      : 147] | ℹ️      31       0.3774        1.8232       0.3344      ▼ 1.9299        3e-05  8.7773
2025-05-17 12:56:55 | INFO     | [callbacks :on_epoch_end      : 147] | ℹ️      32       0.3705      ▼ 1.8104       0.3374        1.9445        3e-05  8.9827
2025-05-17 12:57:04 | INFO     | [callbacks :on_epoch_end      : 147] | ℹ️      33       0.3805        1.8221       0.3252        1.9582        3e-05  8.8117
2025-05-17 12:57:13 | INFO     | [callbacks :on_epoch_end      : 147] | ℹ️      34       0.3766      ▼ 1.7972       0.3344        1.9396        3e-05  8.8019
2025-05-17 12:57:22 | INFO     | [callbacks :on_epoch_end      : 147] | ℹ️      35     ▲ 0.3882      ▼ 1.7848     ▲ 0.3466        1.9363        3e-05  8.9795
2025-05-17 12:57:31 | INFO     | [callbacks :on_epoch_end      : 147] | ℹ️      36       0.3782        1.7901     ▲ 0.3497      ▼ 1.9234        3e-05  9.1678
2025-05-17 12:57:41 | INFO     | [callbacks :on_epoch_end      : 147] | ℹ️      37       0.3843        1.7894       0.3436      ▼ 1.9075        3e-05  9.2604
2025-05-17 12:57:50 | INFO     | [callbacks :on_epoch_end      : 147] | ℹ️      38       0.3736      ▼ 1.7756       0.3436        1.9114        3e-05  9.0566
2025-05-17 12:57:59 | INFO     | [callbacks :on_epoch_end      : 147] | ℹ️      39       0.3751         1.781     ▲ 0.3497        1.9195        3e-05  9.0855
2025-05-17 12:58:08 | INFO     | [callbacks :on_epoch_end      : 147] | ℹ️      40     ▲ 0.3905      ▼ 1.7573       0.3344        1.9171        3e-05  9.0909
2025-05-17 12:58:17 | INFO     | [callbacks :on_epoch_end      : 147] | ℹ️      41     ▲ 0.4012      ▼ 1.7509     ▲ 0.3497      ▼ 1.9058        3e-05  9.0774
2025-05-17 12:58:26 | INFO     | [callbacks :on_epoch_end      : 147] | ℹ️      42       0.3982      ▼ 1.7347       0.3405        1.9314        3e-05  9.1865
2025-05-17 12:58:35 | INFO     | [callbacks :on_epoch_end      : 147] | ℹ️      43       0.3897        1.7564     ▲ 0.3497        1.9091        3e-05  9.1813
2025-05-17 12:58:38 | DEBUG    | [adapter   :get_iterator      : 154] | 🐞 get_iterator creating PathImageDataset for evaluation/prediction.
2025-05-17 12:58:38 | DEBUG    | [adapter   :get_iterator      : 181] | 🐞 Creating DataLoader: size=407, batch_size=32, shuffle=False, collate_fn=Assigned, other_kwargs={}
2025-05-17 12:58:39 | DEBUG    | [adapter   :get_iterator      : 154] | 🐞 get_iterator creating PathImageDataset for evaluation/prediction.
2025-05-17 12:58:39 | DEBUG    | [adapter   :get_iterator      : 181] | 🐞 Creating DataLoader: size=1627, batch_size=32, shuffle=False, collate_fn=Assigned, other_kwargs={}
2025-05-17 12:58:44 | DEBUG    | [adapter   :get_split_datasets: 124] | 🐞 Split created: 1301 train, 326 validation.
2025-05-17 12:58:44 | DEBUG    | [adapter   :get_iterator      : 181] | 🐞 Creating DataLoader: size=1301, batch_size=32, shuffle=True, collate_fn=Assigned, other_kwargs={}
2025-05-17 12:58:44 | DEBUG    | [adapter   :get_iterator      : 181] | 🐞 Creating DataLoader: size=326, batch_size=32, shuffle=False, collate_fn=Assigned, other_kwargs={}
2025-05-17 12:58:53 | INFO     | [callbacks :on_epoch_end      : 147] | ℹ️   epoch    train_acc    train_loss    valid_acc    valid_loss   cp       lr     dur
2025-05-17 12:58:53 | INFO     | [callbacks :on_epoch_end      : 147] | ℹ️ -------  -----------  ------------  -----------  ------------  ----  ------  ------
2025-05-17 12:58:53 | INFO     | [callbacks :on_epoch_end      : 147] | ℹ️       1     ▲ 0.1683      ▼ 2.4214     ▲ 0.1994      ▼ 2.2271        0.0003  9.0331
2025-05-17 12:59:02 | INFO     | [callbacks :on_epoch_end      : 147] | ℹ️       2     ▲ 0.1776      ▼ 2.2767       0.1779        2.2447        0.0003   9.05
2025-05-17 12:59:11 | INFO     | [callbacks :on_epoch_end      : 147] | ℹ️       3     ▲ 0.2014      ▼ 2.2266     ▲ 0.2270      ▼ 2.1979        0.0003  8.9965
2025-05-17 12:59:20 | INFO     | [callbacks :on_epoch_end      : 147] | ℹ️       4     ▲ 0.2414      ▼ 2.1902       0.2209      ▼ 2.1864        0.0003  8.9965
2025-05-17 12:59:29 | INFO     | [callbacks :on_epoch_end      : 147] | ℹ️       5       0.2006        2.2322     ▲ 0.2546      ▼ 2.0969        0.0003  8.9863
2025-05-17 12:59:38 | INFO     | [callbacks :on_epoch_end      : 147] | ℹ️       6     ▲ 0.2467      ▼ 2.1603       0.2025        2.1331        0.0003  8.9975
2025-05-17 12:59:47 | INFO     | [callbacks :on_epoch_end      : 147] | ℹ️       7       0.2291      ▼ 2.1438       0.2393      ▼ 2.0926        0.0003  8.9934
2025-05-17 12:59:55 | INFO     | [callbacks :on_epoch_end      : 147] | ℹ️       8     ▲ 0.2467      ▼ 2.1363       0.2239        2.1403        0.0003  8.8146
2025-05-17 13:00:04 | INFO     | [callbacks :on_epoch_end      : 147] | ℹ️       9     ▲ 0.2498      ▼ 2.1121     ▲ 0.2546      ▼ 2.0842        0.0003  8.7596
2025-05-17 13:00:13 | INFO     | [callbacks :on_epoch_end      : 147] | ℹ️      10     ▲ 0.2690      ▼ 2.0987       0.2454        2.0966        0.0003  8.6922
2025-05-17 13:00:22 | INFO     | [callbacks :on_epoch_end      : 147] | ℹ️      11     ▲ 0.2706      ▼ 2.0536       0.2485        2.1233        0.0003  9.1042
2025-05-17 13:00:31 | INFO     | [callbacks :on_epoch_end      : 147] | ℹ️      12       0.2483        2.1106     ▲ 0.2853        2.0935        0.0003  9.1469
2025-05-17 13:00:40 | INFO     | [callbacks :on_epoch_end      : 147] | ℹ️      13       0.2698        2.0966       0.2791        2.1015        0.0003  9.2539
2025-05-17 13:00:50 | INFO     | [callbacks :on_epoch_end      : 147] | ℹ️      14       0.2437        2.0628     ▲ 0.2945        2.1028        0.0003  9.2405
2025-05-17 13:00:58 | INFO     | [callbacks :on_epoch_end      : 147] | ℹ️      15       0.2652      ▼ 2.0509        0.273      ▼ 2.0489        0.0003   8.76
2025-05-17 13:01:07 | INFO     | [callbacks :on_epoch_end      : 147] | ℹ️      16     ▲ 0.2775      ▼ 2.0217        0.273        2.0688        0.0003  8.8585
2025-05-17 13:01:16 | INFO     | [callbacks :on_epoch_end      : 147] | ℹ️      17     ▲ 0.3013      ▼ 1.9973       0.2607      ▼ 2.0457        0.0003  9.0402
2025-05-17 13:01:25 | INFO     | [callbacks :on_epoch_end      : 147] | ℹ️      18       0.2813        2.0206       0.2853      ▼ 2.0149        0.0003  9.1043
2025-05-17 13:01:35 | INFO     | [callbacks :on_epoch_end      : 147] | ℹ️      19     ▲ 0.3105      ▼ 1.9886       0.2607        2.0699        0.0003  9.1969
2025-05-17 13:01:44 | INFO     | [callbacks :on_epoch_end      : 147] | ℹ️      20        0.279        2.0431       0.2853        2.0208        0.0003  9.0278
2025-05-17 13:01:53 | INFO     | [callbacks :on_epoch_end      : 147] | ℹ️      21       0.2998        1.9954       0.2362        2.0489        0.0003  9.1068
2025-05-17 13:02:02 | INFO     | [callbacks :on_epoch_end      : 147] | ℹ️      22       0.3028        2.0001     ▲ 0.3190      ▼ 2.0087        0.0003  9.1224
2025-05-17 13:02:11 | INFO     | [callbacks :on_epoch_end      : 147] | ℹ️      23       0.2867      ▼ 1.9860        0.273        2.0731        0.0003  9.0276
2025-05-17 13:02:20 | INFO     | [callbacks :on_epoch_end      : 147] | ℹ️      24       0.3028      ▼ 1.9468       0.3067      ▼ 1.9986        0.0003  9.0162
2025-05-17 13:02:29 | INFO     | [callbacks :on_epoch_end      : 147] | ℹ️      25       0.3082        1.9489       0.2577        2.0573        0.0003  9.0155
2025-05-17 13:02:38 | INFO     | [callbacks :on_epoch_end      : 147] | ℹ️      26       0.3075        1.9676       0.2945        2.0037        0.0003  8.9777
2025-05-17 13:02:47 | INFO     | [callbacks :on_epoch_end      : 147] | ℹ️      27       0.2952        1.9847       0.2669         2.049        0.0003  8.9033
2025-05-17 13:02:56 | INFO     | [callbacks :on_epoch_end      : 147] | ℹ️      28       0.3098      ▼ 1.9329       0.2975      ▼ 1.9927        0.0003  9.0395
2025-05-17 13:03:05 | INFO     | [callbacks :on_epoch_end      : 147] | ℹ️      29     ▲ 0.3198        1.9341       0.3037        2.0338        0.0003  9.0236
2025-05-17 13:03:14 | INFO     | [callbacks :on_epoch_end      : 147] | ℹ️      30       0.3113        1.9334       0.2975        2.0272        0.0003  8.9906
2025-05-17 13:03:23 | INFO     | [callbacks :on_epoch_end      : 147] | ℹ️      31       0.3182      ▼ 1.9233       0.3098      ▼ 1.9915        0.0003  8.9826
2025-05-17 13:03:32 | INFO     | [callbacks :on_epoch_end      : 147] | ℹ️      32       0.3082        1.9239       0.2945        2.0017        0.0003  9.0239
2025-05-17 13:03:41 | INFO     | [callbacks :on_epoch_end      : 147] | ℹ️      33       0.3151        1.9335       0.2975        2.0043        0.0003  8.952
2025-05-17 13:03:50 | INFO     | [callbacks :on_epoch_end      : 147] | ℹ️      34     ▲ 0.3367      ▼ 1.8943     ▲ 0.3313        1.9989        0.0003  9.0352
2025-05-17 13:03:59 | INFO     | [callbacks :on_epoch_end      : 147] | ℹ️      35     ▲ 0.3520      ▼ 1.8765       0.3067        2.0096        0.0003  8.9589
2025-05-17 13:04:08 | INFO     | [callbacks :on_epoch_end      : 147] | ℹ️      36       0.3351        1.9182       0.3067      ▼ 1.9830        0.0003  8.8605
2025-05-17 13:04:17 | INFO     | [callbacks :on_epoch_end      : 147] | ℹ️      37       0.3382      ▼ 1.8714       0.2975      ▼ 1.9822        0.0003  8.8531
2025-05-17 13:04:26 | INFO     | [callbacks :on_epoch_end      : 147] | ℹ️      38       0.3397      ▼ 1.8675       0.3252        2.0013        0.0003  9.0742
2025-05-17 13:04:35 | INFO     | [callbacks :on_epoch_end      : 147] | ℹ️      39       0.3428      ▼ 1.8646       0.2975        1.9955        0.0003  9.3695
2025-05-17 13:04:44 | INFO     | [callbacks :on_epoch_end      : 147] | ℹ️      40       0.3482      ▼ 1.8357       0.3221      ▼ 1.9807        0.0003  8.7693
2025-05-17 13:04:53 | INFO     | [callbacks :on_epoch_end      : 147] | ℹ️      41       0.3474        1.8575       0.3129      ▼ 1.9598        0.0003  8.9927
2025-05-17 13:05:02 | INFO     | [callbacks :on_epoch_end      : 147] | ℹ️      42     ▲ 0.3551      ▼ 1.8166        0.319        1.9699        0.0003  9.0144
2025-05-17 13:05:11 | INFO     | [callbacks :on_epoch_end      : 147] | ℹ️      43       0.3505        1.8344       0.3129        1.9624        0.0003  8.9312
2025-05-17 13:05:20 | INFO     | [callbacks :on_epoch_end      : 147] | ℹ️      44       0.3451         1.835       0.3067        2.0872        0.0003  8.8967
2025-05-17 13:05:28 | INFO     | [callbacks :on_epoch_end      : 147] | ℹ️      45     ▲ 0.3582        1.8327       0.3252        1.9808        0.0003  8.7334
2025-05-17 13:05:37 | INFO     | [callbacks :on_epoch_end      : 147] | ℹ️      46       0.3428        1.8457     ▲ 0.3436      ▼ 1.9352        0.0003  8.991
2025-05-17 13:05:46 | INFO     | [callbacks :on_epoch_end      : 147] | ℹ️      47        0.339         1.833       0.3098        1.9772        0.0003  8.9357
2025-05-17 13:05:55 | INFO     | [callbacks :on_epoch_end      : 147] | ℹ️      48       0.3297        1.8529       0.3313        1.9458        0.0003  8.8731
2025-05-17 13:06:04 | INFO     | [callbacks :on_epoch_end      : 147] | ℹ️      49       0.3374        1.8292       0.2853        2.0384        0.0003  8.7527
2025-05-17 13:06:13 | INFO     | [callbacks :on_epoch_end      : 147] | ℹ️      50        0.339      ▼ 1.8160       0.3252      ▼ 1.9339        0.0003  8.8742
2025-05-17 13:06:13 | DEBUG    | [adapter   :get_iterator      : 154] | 🐞 get_iterator creating PathImageDataset for evaluation/prediction.
2025-05-17 13:06:13 | DEBUG    | [adapter   :get_iterator      : 181] | 🐞 Creating DataLoader: size=407, batch_size=32, shuffle=False, collate_fn=Assigned, other_kwargs={}
2025-05-17 13:06:14 | DEBUG    | [adapter   :get_iterator      : 154] | 🐞 get_iterator creating PathImageDataset for evaluation/prediction.
2025-05-17 13:06:14 | DEBUG    | [adapter   :get_iterator      : 181] | 🐞 Creating DataLoader: size=1627, batch_size=32, shuffle=False, collate_fn=Assigned, other_kwargs={}
2025-05-17 13:06:18 | DEBUG    | [adapter   :get_split_datasets: 124] | 🐞 Split created: 1301 train, 326 validation.
2025-05-17 13:06:18 | DEBUG    | [adapter   :get_iterator      : 181] | 🐞 Creating DataLoader: size=1301, batch_size=32, shuffle=True, collate_fn=Assigned, other_kwargs={}
2025-05-17 13:06:18 | DEBUG    | [adapter   :get_iterator      : 181] | 🐞 Creating DataLoader: size=326, batch_size=32, shuffle=False, collate_fn=Assigned, other_kwargs={}
2025-05-17 13:06:27 | INFO     | [callbacks :on_epoch_end      : 147] | ℹ️   epoch    train_acc    train_loss    valid_acc    valid_loss   cp       lr    dur
2025-05-17 13:06:27 | INFO     | [callbacks :on_epoch_end      : 147] | ℹ️ -------  -----------  ------------  -----------  ------------  ----  ------  -----
2025-05-17 13:06:27 | INFO     | [callbacks :on_epoch_end      : 147] | ℹ️       1     ▲ 0.1545      ▼ 2.4514     ▲ 0.2025      ▼ 2.2668        0.0003  9.047
2025-05-17 13:06:36 | INFO     | [callbacks :on_epoch_end      : 147] | ℹ️       2     ▲ 0.1837      ▼ 2.2994       0.1871        2.2769        0.0003  8.9694
2025-05-17 13:06:45 | INFO     | [callbacks :on_epoch_end      : 147] | ℹ️       3     ▲ 0.2014      ▼ 2.2428     ▲ 0.2393      ▼ 2.2029        0.0003  9.0064
2025-05-17 13:06:54 | INFO     | [callbacks :on_epoch_end      : 147] | ℹ️       4     ▲ 0.2183      ▼ 2.1956       0.1994        2.2436        0.0003  8.9964
2025-05-17 13:07:03 | INFO     | [callbacks :on_epoch_end      : 147] | ℹ️       5       0.2175      ▼ 2.1941     ▲ 0.2393      ▼ 2.1814        0.0003  8.9899
2025-05-17 13:07:12 | INFO     | [callbacks :on_epoch_end      : 147] | ℹ️       6     ▲ 0.2221      ▼ 2.1835       0.2117        2.2247        0.0003  8.7646
2025-05-17 13:07:21 | INFO     | [callbacks :on_epoch_end      : 147] | ℹ️       7       0.2098        2.1847     ▲ 0.2454      ▼ 2.1279        0.0003  8.9426
2025-05-17 13:07:30 | INFO     | [callbacks :on_epoch_end      : 147] | ℹ️       8     ▲ 0.2560      ▼ 2.1479       0.2178        2.1363        0.0003  9.0193
2025-05-17 13:07:39 | INFO     | [callbacks :on_epoch_end      : 147] | ℹ️       9       0.2367      ▼ 2.1138       0.2055        2.1904        0.0003  8.963
2025-05-17 13:07:48 | INFO     | [callbacks :on_epoch_end      : 147] | ℹ️      10       0.2406        2.1591       0.2209        2.1434        0.0003  9.0196
2025-05-17 13:07:57 | INFO     | [callbacks :on_epoch_end      : 147] | ℹ️      11       0.2475        2.1262     ▲ 0.2454          2.15        0.0003  8.9648
2025-05-17 13:08:06 | INFO     | [callbacks :on_epoch_end      : 147] | ℹ️      12     ▲ 0.2659      ▼ 2.0996     ▲ 0.2607      ▼ 2.0869        0.0003  9.0343
2025-05-17 13:08:15 | INFO     | [callbacks :on_epoch_end      : 147] | ℹ️      13     ▲ 0.2721      ▼ 2.0596       0.2454        2.1035        0.0003  8.9576
2025-05-17 13:08:24 | INFO     | [callbacks :on_epoch_end      : 147] | ℹ️      14       0.2575        2.0964       0.2577         2.148        0.0003  8.9374
2025-05-17 13:08:33 | INFO     | [callbacks :on_epoch_end      : 147] | ℹ️      15     ▲ 0.2721        2.0745     ▲ 0.2883      ▼ 2.0707        0.0003  8.9266
2025-05-17 13:08:42 | INFO     | [callbacks :on_epoch_end      : 147] | ℹ️      16       0.2629        2.0902       0.2209        2.1448        0.0003  8.9897
2025-05-17 13:08:51 | INFO     | [callbacks :on_epoch_end      : 147] | ℹ️      17        0.259        2.0721       0.2423         2.096        0.0003  8.9961
2025-05-17 13:09:00 | INFO     | [callbacks :on_epoch_end      : 147] | ℹ️      18       0.2683      ▼ 2.0337       0.2761      ▼ 2.0401        0.0003  8.8475
2025-05-17 13:09:09 | INFO     | [callbacks :on_epoch_end      : 147] | ℹ️      19     ▲ 0.2798      ▼ 2.0325       0.2515        2.0935        0.0003  8.8822
2025-05-17 13:09:18 | INFO     | [callbacks :on_epoch_end      : 147] | ℹ️      20     ▲ 0.2913      ▼ 2.0246       0.2515        2.0503        0.0003  9.057
2025-05-17 13:09:26 | INFO     | [callbacks :on_epoch_end      : 147] | ℹ️      21       0.2852        2.0279       0.2546        2.0565        0.0003  8.8041
2025-05-17 13:09:36 | INFO     | [callbacks :on_epoch_end      : 147] | ℹ️      22       0.2852      ▼ 2.0092       0.2761      ▼ 2.0342        0.0003  9.1047
2025-05-17 13:09:45 | INFO     | [callbacks :on_epoch_end      : 147] | ℹ️      23       0.2752          2.02        0.273        2.0484        0.0003  9.074
2025-05-17 13:09:54 | INFO     | [callbacks :on_epoch_end      : 147] | ℹ️      24     ▲ 0.3051      ▼ 1.9885       0.2822         2.037        0.0003  9.0238
2025-05-17 13:10:03 | INFO     | [callbacks :on_epoch_end      : 147] | ℹ️      25       0.2936        2.0077     ▲ 0.2883        2.0519        0.0003  9.1677
2025-05-17 13:10:12 | INFO     | [callbacks :on_epoch_end      : 147] | ℹ️      26     ▲ 0.3067      ▼ 1.9567     ▲ 0.2883        2.0893        0.0003  8.9822
2025-05-17 13:10:21 | INFO     | [callbacks :on_epoch_end      : 147] | ℹ️      27       0.2967        1.9788       0.2791        2.0734        0.0003  8.9676
2025-05-17 13:10:30 | INFO     | [callbacks :on_epoch_end      : 147] | ℹ️      28       0.3013        1.9642       0.2485        2.1344        3e-05   8.98
