Timestamp           | Level    | Location                             | Message
--------------------+----------+--------------------------------------+---------------------------------------------------
2025-06-04 01:28:44 | INFO     | [logger_...:setup_logger      : 153] | ℹ️ Logger 'ImgClassPipe' initialized. Log file: C:\Users\Stefan\Documents\GitHub\UBB-Y3-AI-Research\model_src\experiments\Swimcat-extend\pvit\20250604_012844_seed42\experiment_run_20250604_012844_seed42.log
2025-06-04 01:28:44 | INFO     | [executor  :__init__          : 101] | ℹ️ --- Starting Experiment Run (ID: 20250604_012844_seed42) ---
2025-06-04 01:28:44 | INFO     | [executor  :__init__          : 102] | ℹ️ Executor initialized for model 'pvit' on dataset 'Swimcat-extend'
2025-06-04 01:28:44 | INFO     | [executor  :__init__          : 105] | ℹ️ Local artifact storage base: C:\Users\Stefan\Documents\GitHub\UBB-Y3-AI-Research\model_src
2025-06-04 01:28:44 | INFO     | [executor  :__init__          : 109] | ℹ️ Base key/prefix for this run's artifacts: experiments/Swimcat-extend/pvit/20250604_012844_seed42
2025-06-04 01:28:44 | INFO     | [executor  :__init__          : 111] | ℹ️ Local log file for this run (might be temporary): C:\Users\Stefan\Documents\GitHub\UBB-Y3-AI-Research\model_src\experiments\Swimcat-extend\pvit\20250604_012844_seed42\experiment_run_20250604_012844_seed42.log
2025-06-04 01:28:44 | INFO     | [pipeline  :__init__          : 174] | ℹ️ Initializing Classification Pipeline:
2025-06-04 01:28:44 | INFO     | [pipeline  :__init__          : 175] | ℹ️   Dataset Path: C:\Users\Stefan\Documents\GitHub\UBB-Y3-AI-Research\model_src\data\Swimcat-extend
2025-06-04 01:28:44 | INFO     | [pipeline  :__init__          : 176] | ℹ️   Model Type: pvit
2025-06-04 01:28:44 | INFO     | [pipeline  :__init__          : 179] | ℹ️   Artifact base key prefix for this run: experiments/Swimcat-extend/pvit/20250604_012844_seed42 (using LocalFileSystemRepository)
2025-06-04 01:28:44 | INFO     | [pipeline  :__init__          : 183] | ℹ️   Default Augmentation Strategy: AugmentationStrategy.PAPER_CCSN
2025-06-04 01:28:44 | INFO     | [pipeline  :__init__          : 184] | ℹ️   Default Show First Batch Aug: True
2025-06-04 01:28:44 | INFO     | [dataset...:__init__          : 271] | ℹ️ Using augmentation strategy: AugmentationStrategy.PAPER_CCSN
2025-06-04 01:28:44 | INFO     | [dataset...:__init__          : 296] | ℹ️ Detected dataset structure: flat
2025-06-04 01:28:44 | INFO     | [dataset...:_load_paths_and...: 424] | ℹ️ Scanning FLAT dataset from C:\Users\Stefan\Documents\GitHub\UBB-Y3-AI-Research\model_src\data\Swimcat-extend...
2025-06-04 01:28:44 | INFO     | [dataset...:_load_paths_and...: 518] | ℹ️ Final Original Dataset sizes: 1680 original train+val, 420 original test. Offline augmented samples loaded: 0.
2025-06-04 01:28:44 | INFO     | [dataset...:__init__          : 319] | ℹ️ Found 6 classes: A-Clear Sky, B-Patterned Clouds, C-Thin White Clouds, D-Thick White Clouds, E-Thick Dark Clouds, F-Veil Clouds
2025-06-04 01:28:44 | INFO     | [dataset...:__init__          : 322] | ℹ️ Dataset sizes: 1680 train+val, 420 test. Total: 2100
2025-06-04 01:28:44 | INFO     | [pipeline  :__init__          : 194] | ℹ️   Artifact base key prefix for this run: experiments/Swimcat-extend/pvit/20250604_012844_seed42 (using LocalFileSystemRepository)
2025-06-04 01:28:44 | INFO     | [pipeline  :__init__          : 225] | ℹ️   Using Optimizer: AdamW
2025-06-04 01:28:44 | DEBUG    | [callbacks :get_default_cal...: 194] | 🐞 Default LRScheduler callback instance created with policy: ReduceLROnPlateau, kwargs: {'patience': 2, 'mode': 'min', 'factor': 0.1, 'min_lr': 1e-06, 'verbose': False}, monitor: valid_loss
2025-06-04 01:28:44 | INFO     | [pipeline  :__init__          : 270] | ℹ️   Model Adapter: Initialized with PretrainedViT
2025-06-04 01:28:44 | DEBUG    | [executor  :_validate_methods : 154] | 🐞 Basic method validation successful.
2025-06-04 01:28:44 | INFO     | [executor  :__init__          : 138] | ℹ️ Executor configured to run methods: single_train, single_eval
2025-06-04 01:28:44 | INFO     | [executor  :run               : 164] | ℹ️ Starting execution of pipeline methods...
2025-06-04 01:28:44 | INFO     | [executor  :run               : 168] | ℹ️ --- Running Method 1/2: single_train (single_train_0) ---
2025-06-04 01:28:44 | DEBUG    | [executor  :run               : 193] | 🐞 Running with effective parameters: {'params': {'max_epochs': 70, 'lr': 5e-05, 'batch_size': 16, 'optimizer': 'AdamW', 'optimizer__weight_decay': 0.2, 'callbacks__default_lr_scheduler__policy': 'CosineAnnealingLR', 'callbacks__default_lr_scheduler__T_max': 70, 'callbacks__default_lr_scheduler__eta_min': 1e-06, 'callbacks__default_early_stopping__patience': 15, 'cutmix_alpha': 1.0, 'cutmix_probability': 0.5, 'module__vit_model_variant': 'vit_b_16', 'module__pretrained': True, 'module__unfreeze_strategy': 'encoder_tail', 'module__num_transformer_blocks_to_unfreeze': 1, 'module__unfreeze_cls_token': True, 'module__unfreeze_pos_embedding': True, 'module__unfreeze_patch_embedding': False, 'module__unfreeze_encoder_layernorm': True, 'module__custom_head_hidden_dims': None, 'module__head_dropout_rate': 0.5, 'iterator_train__shuffle': True}, 'save_model': True, 'val_split_ratio': 0.1, 'results_detail_level': 2}
2025-06-04 01:28:44 | INFO     | [pipeline  :single_train      :1506] | ℹ️ Starting single training run...
2025-06-04 01:28:44 | INFO     | [pipeline  :single_train      :1559] | ℹ️ Using split: 1512 train / 168 validation samples.
2025-06-04 01:28:44 | INFO     | [pipeline  :single_train      :1566] | ℹ️ Applying custom parameters for this single_train run: {'max_epochs': 70, 'lr': 5e-05, 'batch_size': 16, 'optimizer': 'AdamW', 'optimizer__weight_decay': 0.2, 'callbacks__default_lr_scheduler__policy': 'CosineAnnealingLR', 'callbacks__default_lr_scheduler__T_max': 70, 'callbacks__default_lr_scheduler__eta_min': 1e-06, 'callbacks__default_early_stopping__patience': 15, 'cutmix_alpha': 1.0, 'cutmix_probability': 0.5, 'module__vit_model_variant': 'vit_b_16', 'module__pretrained': True, 'module__unfreeze_strategy': 'encoder_tail', 'module__num_transformer_blocks_to_unfreeze': 1, 'module__unfreeze_cls_token': True, 'module__unfreeze_pos_embedding': True, 'module__unfreeze_patch_embedding': False, 'module__unfreeze_encoder_layernorm': True, 'module__custom_head_hidden_dims': None, 'module__head_dropout_rate': 0.5, 'iterator_train__shuffle': True}
2025-06-04 01:28:44 | DEBUG    | [param_g...:parse_fixed_hyp...: 151] | 🐞 Created LRScheduler instance: policy=CosineAnnealingLR, direct_args={}, constructor_kwargs={'T_max': 70, 'eta_min': 1e-06}
2025-06-04 01:28:44 | INFO     | [pipeline  :single_train      :1628] | ℹ️ Fitting model (run_id: single_train_012844)...
2025-06-04 01:28:44 | DEBUG    | [pretrai...:__init__          :  38] | 🐞 Initializing PretrainedViT:
2025-06-04 01:28:44 | DEBUG    | [pretrai...:__init__          :  39] | 🐞   Model Variant: vit_b_16, Pretrained: True
2025-06-04 01:28:44 | DEBUG    | [pretrai...:__init__          :  40] | 🐞   Is Hybrid Input: False
2025-06-04 01:28:44 | DEBUG    | [pretrai...:__init__          :  43] | 🐞   Unfreeze Strategy (Encoder Blocks): encoder_tail
2025-06-04 01:28:44 | DEBUG    | [pretrai...:__init__          :  45] | 🐞   Num Transformer Blocks to Unfreeze: 1
2025-06-04 01:28:44 | DEBUG    | [pretrai...:__init__          :  46] | 🐞   Unfreeze CLS: True, PosEmb: True, PatchEmb: False, EncoderLN: True
2025-06-04 01:28:44 | DEBUG    | [pretrai...:__init__          :  48] | 🐞   Custom Head Hidden Dims: None, Head Dropout: 0.5
2025-06-04 01:28:45 | DEBUG    | [pretrai...:__init__          :  69] | 🐞 Loaded vit_b_16 from torchvision.
2025-06-04 01:28:45 | DEBUG    | [pretrai...:__init__          : 313] | 🐞 Created simple linear head (dropout: 0.5), in_feat=768.
2025-06-04 01:28:45 | INFO     | [pretrai...:__init__          : 323] | ℹ️ PretrainedViT (standard) - Trainable: CLS Token, Positional Embeddings, 1 Encoder Blocks, Encoder LayerNorm, Classification Head.
2025-06-04 01:28:45 | INFO     | [pretrai...:__init__          : 348] | ℹ️ PretrainedViT (standard): Trainable params: 7.25M / Total params: 85.80M (8.44%)
2025-06-04 01:28:45 | DEBUG    | [adapter   :get_split_datasets: 133] | 🐞 Validation split for fold created with 168 original samples.
2025-06-04 01:28:45 | DEBUG    | [adapter   :get_split_datasets: 176] | 🐞 No offline augmentations will be applied.
2025-06-04 01:28:45 | DEBUG    | [adapter   :get_split_datasets: 183] | 🐞 Total training split for fold created with 1512 samples.
2025-06-04 01:28:45 | DEBUG    | [adapter   :get_iterator      : 297] | 🐞 Creating DataLoader for training: dataset_len=1512, batch_size=16, shuffle=True, collate_fn_type='function', loader_kwargs={'num_workers': 0, 'pin_memory': False}
2025-06-04 01:28:45 | DEBUG    | [adapter   :get_iterator      : 297] | 🐞 Creating DataLoader for validation/evaluation: dataset_len=168, batch_size=16, shuffle=False, collate_fn_type='function', loader_kwargs={'num_workers': 0, 'pin_memory': False}
2025-06-04 01:29:39 | INFO     | [callbacks :on_epoch_end      : 147] | ℹ️   epoch    train_acc    train_loss    valid_acc    valid_loss   cp           lr      dur
2025-06-04 01:29:39 | INFO     | [callbacks :on_epoch_end      : 147] | ℹ️ -------  -----------  ------------  -----------  ------------  ----  ----------  -------
2025-06-04 01:29:39 | INFO     | [callbacks :on_epoch_end      : 147] | ℹ️       1     ▲ 0.5503      ▼ 1.1937     ▲ 0.9345      ▼ 0.3188        4.9975e-05  53.5417
2025-06-04 01:29:43 | WARNING  | [pipeline  :single_train      :1683] | ⚠️ Error finding best epoch based on validation. Reporting last epoch (2) stats.
2025-06-04 01:29:43 | INFO     | [pipeline  :single_train      :1710] | ℹ️ Model state_dict saved via repository to: C:\Users\Stefan\Documents\GitHub\UBB-Y3-AI-Research\model_src\experiments\Swimcat-extend\pvit\20250604_012844_seed42\single_train_012844\pvit_epoch2_no_val.pt
2025-06-04 01:29:43 | INFO     | [pipeline  :single_train      :1722] | ℹ️ Main pipeline model adapter updated from single_train run: single_train_012844
2025-06-04 01:29:43 | DEBUG    | [pipeline  :_save_results     : 467] | 🐞 Results detail level overridden for this run to: 2
2025-06-04 01:29:43 | DEBUG    | [pipeline  :_save_results     : 475] | 🐞 Saving results for single_train_012844 (detail level: 2)
2025-06-04 01:29:43 | INFO     | [pipeline  :_save_results     : 584] | ℹ️ Results JSON saved via repository to: experiments/Swimcat-extend/pvit/20250604_012844_seed42/single_train_012844/single_train_results.json
2025-06-04 01:29:43 | INFO     | [pipeline  :single_train      :1759] | ℹ️ Plotting single_train results for single_train_012844 (plot level 2).
2025-06-04 01:29:43 | INFO     | [plotter   :plot_single_tra...: 662] | ℹ️ Plotting single_train results for: single_train_012844
2025-06-04 01:29:44 | INFO     | [plotter   :plot_single_tra...: 680] | ℹ️ Finished plotting for single_train: single_train_012844
2025-06-04 01:29:44 | INFO     | [executor  :run               : 200] | ℹ️ --- Method single_train (single_train_0) completed successfully in 59.41s ---
2025-06-04 01:29:44 | INFO     | [executor  :run               : 168] | ℹ️ --- Running Method 2/2: single_eval (single_eval_1) ---
2025-06-04 01:29:44 | DEBUG    | [executor  :run               : 193] | 🐞 Running with effective parameters: {'plot_level': 2}
2025-06-04 01:29:44 | INFO     | [pipeline  :single_eval       :1780] | ℹ️ Starting model evaluation on the test set...
2025-06-04 01:29:44 | INFO     | [pipeline  :single_eval       :1794] | ℹ️ Evaluating on 420 test samples...
2025-06-04 01:29:44 | DEBUG    | [adapter   :get_iterator      : 297] | 🐞 Creating DataLoader for validation/evaluation: dataset_len=420, batch_size=16, shuffle=False, collate_fn_type='function', loader_kwargs={'num_workers': 0, 'pin_memory': False}
2025-06-04 01:29:48 | DEBUG    | [adapter   :get_iterator      : 297] | 🐞 Creating DataLoader for validation/evaluation: dataset_len=420, batch_size=16, shuffle=False, collate_fn_type='function', loader_kwargs={'num_workers': 0, 'pin_memory': False}
2025-06-04 01:29:52 | DEBUG    | [pipeline  :single_eval       :1811] | 🐞 Plot level overridden for this run to: 2
2025-06-04 01:29:52 | DEBUG    | [pipeline  :_compute_metrics  : 447] | 🐞 Computed Metrics: Acc=0.9333, Macro F1=0.9332
2025-06-04 01:29:52 | DEBUG    | [pipeline  :_save_results     : 469] | 🐞 Using pipeline results detail level for this run: 3
2025-06-04 01:29:52 | DEBUG    | [pipeline  :_save_results     : 475] | 🐞 Saving results for single_eval_012944 (detail level: 3)
2025-06-04 01:29:52 | INFO     | [pipeline  :_save_results     : 584] | ℹ️ Results JSON saved via repository to: experiments/Swimcat-extend/pvit/20250604_012844_seed42/single_eval_012944/single_eval_results.json
2025-06-04 01:29:52 | INFO     | [pipeline  :single_eval       :1854] | ℹ️ Plotting single_eval results for single_eval_012944 (plot level 2).
2025-06-04 01:29:52 | INFO     | [plotter   :plot_single_eva...: 697] | ℹ️ Plotting single_eval results for: single_eval_012944
2025-06-04 01:29:52 | INFO     | [plotter   :_generate_metri...: 246] | ℹ️ Metrics CSV saved via repository to: experiments/Swimcat-extend/pvit/20250604_012844_seed42/single_eval_012944/single_eval_plots/metrics_table.csv
2025-06-04 01:29:54 | INFO     | [plotter   :plot_single_eva...: 745] | ℹ️ Finished plotting for single_eval: single_eval_012944
2025-06-04 01:29:54 | INFO     | [executor  :run               : 200] | ℹ️ --- Method single_eval (single_eval_1) completed successfully in 9.86s ---
2025-06-04 01:29:54 | INFO     | [executor  :run               : 219] | ℹ️ Pipeline execution finished in 69.26s.
2025-06-04 01:29:54 | INFO     | [executor  :run               : 315] | ℹ️ Final log file available at: C:\Users\Stefan\Documents\GitHub\UBB-Y3-AI-Research\model_src\experiments\Swimcat-extend\pvit\20250604_012844_seed42\experiment_run_20250604_012844_seed42.log
2025-06-04 01:29:54 | INFO     | [main      :<module>          : 326] | ℹ️ --- Final Execution Results Summary ---
2025-06-04 01:29:54 | INFO     | [main      :<module>          : 335] | ℹ️ Method single_train_0: Completed. (Acc: nan, F1: nan, BestScore: nan)
2025-06-04 01:29:54 | INFO     | [main      :<module>          : 335] | ℹ️ Method single_eval_1: Completed. (Acc: nan, F1: 0.9332, BestScore: nan)
