Timestamp           | Level    | Location                             | Message
--------------------+----------+--------------------------------------+---------------------------------------------------
2025-05-17 11:56:23 | INFO     | [logger_...:setup_logger      : 153] | ℹ️ Logger 'ImgClassPipe' initialized. Log file: C:\Users\Stefan Alexandrescu\Documents\GitHub\UBB-Y3-AI-Research\model_src\experiments\CCSN\pvit\20250517_115623_seed42\experiment_run_20250517_115623_seed42.log
2025-05-17 11:56:23 | INFO     | [executor  :__init__          : 119] | ℹ️ --- Starting Experiment Run (ID: 20250517_115623_seed42) ---
2025-05-17 11:56:23 | INFO     | [executor  :__init__          : 120] | ℹ️ Executor initialized for model 'pvit' on dataset 'CCSN'
2025-05-17 11:56:23 | INFO     | [executor  :__init__          : 123] | ℹ️ Local artifact storage base: C:\Users\Stefan Alexandrescu\Documents\GitHub\UBB-Y3-AI-Research\model_src
2025-05-17 11:56:23 | INFO     | [executor  :__init__          : 127] | ℹ️ Base key/prefix for this run's artifacts: experiments/CCSN/pvit/20250517_115623_seed42
2025-05-17 11:56:23 | DEBUG    | [executor  :_validate_methods : 156] | 🐞 Basic method validation successful.
2025-05-17 11:56:23 | INFO     | [executor  :__init__          : 137] | ℹ️ Executor configured to run methods: non_nested_grid_search, single_eval
2025-05-17 11:56:23 | INFO     | [executor  :run               : 166] | ℹ️ Starting execution of pipeline methods...
2025-05-17 11:56:23 | INFO     | [executor  :run               : 170] | ℹ️ --- Running Method 1/2: non_nested_grid_search (non_nested_grid_search_0) ---
2025-05-17 11:56:23 | DEBUG    | [executor  :run               : 195] | 🐞 Running with effective parameters: {'param_grid': [{'module__vit_model_variant': ['vit_b_16'], 'module__pretrained': [True], 'module__unfreeze_strategy': ['encoder_tail'], 'module__num_transformer_blocks_to_unfreeze': [1, 2, 4], 'module__unfreeze_cls_token': [True], 'module__unfreeze_pos_embedding': [True], 'module__unfreeze_patch_embedding': [False], 'module__unfreeze_encoder_layernorm': [True], 'module__custom_head_hidden_dims': [None, [512]], 'module__head_dropout_rate': [0.0, 0.25, 0.5], 'lr': [1e-05, 5e-05, 0.0001], 'optimizer__weight_decay': [0.01, 0.05], 'batch_size': [8, 16], 'max_epochs': [20, 30, 50]}, {'module__vit_model_variant': ['vit_b_16'], 'module__pretrained': [True], 'module__unfreeze_strategy': ['none'], 'module__unfreeze_cls_token': [True], 'module__unfreeze_pos_embedding': [True], 'module__unfreeze_patch_embedding': [False], 'module__unfreeze_encoder_layernorm': [False], 'module__custom_head_hidden_dims': [None, [256], [512]], 'module__head_dropout_rate': [0.0, 0.2, 0.4], 'lr': [5e-05, 0.0001, 0.0005], 'optimizer__weight_decay': [0.0, 0.001, 0.01], 'batch_size': [16, 32], 'max_epochs': [15, 25]}], 'cv': 5, 'method': 'random', 'n_iter': 10, 'internal_val_split_ratio': 0.2, 'scoring': 'accuracy', 'save_best_model': True}
2025-05-17 11:56:23 | INFO     | [pipeline  :non_nested_grid...: 562] | ℹ️ Performing non-nested RandomizedSearchCV with 5-fold CV.
2025-05-17 11:56:23 | INFO     | [pipeline  :non_nested_grid...: 563] | ℹ️ Parameter Grid/Dist:
[
  {
    "module__vit_model_variant": [
      "vit_b_16"
    ],
    "module__pretrained": [
      true
    ],
    "module__unfreeze_strategy": [
      "encoder_tail"
    ],
    "module__num_transformer_blocks_to_unfreeze": [
      1,
      2,
      4
    ],
    "module__unfreeze_cls_token": [
      true
    ],
    "module__unfreeze_pos_embedding": [
      true
    ],
    "module__unfreeze_patch_embedding": [
      false
    ],
    "module__unfreeze_encoder_layernorm": [
      true
    ],
    "module__custom_head_hidden_dims": [
      null,
      [
        512
      ]
    ],
    "module__head_dropout_rate": [
      0.0,
      0.25,
      0.5
    ],
    "lr": [
      1e-05,
      5e-05,
      0.0001
    ],
    "optimizer__weight_decay": [
      0.01,
      0.05
    ],
    "batch_size": [
      8,
      16
    ],
    "max_epochs": [
      20,
      30,
      50
    ]
  },
  {
    "module__vit_model_variant": [
      "vit_b_16"
    ],
    "module__pretrained": [
      true
    ],
    "module__unfreeze_strategy": [
      "none"
    ],
    "module__unfreeze_cls_token": [
      true
    ],
    "module__unfreeze_pos_embedding": [
      true
    ],
    "module__unfreeze_patch_embedding": [
      false
    ],
    "module__unfreeze_encoder_layernorm": [
      false
    ],
    "module__custom_head_hidden_dims": [
      null,
      [
        256
      ],
      [
        512
      ]
    ],
    "module__head_dropout_rate": [
      0.0,
      0.2,
      0.4
    ],
    "lr": [
      5e-05,
      0.0001,
      0.0005
    ],
    "optimizer__weight_decay": [
      0.0,
      0.001,
      0.01
    ],
    "batch_size": [
      16,
      32
    ],
    "max_epochs": [
      15,
      25
    ]
  }
]
2025-05-17 11:56:23 | INFO     | [pipeline  :non_nested_grid...: 564] | ℹ️ Scoring Metric: accuracy
2025-05-17 11:56:23 | INFO     | [pipeline  :non_nested_grid...: 573] | ℹ️ Using 2034 samples for Train+Validation in GridSearchCV.
2025-05-17 11:56:23 | INFO     | [pipeline  :non_nested_grid...: 581] | ℹ️ Skorch internal validation split configured: 20.0% of each CV fold's training data.
2025-05-17 11:56:23 | INFO     | [pipeline  :non_nested_grid...: 615] | ℹ️ Fitting RandomizedSearchCV on train+validation data (search verbose=3)...
2025-05-17 11:56:23 | INFO     | [pipeline  :non_nested_grid...: 633] | ℹ️ Target number of iterations (RandomizedSearchCV): 10
2025-05-17 11:56:24 | DEBUG    | [adapter   :get_split_datasets: 124] | 🐞 Split created: 1301 train, 326 validation.
2025-05-17 11:56:24 | DEBUG    | [adapter   :get_iterator      : 181] | 🐞 Creating DataLoader: size=1301, batch_size=16, shuffle=True, collate_fn=Assigned, other_kwargs={}
2025-05-17 11:56:24 | DEBUG    | [adapter   :get_iterator      : 181] | 🐞 Creating DataLoader: size=326, batch_size=16, shuffle=False, collate_fn=Assigned, other_kwargs={}
2025-05-17 11:56:37 | INFO     | [callbacks :on_epoch_end      : 147] | ℹ️   epoch    train_acc    train_loss    valid_acc    valid_loss   cp       lr     dur
2025-05-17 11:56:37 | INFO     | [callbacks :on_epoch_end      : 147] | ℹ️ -------  -----------  ------------  -----------  ------------  ----  ------  ------
2025-05-17 11:56:37 | INFO     | [callbacks :on_epoch_end      : 147] | ℹ️       1     ▲ 0.2975      ▼ 2.0404     ▲ 0.3988      ▼ 1.7972        0.0005  13.502
2025-05-17 11:56:50 | INFO     | [callbacks :on_epoch_end      : 147] | ℹ️       2     ▲ 0.4473      ▼ 1.6311     ▲ 0.4264      ▼ 1.6375        0.0005  12.4225
2025-05-17 11:57:02 | INFO     | [callbacks :on_epoch_end      : 147] | ℹ️       3     ▲ 0.5088      ▼ 1.4388       0.3988      ▼ 1.6055        0.0005  12.5433
2025-05-17 11:57:15 | INFO     | [callbacks :on_epoch_end      : 147] | ℹ️       4     ▲ 0.5288      ▼ 1.3270     ▲ 0.4571      ▼ 1.5282        0.0005  12.5905
2025-05-17 11:57:27 | INFO     | [callbacks :on_epoch_end      : 147] | ℹ️       5     ▲ 0.5819      ▼ 1.2230       0.4387      ▼ 1.5231        0.0005  12.504
2025-05-17 11:57:40 | INFO     | [callbacks :on_epoch_end      : 147] | ℹ️       6     ▲ 0.6065      ▼ 1.1559     ▲ 0.4816      ▼ 1.4819        0.0005  12.4888
2025-05-17 11:57:52 | INFO     | [callbacks :on_epoch_end      : 147] | ℹ️       7     ▲ 0.6410      ▼ 1.0703       0.4601        1.5322        0.0005  12.5437
2025-05-17 11:58:05 | INFO     | [callbacks :on_epoch_end      : 147] | ℹ️       8     ▲ 0.6603      ▼ 1.0199       0.4663        1.5245        0.0005  12.3309
2025-05-17 11:58:17 | INFO     | [callbacks :on_epoch_end      : 147] | ℹ️       9     ▲ 0.6787      ▼ 0.9419     ▲ 0.4847        1.5657        0.0005  12.5701
2025-05-17 11:58:30 | INFO     | [callbacks :on_epoch_end      : 147] | ℹ️      10     ▲ 0.6841      ▼ 0.9069       0.4509        1.5756        0.0005  12.4043
2025-05-17 11:58:42 | DEBUG    | [adapter   :get_iterator      : 154] | 🐞 get_iterator creating PathImageDataset for evaluation/prediction.
2025-05-17 11:58:42 | DEBUG    | [adapter   :get_iterator      : 181] | 🐞 Creating DataLoader: size=407, batch_size=16, shuffle=False, collate_fn=Assigned, other_kwargs={}
2025-05-17 11:58:44 | DEBUG    | [adapter   :get_iterator      : 154] | 🐞 get_iterator creating PathImageDataset for evaluation/prediction.
2025-05-17 11:58:44 | DEBUG    | [adapter   :get_iterator      : 181] | 🐞 Creating DataLoader: size=1627, batch_size=16, shuffle=False, collate_fn=Assigned, other_kwargs={}
2025-05-17 11:58:49 | DEBUG    | [adapter   :get_split_datasets: 124] | 🐞 Split created: 1301 train, 326 validation.
2025-05-17 11:58:49 | DEBUG    | [adapter   :get_iterator      : 181] | 🐞 Creating DataLoader: size=1301, batch_size=16, shuffle=True, collate_fn=Assigned, other_kwargs={}
2025-05-17 11:58:49 | DEBUG    | [adapter   :get_iterator      : 181] | 🐞 Creating DataLoader: size=326, batch_size=16, shuffle=False, collate_fn=Assigned, other_kwargs={}
2025-05-17 11:59:02 | INFO     | [callbacks :on_epoch_end      : 147] | ℹ️   epoch    train_acc    train_loss    valid_acc    valid_loss   cp       lr     dur
2025-05-17 11:59:02 | INFO     | [callbacks :on_epoch_end      : 147] | ℹ️ -------  -----------  ------------  -----------  ------------  ----  ------  ------
2025-05-17 11:59:02 | INFO     | [callbacks :on_epoch_end      : 147] | ℹ️       1     ▲ 0.3036      ▼ 2.0402     ▲ 0.3926      ▼ 1.7975        0.0005  12.485
2025-05-17 11:59:14 | INFO     | [callbacks :on_epoch_end      : 147] | ℹ️       2     ▲ 0.4312      ▼ 1.6449     ▲ 0.4325      ▼ 1.6636        0.0005  12.43
2025-05-17 11:59:27 | INFO     | [callbacks :on_epoch_end      : 147] | ℹ️       3     ▲ 0.4973      ▼ 1.4604     ▲ 0.4448      ▼ 1.5781        0.0005  12.4194
2025-05-17 11:59:39 | INFO     | [callbacks :on_epoch_end      : 147] | ℹ️       4     ▲ 0.5434      ▼ 1.3208       0.4417      ▼ 1.5380        0.0005  12.3998
2025-05-17 11:59:52 | INFO     | [callbacks :on_epoch_end      : 147] | ℹ️       5     ▲ 0.5657      ▼ 1.2582       0.4264        1.6017        0.0005  12.4751
2025-05-17 12:00:04 | INFO     | [callbacks :on_epoch_end      : 147] | ℹ️       6     ▲ 0.6003      ▼ 1.1482     ▲ 0.4540      ▼ 1.5261        0.0005  12.2814
2025-05-17 12:00:16 | INFO     | [callbacks :on_epoch_end      : 147] | ℹ️       7     ▲ 0.6241      ▼ 1.0670       0.4387        1.5319        0.0005  12.4868
2025-05-17 12:00:29 | INFO     | [callbacks :on_epoch_end      : 147] | ℹ️       8     ▲ 0.6549      ▼ 1.0189     ▲ 0.4816      ▼ 1.5041        0.0005  12.3669
2025-05-17 12:00:41 | INFO     | [callbacks :on_epoch_end      : 147] | ℹ️       9     ▲ 0.6595      ▼ 0.9701       0.4294      ▼ 1.4967        0.0005  12.578
2025-05-17 12:00:54 | INFO     | [callbacks :on_epoch_end      : 147] | ℹ️      10     ▲ 0.6679      ▼ 0.8920        0.454        1.5887        0.0005  12.3884
2025-05-17 12:01:06 | INFO     | [callbacks :on_epoch_end      : 147] | ℹ️      11     ▲ 0.7218      ▼ 0.8393       0.4693         1.569        0.0005  12.3073
2025-05-17 12:01:19 | INFO     | [callbacks :on_epoch_end      : 147] | ℹ️      12     ▲ 0.7287      ▼ 0.7836       0.4325        1.6871        0.0005  12.3745
2025-05-17 12:01:31 | INFO     | [callbacks :on_epoch_end      : 147] | ℹ️      13     ▲ 0.7510      ▼ 0.7177       0.4632        1.6002        0.0005  12.3326
2025-05-17 12:01:43 | DEBUG    | [adapter   :get_iterator      : 154] | 🐞 get_iterator creating PathImageDataset for evaluation/prediction.
2025-05-17 12:01:43 | DEBUG    | [adapter   :get_iterator      : 181] | 🐞 Creating DataLoader: size=407, batch_size=16, shuffle=False, collate_fn=Assigned, other_kwargs={}
2025-05-17 12:01:44 | DEBUG    | [adapter   :get_iterator      : 154] | 🐞 get_iterator creating PathImageDataset for evaluation/prediction.
2025-05-17 12:01:44 | DEBUG    | [adapter   :get_iterator      : 181] | 🐞 Creating DataLoader: size=1627, batch_size=16, shuffle=False, collate_fn=Assigned, other_kwargs={}
2025-05-17 12:01:50 | DEBUG    | [adapter   :get_split_datasets: 124] | 🐞 Split created: 1301 train, 326 validation.
2025-05-17 12:01:50 | DEBUG    | [adapter   :get_iterator      : 181] | 🐞 Creating DataLoader: size=1301, batch_size=16, shuffle=True, collate_fn=Assigned, other_kwargs={}
2025-05-17 12:01:50 | DEBUG    | [adapter   :get_iterator      : 181] | 🐞 Creating DataLoader: size=326, batch_size=16, shuffle=False, collate_fn=Assigned, other_kwargs={}
2025-05-17 12:02:02 | INFO     | [callbacks :on_epoch_end      : 147] | ℹ️   epoch    train_acc    train_loss    valid_acc    valid_loss   cp       lr      dur
2025-05-17 12:02:02 | INFO     | [callbacks :on_epoch_end      : 147] | ℹ️ -------  -----------  ------------  -----------  ------------  ----  ------  -------
2025-05-17 12:02:02 | INFO     | [callbacks :on_epoch_end      : 147] | ℹ️       1     ▲ 0.3075      ▼ 2.0527     ▲ 0.3589      ▼ 1.8467        0.0005  12.2979
2025-05-17 12:02:15 | INFO     | [callbacks :on_epoch_end      : 147] | ℹ️       2     ▲ 0.4335      ▼ 1.6177     ▲ 0.3712      ▼ 1.7751        0.0005  12.277
2025-05-17 12:02:27 | INFO     | [callbacks :on_epoch_end      : 147] | ℹ️       3     ▲ 0.5035      ▼ 1.4559     ▲ 0.3926      ▼ 1.6326        0.0005  12.2941
2025-05-17 12:02:39 | INFO     | [callbacks :on_epoch_end      : 147] | ℹ️       4     ▲ 0.5696      ▼ 1.2852     ▲ 0.4325      ▼ 1.6112        0.0005  12.2864
2025-05-17 12:02:52 | INFO     | [callbacks :on_epoch_end      : 147] | ℹ️       5     ▲ 0.5734      ▼ 1.2289     ▲ 0.4387      ▼ 1.5961        0.0005  12.3114
2025-05-17 12:03:04 | INFO     | [callbacks :on_epoch_end      : 147] | ℹ️       6     ▲ 0.6111      ▼ 1.1335     ▲ 0.4417      ▼ 1.5829        0.0005  12.237
2025-05-17 12:03:16 | INFO     | [callbacks :on_epoch_end      : 147] | ℹ️       7     ▲ 0.6487      ▼ 1.0732       0.4294         1.585        0.0005  12.2609
2025-05-17 12:03:28 | INFO     | [callbacks :on_epoch_end      : 147] | ℹ️       8     ▲ 0.6587      ▼ 0.9801       0.4172        1.5896        0.0005  12.2727
2025-05-17 12:03:41 | INFO     | [callbacks :on_epoch_end      : 147] | ℹ️       9     ▲ 0.6672      ▼ 0.9437     ▲ 0.4509        1.6275        0.0005  12.2496
2025-05-17 12:03:53 | INFO     | [callbacks :on_epoch_end      : 147] | ℹ️      10     ▲ 0.6933      ▼ 0.8738     ▲ 0.4509        1.6355        0.0005  12.2716
2025-05-17 12:04:05 | DEBUG    | [adapter   :get_iterator      : 154] | 🐞 get_iterator creating PathImageDataset for evaluation/prediction.
2025-05-17 12:04:05 | DEBUG    | [adapter   :get_iterator      : 181] | 🐞 Creating DataLoader: size=407, batch_size=16, shuffle=False, collate_fn=Assigned, other_kwargs={}
2025-05-17 12:04:06 | DEBUG    | [adapter   :get_iterator      : 154] | 🐞 get_iterator creating PathImageDataset for evaluation/prediction.
2025-05-17 12:04:06 | DEBUG    | [adapter   :get_iterator      : 181] | 🐞 Creating DataLoader: size=1627, batch_size=16, shuffle=False, collate_fn=Assigned, other_kwargs={}
2025-05-17 12:04:12 | DEBUG    | [adapter   :get_split_datasets: 124] | 🐞 Split created: 1301 train, 326 validation.
2025-05-17 12:04:12 | DEBUG    | [adapter   :get_iterator      : 181] | 🐞 Creating DataLoader: size=1301, batch_size=16, shuffle=True, collate_fn=Assigned, other_kwargs={}
2025-05-17 12:04:12 | DEBUG    | [adapter   :get_iterator      : 181] | 🐞 Creating DataLoader: size=326, batch_size=16, shuffle=False, collate_fn=Assigned, other_kwargs={}
2025-05-17 12:04:24 | INFO     | [callbacks :on_epoch_end      : 147] | ℹ️   epoch    train_acc    train_loss    valid_acc    valid_loss   cp       lr      dur
2025-05-17 12:04:24 | INFO     | [callbacks :on_epoch_end      : 147] | ℹ️ -------  -----------  ------------  -----------  ------------  ----  ------  -------
2025-05-17 12:04:24 | INFO     | [callbacks :on_epoch_end      : 147] | ℹ️       1     ▲ 0.3251      ▼ 2.0086     ▲ 0.4387      ▼ 1.7337        0.0005  12.4203
2025-05-17 12:04:37 | INFO     | [callbacks :on_epoch_end      : 147] | ℹ️       2     ▲ 0.4389      ▼ 1.6009     ▲ 0.4571      ▼ 1.6070        0.0005  12.3346
2025-05-17 12:04:49 | INFO     | [callbacks :on_epoch_end      : 147] | ℹ️       3     ▲ 0.5042      ▼ 1.4315       0.4233        1.6682        0.0005  12.3382
2025-05-17 12:05:01 | INFO     | [callbacks :on_epoch_end      : 147] | ℹ️       4     ▲ 0.5496      ▼ 1.3220       0.4141      ▼ 1.5615        0.0005  12.3333
2025-05-17 12:05:14 | INFO     | [callbacks :on_epoch_end      : 147] | ℹ️       5     ▲ 0.5811      ▼ 1.2223       0.4387      ▼ 1.5387        0.0005  12.2918
2025-05-17 12:05:26 | INFO     | [callbacks :on_epoch_end      : 147] | ℹ️       6     ▲ 0.5911      ▼ 1.1453     ▲ 0.4663      ▼ 1.4979        0.0005  12.305
2025-05-17 12:05:38 | INFO     | [callbacks :on_epoch_end      : 147] | ℹ️       7     ▲ 0.6311      ▼ 1.0722       0.4356        1.6015        0.0005  12.3151
2025-05-17 12:05:51 | INFO     | [callbacks :on_epoch_end      : 147] | ℹ️       8     ▲ 0.6633      ▼ 0.9842       0.4509        1.5674        0.0005  12.3498
2025-05-17 12:06:03 | INFO     | [callbacks :on_epoch_end      : 147] | ℹ️       9     ▲ 0.6679      ▼ 0.9540     ▲ 0.4816        1.5974        0.0005  12.2743
2025-05-17 12:06:15 | INFO     | [callbacks :on_epoch_end      : 147] | ℹ️      10     ▲ 0.6910      ▼ 0.8997       0.4693        1.5627        0.0005  12.2764
2025-05-17 12:06:28 | DEBUG    | [adapter   :get_iterator      : 154] | 🐞 get_iterator creating PathImageDataset for evaluation/prediction.
2025-05-17 12:06:28 | DEBUG    | [adapter   :get_iterator      : 181] | 🐞 Creating DataLoader: size=407, batch_size=16, shuffle=False, collate_fn=Assigned, other_kwargs={}
2025-05-17 12:06:29 | DEBUG    | [adapter   :get_iterator      : 154] | 🐞 get_iterator creating PathImageDataset for evaluation/prediction.
2025-05-17 12:06:29 | DEBUG    | [adapter   :get_iterator      : 181] | 🐞 Creating DataLoader: size=1627, batch_size=16, shuffle=False, collate_fn=Assigned, other_kwargs={}
2025-05-17 12:06:34 | DEBUG    | [adapter   :get_split_datasets: 124] | 🐞 Split created: 1302 train, 326 validation.
2025-05-17 12:06:34 | DEBUG    | [adapter   :get_iterator      : 181] | 🐞 Creating DataLoader: size=1302, batch_size=16, shuffle=True, collate_fn=Assigned, other_kwargs={}
2025-05-17 12:06:34 | DEBUG    | [adapter   :get_iterator      : 181] | 🐞 Creating DataLoader: size=326, batch_size=16, shuffle=False, collate_fn=Assigned, other_kwargs={}
2025-05-17 12:06:47 | INFO     | [callbacks :on_epoch_end      : 147] | ℹ️   epoch    train_acc    train_loss    valid_acc    valid_loss   cp       lr      dur
2025-05-17 12:06:47 | INFO     | [callbacks :on_epoch_end      : 147] | ℹ️ -------  -----------  ------------  -----------  ------------  ----  ------  -------
2025-05-17 12:06:47 | INFO     | [callbacks :on_epoch_end      : 147] | ℹ️       1     ▲ 0.3065      ▼ 2.0403     ▲ 0.3896      ▼ 1.8135        0.0005  12.3895
2025-05-17 12:06:59 | INFO     | [callbacks :on_epoch_end      : 147] | ℹ️       2     ▲ 0.4409      ▼ 1.6344     ▲ 0.4479      ▼ 1.6471        0.0005  12.3671
2025-05-17 12:07:11 | INFO     | [callbacks :on_epoch_end      : 147] | ℹ️       3     ▲ 0.4931      ▼ 1.4738     ▲ 0.4509      ▼ 1.5931        0.0005  12.3408
2025-05-17 12:07:24 | INFO     | [callbacks :on_epoch_end      : 147] | ℹ️       4     ▲ 0.5407      ▼ 1.3433     ▲ 0.4663      ▼ 1.5322        0.0005  12.3786
2025-05-17 12:07:36 | INFO     | [callbacks :on_epoch_end      : 147] | ℹ️       5     ▲ 0.5668      ▼ 1.2490        0.454      ▼ 1.5036        0.0005  12.3454
2025-05-17 12:07:49 | INFO     | [callbacks :on_epoch_end      : 147] | ℹ️       6     ▲ 0.5983      ▼ 1.1672     ▲ 0.4785        1.5406        0.0005  12.4183
2025-05-17 12:08:01 | INFO     | [callbacks :on_epoch_end      : 147] | ℹ️       7     ▲ 0.6275      ▼ 1.0957       0.4755        1.5522        0.0005  12.3691
2025-05-17 12:08:13 | INFO     | [callbacks :on_epoch_end      : 147] | ℹ️       8     ▲ 0.6498      ▼ 1.0343       0.4724        1.5105        0.0005  12.3482
2025-05-17 12:08:26 | INFO     | [callbacks :on_epoch_end      : 147] | ℹ️       9     ▲ 0.6851      ▼ 0.9295     ▲ 0.4939      ▼ 1.4907        0.0005  12.4065
2025-05-17 12:08:38 | INFO     | [callbacks :on_epoch_end      : 147] | ℹ️      10     ▲ 0.7035      ▼ 0.8809     ▲ 0.4939         1.539        0.0005  12.3383
2025-05-17 12:08:50 | INFO     | [callbacks :on_epoch_end      : 147] | ℹ️      11     ▲ 0.7289      ▼ 0.8255       0.4877        1.5736        0.0005  12.4019
2025-05-17 12:09:03 | INFO     | [callbacks :on_epoch_end      : 147] | ℹ️      12     ▲ 0.7381      ▼ 0.7766       0.4693        1.5951        0.0005  12.3482
2025-05-17 12:09:15 | INFO     | [callbacks :on_epoch_end      : 147] | ℹ️      13     ▲ 0.7673      ▼ 0.7316       0.4877        1.6295        0.0005  12.3415
2025-05-17 12:09:28 | DEBUG    | [adapter   :get_iterator      : 154] | 🐞 get_iterator creating PathImageDataset for evaluation/prediction.
2025-05-17 12:09:28 | DEBUG    | [adapter   :get_iterator      : 181] | 🐞 Creating DataLoader: size=406, batch_size=16, shuffle=False, collate_fn=Assigned, other_kwargs={}
2025-05-17 12:09:29 | DEBUG    | [adapter   :get_iterator      : 154] | 🐞 get_iterator creating PathImageDataset for evaluation/prediction.
2025-05-17 12:09:29 | DEBUG    | [adapter   :get_iterator      : 181] | 🐞 Creating DataLoader: size=1628, batch_size=16, shuffle=False, collate_fn=Assigned, other_kwargs={}
2025-05-17 12:09:34 | DEBUG    | [adapter   :get_split_datasets: 124] | 🐞 Split created: 1301 train, 326 validation.
2025-05-17 12:09:34 | DEBUG    | [adapter   :get_iterator      : 181] | 🐞 Creating DataLoader: size=1301, batch_size=8, shuffle=True, collate_fn=Assigned, other_kwargs={}
2025-05-17 12:09:34 | DEBUG    | [adapter   :get_iterator      : 181] | 🐞 Creating DataLoader: size=326, batch_size=8, shuffle=False, collate_fn=Assigned, other_kwargs={}
2025-05-17 12:09:48 | INFO     | [callbacks :on_epoch_end      : 147] | ℹ️   epoch    train_acc    train_loss    valid_acc    valid_loss   cp      lr      dur
2025-05-17 12:09:48 | INFO     | [callbacks :on_epoch_end      : 147] | ℹ️ -------  -----------  ------------  -----------  ------------  ----  -----  -------
2025-05-17 12:09:48 | INFO     | [callbacks :on_epoch_end      : 147] | ℹ️       1     ▲ 0.1837      ▼ 2.3218     ▲ 0.2945      ▼ 2.1904        1e-05  13.0466
2025-05-17 12:10:01 | INFO     | [callbacks :on_epoch_end      : 147] | ℹ️       2     ▲ 0.3451      ▼ 2.0749     ▲ 0.3773      ▼ 1.9337        1e-05  13.0037
2025-05-17 12:10:14 | INFO     | [callbacks :on_epoch_end      : 147] | ℹ️       3     ▲ 0.4228      ▼ 1.8340     ▲ 0.4141      ▼ 1.7340        1e-05  13.0287
2025-05-17 12:10:27 | INFO     | [callbacks :on_epoch_end      : 147] | ℹ️       4     ▲ 0.4658      ▼ 1.6437     ▲ 0.4632      ▼ 1.5932        1e-05  13.0645
2025-05-17 12:10:40 | INFO     | [callbacks :on_epoch_end      : 147] | ℹ️       5     ▲ 0.4919      ▼ 1.5280     ▲ 0.4939      ▼ 1.5403        1e-05  13.0528
2025-05-17 12:10:53 | INFO     | [callbacks :on_epoch_end      : 147] | ℹ️       6     ▲ 0.5288      ▼ 1.4263     ▲ 0.5153      ▼ 1.4732        1e-05  13.0619
2025-05-17 12:11:06 | INFO     | [callbacks :on_epoch_end      : 147] | ℹ️       7     ▲ 0.5619      ▼ 1.3462       0.4724      ▼ 1.4362        1e-05  13.0842
2025-05-17 12:11:19 | INFO     | [callbacks :on_epoch_end      : 147] | ℹ️       8     ▲ 0.5734      ▼ 1.2605     ▲ 0.5245        1.4552        1e-05  13.0932
2025-05-17 12:11:32 | INFO     | [callbacks :on_epoch_end      : 147] | ℹ️       9     ▲ 0.5857      ▼ 1.2126       0.5092      ▼ 1.4164        1e-05  13.0421
2025-05-17 12:11:45 | INFO     | [callbacks :on_epoch_end      : 147] | ℹ️      10     ▲ 0.6580      ▼ 1.1105       0.5184      ▼ 1.4083        1e-05  13.0392
2025-05-17 12:11:58 | INFO     | [callbacks :on_epoch_end      : 147] | ℹ️      11     ▲ 0.6664      ▼ 1.0423     ▲ 0.5245      ▼ 1.3658        1e-05  13.0669
2025-05-17 12:12:11 | INFO     | [callbacks :on_epoch_end      : 147] | ℹ️      12     ▲ 0.6987      ▼ 0.9556       0.5215        1.3748        1e-05  13.0489
2025-05-17 12:12:24 | INFO     | [callbacks :on_epoch_end      : 147] | ℹ️      13     ▲ 0.7110      ▼ 0.9020       0.4632        1.4352        1e-05  13.0879
2025-05-17 12:12:37 | INFO     | [callbacks :on_epoch_end      : 147] | ℹ️      14     ▲ 0.7333      ▼ 0.8617     ▲ 0.5337      ▼ 1.3595        1e-05  13.0852
2025-05-17 12:12:51 | INFO     | [callbacks :on_epoch_end      : 147] | ℹ️      15     ▲ 0.7410      ▼ 0.7989       0.5307        1.4303        1e-05  13.0895
2025-05-17 12:13:04 | INFO     | [callbacks :on_epoch_end      : 147] | ℹ️      16     ▲ 0.7748      ▼ 0.7319       0.5307        1.4413        1e-05  13.06
2025-05-17 12:13:17 | INFO     | [callbacks :on_epoch_end      : 147] | ℹ️      17     ▲ 0.8048      ▼ 0.6664       0.5153        1.3893        1e-05  13.0535
2025-05-17 12:13:30 | INFO     | [callbacks :on_epoch_end      : 147] | ℹ️      18     ▲ 0.8117      ▼ 0.6142       0.5307        1.4466        1e-05  13.085
2025-05-17 12:13:43 | DEBUG    | [adapter   :get_iterator      : 154] | 🐞 get_iterator creating PathImageDataset for evaluation/prediction.
2025-05-17 12:13:43 | DEBUG    | [adapter   :get_iterator      : 181] | 🐞 Creating DataLoader: size=407, batch_size=8, shuffle=False, collate_fn=Assigned, other_kwargs={}
2025-05-17 12:13:44 | DEBUG    | [adapter   :get_iterator      : 154] | 🐞 get_iterator creating PathImageDataset for evaluation/prediction.
2025-05-17 12:13:44 | DEBUG    | [adapter   :get_iterator      : 181] | 🐞 Creating DataLoader: size=1627, batch_size=8, shuffle=False, collate_fn=Assigned, other_kwargs={}
2025-05-17 12:13:50 | DEBUG    | [adapter   :get_split_datasets: 124] | 🐞 Split created: 1301 train, 326 validation.
2025-05-17 12:13:50 | DEBUG    | [adapter   :get_iterator      : 181] | 🐞 Creating DataLoader: size=1301, batch_size=8, shuffle=True, collate_fn=Assigned, other_kwargs={}
2025-05-17 12:13:50 | DEBUG    | [adapter   :get_iterator      : 181] | 🐞 Creating DataLoader: size=326, batch_size=8, shuffle=False, collate_fn=Assigned, other_kwargs={}
2025-05-17 12:14:03 | INFO     | [callbacks :on_epoch_end      : 147] | ℹ️   epoch    train_acc    train_loss    valid_acc    valid_loss   cp      lr      dur
2025-05-17 12:14:03 | INFO     | [callbacks :on_epoch_end      : 147] | ℹ️ -------  -----------  ------------  -----------  ------------  ----  -----  -------
2025-05-17 12:14:03 | INFO     | [callbacks :on_epoch_end      : 147] | ℹ️       1     ▲ 0.2168      ▼ 2.3125     ▲ 0.3681      ▼ 2.1832        1e-05  13.3565
2025-05-17 12:14:17 | INFO     | [callbacks :on_epoch_end      : 147] | ℹ️       2     ▲ 0.3590      ▼ 2.0397     ▲ 0.4202      ▼ 1.9264        1e-05  13.3352
2025-05-17 12:14:30 | INFO     | [callbacks :on_epoch_end      : 147] | ℹ️       3     ▲ 0.4412      ▼ 1.8042     ▲ 0.4601      ▼ 1.7504        1e-05  13.2836
2025-05-17 12:14:43 | INFO     | [callbacks :on_epoch_end      : 147] | ℹ️       4     ▲ 0.4773      ▼ 1.6336     ▲ 0.4632      ▼ 1.6435        1e-05  13.0428
2025-05-17 12:14:56 | INFO     | [callbacks :on_epoch_end      : 147] | ℹ️       5     ▲ 0.5104      ▼ 1.5264     ▲ 0.4755      ▼ 1.5569        1e-05  13.262
2025-05-17 12:15:10 | INFO     | [callbacks :on_epoch_end      : 147] | ℹ️       6     ▲ 0.5411      ▼ 1.4177     ▲ 0.4755      ▼ 1.5070        1e-05  13.0847
2025-05-17 12:15:23 | INFO     | [callbacks :on_epoch_end      : 147] | ℹ️       7     ▲ 0.5765      ▼ 1.3346       0.4663      ▼ 1.5062        1e-05  13.0834
2025-05-17 12:15:36 | INFO     | [callbacks :on_epoch_end      : 147] | ℹ️       8       0.5749      ▼ 1.2504     ▲ 0.5153      ▼ 1.4107        1e-05  12.9844
2025-05-17 12:15:49 | INFO     | [callbacks :on_epoch_end      : 147] | ℹ️       9     ▲ 0.6111      ▼ 1.2034       0.4571        1.4642        1e-05  12.922
2025-05-17 12:16:02 | INFO     | [callbacks :on_epoch_end      : 147] | ℹ️      10     ▲ 0.6272      ▼ 1.1084     ▲ 0.5184      ▼ 1.3976        1e-05  12.9938
2025-05-17 12:16:15 | INFO     | [callbacks :on_epoch_end      : 147] | ℹ️      11     ▲ 0.6649      ▼ 1.0306       0.4908        1.4045        1e-05  13.039
2025-05-17 12:16:28 | INFO     | [callbacks :on_epoch_end      : 147] | ℹ️      12     ▲ 0.6710      ▼ 0.9888       0.4969        1.4076        1e-05  13.0108
2025-05-17 12:16:41 | INFO     | [callbacks :on_epoch_end      : 147] | ℹ️      13     ▲ 0.6864      ▼ 0.9363       0.5061      ▼ 1.3591        1e-05  13.0514
2025-05-17 12:16:54 | INFO     | [callbacks :on_epoch_end      : 147] | ℹ️      14     ▲ 0.7317      ▼ 0.8488       0.4877         1.451        1e-05  13.1481
2025-05-17 12:17:07 | INFO     | [callbacks :on_epoch_end      : 147] | ℹ️      15     ▲ 0.7394      ▼ 0.8247       0.4908        1.3929        1e-05  13.0889
2025-05-17 12:17:20 | INFO     | [callbacks :on_epoch_end      : 147] | ℹ️      16     ▲ 0.7640      ▼ 0.7532       0.4908        1.4367        1e-05  13.1993
2025-05-17 12:17:33 | INFO     | [callbacks :on_epoch_end      : 147] | ℹ️      17     ▲ 0.7733      ▼ 0.7058       0.4969        1.4067        1e-05  13.2766
2025-05-17 12:17:47 | DEBUG    | [adapter   :get_iterator      : 154] | 🐞 get_iterator creating PathImageDataset for evaluation/prediction.
2025-05-17 12:17:47 | DEBUG    | [adapter   :get_iterator      : 181] | 🐞 Creating DataLoader: size=407, batch_size=8, shuffle=False, collate_fn=Assigned, other_kwargs={}
2025-05-17 12:17:48 | DEBUG    | [adapter   :get_iterator      : 154] | 🐞 get_iterator creating PathImageDataset for evaluation/prediction.
2025-05-17 12:17:48 | DEBUG    | [adapter   :get_iterator      : 181] | 🐞 Creating DataLoader: size=1627, batch_size=8, shuffle=False, collate_fn=Assigned, other_kwargs={}
2025-05-17 12:17:54 | DEBUG    | [adapter   :get_split_datasets: 124] | 🐞 Split created: 1301 train, 326 validation.
2025-05-17 12:17:54 | DEBUG    | [adapter   :get_iterator      : 181] | 🐞 Creating DataLoader: size=1301, batch_size=8, shuffle=True, collate_fn=Assigned, other_kwargs={}
2025-05-17 12:17:54 | DEBUG    | [adapter   :get_iterator      : 181] | 🐞 Creating DataLoader: size=326, batch_size=8, shuffle=False, collate_fn=Assigned, other_kwargs={}
2025-05-17 12:18:07 | INFO     | [callbacks :on_epoch_end      : 147] | ℹ️   epoch    train_acc    train_loss    valid_acc    valid_loss   cp      lr      dur
2025-05-17 12:18:07 | INFO     | [callbacks :on_epoch_end      : 147] | ℹ️ -------  -----------  ------------  -----------  ------------  ----  -----  -------
2025-05-17 12:18:07 | INFO     | [callbacks :on_epoch_end      : 147] | ℹ️       1     ▲ 0.1875      ▼ 2.3245     ▲ 0.2761      ▼ 2.2294        1e-05  13.0657
2025-05-17 12:18:20 | INFO     | [callbacks :on_epoch_end      : 147] | ℹ️       2     ▲ 0.3405      ▼ 2.0722     ▲ 0.3650      ▼ 1.9930        1e-05  13.0759
2025-05-17 12:18:33 | INFO     | [callbacks :on_epoch_end      : 147] | ℹ️       3     ▲ 0.4220      ▼ 1.8099     ▲ 0.4141      ▼ 1.8099        1e-05  13.0759
2025-05-17 12:18:46 | INFO     | [callbacks :on_epoch_end      : 147] | ℹ️       4     ▲ 0.4589      ▼ 1.6549     ▲ 0.4663      ▼ 1.6902        1e-05  13.0575
2025-05-17 12:18:59 | INFO     | [callbacks :on_epoch_end      : 147] | ℹ️       5     ▲ 0.5004      ▼ 1.5292     ▲ 0.4663      ▼ 1.6055        1e-05  13.1738
2025-05-17 12:19:12 | INFO     | [callbacks :on_epoch_end      : 147] | ℹ️       6     ▲ 0.5488      ▼ 1.4120     ▲ 0.5092      ▼ 1.5543        1e-05  13.0707
2025-05-17 12:19:25 | INFO     | [callbacks :on_epoch_end      : 147] | ℹ️       7     ▲ 0.5688      ▼ 1.3379       0.4969      ▼ 1.5090        1e-05  13.1657
2025-05-17 12:19:39 | INFO     | [callbacks :on_epoch_end      : 147] | ℹ️       8     ▲ 0.5942      ▼ 1.2517     ▲ 0.5153      ▼ 1.4724        1e-05  13.1088
2025-05-17 12:19:52 | INFO     | [callbacks :on_epoch_end      : 147] | ℹ️       9     ▲ 0.6103      ▼ 1.1995       0.4939      ▼ 1.4719        1e-05  13.1528
2025-05-17 12:20:05 | INFO     | [callbacks :on_epoch_end      : 147] | ℹ️      10     ▲ 0.6472      ▼ 1.0952       0.4908        1.4761        1e-05  13.0826
2025-05-17 12:20:18 | INFO     | [callbacks :on_epoch_end      : 147] | ℹ️      11       0.6449      ▼ 1.0791       0.4847        1.5036        1e-05  13.1156
2025-05-17 12:20:31 | INFO     | [callbacks :on_epoch_end      : 147] | ℹ️      12     ▲ 0.6879      ▼ 0.9636       0.5061      ▼ 1.4588        1e-05  13.1828
2025-05-17 12:20:44 | INFO     | [callbacks :on_epoch_end      : 147] | ℹ️      13     ▲ 0.7194      ▼ 0.8989       0.4939        1.4837        1e-05  13.052
2025-05-17 12:20:57 | INFO     | [callbacks :on_epoch_end      : 147] | ℹ️      14     ▲ 0.7379      ▼ 0.8305       0.5092      ▼ 1.4398        1e-05  13.106
2025-05-17 12:21:10 | INFO     | [callbacks :on_epoch_end      : 147] | ℹ️      15     ▲ 0.7525      ▼ 0.7915       0.5092        1.4496        1e-05  13.0485
2025-05-17 12:21:24 | INFO     | [callbacks :on_epoch_end      : 147] | ℹ️      16     ▲ 0.7932      ▼ 0.7126       0.4755        1.4993        1e-05  13.1044
2025-05-17 12:21:37 | INFO     | [callbacks :on_epoch_end      : 147] | ℹ️      17       0.7756      ▼ 0.6825       0.4877        1.4854        1e-05  13.0428
2025-05-17 12:21:50 | INFO     | [callbacks :on_epoch_end      : 147] | ℹ️      18     ▲ 0.8255      ▼ 0.6098       0.5123        1.5445        1e-05  12.9889
2025-05-17 12:22:03 | DEBUG    | [adapter   :get_iterator      : 154] | 🐞 get_iterator creating PathImageDataset for evaluation/prediction.
2025-05-17 12:22:03 | DEBUG    | [adapter   :get_iterator      : 181] | 🐞 Creating DataLoader: size=407, batch_size=8, shuffle=False, collate_fn=Assigned, other_kwargs={}
2025-05-17 12:22:04 | DEBUG    | [adapter   :get_iterator      : 154] | 🐞 get_iterator creating PathImageDataset for evaluation/prediction.
2025-05-17 12:22:04 | DEBUG    | [adapter   :get_iterator      : 181] | 🐞 Creating DataLoader: size=1627, batch_size=8, shuffle=False, collate_fn=Assigned, other_kwargs={}
2025-05-17 12:22:10 | DEBUG    | [adapter   :get_split_datasets: 124] | 🐞 Split created: 1301 train, 326 validation.
2025-05-17 12:22:10 | DEBUG    | [adapter   :get_iterator      : 181] | 🐞 Creating DataLoader: size=1301, batch_size=8, shuffle=True, collate_fn=Assigned, other_kwargs={}
2025-05-17 12:22:10 | DEBUG    | [adapter   :get_iterator      : 181] | 🐞 Creating DataLoader: size=326, batch_size=8, shuffle=False, collate_fn=Assigned, other_kwargs={}
2025-05-17 12:22:23 | INFO     | [callbacks :on_epoch_end      : 147] | ℹ️   epoch    train_acc    train_loss    valid_acc    valid_loss   cp      lr      dur
2025-05-17 12:22:23 | INFO     | [callbacks :on_epoch_end      : 147] | ℹ️ -------  -----------  ------------  -----------  ------------  ----  -----  -------
2025-05-17 12:22:23 | INFO     | [callbacks :on_epoch_end      : 147] | ℹ️       1     ▲ 0.1937      ▼ 2.3230     ▲ 0.3650      ▼ 2.1841        1e-05  13.1437
2025-05-17 12:22:36 | INFO     | [callbacks :on_epoch_end      : 147] | ℹ️       2     ▲ 0.3689      ▼ 2.0674     ▲ 0.4479      ▼ 1.9478        1e-05  13.0722
2025-05-17 12:22:49 | INFO     | [callbacks :on_epoch_end      : 147] | ℹ️       3     ▲ 0.4235      ▼ 1.8348     ▲ 0.4601      ▼ 1.7621        1e-05  13.077
2025-05-17 12:23:02 | INFO     | [callbacks :on_epoch_end      : 147] | ℹ️       4     ▲ 0.4658      ▼ 1.6720     ▲ 0.4601      ▼ 1.6644        1e-05  13.1126
2025-05-17 12:23:15 | INFO     | [callbacks :on_epoch_end      : 147] | ℹ️       5     ▲ 0.4981      ▼ 1.5469     ▲ 0.4877      ▼ 1.5758        1e-05  13.1194
2025-05-17 12:23:29 | INFO     | [callbacks :on_epoch_end      : 147] | ℹ️       6     ▲ 0.5450      ▼ 1.4359       0.4785      ▼ 1.5462        1e-05  13.2264
2025-05-17 12:23:42 | INFO     | [callbacks :on_epoch_end      : 147] | ℹ️       7     ▲ 0.5657      ▼ 1.3525       0.4724      ▼ 1.5056        1e-05  13.2244
2025-05-17 12:23:55 | INFO     | [callbacks :on_epoch_end      : 147] | ℹ️       8     ▲ 0.5772      ▼ 1.2716       0.4847      ▼ 1.4686        1e-05  13.1262
2025-05-17 12:24:08 | INFO     | [callbacks :on_epoch_end      : 147] | ℹ️       9     ▲ 0.6203      ▼ 1.1892     ▲ 0.4908      ▼ 1.4584        1e-05  13.0469
2025-05-17 12:24:21 | INFO     | [callbacks :on_epoch_end      : 147] | ℹ️      10     ▲ 0.6418      ▼ 1.1103       0.4724         1.471        1e-05  13.0502
2025-05-17 12:24:34 | INFO     | [callbacks :on_epoch_end      : 147] | ℹ️      11     ▲ 0.6664      ▼ 1.0437     ▲ 0.4939      ▼ 1.4336        1e-05  13.0874
2025-05-17 12:24:47 | INFO     | [callbacks :on_epoch_end      : 147] | ℹ️      12     ▲ 0.6995      ▼ 0.9757       0.4693        1.4807        1e-05  13.0842
2025-05-17 12:25:00 | INFO     | [callbacks :on_epoch_end      : 147] | ℹ️      13     ▲ 0.6995      ▼ 0.9234     ▲ 0.4939        1.4356        1e-05  13.1105
2025-05-17 12:25:13 | INFO     | [callbacks :on_epoch_end      : 147] | ℹ️      14     ▲ 0.7279      ▼ 0.8428       0.4877        1.4888        1e-05  13.1109
2025-05-17 12:25:27 | INFO     | [callbacks :on_epoch_end      : 147] | ℹ️      15     ▲ 0.7540      ▼ 0.7859       0.4908        1.4834        1e-05  13.1169
2025-05-17 12:25:40 | DEBUG    | [adapter   :get_iterator      : 154] | 🐞 get_iterator creating PathImageDataset for evaluation/prediction.
2025-05-17 12:25:40 | DEBUG    | [adapter   :get_iterator      : 181] | 🐞 Creating DataLoader: size=407, batch_size=8, shuffle=False, collate_fn=Assigned, other_kwargs={}
2025-05-17 12:25:41 | DEBUG    | [adapter   :get_iterator      : 154] | 🐞 get_iterator creating PathImageDataset for evaluation/prediction.
2025-05-17 12:25:41 | DEBUG    | [adapter   :get_iterator      : 181] | 🐞 Creating DataLoader: size=1627, batch_size=8, shuffle=False, collate_fn=Assigned, other_kwargs={}
2025-05-17 12:25:47 | DEBUG    | [adapter   :get_split_datasets: 124] | 🐞 Split created: 1302 train, 326 validation.
2025-05-17 12:25:47 | DEBUG    | [adapter   :get_iterator      : 181] | 🐞 Creating DataLoader: size=1302, batch_size=8, shuffle=True, collate_fn=Assigned, other_kwargs={}
2025-05-17 12:25:47 | DEBUG    | [adapter   :get_iterator      : 181] | 🐞 Creating DataLoader: size=326, batch_size=8, shuffle=False, collate_fn=Assigned, other_kwargs={}
2025-05-17 12:26:00 | INFO     | [callbacks :on_epoch_end      : 147] | ℹ️   epoch    train_acc    train_loss    valid_acc    valid_loss   cp      lr      dur
2025-05-17 12:26:00 | INFO     | [callbacks :on_epoch_end      : 147] | ℹ️ -------  -----------  ------------  -----------  ------------  ----  -----  -------
2025-05-17 12:26:00 | INFO     | [callbacks :on_epoch_end      : 147] | ℹ️       1     ▲ 0.1859      ▼ 2.3097     ▲ 0.3620      ▼ 2.1914        1e-05  13.1462
2025-05-17 12:26:13 | INFO     | [callbacks :on_epoch_end      : 147] | ℹ️       2     ▲ 0.3564      ▼ 2.0673     ▲ 0.4264      ▼ 1.9452        1e-05  13.0502
2025-05-17 12:26:26 | INFO     | [callbacks :on_epoch_end      : 147] | ℹ️       3     ▲ 0.4132      ▼ 1.8346     ▲ 0.4632      ▼ 1.7571        1e-05  13.1273
2025-05-17 12:26:39 | INFO     | [callbacks :on_epoch_end      : 147] | ℹ️       4     ▲ 0.4700      ▼ 1.6649     ▲ 0.4939      ▼ 1.6382        1e-05  13.1136
2025-05-17 12:26:53 | INFO     | [callbacks :on_epoch_end      : 147] | ℹ️       5     ▲ 0.4908      ▼ 1.5485     ▲ 0.4939      ▼ 1.5606        1e-05  13.159
2025-05-17 12:27:06 | INFO     | [callbacks :on_epoch_end      : 147] | ℹ️       6     ▲ 0.5238      ▼ 1.4413     ▲ 0.5153      ▼ 1.5180        1e-05  13.0845
2025-05-17 12:27:19 | INFO     | [callbacks :on_epoch_end      : 147] | ℹ️       7     ▲ 0.5438      ▼ 1.3671       0.4908        1.5215        1e-05  13.083
2025-05-17 12:27:32 | INFO     | [callbacks :on_epoch_end      : 147] | ℹ️       8     ▲ 0.5883      ▼ 1.2791       0.4908      ▼ 1.4359        1e-05  13.1672
2025-05-17 12:27:45 | INFO     | [callbacks :on_epoch_end      : 147] | ℹ️       9     ▲ 0.6183      ▼ 1.1785          0.5        1.4364        1e-05  13.1992
2025-05-17 12:27:58 | INFO     | [callbacks :on_epoch_end      : 147] | ℹ️      10     ▲ 0.6198      ▼ 1.1341       0.4785      ▼ 1.4034        1e-05  13.1222
2025-05-17 12:28:11 | INFO     | [callbacks :on_epoch_end      : 147] | ℹ️      11     ▲ 0.6590      ▼ 1.0603       0.5123      ▼ 1.3988        1e-05  13.0713
2025-05-17 12:28:24 | INFO     | [callbacks :on_epoch_end      : 147] | ℹ️      12     ▲ 0.6782      ▼ 0.9931       0.4908        1.4172        1e-05  13.1208
2025-05-17 12:28:38 | INFO     | [callbacks :on_epoch_end      : 147] | ℹ️      13     ▲ 0.6974      ▼ 0.9487     ▲ 0.5215      ▼ 1.3735        1e-05  13.1197
2025-05-17 12:28:51 | INFO     | [callbacks :on_epoch_end      : 147] | ℹ️      14     ▲ 0.7273      ▼ 0.8663       0.5153        1.3736        1e-05  13.1002
2025-05-17 12:29:04 | INFO     | [callbacks :on_epoch_end      : 147] | ℹ️      15     ▲ 0.7519      ▼ 0.7923       0.5184        1.3913        1e-05  13.1429
2025-05-17 12:29:17 | INFO     | [callbacks :on_epoch_end      : 147] | ℹ️      16     ▲ 0.7734      ▼ 0.7326     ▲ 0.5307        1.4187        1e-05  13.0805
2025-05-17 12:29:30 | INFO     | [callbacks :on_epoch_end      : 147] | ℹ️      17       0.7727      ▼ 0.7211     ▲ 0.5399        1.4235        1e-05  13.0796
2025-05-17 12:29:43 | DEBUG    | [adapter   :get_iterator      : 154] | 🐞 get_iterator creating PathImageDataset for evaluation/prediction.
2025-05-17 12:29:43 | DEBUG    | [adapter   :get_iterator      : 181] | 🐞 Creating DataLoader: size=406, batch_size=8, shuffle=False, collate_fn=Assigned, other_kwargs={}
2025-05-17 12:29:44 | DEBUG    | [adapter   :get_iterator      : 154] | 🐞 get_iterator creating PathImageDataset for evaluation/prediction.
2025-05-17 12:29:44 | DEBUG    | [adapter   :get_iterator      : 181] | 🐞 Creating DataLoader: size=1628, batch_size=8, shuffle=False, collate_fn=Assigned, other_kwargs={}
2025-05-17 12:29:50 | DEBUG    | [adapter   :get_split_datasets: 124] | 🐞 Split created: 1301 train, 326 validation.
2025-05-17 12:29:50 | DEBUG    | [adapter   :get_iterator      : 181] | 🐞 Creating DataLoader: size=1301, batch_size=32, shuffle=True, collate_fn=Assigned, other_kwargs={}
2025-05-17 12:29:50 | DEBUG    | [adapter   :get_iterator      : 181] | 🐞 Creating DataLoader: size=326, batch_size=32, shuffle=False, collate_fn=Assigned, other_kwargs={}
2025-05-17 12:30:02 | INFO     | [callbacks :on_epoch_end      : 147] | ℹ️   epoch    train_acc    train_loss    valid_acc    valid_loss   cp      lr      dur
2025-05-17 12:30:02 | INFO     | [callbacks :on_epoch_end      : 147] | ℹ️ -------  -----------  ------------  -----------  ------------  ----  -----  -------
2025-05-17 12:30:02 | INFO     | [callbacks :on_epoch_end      : 147] | ℹ️       1     ▲ 0.1814      ▼ 2.3458     ▲ 0.2301      ▼ 2.2802        5e-05  11.3713
2025-05-17 12:30:13 | INFO     | [callbacks :on_epoch_end      : 147] | ℹ️       2     ▲ 0.3067      ▼ 2.2130     ▲ 0.2975      ▼ 2.1751        5e-05  11.3842
2025-05-17 12:30:24 | INFO     | [callbacks :on_epoch_end      : 147] | ℹ️       3     ▲ 0.3274      ▼ 2.0970     ▲ 0.3344      ▼ 2.0766        5e-05  11.349
2025-05-17 12:30:35 | INFO     | [callbacks :on_epoch_end      : 147] | ℹ️       4     ▲ 0.3889      ▼ 1.9925     ▲ 0.3589      ▼ 1.9896        5e-05  11.2275
2025-05-17 12:30:47 | INFO     | [callbacks :on_epoch_end      : 147] | ℹ️       5     ▲ 0.3966      ▼ 1.9076     ▲ 0.3620      ▼ 1.9214        5e-05  11.2719
2025-05-17 12:30:58 | INFO     | [callbacks :on_epoch_end      : 147] | ℹ️       6     ▲ 0.4166      ▼ 1.8289     ▲ 0.3681      ▼ 1.8644        5e-05  11.3036
2025-05-17 12:31:09 | INFO     | [callbacks :on_epoch_end      : 147] | ℹ️       7     ▲ 0.4420      ▼ 1.7574     ▲ 0.3681      ▼ 1.8155        5e-05  11.1926
2025-05-17 12:31:21 | INFO     | [callbacks :on_epoch_end      : 147] | ℹ️       8     ▲ 0.4650      ▼ 1.7048     ▲ 0.3865      ▼ 1.7741        5e-05  11.276
2025-05-17 12:31:32 | INFO     | [callbacks :on_epoch_end      : 147] | ℹ️       9     ▲ 0.4719      ▼ 1.6559     ▲ 0.3896      ▼ 1.7381        5e-05  11.2602
2025-05-17 12:31:43 | INFO     | [callbacks :on_epoch_end      : 147] | ℹ️      10     ▲ 0.4719      ▼ 1.6290     ▲ 0.4018      ▼ 1.7155        5e-05  11.3358
2025-05-17 12:31:55 | INFO     | [callbacks :on_epoch_end      : 147] | ℹ️      11     ▲ 0.4996      ▼ 1.5788     ▲ 0.4049      ▼ 1.6858        5e-05  11.5076
2025-05-17 12:32:06 | INFO     | [callbacks :on_epoch_end      : 147] | ℹ️      12     ▲ 0.5035      ▼ 1.5612     ▲ 0.4080      ▼ 1.6684        5e-05  11.5707
2025-05-17 12:32:18 | INFO     | [callbacks :on_epoch_end      : 147] | ℹ️      13     ▲ 0.5111      ▼ 1.5155     ▲ 0.4202      ▼ 1.6545        5e-05  11.2783
2025-05-17 12:32:29 | INFO     | [callbacks :on_epoch_end      : 147] | ℹ️      14     ▲ 0.5158      ▼ 1.4906     ▲ 0.4264      ▼ 1.6320        5e-05  11.2867
2025-05-17 12:32:40 | INFO     | [callbacks :on_epoch_end      : 147] | ℹ️      15     ▲ 0.5357      ▼ 1.4707     ▲ 0.4264      ▼ 1.6170        5e-05  11.2657
2025-05-17 12:32:51 | INFO     | [callbacks :on_epoch_end      : 147] | ℹ️      16       0.5327      ▼ 1.4283     ▲ 0.4325      ▼ 1.6142        5e-05  11.3104
2025-05-17 12:33:03 | INFO     | [callbacks :on_epoch_end      : 147] | ℹ️      17     ▲ 0.5357        1.4336     ▲ 0.4387      ▼ 1.5977        5e-05  11.304
2025-05-17 12:33:14 | INFO     | [callbacks :on_epoch_end      : 147] | ℹ️      18     ▲ 0.5404      ▼ 1.4114     ▲ 0.4448      ▼ 1.5831        5e-05  11.3009
2025-05-17 12:33:25 | INFO     | [callbacks :on_epoch_end      : 147] | ℹ️      19     ▲ 0.5465      ▼ 1.3933       0.4356        1.5833        5e-05  11.3276
2025-05-17 12:33:37 | INFO     | [callbacks :on_epoch_end      : 147] | ℹ️      20     ▲ 0.5580      ▼ 1.3764     ▲ 0.4571      ▼ 1.5675        5e-05  11.3072
2025-05-17 12:33:48 | INFO     | [callbacks :on_epoch_end      : 147] | ℹ️      21     ▲ 0.5619      ▼ 1.3453       0.4387      ▼ 1.5606        5e-05  11.2655
2025-05-17 12:33:59 | INFO     | [callbacks :on_epoch_end      : 147] | ℹ️      22       0.5596      ▼ 1.3360       0.4479      ▼ 1.5494        5e-05  11.2935
2025-05-17 12:34:11 | INFO     | [callbacks :on_epoch_end      : 147] | ℹ️      23     ▲ 0.5811      ▼ 1.3186       0.4448        1.5512        5e-05  11.331
2025-05-17 12:34:22 | INFO     | [callbacks :on_epoch_end      : 147] | ℹ️      24     ▲ 0.5811      ▼ 1.3033       0.4479      ▼ 1.5422        5e-05  11.4288
2025-05-17 12:34:34 | INFO     | [callbacks :on_epoch_end      : 147] | ℹ️      25       0.5803      ▼ 1.2906       0.4387      ▼ 1.5358        5e-05  11.399
2025-05-17 12:34:34 | DEBUG    | [adapter   :get_iterator      : 154] | 🐞 get_iterator creating PathImageDataset for evaluation/prediction.
2025-05-17 12:34:34 | DEBUG    | [adapter   :get_iterator      : 181] | 🐞 Creating DataLoader: size=407, batch_size=32, shuffle=False, collate_fn=Assigned, other_kwargs={}
2025-05-17 12:34:35 | DEBUG    | [adapter   :get_iterator      : 154] | 🐞 get_iterator creating PathImageDataset for evaluation/prediction.
2025-05-17 12:34:35 | DEBUG    | [adapter   :get_iterator      : 181] | 🐞 Creating DataLoader: size=1627, batch_size=32, shuffle=False, collate_fn=Assigned, other_kwargs={}
2025-05-17 12:34:40 | DEBUG    | [adapter   :get_split_datasets: 124] | 🐞 Split created: 1301 train, 326 validation.
2025-05-17 12:34:40 | DEBUG    | [adapter   :get_iterator      : 181] | 🐞 Creating DataLoader: size=1301, batch_size=32, shuffle=True, collate_fn=Assigned, other_kwargs={}
2025-05-17 12:34:40 | DEBUG    | [adapter   :get_iterator      : 181] | 🐞 Creating DataLoader: size=326, batch_size=32, shuffle=False, collate_fn=Assigned, other_kwargs={}
2025-05-17 12:34:51 | INFO     | [callbacks :on_epoch_end      : 147] | ℹ️   epoch    train_acc    train_loss    valid_acc    valid_loss   cp      lr      dur
2025-05-17 12:34:51 | INFO     | [callbacks :on_epoch_end      : 147] | ℹ️ -------  -----------  ------------  -----------  ------------  ----  -----  -------
2025-05-17 12:34:51 | INFO     | [callbacks :on_epoch_end      : 147] | ℹ️       1     ▲ 0.1929      ▼ 2.3355     ▲ 0.2454      ▼ 2.2709        5e-05  11.3251
2025-05-17 12:35:03 | INFO     | [callbacks :on_epoch_end      : 147] | ℹ️       2     ▲ 0.2829      ▼ 2.1996     ▲ 0.3129      ▼ 2.1700        5e-05  11.3316
2025-05-17 12:35:14 | INFO     | [callbacks :on_epoch_end      : 147] | ℹ️       3     ▲ 0.3390      ▼ 2.0756     ▲ 0.3282      ▼ 2.0775        5e-05  11.308
2025-05-17 12:35:25 | INFO     | [callbacks :on_epoch_end      : 147] | ℹ️       4     ▲ 0.3966      ▼ 1.9718     ▲ 0.3344      ▼ 1.9958        5e-05  11.3733
2025-05-17 12:35:37 | INFO     | [callbacks :on_epoch_end      : 147] | ℹ️       5     ▲ 0.4189      ▼ 1.8785     ▲ 0.3528      ▼ 1.9225        5e-05   11.3
2025-05-17 12:35:48 | INFO     | [callbacks :on_epoch_end      : 147] | ℹ️       6     ▲ 0.4204      ▼ 1.8074     ▲ 0.3712      ▼ 1.8674        5e-05  11.2904
2025-05-17 12:35:59 | INFO     | [callbacks :on_epoch_end      : 147] | ℹ️       7     ▲ 0.4450      ▼ 1.7479     ▲ 0.3896      ▼ 1.8227        5e-05  11.3306
2025-05-17 12:36:11 | INFO     | [callbacks :on_epoch_end      : 147] | ℹ️       8     ▲ 0.4504      ▼ 1.6889     ▲ 0.3988      ▼ 1.7845        5e-05  11.316
2025-05-17 12:36:22 | INFO     | [callbacks :on_epoch_end      : 147] | ℹ️       9     ▲ 0.4658      ▼ 1.6532     ▲ 0.4141      ▼ 1.7507        5e-05  11.2934
2025-05-17 12:36:33 | INFO     | [callbacks :on_epoch_end      : 147] | ℹ️      10     ▲ 0.4758      ▼ 1.6117     ▲ 0.4202      ▼ 1.7223        5e-05  11.2956
2025-05-17 12:36:45 | INFO     | [callbacks :on_epoch_end      : 147] | ℹ️      11     ▲ 0.4766      ▼ 1.5744       0.4172      ▼ 1.7042        5e-05  11.2679
2025-05-17 12:36:56 | INFO     | [callbacks :on_epoch_end      : 147] | ℹ️      12     ▲ 0.4965      ▼ 1.5423     ▲ 0.4202      ▼ 1.6769        5e-05  11.2389
2025-05-17 12:37:07 | INFO     | [callbacks :on_epoch_end      : 147] | ℹ️      13     ▲ 0.4988      ▼ 1.5154     ▲ 0.4325      ▼ 1.6622        5e-05  11.3703
2025-05-17 12:37:18 | INFO     | [callbacks :on_epoch_end      : 147] | ℹ️      14     ▲ 0.5142      ▼ 1.4826     ▲ 0.4387      ▼ 1.6424        5e-05  11.29
2025-05-17 12:37:30 | INFO     | [callbacks :on_epoch_end      : 147] | ℹ️      15       0.5073      ▼ 1.4672     ▲ 0.4417      ▼ 1.6342        5e-05  11.3277
2025-05-17 12:37:41 | INFO     | [callbacks :on_epoch_end      : 147] | ℹ️      16     ▲ 0.5150      ▼ 1.4445       0.4387      ▼ 1.6207        5e-05  11.2889
2025-05-17 12:37:52 | INFO     | [callbacks :on_epoch_end      : 147] | ℹ️      17     ▲ 0.5227      ▼ 1.4330     ▲ 0.4448      ▼ 1.6127        5e-05  11.3045
2025-05-17 12:38:04 | INFO     | [callbacks :on_epoch_end      : 147] | ℹ️      18     ▲ 0.5304      ▼ 1.4028     ▲ 0.4632      ▼ 1.6027        5e-05  11.3019
2025-05-17 12:38:15 | INFO     | [callbacks :on_epoch_end      : 147] | ℹ️      19     ▲ 0.5527      ▼ 1.3885       0.4601      ▼ 1.5843        5e-05  11.2907
2025-05-17 12:38:26 | INFO     | [callbacks :on_epoch_end      : 147] | ℹ️      20       0.5496      ▼ 1.3759     ▲ 0.4755      ▼ 1.5814        5e-05  11.3196
2025-05-17 12:38:38 | INFO     | [callbacks :on_epoch_end      : 147] | ℹ️      21       0.5388      ▼ 1.3623       0.4693      ▼ 1.5638        5e-05  11.4624
2025-05-17 12:38:49 | INFO     | [callbacks :on_epoch_end      : 147] | ℹ️      22     ▲ 0.5534      ▼ 1.3265     ▲ 0.4816      ▼ 1.5631        5e-05  11.4026
2025-05-17 12:39:01 | INFO     | [callbacks :on_epoch_end      : 147] | ℹ️      23     ▲ 0.5719      ▼ 1.3212       0.4601      ▼ 1.5595        5e-05  11.2741
2025-05-17 12:39:12 | INFO     | [callbacks :on_epoch_end      : 147] | ℹ️      24       0.5596      ▼ 1.3090       0.4693      ▼ 1.5571        5e-05  11.2948
2025-05-17 12:39:23 | INFO     | [callbacks :on_epoch_end      : 147] | ℹ️      25       0.5673      ▼ 1.2966       0.4663      ▼ 1.5490        5e-05  11.2818
2025-05-17 12:39:23 | DEBUG    | [adapter   :get_iterator      : 154] | 🐞 get_iterator creating PathImageDataset for evaluation/prediction.
2025-05-17 12:39:23 | DEBUG    | [adapter   :get_iterator      : 181] | 🐞 Creating DataLoader: size=407, batch_size=32, shuffle=False, collate_fn=Assigned, other_kwargs={}
2025-05-17 12:39:24 | DEBUG    | [adapter   :get_iterator      : 154] | 🐞 get_iterator creating PathImageDataset for evaluation/prediction.
2025-05-17 12:39:24 | DEBUG    | [adapter   :get_iterator      : 181] | 🐞 Creating DataLoader: size=1627, batch_size=32, shuffle=False, collate_fn=Assigned, other_kwargs={}
2025-05-17 12:39:30 | DEBUG    | [adapter   :get_split_datasets: 124] | 🐞 Split created: 1301 train, 326 validation.
2025-05-17 12:39:30 | DEBUG    | [adapter   :get_iterator      : 181] | 🐞 Creating DataLoader: size=1301, batch_size=32, shuffle=True, collate_fn=Assigned, other_kwargs={}
2025-05-17 12:39:30 | DEBUG    | [adapter   :get_iterator      : 181] | 🐞 Creating DataLoader: size=326, batch_size=32, shuffle=False, collate_fn=Assigned, other_kwargs={}
2025-05-17 12:39:41 | INFO     | [callbacks :on_epoch_end      : 147] | ℹ️   epoch    train_acc    train_loss    valid_acc    valid_loss   cp      lr      dur
2025-05-17 12:39:41 | INFO     | [callbacks :on_epoch_end      : 147] | ℹ️ -------  -----------  ------------  -----------  ------------  ----  -----  -------
2025-05-17 12:39:41 | INFO     | [callbacks :on_epoch_end      : 147] | ℹ️       1     ▲ 0.1706      ▼ 2.3318     ▲ 0.1994      ▼ 2.2801        5e-05  11.4511
2025-05-17 12:39:53 | INFO     | [callbacks :on_epoch_end      : 147] | ℹ️       2     ▲ 0.2836      ▼ 2.1935     ▲ 0.2914      ▼ 2.1861        5e-05  11.2543
2025-05-17 12:40:04 | INFO     | [callbacks :on_epoch_end      : 147] | ℹ️       3     ▲ 0.3420      ▼ 2.0744     ▲ 0.3129      ▼ 2.0925        5e-05  11.332
2025-05-17 12:40:15 | INFO     | [callbacks :on_epoch_end      : 147] | ℹ️       4     ▲ 0.3851      ▼ 1.9747     ▲ 0.3313      ▼ 2.0182        5e-05  11.3289
2025-05-17 12:40:27 | INFO     | [callbacks :on_epoch_end      : 147] | ℹ️       5     ▲ 0.4081      ▼ 1.8699     ▲ 0.3712      ▼ 1.9477        5e-05  11.3217
2025-05-17 12:40:38 | INFO     | [callbacks :on_epoch_end      : 147] | ℹ️       6     ▲ 0.4389      ▼ 1.7935       0.3681      ▼ 1.8941        5e-05  11.314
2025-05-17 12:40:49 | INFO     | [callbacks :on_epoch_end      : 147] | ℹ️       7     ▲ 0.4473      ▼ 1.7348        0.362      ▼ 1.8499        5e-05  11.2955
2025-05-17 12:41:01 | INFO     | [callbacks :on_epoch_end      : 147] | ℹ️       8     ▲ 0.4550      ▼ 1.6909     ▲ 0.3834      ▼ 1.8131        5e-05  11.3484
2025-05-17 12:41:12 | INFO     | [callbacks :on_epoch_end      : 147] | ℹ️       9     ▲ 0.4635      ▼ 1.6444     ▲ 0.4018      ▼ 1.7827        5e-05  11.2938
2025-05-17 12:41:23 | INFO     | [callbacks :on_epoch_end      : 147] | ℹ️      10     ▲ 0.4965      ▼ 1.5884     ▲ 0.4049      ▼ 1.7549        5e-05  11.3562
2025-05-17 12:41:35 | INFO     | [callbacks :on_epoch_end      : 147] | ℹ️      11     ▲ 0.5096      ▼ 1.5499     ▲ 0.4172      ▼ 1.7324        5e-05  11.3586
2025-05-17 12:41:46 | INFO     | [callbacks :on_epoch_end      : 147] | ℹ️      12        0.505      ▼ 1.5240     ▲ 0.4264      ▼ 1.7164        5e-05  11.2822
2025-05-17 12:41:57 | INFO     | [callbacks :on_epoch_end      : 147] | ℹ️      13     ▲ 0.5204      ▼ 1.4980       0.4202      ▼ 1.6990        5e-05  11.346
2025-05-17 12:42:09 | INFO     | [callbacks :on_epoch_end      : 147] | ℹ️      14       0.5188      ▼ 1.4663     ▲ 0.4356      ▼ 1.6850        5e-05  11.3335
2025-05-17 12:42:20 | INFO     | [callbacks :on_epoch_end      : 147] | ℹ️      15     ▲ 0.5350      ▼ 1.4410       0.4233      ▼ 1.6731        5e-05  11.3014
2025-05-17 12:42:31 | INFO     | [callbacks :on_epoch_end      : 147] | ℹ️      16     ▲ 0.5380      ▼ 1.4287     ▲ 0.4387      ▼ 1.6637        5e-05  11.3581
2025-05-17 12:42:35 | DEBUG    | [adapter   :get_iterator      : 154] | 🐞 get_iterator creating PathImageDataset for evaluation/prediction.
2025-05-17 12:42:35 | DEBUG    | [adapter   :get_iterator      : 181] | 🐞 Creating DataLoader: size=407, batch_size=32, shuffle=False, collate_fn=Assigned, other_kwargs={}
