Timestamp           | Level    | Location                             | Message
--------------------+----------+--------------------------------------+---------------------------------------------------
2025-06-04 04:24:38 | INFO     | [logger_...:setup_logger      : 153] | ℹ️ Logger 'ImgClassPipe' initialized. Log file: C:\Users\Stefan Alexandrescu\Documents\GitHub\UBB-Y3-AI-Research\model_src\experiments\GCD\pvit\20250604_042438_seed42\experiment_run_20250604_042438_seed42.log
2025-06-04 04:24:38 | INFO     | [executor  :__init__          : 101] | ℹ️ --- Starting Experiment Run (ID: 20250604_042438_seed42) ---
2025-06-04 04:24:38 | INFO     | [executor  :__init__          : 102] | ℹ️ Executor initialized for model 'pvit' on dataset 'GCD'
2025-06-04 04:24:38 | INFO     | [executor  :__init__          : 105] | ℹ️ Local artifact storage base: C:\Users\Stefan Alexandrescu\Documents\GitHub\UBB-Y3-AI-Research\model_src
2025-06-04 04:24:38 | INFO     | [executor  :__init__          : 109] | ℹ️ Base key/prefix for this run's artifacts: experiments/GCD/pvit/20250604_042438_seed42
2025-06-04 04:24:38 | INFO     | [executor  :__init__          : 111] | ℹ️ Local log file for this run (might be temporary): C:\Users\Stefan Alexandrescu\Documents\GitHub\UBB-Y3-AI-Research\model_src\experiments\GCD\pvit\20250604_042438_seed42\experiment_run_20250604_042438_seed42.log
2025-06-04 04:24:38 | INFO     | [pipeline  :__init__          : 174] | ℹ️ Initializing Classification Pipeline:
2025-06-04 04:24:38 | INFO     | [pipeline  :__init__          : 175] | ℹ️   Dataset Path: C:\Users\Stefan Alexandrescu\Documents\GitHub\UBB-Y3-AI-Research\model_src\data\GCD
2025-06-04 04:24:38 | INFO     | [pipeline  :__init__          : 176] | ℹ️   Model Type: pvit
2025-06-04 04:24:38 | INFO     | [pipeline  :__init__          : 179] | ℹ️   Artifact base key prefix for this run: experiments/GCD/pvit/20250604_042438_seed42 (using LocalFileSystemRepository)
2025-06-04 04:24:38 | INFO     | [pipeline  :__init__          : 183] | ℹ️   Default Augmentation Strategy: AugmentationStrategy.CCSN_MODERATE
2025-06-04 04:24:38 | INFO     | [pipeline  :__init__          : 184] | ℹ️   Default Show First Batch Aug: True
2025-06-04 04:24:38 | INFO     | [dataset...:__init__          : 271] | ℹ️ Using augmentation strategy: AugmentationStrategy.CCSN_MODERATE
2025-06-04 04:24:38 | INFO     | [dataset...:__init__          : 296] | ℹ️ Detected dataset structure: fixed
2025-06-04 04:24:38 | INFO     | [dataset...:_load_paths_and...: 459] | ℹ️ Scanning FIXED dataset from C:\Users\Stefan Alexandrescu\Documents\GitHub\UBB-Y3-AI-Research\model_src\data\GCD\train (train) and C:\Users\Stefan Alexandrescu\Documents\GitHub\UBB-Y3-AI-Research\model_src\data\GCD\test (test)...
2025-06-04 04:24:38 | INFO     | [dataset...:_load_paths_and...: 518] | ℹ️ Final Original Dataset sizes: 10000 original train+val, 9000 original test. Offline augmented samples loaded: 0.
2025-06-04 04:24:38 | INFO     | [dataset...:__init__          : 319] | ℹ️ Found 7 classes: 1_cumulus, 2_altocumulus, 3_cirrus, 4_clearsky, 5_stratocumulus, 6_cumulonimbus, 7_mixed
2025-06-04 04:24:38 | INFO     | [dataset...:__init__          : 322] | ℹ️ Dataset sizes: 10000 train+val, 9000 test. Total: 0
2025-06-04 04:24:38 | INFO     | [pipeline  :__init__          : 194] | ℹ️   Artifact base key prefix for this run: experiments/GCD/pvit/20250604_042438_seed42 (using LocalFileSystemRepository)
2025-06-04 04:24:38 | INFO     | [pipeline  :__init__          : 225] | ℹ️   Using Optimizer: AdamW
2025-06-04 04:24:38 | DEBUG    | [callbacks :get_default_cal...: 194] | 🐞 Default LRScheduler callback instance created with policy: ReduceLROnPlateau, kwargs: {'patience': 2, 'mode': 'min', 'factor': 0.1, 'min_lr': 1e-06, 'verbose': False}, monitor: valid_loss
2025-06-04 04:24:38 | INFO     | [pipeline  :__init__          : 270] | ℹ️   Model Adapter: Initialized with PretrainedViT
2025-06-04 04:24:38 | DEBUG    | [executor  :_validate_methods : 154] | 🐞 Basic method validation successful.
2025-06-04 04:24:38 | INFO     | [executor  :__init__          : 138] | ℹ️ Executor configured to run methods: single_train, single_eval
2025-06-04 04:24:38 | INFO     | [executor  :run               : 164] | ℹ️ Starting execution of pipeline methods...
2025-06-04 04:24:38 | INFO     | [executor  :run               : 168] | ℹ️ --- Running Method 1/2: single_train (single_train_0) ---
2025-06-04 04:24:38 | DEBUG    | [executor  :run               : 193] | 🐞 Running with effective parameters: {'params': {'max_epochs': 70, 'lr': 5e-05, 'batch_size': 16, 'optimizer': 'AdamW', 'optimizer__weight_decay': 0.2, 'callbacks__default_lr_scheduler__policy': 'CosineAnnealingLR', 'callbacks__default_lr_scheduler__T_max': 70, 'callbacks__default_lr_scheduler__eta_min': 1e-06, 'callbacks__default_early_stopping__patience': 15, 'module__vit_model_variant': 'vit_b_16', 'module__pretrained': True, 'module__unfreeze_strategy': 'encoder_tail', 'module__num_transformer_blocks_to_unfreeze': 1, 'module__unfreeze_cls_token': True, 'module__unfreeze_pos_embedding': True, 'module__unfreeze_patch_embedding': False, 'module__unfreeze_encoder_layernorm': True, 'module__custom_head_hidden_dims': None, 'module__head_dropout_rate': 0.5, 'iterator_train__shuffle': True}, 'save_model': True, 'val_split_ratio': 0.1, 'results_detail_level': 2}
2025-06-04 04:24:38 | INFO     | [pipeline  :single_train      :1506] | ℹ️ Starting single training run...
2025-06-04 04:24:38 | INFO     | [pipeline  :single_train      :1559] | ℹ️ Using split: 9000 train / 1000 validation samples.
2025-06-04 04:24:38 | INFO     | [pipeline  :single_train      :1566] | ℹ️ Applying custom parameters for this single_train run: {'max_epochs': 70, 'lr': 5e-05, 'batch_size': 16, 'optimizer': 'AdamW', 'optimizer__weight_decay': 0.2, 'callbacks__default_lr_scheduler__policy': 'CosineAnnealingLR', 'callbacks__default_lr_scheduler__T_max': 70, 'callbacks__default_lr_scheduler__eta_min': 1e-06, 'callbacks__default_early_stopping__patience': 15, 'module__vit_model_variant': 'vit_b_16', 'module__pretrained': True, 'module__unfreeze_strategy': 'encoder_tail', 'module__num_transformer_blocks_to_unfreeze': 1, 'module__unfreeze_cls_token': True, 'module__unfreeze_pos_embedding': True, 'module__unfreeze_patch_embedding': False, 'module__unfreeze_encoder_layernorm': True, 'module__custom_head_hidden_dims': None, 'module__head_dropout_rate': 0.5, 'iterator_train__shuffle': True}
2025-06-04 04:24:38 | DEBUG    | [param_g...:parse_fixed_hyp...: 151] | 🐞 Created LRScheduler instance: policy=CosineAnnealingLR, direct_args={}, constructor_kwargs={'T_max': 70, 'eta_min': 1e-06}
2025-06-04 04:24:38 | INFO     | [pipeline  :single_train      :1628] | ℹ️ Fitting model (run_id: single_train_042438)...
2025-06-04 04:24:38 | DEBUG    | [pretrai...:__init__          :  38] | 🐞 Initializing PretrainedViT:
2025-06-04 04:24:38 | DEBUG    | [pretrai...:__init__          :  39] | 🐞   Model Variant: vit_b_16, Pretrained: True
2025-06-04 04:24:38 | DEBUG    | [pretrai...:__init__          :  40] | 🐞   Is Hybrid Input: False
2025-06-04 04:24:38 | DEBUG    | [pretrai...:__init__          :  43] | 🐞   Unfreeze Strategy (Encoder Blocks): encoder_tail
2025-06-04 04:24:38 | DEBUG    | [pretrai...:__init__          :  45] | 🐞   Num Transformer Blocks to Unfreeze: 1
2025-06-04 04:24:38 | DEBUG    | [pretrai...:__init__          :  46] | 🐞   Unfreeze CLS: True, PosEmb: True, PatchEmb: False, EncoderLN: True
2025-06-04 04:24:38 | DEBUG    | [pretrai...:__init__          :  48] | 🐞   Custom Head Hidden Dims: None, Head Dropout: 0.5
2025-06-04 04:24:38 | DEBUG    | [pretrai...:__init__          :  69] | 🐞 Loaded vit_b_16 from torchvision.
2025-06-04 04:24:38 | DEBUG    | [pretrai...:__init__          : 313] | 🐞 Created simple linear head (dropout: 0.5), in_feat=768.
2025-06-04 04:24:38 | INFO     | [pretrai...:__init__          : 323] | ℹ️ PretrainedViT (standard) - Trainable: CLS Token, Positional Embeddings, 1 Encoder Blocks, Encoder LayerNorm, Classification Head.
2025-06-04 04:24:38 | INFO     | [pretrai...:__init__          : 348] | ℹ️ PretrainedViT (standard): Trainable params: 7.25M / Total params: 85.80M (8.45%)
2025-06-04 04:24:39 | DEBUG    | [adapter   :get_split_datasets: 133] | 🐞 Validation split for fold created with 1000 original samples.
2025-06-04 04:24:39 | DEBUG    | [adapter   :get_split_datasets: 176] | 🐞 No offline augmentations will be applied.
2025-06-04 04:24:39 | DEBUG    | [adapter   :get_split_datasets: 183] | 🐞 Total training split for fold created with 9000 samples.
2025-06-04 04:24:39 | DEBUG    | [adapter   :get_iterator      : 297] | 🐞 Creating DataLoader for training: dataset_len=9000, batch_size=16, shuffle=True, collate_fn_type='function', loader_kwargs={'num_workers': 0, 'pin_memory': False}
2025-06-04 04:24:39 | DEBUG    | [adapter   :get_iterator      : 297] | 🐞 Creating DataLoader for validation/evaluation: dataset_len=1000, batch_size=16, shuffle=False, collate_fn_type='function', loader_kwargs={'num_workers': 0, 'pin_memory': False}
2025-06-04 04:26:07 | INFO     | [callbacks :on_epoch_end      : 147] | ℹ️   epoch    train_acc    train_loss    valid_acc    valid_loss   cp           lr      dur
2025-06-04 04:26:07 | INFO     | [callbacks :on_epoch_end      : 147] | ℹ️ -------  -----------  ------------  -----------  ------------  ----  ----------  -------
2025-06-04 04:26:07 | INFO     | [callbacks :on_epoch_end      : 147] | ℹ️       1     ▲ 0.7750      ▼ 0.6063     ▲ 0.8540      ▼ 0.3684        4.9975e-05  87.9917
2025-06-04 04:27:32 | INFO     | [callbacks :on_epoch_end      : 147] | ℹ️       2     ▲ 0.8569      ▼ 0.3714     ▲ 0.8730      ▼ 0.3240        4.9901e-05  85.4625
2025-06-04 04:28:57 | INFO     | [callbacks :on_epoch_end      : 147] | ℹ️       3     ▲ 0.8756      ▼ 0.3223     ▲ 0.8740      ▼ 0.3145        4.9778e-05  85.0808
2025-06-04 04:30:22 | INFO     | [callbacks :on_epoch_end      : 147] | ℹ️       4     ▲ 0.8821      ▼ 0.2965     ▲ 0.8890      ▼ 0.2738        4.9606e-05  84.9637
2025-06-04 04:31:47 | INFO     | [callbacks :on_epoch_end      : 147] | ℹ️       5     ▲ 0.8881      ▼ 0.2742        0.878        0.2967        4.9386e-05  85.0933
2025-06-04 04:33:13 | INFO     | [callbacks :on_epoch_end      : 147] | ℹ️       6     ▲ 0.8993      ▼ 0.2539     ▲ 0.8900        0.2752        4.9117e-05  85.1421
2025-06-04 04:34:38 | INFO     | [callbacks :on_epoch_end      : 147] | ℹ️       7     ▲ 0.9007      ▼ 0.2453        0.888        0.2946        4.8801e-05  85.0607
2025-06-04 04:36:03 | INFO     | [callbacks :on_epoch_end      : 147] | ℹ️       8     ▲ 0.9034      ▼ 0.2390     ▲ 0.8950      ▼ 0.2679        4.8438e-05  85.0104
2025-06-04 04:37:28 | INFO     | [callbacks :on_epoch_end      : 147] | ℹ️       9     ▲ 0.9110      ▼ 0.2243        0.893        0.2716        4.8028e-05  84.8293
2025-06-04 04:38:53 | INFO     | [callbacks :on_epoch_end      : 147] | ℹ️      10     ▲ 0.9149      ▼ 0.2134     ▲ 0.8960      ▼ 0.2614        4.7574e-05  84.9662
2025-06-04 04:40:18 | INFO     | [callbacks :on_epoch_end      : 147] | ℹ️      11     ▲ 0.9180      ▼ 0.2110        0.892        0.2872        4.7075e-05  85.0115
2025-06-04 04:41:43 | INFO     | [callbacks :on_epoch_end      : 147] | ℹ️      12     ▲ 0.9189      ▼ 0.1982        0.889        0.2908        4.6532e-05  84.9984
2025-06-04 04:43:07 | INFO     | [callbacks :on_epoch_end      : 147] | ℹ️      13     ▲ 0.9238      ▼ 0.1940         0.89        0.2616        4.5947e-05  84.7683
2025-06-04 04:44:32 | INFO     | [callbacks :on_epoch_end      : 147] | ℹ️      14     ▲ 0.9311      ▼ 0.1820        0.892          0.27        4.5321e-05  84.2318
2025-06-04 04:45:56 | INFO     | [callbacks :on_epoch_end      : 147] | ℹ️      15         0.93      ▼ 0.1781     ▲ 0.8980        0.2625        4.4655e-05  84.57
2025-06-04 04:47:21 | INFO     | [callbacks :on_epoch_end      : 147] | ℹ️      16     ▲ 0.9327      ▼ 0.1743     ▲ 0.9050      ▼ 0.2493        4.395e-05  85.0211
2025-06-04 04:48:46 | INFO     | [callbacks :on_epoch_end      : 147] | ℹ️      17     ▲ 0.9367      ▼ 0.1623        0.902        0.2647        4.3208e-05  84.8232
2025-06-04 04:50:11 | INFO     | [callbacks :on_epoch_end      : 147] | ℹ️      18     ▲ 0.9388      ▼ 0.1600        0.901        0.2807        4.2431e-05  84.8882
2025-06-04 04:51:36 | INFO     | [callbacks :on_epoch_end      : 147] | ℹ️      19       0.9387        0.1608        0.894        0.2783        4.1619e-05  84.9288
2025-06-04 04:53:01 | INFO     | [callbacks :on_epoch_end      : 147] | ℹ️      20     ▲ 0.9401      ▼ 0.1513        0.893        0.2563        4.0776e-05  84.9189
2025-06-04 04:54:25 | INFO     | [callbacks :on_epoch_end      : 147] | ℹ️      21     ▲ 0.9406      ▼ 0.1503        0.892        0.2688        3.9901e-05  84.4298
2025-06-04 04:55:50 | INFO     | [callbacks :on_epoch_end      : 147] | ℹ️      22     ▲ 0.9481      ▼ 0.1398          0.9        0.2674        3.8997e-05  84.3026
2025-06-04 04:57:15 | INFO     | [callbacks :on_epoch_end      : 147] | ℹ️      23        0.948      ▼ 0.1365        0.885        0.3366        3.8066e-05  84.9526
2025-06-04 04:58:40 | INFO     | [callbacks :on_epoch_end      : 147] | ℹ️      24       0.9473      ▼ 0.1343        0.904        0.2731        3.711e-05  84.9409
2025-06-04 05:00:05 | INFO     | [callbacks :on_epoch_end      : 147] | ℹ️      25     ▲ 0.9532      ▼ 0.1242          0.9        0.2885        3.613e-05  84.9354
2025-06-04 05:01:29 | INFO     | [callbacks :on_epoch_end      : 147] | ℹ️      26     ▲ 0.9539        0.1246          0.9        0.2789        3.5129e-05  84.4393
2025-06-04 05:02:54 | INFO     | [callbacks :on_epoch_end      : 147] | ℹ️      27     ▲ 0.9552      ▼ 0.1181          0.9        0.2689        3.4109e-05  84.3838
2025-06-04 05:04:18 | INFO     | [callbacks :on_epoch_end      : 147] | ℹ️      28     ▲ 0.9554        0.1185        0.894        0.2893        3.3071e-05  84.5892
2025-06-04 05:05:43 | INFO     | [callbacks :on_epoch_end      : 147] | ℹ️      29       0.9543      ▼ 0.1173          0.9        0.2544        3.2018e-05  84.9375
2025-06-04 05:07:08 | INFO     | [callbacks :on_epoch_end      : 147] | ℹ️      30     ▲ 0.9587      ▼ 0.1069        0.897        0.2905        3.0952e-05  84.864
2025-06-04 05:08:33 | INFO     | [pipeline  :single_train      :1660] | ℹ️ Training finished. Best validation performance found at Epoch 16 (valid_loss=0.2493)
2025-06-04 05:08:33 | INFO     | [pipeline  :single_train      :1732] | ℹ️ Model architectural config saved to: experiments/GCD/pvit/20250604_042438_seed42/single_train_042438/pvit_epochEllipsis_arch_config.json
2025-06-04 05:08:33 | INFO     | [pipeline  :single_train      :1737] | ℹ️ Main pipeline model adapter updated from single_train run: single_train_042438
2025-06-04 05:08:33 | DEBUG    | [pipeline  :_save_results     : 467] | 🐞 Results detail level overridden for this run to: 2
2025-06-04 05:08:33 | DEBUG    | [pipeline  :_save_results     : 475] | 🐞 Saving results for single_train_042438 (detail level: 2)
2025-06-04 05:08:33 | INFO     | [pipeline  :_save_results     : 584] | ℹ️ Results JSON saved via repository to: experiments/GCD/pvit/20250604_042438_seed42/single_train_042438/single_train_results.json
2025-06-04 05:08:33 | INFO     | [pipeline  :single_train      :1774] | ℹ️ Plotting single_train results for single_train_042438 (plot level 2).
2025-06-04 05:08:33 | INFO     | [plotter   :plot_single_tra...: 662] | ℹ️ Plotting single_train results for: single_train_042438
2025-06-04 05:08:34 | INFO     | [plotter   :plot_single_tra...: 680] | ℹ️ Finished plotting for single_train: single_train_042438
2025-06-04 05:08:34 | INFO     | [executor  :run               : 200] | ℹ️ --- Method single_train (single_train_0) completed successfully in 2635.80s ---
2025-06-04 05:08:34 | INFO     | [executor  :run               : 168] | ℹ️ --- Running Method 2/2: single_eval (single_eval_1) ---
2025-06-04 05:08:34 | DEBUG    | [executor  :run               : 193] | 🐞 Running with effective parameters: {'plot_level': 2}
2025-06-04 05:08:34 | INFO     | [pipeline  :single_eval       :1795] | ℹ️ Starting model evaluation on the test set...
2025-06-04 05:08:34 | INFO     | [pipeline  :single_eval       :1809] | ℹ️ Evaluating on 9000 test samples...
2025-06-04 05:08:34 | DEBUG    | [adapter   :get_iterator      : 297] | 🐞 Creating DataLoader for validation/evaluation: dataset_len=9000, batch_size=16, shuffle=False, collate_fn_type='function', loader_kwargs={'num_workers': 0, 'pin_memory': False}
2025-06-04 05:09:04 | DEBUG    | [adapter   :get_iterator      : 297] | 🐞 Creating DataLoader for validation/evaluation: dataset_len=9000, batch_size=16, shuffle=False, collate_fn_type='function', loader_kwargs={'num_workers': 0, 'pin_memory': False}
2025-06-04 05:09:34 | DEBUG    | [pipeline  :single_eval       :1826] | 🐞 Plot level overridden for this run to: 2
2025-06-04 05:09:35 | DEBUG    | [pipeline  :_compute_metrics  : 447] | 🐞 Computed Metrics: Acc=0.7619, Macro F1=0.7445
2025-06-04 05:09:35 | DEBUG    | [pipeline  :_save_results     : 469] | 🐞 Using pipeline results detail level for this run: 3
2025-06-04 05:09:35 | DEBUG    | [pipeline  :_save_results     : 475] | 🐞 Saving results for single_eval_050834 (detail level: 3)
2025-06-04 05:09:35 | INFO     | [pipeline  :_save_results     : 584] | ℹ️ Results JSON saved via repository to: experiments/GCD/pvit/20250604_042438_seed42/single_eval_050834/single_eval_results.json
2025-06-04 05:09:35 | INFO     | [pipeline  :single_eval       :1869] | ℹ️ Plotting single_eval results for single_eval_050834 (plot level 2).
2025-06-04 05:09:35 | INFO     | [plotter   :plot_single_eva...: 697] | ℹ️ Plotting single_eval results for: single_eval_050834
2025-06-04 05:09:35 | INFO     | [plotter   :_generate_metri...: 246] | ℹ️ Metrics CSV saved via repository to: experiments/GCD/pvit/20250604_042438_seed42/single_eval_050834/single_eval_plots/metrics_table.csv
2025-06-04 05:09:36 | INFO     | [plotter   :plot_single_eva...: 745] | ℹ️ Finished plotting for single_eval: single_eval_050834
2025-06-04 05:09:36 | INFO     | [executor  :run               : 200] | ℹ️ --- Method single_eval (single_eval_1) completed successfully in 62.19s ---
2025-06-04 05:09:36 | INFO     | [executor  :run               : 219] | ℹ️ Pipeline execution finished in 2697.99s.
2025-06-04 05:09:36 | INFO     | [executor  :run               : 315] | ℹ️ Final log file available at: C:\Users\Stefan Alexandrescu\Documents\GitHub\UBB-Y3-AI-Research\model_src\experiments\GCD\pvit\20250604_042438_seed42\experiment_run_20250604_042438_seed42.log
2025-06-04 05:09:36 | INFO     | [main      :<module>          : 327] | ℹ️ --- Final Execution Results Summary ---
2025-06-04 05:09:36 | INFO     | [main      :<module>          : 336] | ℹ️ Method single_train_0: Completed. (Acc: 0.9050, F1: nan, BestScore: nan)
2025-06-04 05:09:36 | INFO     | [main      :<module>          : 336] | ℹ️ Method single_eval_1: Completed. (Acc: nan, F1: 0.7445, BestScore: nan)
