Timestamp           | Level    | Location                             | Message
--------------------+----------+--------------------------------------+---------------------------------------------------
2025-05-18 23:38:52 | INFO     | [logger_...:setup_logger      : 153] | ℹ️ Logger 'ImgClassPipe' initialized. Log file: C:\Users\Stefan\Documents\GitHub\UBB-Y3-AI-Research\model_src\experiments\mini-GCD-flat\pvit\20250518_233852_seed42\experiment_run_20250518_233852_seed42.log
2025-05-18 23:38:52 | INFO     | [executor  :__init__          : 119] | ℹ️ --- Starting Experiment Run (ID: 20250518_233852_seed42) ---
2025-05-18 23:38:52 | INFO     | [executor  :__init__          : 120] | ℹ️ Executor initialized for model 'pvit' on dataset 'mini-GCD-flat'
2025-05-18 23:38:52 | INFO     | [executor  :__init__          : 123] | ℹ️ Local artifact storage base: C:\Users\Stefan\Documents\GitHub\UBB-Y3-AI-Research\model_src
2025-05-18 23:38:52 | INFO     | [executor  :__init__          : 127] | ℹ️ Base key/prefix for this run's artifacts: experiments/mini-GCD-flat/pvit/20250518_233852_seed42
2025-05-18 23:38:52 | DEBUG    | [executor  :_validate_methods : 156] | 🐞 Basic method validation successful.
2025-05-18 23:38:52 | INFO     | [executor  :__init__          : 137] | ℹ️ Executor configured to run methods: load_model, predict_images
2025-05-18 23:38:52 | INFO     | [executor  :run               : 166] | ℹ️ Starting execution of pipeline methods...
2025-05-18 23:38:52 | INFO     | [executor  :run               : 170] | ℹ️ --- Running Method 1/2: load_model (load_model_0) ---
2025-05-18 23:38:52 | DEBUG    | [executor  :run               : 195] | 🐞 Running with effective parameters: {'model_path_or_key': './experiments/CCSN/pvit/20250518_193300_seed42/non_nested_random_193300/pvit_best_batch_size=16_lr=3e-05_max_epochs=70_custom_head_h_cv_score0p4671.pt'}
2025-05-18 23:38:52 | INFO     | [pipeline  :load_model        :2089] | ℹ️ Attempting to load model state_dict from: ./experiments/CCSN/pvit/20250518_193300_seed42/non_nested_random_193300/pvit_best_batch_size=16_lr=3e-05_max_epochs=70_custom_head_h_cv_score0p4671.pt
2025-05-18 23:38:52 | DEBUG    | [pipeline  :load_model        :2092] | 🐞 Initializing skorch adapter before loading state_dict...
2025-05-18 23:38:53 | DEBUG    | [pipeline  :load_model        :2106] | 🐞 Attempting to load model via repository: LocalFileSystemRepository
2025-05-18 23:38:53 | INFO     | [pipeline  :load_model        :2110] | ℹ️ Model successfully loaded via repository from key/path: ./experiments/CCSN/pvit/20250518_193300_seed42/non_nested_random_193300/pvit_best_batch_size=16_lr=3e-05_max_epochs=70_custom_head_h_cv_score0p4671.pt
2025-05-18 23:38:53 | ERROR    | [pipeline  :load_model        :2143] | ❌ Failed to apply loaded state_dict to model: Error(s) in loading state_dict for PretrainedViT:
	size mismatch for model.heads.0.weight: copying a param with shape torch.Size([11, 768]) from checkpoint, the shape in current model is torch.Size([7, 768]).
	size mismatch for model.heads.0.bias: copying a param with shape torch.Size([11]) from checkpoint, the shape in current model is torch.Size([7]).
2025-05-18 23:38:53 | ERROR    | [pipeline  :load_model        :2145] | ❌ Architecture mismatch likely. Ensure loaded weights match the current model config.
2025-05-18 23:38:53 | ERROR    | [executor  :run               : 210] | ❌ !!! Runtime error during 'load_model': Error applying state_dict from './experiments/CCSN/pvit/20250518_193300_seed42/non_nested_random_193300/pvit_best_batch_size=16_lr=3e-05_max_epochs=70_custom_head_h_cv_score0p4671.pt' to model.
2025-05-18 23:38:53 | INFO     | [executor  :run               : 216] | ℹ️ Pipeline execution finished in 1.37s.
2025-05-18 23:38:53 | INFO     | [main      :<module>          : 251] | ℹ️ --- Final Execution Results Summary ---
2025-05-18 23:38:53 | ERROR    | [main      :<module>          : 254] | ❌ Method load_model_0: FAILED - Error applying state_dict from './experiments/CCSN/pvit/20250518_193300_seed42/non_nested_random_193300/pvit_best_batch_size=16_lr=3e-05_max_epochs=70_custom_head_h_cv_score0p4671.pt' to model.
