2025-04-26 19:21:06 [INFO] ℹ️ ℹ️ Detected dataset structure: fixed
2025-04-26 19:21:06 [INFO] ℹ️ ℹ️ Loading FIXED structure dataset
2025-04-26 19:21:06 [INFO] ℹ️ ℹ️ Dataset loaded: 280 train, 70 validation, 84 test samples
2025-04-26 19:21:06 [INFO] ℹ️ ℹ️ Found 7 classes: 1_cumulus, 2_altocumulus, 3_cirrus, 4_clearsky, 5_stratocumulus, 6_cumulonimbus, 7_mixed
2025-04-26 19:21:06 [INFO] ℹ️ ℹ️ Pipeline initialized with cnn model and fixed dataset
2025-04-26 19:21:06 [INFO] ℹ️ ℹ️ Pipeline executor initialized with methods: single_train, single_eval, non_nested_grid_search
2025-04-26 19:21:06 [INFO] ℹ️ ℹ️ Running method: single_train
2025-04-26 19:21:06 [INFO] ℹ️ ℹ️ Performing single training run with max_epochs=30
2025-04-26 19:21:46 [INFO] ℹ️ ℹ️ Training SimpleCNN model
2025-04-26 19:23:16 [INFO] ℹ️ ℹ️ Detected dataset structure: fixed
2025-04-26 19:23:16 [INFO] ℹ️ ℹ️ Loading FIXED structure dataset
2025-04-26 19:23:16 [INFO] ℹ️ ℹ️ Dataset loaded: 280 train, 70 validation, 84 test samples
2025-04-26 19:23:16 [INFO] ℹ️ ℹ️ Found 7 classes: 1_cumulus, 2_altocumulus, 3_cirrus, 4_clearsky, 5_stratocumulus, 6_cumulonimbus, 7_mixed
2025-04-26 19:23:16 [INFO] ℹ️ ℹ️ Pipeline initialized with cnn model and fixed dataset
2025-04-26 19:23:16 [INFO] ℹ️ ℹ️ Pipeline executor initialized with methods: single_train, single_eval, non_nested_grid_search
2025-04-26 19:23:16 [INFO] ℹ️ ℹ️ Running method: single_train
2025-04-26 19:23:16 [INFO] ℹ️ ℹ️ Performing single training run with max_epochs=30
2025-04-26 19:23:54 [INFO] ℹ️ ℹ️ Training SimpleCNN model
2025-04-26 19:24:04 [INFO] ℹ️ ℹ️ Model saved to results\mini-GCD\cnn\cnn_e16_vl1.3141.pt
2025-04-26 19:24:04 [INFO] ℹ️ ℹ️ Single training completed
2025-04-26 19:24:04 [INFO] ℹ️ ℹ️ Best epoch: 16
2025-04-26 19:24:04 [INFO] ℹ️ ℹ️ Best validation loss: 1.3141
2025-04-26 19:24:04 [INFO] ℹ️ ℹ️ Running method: single_eval
2025-04-26 19:24:04 [INFO] ℹ️ ℹ️ Performing model evaluation on test set
2025-04-26 19:24:20 [INFO] ℹ️ ℹ️ Results saved to results\mini-GCD\cnn\single_eval__20250426_192420.json
2025-04-26 19:24:20 [INFO] ℹ️ ℹ️ Model evaluation completed
2025-04-26 19:24:20 [INFO] ℹ️ ℹ️ Test accuracy: 0.3810
2025-04-26 19:24:20 [INFO] ℹ️ ℹ️ Macro avg precision: 0.3476
2025-04-26 19:24:20 [INFO] ℹ️ ℹ️ Macro avg recall: 0.3810
2025-04-26 19:24:20 [INFO] ℹ️ ℹ️ Macro avg F1: 0.3404
2025-04-26 19:24:20 [INFO] ℹ️ ℹ️ Running method: non_nested_grid_search
2025-04-26 19:24:20 [INFO] ℹ️ ℹ️ Performing non-nested grid search with 3-fold cross-validation
2025-04-26 19:31:20 [INFO] ℹ️ ℹ️ Detected dataset structure: fixed
2025-04-26 19:31:20 [INFO] ℹ️ ℹ️ Loading FIXED structure dataset
2025-04-26 19:31:20 [INFO] ℹ️ ℹ️ Dataset loaded: 280 train, 70 validation, 84 test samples
2025-04-26 19:31:20 [INFO] ℹ️ ℹ️ Found 7 classes: 1_cumulus, 2_altocumulus, 3_cirrus, 4_clearsky, 5_stratocumulus, 6_cumulonimbus, 7_mixed
2025-04-26 19:31:20 [INFO] ℹ️ ℹ️ Pipeline initialized with cnn model and fixed dataset
2025-04-26 19:31:20 [INFO] ℹ️ ℹ️ Pipeline executor initialized with methods: single_train, single_eval, non_nested_grid_search
2025-04-26 19:31:20 [INFO] ℹ️ ℹ️ Running method: single_train
2025-04-26 19:31:20 [INFO] ℹ️ ℹ️ Performing single training run with max_epochs=30
2025-04-26 19:31:59 [INFO] ℹ️ ℹ️ Training SimpleCNN model
2025-04-26 19:32:09 [INFO] ℹ️ ℹ️ Model saved to results\mini-GCD\cnn\cnn_e16_vl1.3141.pt
2025-04-26 19:32:09 [INFO] ℹ️ ℹ️ Single training completed
2025-04-26 19:32:09 [INFO] ℹ️ ℹ️ Best epoch: 16
2025-04-26 19:32:09 [INFO] ℹ️ ℹ️ Best validation loss: 1.3141
2025-04-26 19:32:09 [INFO] ℹ️ ℹ️ Running method: single_eval
2025-04-26 19:32:09 [INFO] ℹ️ ℹ️ Performing model evaluation on test set
2025-04-26 19:32:25 [INFO] ℹ️ ℹ️ Results saved to results\mini-GCD\cnn\single_eval__20250426_193225.json
2025-04-26 19:32:25 [INFO] ℹ️ ℹ️ Model evaluation completed
2025-04-26 19:32:25 [INFO] ℹ️ ℹ️ Test accuracy: 0.3810
2025-04-26 19:32:25 [INFO] ℹ️ ℹ️ Macro avg precision: 0.3476
2025-04-26 19:32:25 [INFO] ℹ️ ℹ️ Macro avg recall: 0.3810
2025-04-26 19:32:25 [INFO] ℹ️ ℹ️ Macro avg F1: 0.3404
2025-04-26 19:32:25 [INFO] ℹ️ ℹ️ Running method: non_nested_grid_search
2025-04-26 19:32:25 [INFO] ℹ️ ℹ️ Performing non-nested grid search with 3-fold cross-validation
2025-04-26 19:39:25 [INFO] ℹ️ ℹ️ Detected dataset structure: fixed
2025-04-26 19:39:25 [INFO] ℹ️ ℹ️ Loading FIXED structure dataset
2025-04-26 19:39:25 [INFO] ℹ️ ℹ️ Dataset loaded: 280 train, 70 validation, 84 test samples
2025-04-26 19:39:25 [INFO] ℹ️ ℹ️ Found 7 classes: 1_cumulus, 2_altocumulus, 3_cirrus, 4_clearsky, 5_stratocumulus, 6_cumulonimbus, 7_mixed
2025-04-26 19:39:25 [INFO] ℹ️ ℹ️ Pipeline initialized with cnn model and fixed dataset
2025-04-26 19:39:25 [INFO] ℹ️ ℹ️ Pipeline executor initialized with methods: single_train, single_eval, non_nested_grid_search
2025-04-26 19:39:25 [INFO] ℹ️ ℹ️ Running method: single_train
2025-04-26 19:39:25 [INFO] ℹ️ ℹ️ Performing single training run with max_epochs=30
2025-04-26 19:40:05 [INFO] ℹ️ ℹ️ Training SimpleCNN model
2025-04-26 19:40:15 [INFO] ℹ️ ℹ️ Model saved to results\mini-GCD\cnn\cnn_e16_vl1.3141.pt
2025-04-26 19:40:15 [INFO] ℹ️ ℹ️ Single training completed
2025-04-26 19:40:15 [INFO] ℹ️ ℹ️ Best epoch: 16
2025-04-26 19:40:15 [INFO] ℹ️ ℹ️ Best validation loss: 1.3141
2025-04-26 19:40:15 [INFO] ℹ️ ℹ️ Running method: single_eval
2025-04-26 19:40:15 [INFO] ℹ️ ℹ️ Performing model evaluation on test set
2025-04-26 19:40:31 [INFO] ℹ️ ℹ️ Results saved to results\mini-GCD\cnn\single_eval__20250426_194031.json
2025-04-26 19:40:31 [INFO] ℹ️ ℹ️ Model evaluation completed
2025-04-26 19:40:31 [INFO] ℹ️ ℹ️ Test accuracy: 0.3810
2025-04-26 19:40:31 [INFO] ℹ️ ℹ️ Macro avg precision: 0.3476
2025-04-26 19:40:31 [INFO] ℹ️ ℹ️ Macro avg recall: 0.3810
2025-04-26 19:40:31 [INFO] ℹ️ ℹ️ Macro avg F1: 0.3404
2025-04-26 19:40:31 [INFO] ℹ️ ℹ️ Running method: non_nested_grid_search
2025-04-26 19:40:31 [INFO] ℹ️ ℹ️ Performing non-nested grid search with 3-fold cross-validation
2025-04-26 19:41:52 [INFO] ℹ️ ℹ️ Training SimpleCNN model
2025-04-26 19:41:58 [INFO] ℹ️ ℹ️ Training SimpleCNN model
2025-04-26 19:42:04 [INFO] ℹ️ ℹ️ Training SimpleCNN model
2025-04-26 19:42:11 [INFO] ℹ️ ℹ️ Training SimpleCNN model
2025-04-26 19:42:19 [INFO] ℹ️ ℹ️ Training SimpleCNN model
2025-04-26 19:42:28 [INFO] ℹ️ ℹ️ Training SimpleCNN model
2025-04-26 19:42:36 [INFO] ℹ️ ℹ️ Training SimpleCNN model
2025-04-26 19:42:42 [INFO] ℹ️ ℹ️ Training SimpleCNN model
2025-04-26 19:42:48 [INFO] ℹ️ ℹ️ Training SimpleCNN model
2025-04-26 19:42:54 [INFO] ℹ️ ℹ️ Training SimpleCNN model
2025-04-26 19:43:01 [INFO] ℹ️ ℹ️ Training SimpleCNN model
2025-04-26 19:43:09 [INFO] ℹ️ ℹ️ Training SimpleCNN model
2025-04-26 19:43:16 [INFO] ℹ️ ℹ️ Training SimpleCNN model
2025-04-26 19:43:22 [INFO] ℹ️ ℹ️ Training SimpleCNN model
2025-04-26 19:43:28 [INFO] ℹ️ ℹ️ Training SimpleCNN model
2025-04-26 19:43:34 [INFO] ℹ️ ℹ️ Training SimpleCNN model
2025-04-26 19:43:42 [INFO] ℹ️ ℹ️ Training SimpleCNN model
2025-04-26 19:43:49 [INFO] ℹ️ ℹ️ Training SimpleCNN model
2025-04-26 19:43:59 [INFO] ℹ️ ℹ️ Training SimpleCNN model
2025-04-26 19:44:04 [INFO] ℹ️ ℹ️ Training SimpleCNN model
2025-04-26 19:44:10 [INFO] ℹ️ ℹ️ Training SimpleCNN model
2025-04-26 19:44:16 [INFO] ℹ️ ℹ️ Training SimpleCNN model
2025-04-26 19:44:23 [INFO] ℹ️ ℹ️ Training SimpleCNN model
2025-04-26 19:44:31 [INFO] ℹ️ ℹ️ Training SimpleCNN model
2025-04-26 19:44:41 [INFO] ℹ️ ℹ️ Training SimpleCNN model
2025-04-26 19:45:09 [INFO] ℹ️ ℹ️ Results saved to results\mini-GCD\cnn\non_nested_grid_search_cv=3_n_iter=3_20250426_194509.json
